[orchestrate] Found 1 shard files
[pass 1] 12: 3000 docs, 300 candidates
[pass 1] 12: 41000 docs, 4121 candidates
[pass 1] 12: 54000 docs, 5447 candidates
[pass 1] 12: 75000 docs, 7648 candidates
[pass 1] 12: 96000 docs, 9813 candidates
[pass 1] 12: 97000 docs, 9932 candidates
[pass 1] 12: 129000 docs, 13250 candidates
[pass 1] 12: 131000 docs, 13449 candidates
[pass 1] 12: 132000 docs, 13562 candidates
[pass 1] 12: 148000 docs, 15272 candidates
[pass 1] 12: 151000 docs, 15584 candidates
[pass 1] 12: 162000 docs, 16699 candidates
[pass 1] 12: 167000 docs, 17173 candidates
[pass 1] 12: 179000 docs, 18394 candidates
[pass 1] 12: 182000 docs, 18677 candidates
[pass 1] 12: 198000 docs, 20266 candidates
[pass 1] 12: 209000 docs, 21325 candidates
[pass 1] 12: 229000 docs, 23327 candidates
[pass 1] 12: 231000 docs, 23535 candidates
[pass 1] 12: 241000 docs, 24643 candidates
[pass 1] 12: 256000 docs, 26208 candidates
[pass 1] 12: 267000 docs, 27330 candidates
[pass 1] 12: 281000 docs, 28829 candidates
[pass 1] 12: 289000 docs, 29612 candidates
[pass 1] 12: 294000 docs, 30146 candidates
[pass 1] 12: 316000 docs, 32411 candidates
[pass 1] 12: 317000 docs, 32518 candidates
[pass 1] 12: 331000 docs, 33942 candidates
[pass 1] 12: 341000 docs, 34955 candidates
[pass 1] 12: 354000 docs, 36304 candidates
[pass 1] 12: 363000 docs, 37238 candidates
[pass 1] 12: 368000 docs, 37792 candidates
[pass 1] 12: 369000 docs, 37904 candidates
[pass 1] 12: 373000 docs, 38332 candidates
[pass 1] 12: 374000 docs, 38440 candidates
[pass 1] 12: 419000 docs, 43040 candidates
[pass 1] 12: 425000 docs, 43697 candidates
[pass 1] 12: 433000 docs, 44517 candidates
[pass 1] 12: 442000 docs, 45414 candidates
[pass 1] 12: 445000 docs, 45740 candidates
[pass 1] 12: 448000 docs, 46064 candidates
[pass 1] 12: 458000 docs, 47089 candidates
[pass 1] 12: 464000 docs, 47708 candidates
[pass 1] 12: 466000 docs, 47942 candidates
[pass 1] 12: 467000 docs, 48059 candidates
[pass 1] 12: 482000 docs, 49600 candidates
[pass 1] 12: 500000 docs, 51444 candidates
[pass 1] 12: 502000 docs, 51636 candidates
[pass 1] 12: 504000 docs, 51859 candidates
[pass 1] 12: 507000 docs, 52139 candidates
[pass 1] 12: 513000 docs, 52754 candidates
[pass 1] 12: 529000 docs, 54453 candidates
[pass 1] 12: 547000 docs, 56366 candidates
[pass 1] 12: 557000 docs, 57404 candidates
[pass 1] 12: 560000 docs, 57713 candidates
[pass 1] 12: 561000 docs, 57833 candidates
[pass 1] 12: 567000 docs, 58464 candidates
[pass 1] 12: 568000 docs, 58560 candidates
[pass 1] 12: 575000 docs, 59214 candidates
[pass 1] 12: 587000 docs, 60474 candidates
[pass 1] 12: 603000 docs, 62156 candidates
[pass 1] 12: 607000 docs, 62588 candidates
[pass 1] 12: 608000 docs, 62695 candidates
[pass 1] 12: 612000 docs, 63098 candidates
[pass 1] 12: 615000 docs, 63413 candidates
[pass 1] 12: 623000 docs, 64222 candidates
[pass 1] 12: 624000 docs, 64322 candidates
[pass 1] 12: 628000 docs, 64748 candidates
[pass 1] 12: 637000 docs, 65703 candidates
[pass 1] 12: 640000 docs, 66021 candidates
[pass 1] 12: 644000 docs, 66463 candidates
[pass 1] 12: 650000 docs, 67076 candidates
[pass 1] 12: 679000 docs, 70108 candidates
[pass 1] 12: 684000 docs, 70631 candidates
[pass 1] 12: 691000 docs, 71354 candidates
[pass 1] 12: 695000 docs, 71777 candidates
[pass 1] 12: 707000 docs, 73070 candidates
[pass 1] 12: 724000 docs, 74825 candidates
[pass 1] 12: 730000 docs, 75430 candidates
[pass 1] 12: 733000 docs, 75714 candidates
[pass 1] 12: 737000 docs, 76124 candidates
[pass 1] 12: 786000 docs, 81124 candidates
[pass 1] 12: 790000 docs, 81531 candidates
[pass 1] 12: 791000 docs, 81619 candidates
[pass 1] 12: 796000 docs, 82123 candidates
[pass 1] 12: 805000 docs, 83001 candidates
[pass 1] 12: 812000 docs, 83687 candidates
[pass 1] 12: 815000 docs, 83976 candidates
[pass 1] 12: 825000 docs, 85011 candidates
[pass 1] 12: 832000 docs, 85738 candidates
[pass 1] 12: 837000 docs, 86243 candidates
[pass 1] 12: 838000 docs, 86338 candidates
[pass 1] 12: 855000 docs, 88163 candidates
[pass 1] 12: 864000 docs, 89146 candidates
[pass 1] 12: 865000 docs, 89242 candidates
[pass 1] 12: 869000 docs, 89665 candidates
[pass 1] 12: 872000 docs, 89964 candidates
[pass 1] 12: 874000 docs, 90142 candidates
[pass 1] 12: 934000 docs, 96452 candidates
[pass 1] 12: 939000 docs, 97008 candidates
[pass 1] 12: 965000 docs, 99699 candidates
[pass 1] 12: 966000 docs, 99795 candidates
[pass 1] 12: 976000 docs, 100813 candidates
[pass 1] 12: 983000 docs, 101557 candidates
[pass 1] 12: 1014000 docs, 104661 candidates
[pass 1] 12: 1024000 docs, 105681 candidates
[pass 1] 12: 1037000 docs, 107020 candidates
[pass 1] 12: 1050000 docs, 108364 candidates
[pass 1] 12: 1057000 docs, 109075 candidates
[pass 1] 12: 1093000 docs, 112697 candidates
[pass 1] 12: 1102000 docs, 113601 candidates
[pass 1] 12: 1107000 docs, 114048 candidates
[pass 1] 12: 1119000 docs, 115286 candidates
[pass 1] 12: 1130000 docs, 116393 candidates
[pass 1] 12: 1138000 docs, 117233 candidates
[pass 1] 12: 1157000 docs, 119220 candidates
[pass 1] 12: 1162000 docs, 119721 candidates
[pass 1] 12: 1167000 docs, 120251 candidates
[pass 1] 12: 1170000 docs, 120560 candidates
[pass 1] 12: 1172000 docs, 120743 candidates
[pass 1] 12: 1187000 docs, 122295 candidates
[pass 1] 12: 1223000 docs, 126134 candidates
[pass 1] 12: 1224000 docs, 126250 candidates
[pass 1] 12: 1226000 docs, 126456 candidates
[pass 1] 12: 1227000 docs, 126542 candidates
[pass 1] 12: 1271000 docs, 131052 candidates
[pass 1] 12: 1277000 docs, 131679 candidates
[pass 1] 12: 1283000 docs, 132297 candidates
[pass 1] 12: 1312000 docs, 135184 candidates
[pass 1] 12: 1333000 docs, 137378 candidates
[pass 1] 12: 1335000 docs, 137609 candidates
[pass 1] 12: 1342000 docs, 138317 candidates
[pass 1] 12: 1351000 docs, 139268 candidates
[pass 1] 12: 1356000 docs, 139797 candidates
[pass 1] 12: 1359000 docs, 140065 candidates
[pass 1] 12: 1367000 docs, 140856 candidates
[pass 1] 12: 1376000 docs, 141751 candidates
[pass 1] 12: 1381000 docs, 142274 candidates
[pass 1] 12: 1389000 docs, 143108 candidates
[pass 1] 12: 1392000 docs, 143424 candidates
[pass 1] 12: 1397000 docs, 143945 candidates
[pass 1] 12: 1404000 docs, 144686 candidates
[pass 1] 12: 1432000 docs, 147634 candidates
[pass 1] 12: 1433000 docs, 147759 candidates
[pass 1] 12: 1434000 docs, 147879 candidates
[pass 1] 12: 1441000 docs, 148617 candidates
[pass 1] 12: 1447000 docs, 149204 candidates
[pass 1] 12: 1449000 docs, 149408 candidates
[pass 1] 12: 1450000 docs, 149499 candidates
[pass 1] 12: 1456000 docs, 150128 candidates
[pass 1] 12: 1457000 docs, 150216 candidates
[pass 1] 12: 1469000 docs, 151480 candidates
[pass 1] 12: 1480000 docs, 152616 candidates
[pass 1] 12: 1483000 docs, 152953 candidates
[pass 1] 12: 1484000 docs, 153075 candidates
[pass 1] 12: 1488000 docs, 153458 candidates
[pass 1] 12: 1489000 docs, 153564 candidates
[pass 1] 12: 1492000 docs, 153887 candidates
[pass 1] 12: 1501000 docs, 154800 candidates
[pass 1] 12: 1518000 docs, 156554 candidates
[pass 1] 12: 1525000 docs, 157263 candidates
[pass 1] 12: 1529000 docs, 157646 candidates
[pass 1] 12: 1539000 docs, 158682 candidates
[pass 1] 12: 1541000 docs, 158893 candidates
[pass 1] 12: 1545000 docs, 159329 candidates
[pass 1] 12: 1553000 docs, 160215 candidates
[pass 1] 12: 1557000 docs, 160644 candidates
[pass 1] 12: 1566000 docs, 161594 candidates
[pass 1] 12: 1571000 docs, 162096 candidates
[pass 1] 12: 1577000 docs, 162701 candidates
[pass 1] 12: 1581000 docs, 163139 candidates
[pass 1] 12: 1596000 docs, 164699 candidates
[pass 1] 12: 1625000 docs, 167711 candidates
[pass 1] 12: 1626000 docs, 167822 candidates
[pass 1] 12: 1634000 docs, 168608 candidates
[pass 1] 12: 1652000 docs, 170501 candidates
[pass 1] 12: 1654000 docs, 170706 candidates
[pass 1] 12: 1675000 docs, 172810 candidates
[pass 1] 12: 1680000 docs, 173290 candidates
[pass 1] 12: 1697000 docs, 175054 candidates
[pass 1] 12: 1708000 docs, 176178 candidates
[pass 1] 12: 1720000 docs, 177406 candidates
[pass 1] 12: 1732000 docs, 178609 candidates
[pass 1] 12: 1756000 docs, 181044 candidates
[pass 1] 12: 1759000 docs, 181349 candidates
[pass 1] 12: 1766000 docs, 182071 candidates
[pass 1] 12: 1774000 docs, 182899 candidates
[pass 1] 12: 1796000 docs, 185113 candidates
[pass 1] 12: 1814000 docs, 186920 candidates
[pass 1] 12: 1820000 docs, 187544 candidates
[pass 1] 12: 1827000 docs, 188244 candidates
[pass 1] 12: 1833000 docs, 188883 candidates
[pass 1] 12: 1843000 docs, 189957 candidates
[pass 1] 12: 1846000 docs, 190234 candidates
[pass 1] 12: 1856000 docs, 191242 candidates
[pass 1] 12: 1857000 docs, 191343 candidates
[pass 1] 12: 1873000 docs, 192967 candidates
[pass 1] 12: 1876000 docs, 193272 candidates
[pass 1] 12: 1878000 docs, 193478 candidates
[pass 1] 12: 1898000 docs, 195588 candidates
[pass 1] 12: 1909000 docs, 196680 candidates
[pass 1] 12: 1918000 docs, 197612 candidates
[pass 1] 12: 1939000 docs, 199742 candidates
[pass 1] 12: 1961000 docs, 201952 candidates
[pass 1] 12: 1964000 docs, 202261 candidates
[pass 1] 12: 1975000 docs, 203413 candidates
[pass 1] 12: 2004000 docs, 206411 candidates
[pass 1] 12: 2007000 docs, 206735 candidates
[pass 1] 12: 2019000 docs, 207926 candidates
[pass 1] 12: 2059000 docs, 212060 candidates
[pass 1] 12: 2060000 docs, 212149 candidates
[pass 1] 12: 2078000 docs, 214014 candidates
[pass 1] 12: 2088000 docs, 215047 candidates
[pass 1] 12: 2097000 docs, 215967 candidates
[pass 1] 12: 2119000 docs, 218177 candidates
[pass 1] 12: 2136000 docs, 219956 candidates
[pass 1] 12: 2144000 docs, 220759 candidates
[pass 1] 12: 2146000 docs, 220962 candidates
[pass 1] 12: 2156000 docs, 221991 candidates
[pass 1] 12: 2165000 docs, 222963 candidates
[pass 1] 12: 2199000 docs, 226478 candidates
[pass 1] 12: 2201000 docs, 226696 candidates
[pass 1] 12: 2204000 docs, 227022 candidates
[pass 1] 12: 2205000 docs, 227127 candidates
[pass 1] 12: 2229000 docs, 229577 candidates
[pass 1] 12: 2244000 docs, 231105 candidates
[pass 1] 12: 2246000 docs, 231322 candidates
[pass 1] 12: 2248000 docs, 231527 candidates
[pass 1] 12: 2252000 docs, 231925 candidates
[pass 1] 12: 2261000 docs, 232806 candidates
[pass 1] 12: 2264000 docs, 233138 candidates
[pass 1] 12: 2275000 docs, 234261 candidates
[pass 1] 12: 2295000 docs, 236447 candidates
[pass 1] 12: 2300000 docs, 237008 candidates
[pass 1] 12: 2301000 docs, 237104 candidates
[pass 1] 12: 2316000 docs, 238689 candidates
[pass 1] 12: 2322000 docs, 239296 candidates
[pass 1] 12: 2329000 docs, 240049 candidates
[pass 1] 12: 2343000 docs, 241523 candidates
[pass 1] 12: 2357000 docs, 243008 candidates
[pass 1] 12: 2367000 docs, 244050 candidates
[pass 1] 12: 2382000 docs, 245624 candidates
[pass 1] 12: 2383000 docs, 245734 candidates
[pass 1] 12: 2392000 docs, 246703 candidates
[pass 1] 12: 2394000 docs, 246911 candidates
[pass 1] 12: 2413000 docs, 248892 candidates
[pass 1] 12: 2421000 docs, 249722 candidates
[pass 1] 12: 2422000 docs, 249843 candidates
[pass 1] 12: 2426000 docs, 250292 candidates
[pass 1] 12: 2443000 docs, 252014 candidates
[pass 1] 12: 2452000 docs, 252945 candidates
[pass 1] 12: 2467000 docs, 254455 candidates
[pass 1] 12: 2482000 docs, 256083 candidates
[pass 1] 12: 2485000 docs, 256379 candidates
[pass 1] 12: 2501000 docs, 258026 candidates
[pass 1] 12: 2512000 docs, 259170 candidates
[pass 1] 12: 2518000 docs, 259787 candidates
[pass 1] 12: 2531000 docs, 261141 candidates
[pass 1] 12: 2541000 docs, 262174 candidates
[pass 1] 12: 2543000 docs, 262388 candidates
[pass 1] 12: 2578000 docs, 265917 candidates
[pass 1] 12: 2583000 docs, 266460 candidates
[pass 1] 12: 2584000 docs, 266571 candidates
[pass 1] 12: 2593000 docs, 267502 candidates
[pass 1] 12: 2596000 docs, 267791 candidates
[pass 1] 12: 2604000 docs, 268605 candidates
[pass 1] 12: 2616000 docs, 269894 candidates
[pass 1] 12: 2628000 docs, 271131 candidates
[pass 1] 12: 2635000 docs, 271855 candidates
[pass 1] 12: 2636000 docs, 271963 candidates
[pass 1] 12: 2638000 docs, 272201 candidates
[pass 1] 12: 2649000 docs, 273356 candidates
[pass 1] 12: 2650000 docs, 273469 candidates
[pass 1] 12: 2666000 docs, 275137 candidates
[pass 1] 12: 2683000 docs, 276920 candidates
[pass 1] 12: 2686000 docs, 277226 candidates
[pass 1] 12: 2709000 docs, 279595 candidates
[pass 1] 12: 2713000 docs, 280014 candidates
[pass 1] 12: 2729000 docs, 281636 candidates
[pass 1] 12: 2730000 docs, 281740 candidates
[pass 1] 12: 2741000 docs, 282864 candidates
[pass 1] 12: 2750000 docs, 283758 candidates
[pass 1] 12: 2751000 docs, 283860 candidates
[pass 1] 12: 2758000 docs, 284592 candidates
[pass 1] 12: 2768000 docs, 285668 candidates
[pass 1] 12: 2771000 docs, 285983 candidates
[pass 1] 12: 2784000 docs, 287284 candidates
[pass 1] 12: 2785000 docs, 287380 candidates
[pass 1] 12: 2786000 docs, 287484 candidates
[pass 1] 12: 2787000 docs, 287594 candidates
[pass 1] 12: 2788000 docs, 287696 candidates
[pass 1] 12: 2807000 docs, 289622 candidates
[pass 1] 12: 2824000 docs, 291372 candidates
[pass 1] 12: 2830000 docs, 291970 candidates
[pass 1] 12: 2849000 docs, 293836 candidates
[pass 1] 12: 2868000 docs, 295798 candidates
[pass 1] 12: 2873000 docs, 296291 candidates
[pass 1] 12: 2884000 docs, 297437 candidates
[pass 1] 12: 2887000 docs, 297751 candidates
[pass 1] 12: 2895000 docs, 298564 candidates
[pass 1] 12: 2897000 docs, 298756 candidates
[pass 1] 12: 2948000 docs, 304114 candidates
[pass 1] 12: 2964000 docs, 305738 candidates
[pass 1] 12: 2968000 docs, 306114 candidates
[pass 1] 12: 2977000 docs, 307080 candidates
[pass 1] 12: 2991000 docs, 308526 candidates
[pass 1] 12: 2993000 docs, 308720 candidates
[pass 1] 12: 3011000 docs, 310596 candidates
[pass 1] 12: 3013000 docs, 310821 candidates
[pass 1] 12: 3016000 docs, 311117 candidates
[pass 1] 12: 3027000 docs, 312281 candidates
[pass 1] 12: 3032000 docs, 312811 candidates
[pass 1] 12: 3036000 docs, 313226 candidates
[pass 1] 12: 3040000 docs, 313650 candidates
[pass 1] 12: 3041000 docs, 313743 candidates
[pass 1] 12: 3062000 docs, 315886 candidates
[pass 1] 12: 3079000 docs, 317633 candidates
[pass 1] 12: 3086000 docs, 318381 candidates
[pass 1] 12: 3095000 docs, 319358 candidates
[pass 1] 12: 3126000 docs, 322510 candidates
[pass 1] 12: 3130000 docs, 322929 candidates
[pass 1] 12: 3135000 docs, 323465 candidates
[pass 1] 12: 3139000 docs, 323870 candidates
[pass 1] 12: 3149000 docs, 324896 candidates
[pass 1] 12: 3159000 docs, 325911 candidates
[pass 1] 12: 3166000 docs, 326632 candidates
[pass 1] 12: 3172000 docs, 327221 candidates
[pass 1] 12: 3200000 docs, 330112 candidates
[pass 1] 12: 3202000 docs, 330328 candidates
[pass 1] 12: 3215000 docs, 331674 candidates
[pass 1] 12: 3216000 docs, 331789 candidates
[pass 1] 12: 3236000 docs, 333895 candidates
[pass 1] 12: 3251000 docs, 335473 candidates
[pass 1] 12: 3269000 docs, 337340 candidates
[pass 1] 12: 3270000 docs, 337453 candidates
[pass 1] 12: 3271000 docs, 337553 candidates
[pass 1] 12: 3272000 docs, 337654 candidates
[pass 1] 12: 3290000 docs, 339558 candidates
[pass 1] 12: 3293000 docs, 339896 candidates
[pass 1] 12: 3312000 docs, 341815 candidates
[pass 1] 12: 3313000 docs, 341914 candidates
[pass 1] 12: 3319000 docs, 342506 candidates
[pass 1] 12: 3321000 docs, 342711 candidates
[pass 1] 12: 3333000 docs, 343981 candidates
[pass 1] 12: 3337000 docs, 344365 candidates
[pass 1] 12: 3341000 docs, 344790 candidates
[pass 1] 12: 3378000 docs, 348620 candidates
[pass 1] 12: 3384000 docs, 349231 candidates
[pass 1] 12: 3385000 docs, 349341 candidates
[pass 1] 12: 3394000 docs, 350300 candidates
[pass 1] 12: 3399000 docs, 350779 candidates
[pass 1] 12: 3405000 docs, 351387 candidates
[pass 1] 12: 3407000 docs, 351592 candidates
[pass 1] 12: 3415000 docs, 352378 candidates
[pass 1] 12: 3423000 docs, 353169 candidates
[pass 1] 12: 3432000 docs, 354136 candidates
[pass 1] 12: 3433000 docs, 354249 candidates
[pass 1] 12: 3434000 docs, 354370 candidates
[pass 1] 12: 3443000 docs, 355317 candidates
[pass 1] 12: 3464000 docs, 357515 candidates
[pass 1] 12: 3478000 docs, 358955 candidates
[pass 1] 12: 3482000 docs, 359347 candidates
[pass 1] 12: 3500000 docs, 361148 candidates
[pass 1] 12: 3524000 docs, 363588 candidates
[pass 1] 12: 3526000 docs, 363808 candidates
[pass 1] 12: 3537000 docs, 364908 candidates
[pass 1] 12: 3541000 docs, 365292 candidates
[pass 1] 12: 3556000 docs, 366856 candidates
[pass 1] 12: 3565000 docs, 367807 candidates
[pass 1] 12: 3566000 docs, 367899 candidates
[pass 1] 12: 3569000 docs, 368211 candidates
[pass 1] 12: 3579000 docs, 369246 candidates
[pass 1] 12: 3599000 docs, 371250 candidates
[pass 1] 12: 3625000 docs, 373895 candidates
[pass 1] 12: 3644000 docs, 375882 candidates
[pass 1] 12: 3688000 docs, 380497 candidates
[pass 1] 12: 3703000 docs, 382005 candidates
[pass 1] 12: 3705000 docs, 382190 candidates
[pass 1] 12: 3737000 docs, 385468 candidates
[pass 1] 12: 3749000 docs, 386754 candidates
[pass 1] 12: 3751000 docs, 386952 candidates
[pass 1] 12: 3758000 docs, 387667 candidates
[pass 1] 12: 3768000 docs, 388734 candidates
[pass 1] 12: 3781000 docs, 390019 candidates
[pass 1] 12: 3787000 docs, 390579 candidates
[pass 1] 12: 3797000 docs, 391564 candidates
[pass 1] 12: 3801000 docs, 391974 candidates
[pass 1] 12: 3815000 docs, 393468 candidates
[pass 1] 12: 3820000 docs, 393997 candidates
[pass 1] 12: 3829000 docs, 394899 candidates
[pass 1] 12: 3834000 docs, 395436 candidates
[pass 1] 12: 3835000 docs, 395528 candidates
[pass 1] 12: 3838000 docs, 395818 candidates
[pass 1] 12: 3839000 docs, 395915 candidates
[pass 1] 12: 3843000 docs, 396341 candidates
[pass 1] 12: 3849000 docs, 396928 candidates
[pass 1] 12: 3857000 docs, 397760 candidates
[pass 1] 12: 3879000 docs, 400094 candidates
[pass 1] 12: 3899000 docs, 402188 candidates
[pass 1] 12: 3910000 docs, 403301 candidates
[pass 1] 12: 3924000 docs, 404774 candidates
[pass 1] 12: 3934000 docs, 405834 candidates
[pass 1] 12: 3937000 docs, 406178 candidates
[pass 1] 12: 3965000 docs, 409024 candidates
[pass 1] 12: 3973000 docs, 409886 candidates
[pass 1] 12: 3977000 docs, 410320 candidates
[pass 1] 12: 3979000 docs, 410553 candidates
[pass 1] 12: 3984000 docs, 411063 candidates
[pass 1] 12: 3987000 docs, 411372 candidates
[pass 1] 12: 3995000 docs, 412234 candidates
[pass 1] 12: 4023000 docs, 415125 candidates
[pass 1] 12: 4030000 docs, 415856 candidates
[pass 1] 12: 4041000 docs, 417001 candidates
[pass 1] 12: 4045000 docs, 417431 candidates
[pass 1] 12: 4068000 docs, 419733 candidates
[pass 1] 12: 4074000 docs, 420329 candidates
[pass 1] 12: 4077000 docs, 420670 candidates
[pass 1] 12: 4086000 docs, 421603 candidates
[pass 1] 12: 4093000 docs, 422364 candidates
[pass 1] 12: 4094000 docs, 422476 candidates
[pass 1] 12: 4108000 docs, 423932 candidates
[pass 1] 12: 4120000 docs, 425126 candidates
[pass 1] 12: 4140000 docs, 427226 candidates
[pass 1] 12: 4157000 docs, 428970 candidates
[pass 1] 12: 4167000 docs, 430030 candidates
[pass 1] 12: 4179000 docs, 431240 candidates
[pass 1] 12: 4183000 docs, 431657 candidates
[pass 1] 12: 4190000 docs, 432366 candidates
[pass 1] 12: 4194000 docs, 432768 candidates
[pass 1] 12: 4227000 docs, 436150 candidates
[pass 1] 12: 4231000 docs, 436547 candidates
[pass 1] 12: 4232000 docs, 436639 candidates
[pass 1] 12: 4239000 docs, 437298 candidates
[pass 1] 12: 4246000 docs, 438054 candidates
[pass 1] 12: 4285000 docs, 442021 candidates
[pass 1] 12: 4294000 docs, 442957 candidates
[pass 1] 12: 4298000 docs, 443385 candidates
[pass 1] 12: 4301000 docs, 443681 candidates
[pass 1] 12: 4303000 docs, 443889 candidates
[pass 1] 12: 4317000 docs, 445381 candidates
[pass 1] 12: 4323000 docs, 445997 candidates
[pass 1] 12: 4330000 docs, 446712 candidates
[pass 1] 12: 4336000 docs, 447279 candidates
[pass 1] 12: 4346000 docs, 448311 candidates
[pass 1] 12: 4352000 docs, 448973 candidates
[pass 1] 12: 4359000 docs, 449664 candidates
[pass 1] 12: 4370000 docs, 450847 candidates
[pass 1] 12: 4373000 docs, 451152 candidates
[pass 1] 12: 4387000 docs, 452524 candidates
[pass 1] 12: 4401000 docs, 453995 candidates
[pass 1] 12: 4414000 docs, 455334 candidates
[pass 1] 12: 4417000 docs, 455631 candidates
[pass 1] 12: 4441000 docs, 458090 candidates
[pass 1] 12: 4445000 docs, 458474 candidates
[pass 1] 12: 4449000 docs, 458896 candidates
[pass 1] 12: 4466000 docs, 460564 candidates
[pass 1] 12: 4476000 docs, 461583 candidates
[pass 1] 12: 4481000 docs, 462073 candidates
[pass 1] 12: 4489000 docs, 462903 candidates
[pass 1] 12: 4494000 docs, 463400 candidates
[pass 1] 12: 4503000 docs, 464358 candidates
[pass 1] 12: 4504000 docs, 464464 candidates
[pass 1] 12: 4508000 docs, 464868 candidates
[pass 1] 12: 4526000 docs, 466769 candidates
[pass 1] 12: 4535000 docs, 467702 candidates
[pass 1] 12: 4551000 docs, 469322 candidates
[pass 1] 12: 4562000 docs, 470422 candidates
[pass 1] 12: 4584000 docs, 472671 candidates
[pass 1] 12: 4586000 docs, 472882 candidates
[pass 1] 12: 4593000 docs, 473584 candidates
[pass 1] 12: 4595000 docs, 473782 candidates
[pass 1] 12: 4600000 docs, 474276 candidates
[pass 1] 12: 4604000 docs, 474665 candidates
[pass 1] 12: 4623000 docs, 476687 candidates
[pass 1] 12: 4630000 docs, 477422 candidates
[pass 1] 12: 4643000 docs, 478785 candidates
[pass 1] 12: 4644000 docs, 478889 candidates
[pass 1] 12: 4648000 docs, 479288 candidates
[pass 1] 12: 4649000 docs, 479381 candidates
[pass 1] 12: 4650000 docs, 479498 candidates
[pass 1] 12: 4657000 docs, 480218 candidates
[pass 1] 12: 4659000 docs, 480418 candidates
[pass 1] 12: 4660000 docs, 480522 candidates
[pass 1] 12: 4662000 docs, 480739 candidates
[pass 1] 12: 4667000 docs, 481269 candidates
[pass 1] 12: 4680000 docs, 482609 candidates
[pass 1] 12: 4686000 docs, 483189 candidates
[pass 1] 12: 4693000 docs, 483957 candidates
[pass 1] 12: 4694000 docs, 484055 candidates
[pass 1] 12: 4706000 docs, 485306 candidates
[pass 1] 12: 4714000 docs, 486131 candidates
[pass 1] 12: 4722000 docs, 486975 candidates
[pass 1] 12: 4724000 docs, 487155 candidates
[pass 1] 12: 4726000 docs, 487371 candidates
[pass 1] 12: 4739000 docs, 488655 candidates
[pass 1] 12: 4757000 docs, 490481 candidates
[pass 1] 12: 4784000 docs, 493262 candidates
[pass 1] 12: 4793000 docs, 494190 candidates
[pass 1] 12: 4805000 docs, 495429 candidates
[pass 1] 12: 4815000 docs, 496482 candidates
[pass 1] 12: 4828000 docs, 497834 candidates
[pass 1] 12: 4831000 docs, 498124 candidates
[pass 1] 12: 4836000 docs, 498603 candidates
[pass 1] 12: 4838000 docs, 498806 candidates
[pass 1] 12: 4839000 docs, 498930 candidates
[pass 1] 12: 4847000 docs, 499744 candidates
[pass 1] 12: 4866000 docs, 501727 candidates
[pass 1] 12: 4871000 docs, 502255 candidates
[pass 1] 12: 4883000 docs, 503504 candidates
[pass 1] 12: 4884000 docs, 503613 candidates
[pass 1] 12: 4891000 docs, 504338 candidates
[pass 1] 12: 4893000 docs, 504562 candidates
[pass 1] 12: 4896000 docs, 504847 candidates
[pass 1] 12: 4913000 docs, 506625 candidates
[pass 1] 12: 4921000 docs, 507473 candidates
[pass 1] 12: 4941000 docs, 509563 candidates
[pass 1] 12: 4948000 docs, 510339 candidates
[pass 1] 12: 4951000 docs, 510652 candidates
[pass 1] 12: 4952000 docs, 510773 candidates
[pass 1] 12: 4954000 docs, 510986 candidates
[pass 1] 12: 4962000 docs, 511845 candidates
[pass 1] 12: 4984000 docs, 514080 candidates
[pass 1] 12: 4991000 docs, 514845 candidates
[pass 1] 12: 4992000 docs, 514949 candidates
[pass 1] 12: 5009000 docs, 516710 candidates
[pass 1] 12: 5016000 docs, 517423 candidates
[pass 1] 12: 5032000 docs, 519036 candidates
[pass 1] 12: 5035000 docs, 519316 candidates
[pass 1] 12: 5045000 docs, 520416 candidates
[pass 1] 12: 5050000 docs, 520949 candidates
[pass 1] 12: 5057000 docs, 521698 candidates
[pass 1] 12: 5095000 docs, 525693 candidates
[pass 1] 12: 5107000 docs, 526983 candidates
[pass 1] 12: 5119000 docs, 528162 candidates
[pass 1] 12: 5120000 docs, 528271 candidates
[pass 1] 12: 5127000 docs, 528982 candidates
[pass 1] 12: 5129000 docs, 529198 candidates
[pass 1] 12: 5144000 docs, 530697 candidates
[pass 1] 12: 5169000 docs, 533330 candidates
[pass 1] 12: 5191000 docs, 535548 candidates
[pass 1] 12: 5195000 docs, 535948 candidates
[pass 1] 12: 5200000 docs, 536479 candidates
[pass 1] 12: 5202000 docs, 536685 candidates
[pass 1] 12: 5207000 docs, 537213 candidates
[pass 1] 12: 5235000 docs, 540057 candidates
[pass 1] 12: 5236000 docs, 540163 candidates
[pass 1] 12: 5237000 docs, 540285 candidates
[pass 1] 12: 5238000 docs, 540382 candidates
[pass 1] 12: 5240000 docs, 540563 candidates
[pass 1] 12: 5250000 docs, 541568 candidates
[pass 1] 12: 5268000 docs, 543457 candidates
[pass 1] 12: 5278000 docs, 544479 candidates
[pass 1] 12: 5284000 docs, 545090 candidates
[pass 1] 12: 5310000 docs, 547749 candidates
[pass 1] 12: 5313000 docs, 548064 candidates
[pass 1] 12: 5352000 docs, 552116 candidates
[pass 1] 12: 5356000 docs, 552510 candidates
[pass 1] 12: 5361000 docs, 552985 candidates
[pass 1] 12: 5364000 docs, 553300 candidates
[pass 1] 12: 5365000 docs, 553410 candidates
[pass 1] 12: 5377000 docs, 554662 candidates
[pass 1] 12: 5390000 docs, 555987 candidates
[pass 1] 12: 5398000 docs, 556791 candidates
[pass 1] 12: 5405000 docs, 557475 candidates
[pass 1] 12: 5411000 docs, 558086 candidates
[pass 1] 12: 5438000 docs, 560920 candidates
[pass 1] 12: 5447000 docs, 561890 candidates
[pass 1] 12: 5448000 docs, 562003 candidates
[pass 1] 12: 5457000 docs, 562958 candidates
[pass 1] 12: 5458000 docs, 563060 candidates
[pass 1] 12: 5464000 docs, 563696 candidates
[pass 1] 12: 5499000 docs, 567332 candidates
[pass 1] 12: 5501000 docs, 567523 candidates
[pass 1] 12: 5515000 docs, 568987 candidates
[pass 1] 12: 5541000 docs, 571773 candidates
[pass 1] 12: 5565000 docs, 574193 candidates
[pass 1] 12: 5592000 docs, 576933 candidates
[pass 1] 12: 5600000 docs, 577778 candidates
[pass 1] 12: 5611000 docs, 578939 candidates
[pass 1] 12: 5620000 docs, 579889 candidates
[pass 1] 12: 5622000 docs, 580098 candidates
[pass 1] 12: 5623000 docs, 580203 candidates
[pass 1] 12: 5633000 docs, 581218 candidates
[pass 1] 12: 5634000 docs, 581314 candidates
[pass 1] 12: 5644000 docs, 582375 candidates
[pass 1] 12: 5648000 docs, 582763 candidates
[pass 1] 12: 5658000 docs, 583815 candidates
[pass 1] 12: 5669000 docs, 584961 candidates
[pass 1] 12: 5678000 docs, 585924 candidates
[pass 1] 12: 5716000 docs, 589872 candidates
[pass 1] 12: 5726000 docs, 590876 candidates
[pass 1] 12: 5733000 docs, 591604 candidates
[pass 1] 12: 5740000 docs, 592310 candidates
[pass 1] 12: 5747000 docs, 593070 candidates
[pass 1] 12: 5760000 docs, 594407 candidates
[pass 1] 12: 5810000 docs, 599600 candidates
[pass 1] 12: 5821000 docs, 600757 candidates
[pass 1] 12: 5845000 docs, 603197 candidates
[pass 1] 12: 5861000 docs, 604846 candidates
[pass 1] 12: 5863000 docs, 605048 candidates
[pass 1] 12: 5868000 docs, 605552 candidates
[pass 1] 12: 5869000 docs, 605651 candidates
[pass 1] 12: 5892000 docs, 608090 candidates
[pass 1] done: 0 docs, 0 new records, yield=0.0/10K, 15970869ms
[pipeline] Flushed 10000 buffered records to store
[pipeline] Exported 0 paired records to /mnt/zfs-host/backup/projects/observer-vault/01-Projects/dataset-processor/output/paired-output.jsonl

[orchestrate] Pipeline max-passes
[orchestrate] Passes: 1, Total verb-records: 10000
  Pass 1: 0 docs, 608748 Tier-A, 0 Tier-B, 0 Tier-C, 0 records, yield=0.0/10K
