[orchestrate] Found 1 shard files
[pass 1] 09: 1000 docs, 91 candidates
[pass 1] 09: 4000 docs, 391 candidates
[pass 1] 09: 35000 docs, 3589 candidates
[pass 1] 09: 48000 docs, 4920 candidates
[pass 1] 09: 50000 docs, 5112 candidates
[pass 1] 09: 66000 docs, 6699 candidates
[pass 1] 09: 68000 docs, 6894 candidates
[pass 1] 09: 92000 docs, 9359 candidates
[pass 1] 09: 96000 docs, 9767 candidates
[pass 1] 09: 97000 docs, 9861 candidates
[pass 1] 09: 101000 docs, 10277 candidates
[pass 1] 09: 102000 docs, 10363 candidates
[pass 1] 09: 128000 docs, 13012 candidates
[pass 1] 09: 130000 docs, 13222 candidates
[pass 1] 09: 131000 docs, 13315 candidates
[pass 1] 09: 138000 docs, 14087 candidates
[pass 1] 09: 139000 docs, 14193 candidates
[pass 1] 09: 144000 docs, 14721 candidates
[pass 1] 09: 151000 docs, 15445 candidates
[pass 1] 09: 175000 docs, 17898 candidates
[pass 1] 09: 183000 docs, 18755 candidates
[pass 1] 09: 186000 docs, 19075 candidates
[pass 1] 09: 194000 docs, 19901 candidates
[pass 1] 09: 199000 docs, 20362 candidates
[pass 1] 09: 202000 docs, 20670 candidates
[pass 1] 09: 213000 docs, 21779 candidates
[pass 1] 09: 218000 docs, 22289 candidates
[pass 1] 09: 221000 docs, 22588 candidates
[pass 1] 09: 229000 docs, 23427 candidates
[pass 1] 09: 231000 docs, 23631 candidates
[pass 1] 09: 239000 docs, 24483 candidates
[pass 1] 09: 241000 docs, 24700 candidates
[pass 1] 09: 252000 docs, 25859 candidates
[pass 1] 09: 254000 docs, 26071 candidates
[pass 1] 09: 265000 docs, 27195 candidates
[pass 1] 09: 268000 docs, 27504 candidates
[pass 1] 09: 294000 docs, 30201 candidates
[pass 1] 09: 298000 docs, 30613 candidates
[pass 1] 09: 300000 docs, 30813 candidates
[pass 1] 09: 305000 docs, 31275 candidates
[pass 1] 09: 312000 docs, 31967 candidates
[pass 1] 09: 317000 docs, 32525 candidates
[pass 1] 09: 320000 docs, 32823 candidates
[pass 1] 09: 321000 docs, 32914 candidates
[pass 1] 09: 334000 docs, 34244 candidates
[pass 1] 09: 366000 docs, 37566 candidates
[pass 1] 09: 367000 docs, 37667 candidates
[pass 1] 09: 370000 docs, 37979 candidates
[pass 1] 09: 375000 docs, 38493 candidates
[pass 1] 09: 411000 docs, 42183 candidates
[pass 1] 09: 414000 docs, 42488 candidates
[pass 1] 09: 416000 docs, 42695 candidates
[pass 1] 09: 423000 docs, 43395 candidates
[pass 1] 09: 437000 docs, 44854 candidates
[pass 1] 09: 442000 docs, 45383 candidates
[pass 1] 09: 444000 docs, 45591 candidates
[pass 1] 09: 448000 docs, 45978 candidates
[pass 1] 09: 451000 docs, 46314 candidates
[pass 1] 09: 457000 docs, 46906 candidates
[pass 1] 09: 465000 docs, 47733 candidates
[pass 1] 09: 471000 docs, 48352 candidates
[pass 1] 09: 474000 docs, 48662 candidates
[pass 1] 09: 484000 docs, 49661 candidates
[pass 1] 09: 491000 docs, 50378 candidates
[pass 1] 09: 505000 docs, 51846 candidates
[pass 1] 09: 507000 docs, 52019 candidates
[pass 1] 09: 519000 docs, 53234 candidates
[pass 1] 09: 525000 docs, 53804 candidates
[pass 1] 09: 528000 docs, 54095 candidates
[pass 1] 09: 572000 docs, 58515 candidates
[pass 1] 09: 582000 docs, 59496 candidates
[pass 1] 09: 589000 docs, 60256 candidates
[pass 1] 09: 593000 docs, 60679 candidates
[pass 1] 09: 602000 docs, 61623 candidates
[pass 1] 09: 606000 docs, 62091 candidates
[pass 1] 09: 610000 docs, 62487 candidates
[pass 1] 09: 616000 docs, 63084 candidates
[pass 1] 09: 619000 docs, 63412 candidates
[pass 1] 09: 640000 docs, 65683 candidates
[pass 1] 09: 647000 docs, 66402 candidates
[pass 1] 09: 651000 docs, 66787 candidates
[pass 1] 09: 654000 docs, 67097 candidates
[pass 1] 09: 663000 docs, 68000 candidates
[pass 1] 09: 667000 docs, 68422 candidates
[pass 1] 09: 672000 docs, 68991 candidates
[pass 1] 09: 682000 docs, 69989 candidates
[pass 1] 09: 684000 docs, 70208 candidates
[pass 1] 09: 693000 docs, 71120 candidates
[pass 1] 09: 711000 docs, 72952 candidates
[pass 1] 09: 712000 docs, 73056 candidates
[pass 1] 09: 716000 docs, 73488 candidates
[pass 1] 09: 741000 docs, 76056 candidates
[pass 1] 09: 748000 docs, 76812 candidates
[pass 1] 09: 749000 docs, 76898 candidates
[pass 1] 09: 752000 docs, 77220 candidates
[pass 1] 09: 756000 docs, 77597 candidates
[pass 1] 09: 778000 docs, 79868 candidates
[pass 1] 09: 780000 docs, 80057 candidates
[pass 1] 09: 784000 docs, 80473 candidates
[pass 1] 09: 801000 docs, 82220 candidates
[pass 1] 09: 808000 docs, 82940 candidates
[pass 1] 09: 812000 docs, 83332 candidates
[pass 1] 09: 815000 docs, 83636 candidates
[pass 1] 09: 825000 docs, 84654 candidates
[pass 1] 09: 826000 docs, 84754 candidates
[pass 1] 09: 831000 docs, 85264 candidates
[pass 1] 09: 844000 docs, 86531 candidates
[pass 1] 09: 852000 docs, 87353 candidates
[pass 1] 09: 855000 docs, 87647 candidates
[pass 1] 09: 869000 docs, 89068 candidates
[pass 1] 09: 872000 docs, 89364 candidates
[pass 1] 09: 884000 docs, 90569 candidates
[pass 1] 09: 886000 docs, 90771 candidates
[pass 1] 09: 890000 docs, 91157 candidates
[pass 1] 09: 895000 docs, 91662 candidates
[pass 1] 09: 896000 docs, 91762 candidates
[pass 1] 09: 931000 docs, 95345 candidates
[pass 1] 09: 938000 docs, 96096 candidates
[pass 1] 09: 964000 docs, 98768 candidates
[pass 1] 09: 967000 docs, 99087 candidates
[pass 1] 09: 975000 docs, 99870 candidates
[pass 1] 09: 979000 docs, 100238 candidates
[pass 1] 09: 997000 docs, 102073 candidates
[pass 1] 09: 1008000 docs, 103208 candidates
[pass 1] 09: 1012000 docs, 103615 candidates
[pass 1] 09: 1014000 docs, 103815 candidates
[pass 1] 09: 1031000 docs, 105528 candidates
[pass 1] 09: 1044000 docs, 106954 candidates
[pass 1] 09: 1046000 docs, 107179 candidates
[pass 1] 09: 1052000 docs, 107812 candidates
[pass 1] 09: 1073000 docs, 109981 candidates
[pass 1] 09: 1079000 docs, 110554 candidates
[pass 1] 09: 1080000 docs, 110646 candidates
[pass 1] 09: 1081000 docs, 110752 candidates
[pass 1] 09: 1090000 docs, 111704 candidates
[pass 1] 09: 1092000 docs, 111920 candidates
[pass 1] 09: 1102000 docs, 112971 candidates
[pass 1] 09: 1106000 docs, 113364 candidates
[pass 1] 09: 1112000 docs, 114032 candidates
[pass 1] 09: 1123000 docs, 115205 candidates
[pass 1] 09: 1150000 docs, 118043 candidates
[pass 1] 09: 1161000 docs, 119189 candidates
[pass 1] 09: 1170000 docs, 120166 candidates
[pass 1] 09: 1174000 docs, 120592 candidates
[pass 1] 09: 1177000 docs, 120909 candidates
[pass 1] 09: 1178000 docs, 121015 candidates
[pass 1] 09: 1186000 docs, 121868 candidates
[pass 1] 09: 1187000 docs, 121977 candidates
[pass 1] 09: 1223000 docs, 125584 candidates
[pass 1] 09: 1232000 docs, 126480 candidates
[pass 1] 09: 1233000 docs, 126605 candidates
[pass 1] 09: 1242000 docs, 127544 candidates
[pass 1] 09: 1252000 docs, 128551 candidates
[pass 1] 09: 1258000 docs, 129185 candidates
[pass 1] 09: 1269000 docs, 130312 candidates
[pass 1] 09: 1274000 docs, 130868 candidates
[pass 1] 09: 1292000 docs, 132716 candidates
[pass 1] 09: 1307000 docs, 134304 candidates
[pass 1] 09: 1319000 docs, 135548 candidates
[pass 1] 09: 1326000 docs, 136277 candidates
[pass 1] 09: 1329000 docs, 136585 candidates
[pass 1] 09: 1347000 docs, 138430 candidates
[pass 1] 09: 1354000 docs, 139134 candidates
[pass 1] 09: 1370000 docs, 140766 candidates
[pass 1] 09: 1374000 docs, 141173 candidates
[pass 1] 09: 1383000 docs, 142120 candidates
[pass 1] 09: 1386000 docs, 142417 candidates
[pass 1] 09: 1388000 docs, 142603 candidates
[pass 1] 09: 1394000 docs, 143239 candidates
[pass 1] 09: 1396000 docs, 143455 candidates
[pass 1] 09: 1408000 docs, 144754 candidates
[pass 1] 09: 1417000 docs, 145633 candidates
[pass 1] 09: 1424000 docs, 146369 candidates
[pass 1] 09: 1435000 docs, 147510 candidates
[pass 1] 09: 1447000 docs, 148774 candidates
[pass 1] 09: 1466000 docs, 150701 candidates
[pass 1] 09: 1469000 docs, 151016 candidates
[pass 1] 09: 1479000 docs, 152042 candidates
[pass 1] 09: 1491000 docs, 153233 candidates
[pass 1] 09: 1503000 docs, 154453 candidates
[pass 1] 09: 1504000 docs, 154554 candidates
[pass 1] 09: 1514000 docs, 155585 candidates
[pass 1] 09: 1527000 docs, 156908 candidates
[pass 1] 09: 1529000 docs, 157113 candidates
[pass 1] 09: 1530000 docs, 157229 candidates
[pass 1] 09: 1542000 docs, 158495 candidates
[pass 1] 09: 1556000 docs, 159913 candidates
[pass 1] 09: 1581000 docs, 162405 candidates
[pass 1] 09: 1583000 docs, 162632 candidates
[pass 1] 09: 1588000 docs, 163155 candidates
[pass 1] 09: 1600000 docs, 164380 candidates
[pass 1] 09: 1639000 docs, 168442 candidates
[pass 1] 09: 1648000 docs, 169374 candidates
[pass 1] 09: 1651000 docs, 169718 candidates
[pass 1] 09: 1667000 docs, 171365 candidates
[pass 1] 09: 1675000 docs, 172194 candidates
[pass 1] 09: 1682000 docs, 172872 candidates
[pass 1] 09: 1685000 docs, 173154 candidates
[pass 1] 09: 1686000 docs, 173258 candidates
[pass 1] 09: 1691000 docs, 173809 candidates
[pass 1] 09: 1697000 docs, 174462 candidates
[pass 1] 09: 1724000 docs, 177244 candidates
[pass 1] 09: 1728000 docs, 177625 candidates
[pass 1] 09: 1735000 docs, 178347 candidates
[pass 1] 09: 1757000 docs, 180611 candidates
[pass 1] 09: 1787000 docs, 183728 candidates
[pass 1] 09: 1792000 docs, 184254 candidates
[pass 1] 09: 1798000 docs, 184854 candidates
[pass 1] 09: 1804000 docs, 185433 candidates
[pass 1] 09: 1819000 docs, 186976 candidates
[pass 1] 09: 1824000 docs, 187479 candidates
[pass 1] 09: 1830000 docs, 188147 candidates
[pass 1] 09: 1833000 docs, 188457 candidates
[pass 1] 09: 1844000 docs, 189552 candidates
[pass 1] 09: 1848000 docs, 189974 candidates
[pass 1] 09: 1855000 docs, 190683 candidates
[pass 1] 09: 1875000 docs, 192777 candidates
[pass 1] 09: 1894000 docs, 194771 candidates
[pass 1] 09: 1912000 docs, 196583 candidates
[pass 1] 09: 1913000 docs, 196686 candidates
[pass 1] 09: 1922000 docs, 197612 candidates
[pass 1] 09: 1940000 docs, 199464 candidates
[pass 1] 09: 1963000 docs, 201863 candidates
[pass 1] 09: 1964000 docs, 201970 candidates
[pass 1] 09: 1968000 docs, 202397 candidates
[pass 1] 09: 1989000 docs, 204524 candidates
[pass 1] 09: 1990000 docs, 204634 candidates
[pass 1] 09: 2017000 docs, 207389 candidates
[pass 1] 09: 2024000 docs, 208105 candidates
[pass 1] 09: 2031000 docs, 208842 candidates
[pass 1] 09: 2032000 docs, 208935 candidates
[pass 1] 09: 2035000 docs, 209215 candidates
[pass 1] 09: 2056000 docs, 211401 candidates
[pass 1] 09: 2057000 docs, 211512 candidates
[pass 1] 09: 2060000 docs, 211814 candidates
[pass 1] 09: 2067000 docs, 212484 candidates
[pass 1] 09: 2077000 docs, 213497 candidates
[pass 1] 09: 2080000 docs, 213774 candidates
[pass 1] 09: 2082000 docs, 213976 candidates
[pass 1] 09: 2106000 docs, 216422 candidates
[pass 1] 09: 2109000 docs, 216708 candidates
[pass 1] 09: 2115000 docs, 217346 candidates
[pass 1] 09: 2119000 docs, 217790 candidates
[pass 1] 09: 2140000 docs, 219979 candidates
[pass 1] 09: 2147000 docs, 220696 candidates
[pass 1] 09: 2148000 docs, 220786 candidates
[pass 1] 09: 2208000 docs, 226923 candidates
[pass 1] 09: 2215000 docs, 227645 candidates
[pass 1] 09: 2218000 docs, 227979 candidates
[pass 1] 09: 2263000 docs, 232655 candidates
[pass 1] 09: 2265000 docs, 232868 candidates
[pass 1] 09: 2276000 docs, 233954 candidates
[pass 1] 09: 2277000 docs, 234070 candidates
[pass 1] 09: 2283000 docs, 234699 candidates
[pass 1] 09: 2301000 docs, 236577 candidates
[pass 1] 09: 2326000 docs, 239067 candidates
[pass 1] 09: 2340000 docs, 240548 candidates
[pass 1] 09: 2363000 docs, 242882 candidates
[pass 1] 09: 2373000 docs, 243899 candidates
[pass 1] 09: 2377000 docs, 244326 candidates
[pass 1] 09: 2393000 docs, 245998 candidates
[pass 1] 09: 2402000 docs, 246962 candidates
[pass 1] 09: 2408000 docs, 247554 candidates
[pass 1] 09: 2418000 docs, 248580 candidates
[pass 1] 09: 2433000 docs, 250092 candidates
[pass 1] 09: 2437000 docs, 250563 candidates
[pass 1] 09: 2447000 docs, 251596 candidates
[pass 1] 09: 2460000 docs, 252930 candidates
[pass 1] 09: 2475000 docs, 254503 candidates
[pass 1] 09: 2481000 docs, 255130 candidates
[pass 1] 09: 2521000 docs, 259223 candidates
[pass 1] 09: 2523000 docs, 259418 candidates
[pass 1] 09: 2527000 docs, 259818 candidates
[pass 1] 09: 2548000 docs, 261891 candidates
[pass 1] 09: 2550000 docs, 262109 candidates
[pass 1] 09: 2557000 docs, 262869 candidates
[pass 1] 09: 2559000 docs, 263076 candidates
[pass 1] 09: 2574000 docs, 264583 candidates
[pass 1] 09: 2588000 docs, 266036 candidates
[pass 1] 09: 2594000 docs, 266629 candidates
[pass 1] 09: 2608000 docs, 268092 candidates
[pass 1] 09: 2625000 docs, 269921 candidates
[pass 1] 09: 2626000 docs, 270035 candidates
[pass 1] 09: 2627000 docs, 270140 candidates
[pass 1] 09: 2647000 docs, 272176 candidates
[pass 1] 09: 2649000 docs, 272373 candidates
[pass 1] 09: 2652000 docs, 272703 candidates
[pass 1] 09: 2657000 docs, 273210 candidates
[pass 1] 09: 2670000 docs, 274536 candidates
[pass 1] 09: 2675000 docs, 275081 candidates
[pass 1] 09: 2688000 docs, 276484 candidates
[pass 1] 09: 2690000 docs, 276701 candidates
[pass 1] 09: 2725000 docs, 280322 candidates
[pass 1] 09: 2739000 docs, 281807 candidates
[pass 1] 09: 2744000 docs, 282317 candidates
[pass 1] 09: 2748000 docs, 282697 candidates
[pass 1] 09: 2752000 docs, 283101 candidates
[pass 1] 09: 2755000 docs, 283408 candidates
[pass 1] 09: 2758000 docs, 283734 candidates
[pass 1] 09: 2763000 docs, 284255 candidates
[pass 1] 09: 2765000 docs, 284451 candidates
[pass 1] 09: 2774000 docs, 285449 candidates
[pass 1] 09: 2778000 docs, 285858 candidates
[pass 1] 09: 2779000 docs, 285972 candidates
[pass 1] 09: 2807000 docs, 288737 candidates
[pass 1] 09: 2814000 docs, 289438 candidates
[pass 1] 09: 2831000 docs, 291239 candidates
[pass 1] 09: 2837000 docs, 291842 candidates
[pass 1] 09: 2840000 docs, 292152 candidates
[pass 1] 09: 2853000 docs, 293529 candidates
[pass 1] 09: 2887000 docs, 297127 candidates
[pass 1] 09: 2888000 docs, 297220 candidates
[pass 1] 09: 2900000 docs, 298401 candidates
[pass 1] 09: 2910000 docs, 299399 candidates
[pass 1] 09: 2913000 docs, 299732 candidates
[pass 1] 09: 2916000 docs, 300040 candidates
[pass 1] 09: 2940000 docs, 302523 candidates
[pass 1] 09: 2964000 docs, 305000 candidates
[pass 1] 09: 2969000 docs, 305493 candidates
[pass 1] 09: 2973000 docs, 305900 candidates
[pass 1] 09: 2979000 docs, 306555 candidates
[pass 1] 09: 2989000 docs, 307624 candidates
[pass 1] 09: 2991000 docs, 307816 candidates
[pass 1] 09: 2992000 docs, 307909 candidates
[pass 1] 09: 3007000 docs, 309357 candidates
[pass 1] 09: 3012000 docs, 309850 candidates
[pass 1] 09: 3017000 docs, 310386 candidates
[pass 1] 09: 3020000 docs, 310687 candidates
[pass 1] 09: 3034000 docs, 312122 candidates
[pass 1] 09: 3039000 docs, 312622 candidates
[pass 1] 09: 3050000 docs, 313785 candidates
[pass 1] 09: 3054000 docs, 314204 candidates
[pass 1] 09: 3072000 docs, 316025 candidates
[pass 1] 09: 3093000 docs, 318217 candidates
[pass 1] 09: 3094000 docs, 318312 candidates
[pass 1] 09: 3099000 docs, 318864 candidates
[pass 1] 09: 3105000 docs, 319505 candidates
[pass 1] 09: 3115000 docs, 320528 candidates
[pass 1] 09: 3132000 docs, 322198 candidates
[pass 1] 09: 3142000 docs, 323243 candidates
[pass 1] 09: 3144000 docs, 323438 candidates
[pass 1] 09: 3190000 docs, 328148 candidates
[pass 1] 09: 3201000 docs, 329294 candidates
[pass 1] 09: 3217000 docs, 330913 candidates
[pass 1] 09: 3219000 docs, 331142 candidates
[pass 1] 09: 3232000 docs, 332468 candidates
[pass 1] 09: 3234000 docs, 332660 candidates
[pass 1] 09: 3239000 docs, 333114 candidates
[pass 1] 09: 3245000 docs, 333693 candidates
[pass 1] 09: 3247000 docs, 333895 candidates
[pass 1] 09: 3259000 docs, 335204 candidates
[pass 1] 09: 3272000 docs, 336534 candidates
[pass 1] 09: 3273000 docs, 336639 candidates
[pass 1] 09: 3284000 docs, 337728 candidates
[pass 1] 09: 3301000 docs, 339440 candidates
[pass 1] 09: 3315000 docs, 340935 candidates
[pass 1] 09: 3319000 docs, 341361 candidates
[pass 1] 09: 3325000 docs, 341945 candidates
[pass 1] 09: 3330000 docs, 342454 candidates
[pass 1] 09: 3341000 docs, 343571 candidates
[pass 1] 09: 3354000 docs, 344858 candidates
[pass 1] 09: 3371000 docs, 346681 candidates
[pass 1] 09: 3381000 docs, 347716 candidates
[pass 1] 09: 3400000 docs, 349751 candidates
[pass 1] 09: 3406000 docs, 350344 candidates
[pass 1] 09: 3420000 docs, 351757 candidates
[pass 1] 09: 3431000 docs, 352896 candidates
[pass 1] 09: 3437000 docs, 353498 candidates
[pass 1] 09: 3441000 docs, 353946 candidates
[pass 1] 09: 3455000 docs, 355445 candidates
[pass 1] 09: 3470000 docs, 356962 candidates
[pass 1] 09: 3472000 docs, 357166 candidates
[pass 1] 09: 3482000 docs, 358212 candidates
[pass 1] 09: 3484000 docs, 358408 candidates
[pass 1] 09: 3487000 docs, 358720 candidates
[pass 1] 09: 3508000 docs, 360865 candidates
[pass 1] 09: 3512000 docs, 361276 candidates
[pass 1] 09: 3517000 docs, 361824 candidates
[pass 1] 09: 3520000 docs, 362125 candidates
[pass 1] 09: 3535000 docs, 363654 candidates
[pass 1] 09: 3545000 docs, 364690 candidates
[pass 1] 09: 3562000 docs, 366442 candidates
[pass 1] 09: 3575000 docs, 367818 candidates
[pass 1] 09: 3585000 docs, 368879 candidates
[pass 1] 09: 3594000 docs, 369814 candidates
[pass 1] 09: 3596000 docs, 370046 candidates
[pass 1] 09: 3603000 docs, 370722 candidates
[pass 1] 09: 3604000 docs, 370820 candidates
[pass 1] 09: 3617000 docs, 372132 candidates
[pass 1] 09: 3627000 docs, 373155 candidates
[pass 1] 09: 3630000 docs, 373480 candidates
[pass 1] 09: 3631000 docs, 373585 candidates
[pass 1] 09: 3635000 docs, 374009 candidates
[pass 1] 09: 3650000 docs, 375543 candidates
[pass 1] 09: 3653000 docs, 375845 candidates
[pass 1] 09: 3656000 docs, 376126 candidates
[pass 1] 09: 3657000 docs, 376237 candidates
[pass 1] 09: 3688000 docs, 379529 candidates
[pass 1] 09: 3703000 docs, 380985 candidates
[pass 1] 09: 3715000 docs, 382256 candidates
[pass 1] 09: 3720000 docs, 382753 candidates
[pass 1] 09: 3735000 docs, 384275 candidates
[pass 1] 09: 3736000 docs, 384383 candidates
[pass 1] 09: 3751000 docs, 385968 candidates
[pass 1] 09: 3759000 docs, 386815 candidates
[pass 1] 09: 3764000 docs, 387337 candidates
[pass 1] 09: 3769000 docs, 387846 candidates
[pass 1] 09: 3773000 docs, 388237 candidates
[pass 1] 09: 3779000 docs, 388854 candidates
[pass 1] 09: 3788000 docs, 389826 candidates
[pass 1] 09: 3790000 docs, 390028 candidates
[pass 1] 09: 3796000 docs, 390657 candidates
[pass 1] 09: 3806000 docs, 391711 candidates
[pass 1] 09: 3809000 docs, 392024 candidates
[pass 1] 09: 3810000 docs, 392124 candidates
[pass 1] 09: 3816000 docs, 392760 candidates
[pass 1] 09: 3823000 docs, 393452 candidates
[pass 1] 09: 3825000 docs, 393674 candidates
[pass 1] 09: 3827000 docs, 393889 candidates
[pass 1] 09: 3871000 docs, 398437 candidates
[pass 1] 09: 3883000 docs, 399691 candidates
[pass 1] 09: 3891000 docs, 400510 candidates
[pass 1] 09: 3900000 docs, 401416 candidates
[pass 1] 09: 3904000 docs, 401835 candidates
[pass 1] 09: 3912000 docs, 402664 candidates
[pass 1] 09: 3916000 docs, 403092 candidates
[pass 1] 09: 3938000 docs, 405382 candidates
[pass 1] 09: 3941000 docs, 405664 candidates
[pass 1] 09: 3950000 docs, 406618 candidates
[pass 1] 09: 3954000 docs, 407051 candidates
[pass 1] 09: 3955000 docs, 407165 candidates
[pass 1] 09: 3962000 docs, 407921 candidates
[pass 1] 09: 3965000 docs, 408250 candidates
[pass 1] 09: 3979000 docs, 409756 candidates
[pass 1] 09: 3982000 docs, 410080 candidates
[pass 1] 09: 3983000 docs, 410180 candidates
[pass 1] 09: 3987000 docs, 410594 candidates
[pass 1] 09: 3997000 docs, 411605 candidates
[pass 1] 09: 3999000 docs, 411823 candidates
[pass 1] 09: 4001000 docs, 412035 candidates
[pass 1] 09: 4004000 docs, 412346 candidates
[pass 1] 09: 4019000 docs, 413884 candidates
[pass 1] 09: 4039000 docs, 415992 candidates
[pass 1] 09: 4041000 docs, 416213 candidates
[pass 1] 09: 4051000 docs, 417260 candidates
[pass 1] 09: 4052000 docs, 417366 candidates
[pass 1] 09: 4074000 docs, 419638 candidates
[pass 1] 09: 4081000 docs, 420348 candidates
[pass 1] 09: 4085000 docs, 420744 candidates
[pass 1] 09: 4099000 docs, 422234 candidates
[pass 1] 09: 4103000 docs, 422644 candidates
[pass 1] 09: 4107000 docs, 423042 candidates
[pass 1] 09: 4117000 docs, 424068 candidates
[pass 1] 09: 4125000 docs, 424867 candidates
[pass 1] 09: 4133000 docs, 425717 candidates
[pass 1] 09: 4147000 docs, 427145 candidates
[pass 1] 09: 4153000 docs, 427720 candidates
[pass 1] 09: 4154000 docs, 427825 candidates
[pass 1] 09: 4156000 docs, 428031 candidates
[pass 1] 09: 4173000 docs, 429821 candidates
[pass 1] 09: 4202000 docs, 432732 candidates
[pass 1] 09: 4217000 docs, 434322 candidates
[pass 1] 09: 4231000 docs, 435781 candidates
[pass 1] 09: 4244000 docs, 437149 candidates
[pass 1] 09: 4249000 docs, 437671 candidates
[pass 1] 09: 4266000 docs, 439445 candidates
[pass 1] 09: 4274000 docs, 440302 candidates
[pass 1] 09: 4299000 docs, 442832 candidates
[pass 1] 09: 4305000 docs, 443444 candidates
[pass 1] 09: 4318000 docs, 444761 candidates
[pass 1] 09: 4328000 docs, 445755 candidates
[pass 1] 09: 4332000 docs, 446182 candidates
[pass 1] 09: 4341000 docs, 447096 candidates
[pass 1] 09: 4347000 docs, 447700 candidates
[pass 1] 09: 4348000 docs, 447798 candidates
[pass 1] 09: 4351000 docs, 448121 candidates
[pass 1] 09: 4379000 docs, 450983 candidates
[pass 1] 09: 4382000 docs, 451316 candidates
[pass 1] 09: 4388000 docs, 451940 candidates
[pass 1] 09: 4392000 docs, 452327 candidates
[pass 1] 09: 4394000 docs, 452533 candidates
[pass 1] 09: 4406000 docs, 453749 candidates
[pass 1] 09: 4412000 docs, 454362 candidates
[pass 1] 09: 4434000 docs, 456681 candidates
[pass 1] 09: 4457000 docs, 459065 candidates
[pass 1] 09: 4478000 docs, 461187 candidates
[pass 1] 09: 4495000 docs, 462972 candidates
[pass 1] 09: 4497000 docs, 463180 candidates
[pass 1] 09: 4502000 docs, 463715 candidates
[pass 1] 09: 4504000 docs, 463911 candidates
[pass 1] 09: 4510000 docs, 464542 candidates
[pass 1] 09: 4512000 docs, 464736 candidates
[pass 1] 09: 4527000 docs, 466304 candidates
[pass 1] 09: 4551000 docs, 468763 candidates
[pass 1] 09: 4554000 docs, 469067 candidates
[pass 1] 09: 4560000 docs, 469695 candidates
[pass 1] 09: 4596000 docs, 473497 candidates
[pass 1] 09: 4607000 docs, 474640 candidates
[pass 1] 09: 4622000 docs, 476183 candidates
[pass 1] 09: 4636000 docs, 477697 candidates
[pass 1] 09: 4641000 docs, 478207 candidates
[pass 1] 09: 4644000 docs, 478551 candidates
[pass 1] 09: 4667000 docs, 480965 candidates
[pass 1] 09: 4671000 docs, 481364 candidates
[pass 1] 09: 4678000 docs, 482085 candidates
[pass 1] 09: 4706000 docs, 484976 candidates
[pass 1] 09: 4728000 docs, 487321 candidates
[pass 1] 09: 4729000 docs, 487417 candidates
[pass 1] 09: 4750000 docs, 489564 candidates
[pass 1] 09: 4752000 docs, 489754 candidates
[pass 1] 09: 4754000 docs, 489964 candidates
[pass 1] 09: 4764000 docs, 491009 candidates
[pass 1] 09: 4768000 docs, 491451 candidates
[pass 1] 09: 4773000 docs, 491994 candidates
[pass 1] 09: 4786000 docs, 493355 candidates
[pass 1] 09: 4788000 docs, 493542 candidates
[pass 1] 09: 4796000 docs, 494388 candidates
[pass 1] 09: 4798000 docs, 494603 candidates
[pass 1] 09: 4823000 docs, 497155 candidates
[pass 1] 09: 4825000 docs, 497385 candidates
[pass 1] 09: 4837000 docs, 498572 candidates
[pass 1] 09: 4845000 docs, 499372 candidates
[pass 1] 09: 4848000 docs, 499681 candidates
[pass 1] 09: 4869000 docs, 501853 candidates
[pass 1] 09: 4885000 docs, 503507 candidates
[pass 1] 09: 4886000 docs, 503610 candidates
[pass 1] 09: 4892000 docs, 504231 candidates
[pass 1] 09: 4894000 docs, 504439 candidates
[pass 1] 09: 4910000 docs, 506050 candidates
[pass 1] 09: 4912000 docs, 506261 candidates
[pass 1] 09: 4922000 docs, 507324 candidates
[pass 1] 09: 4945000 docs, 509666 candidates
[pass 1] 09: 4958000 docs, 510998 candidates
[pass 1] 09: 4964000 docs, 511631 candidates
[pass 1] 09: 4978000 docs, 513011 candidates
[pass 1] 09: 4995000 docs, 514794 candidates
[pass 1] 09: 4996000 docs, 514912 candidates
[pass 1] 09: 4997000 docs, 515026 candidates
[pass 1] 09: 4998000 docs, 515126 candidates
[pass 1] 09: 5011000 docs, 516459 candidates
[pass 1] 09: 5038000 docs, 519255 candidates
[pass 1] 09: 5041000 docs, 519569 candidates
[pass 1] 09: 5045000 docs, 519996 candidates
[pass 1] 09: 5047000 docs, 520224 candidates
[pass 1] 09: 5049000 docs, 520439 candidates
[pass 1] 09: 5051000 docs, 520636 candidates
[pass 1] 09: 5058000 docs, 521358 candidates
[pass 1] 09: 5059000 docs, 521466 candidates
[pass 1] 09: 5063000 docs, 521912 candidates
[pass 1] 09: 5069000 docs, 522533 candidates
[pass 1] 09: 5076000 docs, 523230 candidates
[pass 1] 09: 5077000 docs, 523323 candidates
[pass 1] 09: 5082000 docs, 523834 candidates
[pass 1] 09: 5110000 docs, 526672 candidates
[pass 1] 09: 5114000 docs, 527095 candidates
[pass 1] 09: 5123000 docs, 528015 candidates
[pass 1] 09: 5142000 docs, 530005 candidates
[pass 1] 09: 5149000 docs, 530763 candidates
[pass 1] 09: 5170000 docs, 532900 candidates
[pass 1] 09: 5183000 docs, 534200 candidates
[pass 1] 09: 5188000 docs, 534740 candidates
[pass 1] 09: 5189000 docs, 534851 candidates
[pass 1] 09: 5192000 docs, 535151 candidates
[pass 1] 09: 5217000 docs, 537680 candidates
[pass 1] 09: 5246000 docs, 540653 candidates
[pass 1] 09: 5255000 docs, 541634 candidates
[pass 1] 09: 5259000 docs, 542042 candidates
[pass 1] 09: 5269000 docs, 543051 candidates
[pass 1] 09: 5277000 docs, 543893 candidates
[pass 1] 09: 5288000 docs, 545017 candidates
[pass 1] 09: 5292000 docs, 545434 candidates
[pass 1] 09: 5318000 docs, 548016 candidates
[pass 1] 09: 5323000 docs, 548565 candidates
[pass 1] 09: 5337000 docs, 549985 candidates
[pass 1] 09: 5354000 docs, 551731 candidates
[pass 1] 09: 5360000 docs, 552375 candidates
[pass 1] 09: 5370000 docs, 553450 candidates
[pass 1] 09: 5371000 docs, 553558 candidates
[pass 1] 09: 5374000 docs, 553840 candidates
[pass 1] 09: 5378000 docs, 554251 candidates
[pass 1] 09: 5383000 docs, 554806 candidates
[pass 1] 09: 5407000 docs, 557247 candidates
[pass 1] 09: 5413000 docs, 557830 candidates
[pass 1] 09: 5416000 docs, 558142 candidates
[pass 1] 09: 5439000 docs, 560542 candidates
[pass 1] 09: 5464000 docs, 563032 candidates
[pass 1] 09: 5480000 docs, 564649 candidates
[pass 1] 09: 5483000 docs, 564955 candidates
[pass 1] 09: 5508000 docs, 567592 candidates
[pass 1] 09: 5524000 docs, 569282 candidates
[pass 1] 09: 5528000 docs, 569691 candidates
[pass 1] 09: 5532000 docs, 570106 candidates
[pass 1] 09: 5551000 docs, 571997 candidates
[pass 1] 09: 5570000 docs, 573951 candidates
[pass 1] 09: 5591000 docs, 576142 candidates
[pass 1] 09: 5605000 docs, 577639 candidates
[pass 1] 09: 5607000 docs, 577830 candidates
[pass 1] 09: 5610000 docs, 578129 candidates
[pass 1] 09: 5614000 docs, 578538 candidates
[pass 1] 09: 5619000 docs, 579032 candidates
[pass 1] 09: 5624000 docs, 579549 candidates
[pass 1] 09: 5625000 docs, 579655 candidates
[pass 1] 09: 5644000 docs, 581604 candidates
[pass 1] 09: 5646000 docs, 581797 candidates
[pass 1] 09: 5647000 docs, 581927 candidates
[pass 1] 09: 5655000 docs, 582779 candidates
[pass 1] 09: 5669000 docs, 584200 candidates
[pass 1] 09: 5672000 docs, 584522 candidates
[pass 1] 09: 5684000 docs, 585723 candidates
[pass 1] 09: 5690000 docs, 586360 candidates
[pass 1] 09: 5695000 docs, 586903 candidates
[pass 1] 09: 5698000 docs, 587229 candidates
[pass 1] 09: 5712000 docs, 588704 candidates
[pass 1] 09: 5713000 docs, 588804 candidates
[pass 1] 09: 5739000 docs, 591502 candidates
[pass 1] 09: 5743000 docs, 591883 candidates
[pass 1] 09: 5746000 docs, 592189 candidates
[pass 1] 09: 5761000 docs, 593764 candidates
[pass 1] 09: 5779000 docs, 595702 candidates
[pass 1] 09: 5781000 docs, 595903 candidates
[pass 1] 09: 5801000 docs, 597862 candidates
[pass 1] 09: 5805000 docs, 598271 candidates
[pass 1] 09: 5810000 docs, 598748 candidates
[pass 1] 09: 5812000 docs, 598946 candidates
[pass 1] 09: 5817000 docs, 599467 candidates
[pass 1] 09: 5818000 docs, 599581 candidates
[pass 1] 09: 5826000 docs, 600442 candidates
[pass 1] 09: 5832000 docs, 601044 candidates
[pass 1] 09: 5840000 docs, 601866 candidates
[pass 1] 09: 5853000 docs, 603169 candidates
[pass 1] 09: 5860000 docs, 603909 candidates
[pass 1] 09: 5898000 docs, 607865 candidates
[pass 1] done: 0 docs, 0 new records, yield=0.0/10K, 15376731ms
[pipeline] Flushed 10000 buffered records to store
[pipeline] Exported 0 paired records to /mnt/zfs-host/backup/projects/observer-vault/01-Projects/dataset-processor/output/paired-output.jsonl

[orchestrate] Pipeline max-passes
[orchestrate] Passes: 1, Total verb-records: 10000
  Pass 1: 0 docs, 608709 Tier-A, 0 Tier-B, 0 Tier-C, 0 records, yield=0.0/10K
