[orchestrate] Found 1 shard files
[pass 1] 28: 1000 docs, 106 candidates
[pass 1] 28: 14000 docs, 1441 candidates
[pass 1] 28: 29000 docs, 2940 candidates
[pass 1] 28: 37000 docs, 3745 candidates
[pass 1] 28: 41000 docs, 4141 candidates
[pass 1] 28: 43000 docs, 4334 candidates
[pass 1] 28: 69000 docs, 6899 candidates
[pass 1] 28: 70000 docs, 7012 candidates
[pass 1] 28: 74000 docs, 7452 candidates
[pass 1] 28: 106000 docs, 10708 candidates
[pass 1] 28: 123000 docs, 12449 candidates
[pass 1] 28: 127000 docs, 12867 candidates
[pass 1] 28: 129000 docs, 13060 candidates
[pass 1] 28: 136000 docs, 13810 candidates
[pass 1] 28: 137000 docs, 13903 candidates
[pass 1] 28: 142000 docs, 14422 candidates
[pass 1] 28: 189000 docs, 19249 candidates
[pass 1] 28: 198000 docs, 20171 candidates
[pass 1] 28: 209000 docs, 21345 candidates
[pass 1] 28: 212000 docs, 21652 candidates
[pass 1] 28: 221000 docs, 22581 candidates
[pass 1] 28: 261000 docs, 26672 candidates
[pass 1] 28: 289000 docs, 29522 candidates
[pass 1] 28: 292000 docs, 29838 candidates
[pass 1] 28: 311000 docs, 31772 candidates
[pass 1] 28: 319000 docs, 32599 candidates
[pass 1] 28: 321000 docs, 32823 candidates
[pass 1] 28: 340000 docs, 34778 candidates
[pass 1] 28: 352000 docs, 36002 candidates
[pass 1] 28: 356000 docs, 36444 candidates
[pass 1] 28: 366000 docs, 37481 candidates
[pass 1] 28: 367000 docs, 37580 candidates
[pass 1] 28: 379000 docs, 38850 candidates
[pass 1] 28: 381000 docs, 39063 candidates
[pass 1] 28: 382000 docs, 39180 candidates
[pass 1] 28: 384000 docs, 39412 candidates
[pass 1] 28: 423000 docs, 43363 candidates
[pass 1] 28: 438000 docs, 44857 candidates
[pass 1] 28: 444000 docs, 45455 candidates
[pass 1] 28: 461000 docs, 47217 candidates
[pass 1] 28: 475000 docs, 48644 candidates
[pass 1] 28: 488000 docs, 49999 candidates
[pass 1] 28: 491000 docs, 50337 candidates
[pass 1] 28: 501000 docs, 51450 candidates
[pass 1] 28: 511000 docs, 52431 candidates
[pass 1] 28: 518000 docs, 53153 candidates
[pass 1] 28: 529000 docs, 54254 candidates
[pass 1] 28: 538000 docs, 55197 candidates
[pass 1] 28: 548000 docs, 56250 candidates
[pass 1] 28: 550000 docs, 56440 candidates
[pass 1] 28: 557000 docs, 57160 candidates
[pass 1] 28: 560000 docs, 57464 candidates
[pass 1] 28: 628000 docs, 64428 candidates
[pass 1] 28: 637000 docs, 65401 candidates
[pass 1] 28: 642000 docs, 65886 candidates
[pass 1] 28: 668000 docs, 68537 candidates
[pass 1] 28: 689000 docs, 70607 candidates
[pass 1] 28: 695000 docs, 71243 candidates
[pass 1] 28: 711000 docs, 72915 candidates
[pass 1] 28: 713000 docs, 73130 candidates
[pass 1] 28: 714000 docs, 73239 candidates
[pass 1] 28: 721000 docs, 73943 candidates
[pass 1] 28: 725000 docs, 74341 candidates
[pass 1] 28: 726000 docs, 74440 candidates
[pass 1] 28: 731000 docs, 75003 candidates
[pass 1] 28: 751000 docs, 77102 candidates
[pass 1] 28: 756000 docs, 77621 candidates
[pass 1] 28: 757000 docs, 77727 candidates
[pass 1] 28: 765000 docs, 78536 candidates
[pass 1] 28: 804000 docs, 82509 candidates
[pass 1] 28: 808000 docs, 82905 candidates
[pass 1] 28: 852000 docs, 87483 candidates
[pass 1] 28: 864000 docs, 88758 candidates
[pass 1] 28: 872000 docs, 89603 candidates
[pass 1] 28: 883000 docs, 90703 candidates
[pass 1] 28: 956000 docs, 98244 candidates
[pass 1] 28: 967000 docs, 99352 candidates
[pass 1] 28: 968000 docs, 99471 candidates
[pass 1] 28: 977000 docs, 100395 candidates
[pass 1] 28: 988000 docs, 101474 candidates
[pass 1] 28: 992000 docs, 101874 candidates
[pass 1] 28: 993000 docs, 101972 candidates
[pass 1] 28: 1026000 docs, 105363 candidates
[pass 1] 28: 1045000 docs, 107299 candidates
[pass 1] 28: 1063000 docs, 109205 candidates
[pass 1] 28: 1064000 docs, 109281 candidates
[pass 1] 28: 1078000 docs, 110759 candidates
[pass 1] 28: 1083000 docs, 111249 candidates
[pass 1] 28: 1092000 docs, 112187 candidates
[pass 1] 28: 1096000 docs, 112570 candidates
[pass 1] 28: 1102000 docs, 113206 candidates
[pass 1] 28: 1104000 docs, 113417 candidates
[pass 1] 28: 1109000 docs, 113948 candidates
[pass 1] 28: 1121000 docs, 115146 candidates
[pass 1] 28: 1125000 docs, 115555 candidates
[pass 1] 28: 1126000 docs, 115663 candidates
[pass 1] 28: 1133000 docs, 116381 candidates
[pass 1] 28: 1168000 docs, 119979 candidates
[pass 1] 28: 1173000 docs, 120509 candidates
[pass 1] 28: 1194000 docs, 122651 candidates
[pass 1] 28: 1197000 docs, 122938 candidates
[pass 1] 28: 1204000 docs, 123614 candidates
[pass 1] 28: 1219000 docs, 125073 candidates
[pass 1] 28: 1222000 docs, 125394 candidates
[pass 1] 28: 1236000 docs, 126932 candidates
[pass 1] 28: 1238000 docs, 127127 candidates
[pass 1] 28: 1253000 docs, 128632 candidates
[pass 1] 28: 1260000 docs, 129323 candidates
[pass 1] 28: 1281000 docs, 131524 candidates
[pass 1] 28: 1296000 docs, 133111 candidates
[pass 1] 28: 1307000 docs, 134274 candidates
[pass 1] 28: 1317000 docs, 135318 candidates
[pass 1] 28: 1335000 docs, 137152 candidates
[pass 1] 28: 1361000 docs, 139781 candidates
[pass 1] 28: 1365000 docs, 140196 candidates
[pass 1] 28: 1371000 docs, 140813 candidates
[pass 1] 28: 1377000 docs, 141443 candidates
[pass 1] 28: 1391000 docs, 142915 candidates
[pass 1] 28: 1452000 docs, 149148 candidates
[pass 1] 28: 1461000 docs, 150099 candidates
[pass 1] 28: 1465000 docs, 150522 candidates
[pass 1] 28: 1468000 docs, 150857 candidates
[pass 1] 28: 1470000 docs, 151062 candidates
[pass 1] 28: 1489000 docs, 153078 candidates
[pass 1] 28: 1493000 docs, 153540 candidates
[pass 1] 28: 1495000 docs, 153740 candidates
[pass 1] 28: 1501000 docs, 154327 candidates
[pass 1] 28: 1507000 docs, 154944 candidates
[pass 1] 28: 1511000 docs, 155370 candidates
[pass 1] 28: 1532000 docs, 157584 candidates
[pass 1] 28: 1533000 docs, 157693 candidates
[pass 1] 28: 1541000 docs, 158509 candidates
[pass 1] 28: 1546000 docs, 159011 candidates
[pass 1] 28: 1547000 docs, 159126 candidates
[pass 1] 28: 1554000 docs, 159819 candidates
[pass 1] 28: 1562000 docs, 160667 candidates
[pass 1] 28: 1569000 docs, 161407 candidates
[pass 1] 28: 1579000 docs, 162418 candidates
[pass 1] 28: 1580000 docs, 162530 candidates
[pass 1] 28: 1587000 docs, 163235 candidates
[pass 1] 28: 1596000 docs, 164191 candidates
[pass 1] 28: 1598000 docs, 164432 candidates
[pass 1] 28: 1605000 docs, 165141 candidates
[pass 1] 28: 1637000 docs, 168474 candidates
[pass 1] 28: 1674000 docs, 172357 candidates
[pass 1] 28: 1676000 docs, 172534 candidates
[pass 1] 28: 1704000 docs, 175375 candidates
[pass 1] 28: 1719000 docs, 176896 candidates
[pass 1] 28: 1722000 docs, 177176 candidates
[pass 1] 28: 1732000 docs, 178240 candidates
[pass 1] 28: 1739000 docs, 178948 candidates
[pass 1] 28: 1761000 docs, 181169 candidates
[pass 1] 28: 1768000 docs, 181877 candidates
[pass 1] 28: 1769000 docs, 181988 candidates
[pass 1] 28: 1778000 docs, 182957 candidates
[pass 1] 28: 1811000 docs, 186326 candidates
[pass 1] 28: 1812000 docs, 186431 candidates
[pass 1] 28: 1823000 docs, 187581 candidates
[pass 1] 28: 1825000 docs, 187793 candidates
[pass 1] 28: 1831000 docs, 188378 candidates
[pass 1] 28: 1850000 docs, 190252 candidates
[pass 1] 28: 1852000 docs, 190450 candidates
[pass 1] 28: 1859000 docs, 191199 candidates
[pass 1] 28: 1872000 docs, 192529 candidates
[pass 1] 28: 1882000 docs, 193593 candidates
[pass 1] 28: 1884000 docs, 193797 candidates
[pass 1] 28: 1885000 docs, 193910 candidates
[pass 1] 28: 1887000 docs, 194144 candidates
[pass 1] 28: 1896000 docs, 195076 candidates
[pass 1] 28: 1900000 docs, 195502 candidates
[pass 1] 28: 1909000 docs, 196489 candidates
[pass 1] 28: 1916000 docs, 197264 candidates
[pass 1] 28: 1929000 docs, 198583 candidates
[pass 1] 28: 1945000 docs, 200130 candidates
[pass 1] 28: 1949000 docs, 200514 candidates
[pass 1] 28: 1962000 docs, 201777 candidates
[pass 1] 28: 1971000 docs, 202640 candidates
[pass 1] 28: 2015000 docs, 207130 candidates
[pass 1] 28: 2016000 docs, 207227 candidates
[pass 1] 28: 2019000 docs, 207549 candidates
[pass 1] 28: 2072000 docs, 212890 candidates
[pass 1] 28: 2074000 docs, 213079 candidates
[pass 1] 28: 2077000 docs, 213399 candidates
[pass 1] 28: 2088000 docs, 214506 candidates
[pass 1] 28: 2089000 docs, 214615 candidates
[pass 1] 28: 2102000 docs, 215965 candidates
[pass 1] 28: 2107000 docs, 216506 candidates
[pass 1] 28: 2108000 docs, 216593 candidates
[pass 1] 28: 2109000 docs, 216720 candidates
[pass 1] 28: 2119000 docs, 217719 candidates
[pass 1] 28: 2125000 docs, 218343 candidates
[pass 1] 28: 2165000 docs, 222560 candidates
[pass 1] 28: 2170000 docs, 223038 candidates
[pass 1] 28: 2176000 docs, 223654 candidates
[pass 1] 28: 2181000 docs, 224148 candidates
[pass 1] 28: 2185000 docs, 224587 candidates
[pass 1] 28: 2191000 docs, 225175 candidates
[pass 1] 28: 2193000 docs, 225367 candidates
[pass 1] 28: 2222000 docs, 228424 candidates
[pass 1] 28: 2228000 docs, 229056 candidates
[pass 1] 28: 2230000 docs, 229282 candidates
[pass 1] 28: 2238000 docs, 230092 candidates
[pass 1] 28: 2267000 docs, 233170 candidates
[pass 1] 28: 2284000 docs, 234906 candidates
[pass 1] 28: 2320000 docs, 238659 candidates
[pass 1] 28: 2325000 docs, 239142 candidates
[pass 1] 28: 2333000 docs, 239979 candidates
[pass 1] 28: 2345000 docs, 241242 candidates
[pass 1] 28: 2350000 docs, 241749 candidates
[pass 1] 28: 2351000 docs, 241859 candidates
[pass 1] 28: 2368000 docs, 243598 candidates
[pass 1] 28: 2375000 docs, 244266 candidates
[pass 1] 28: 2378000 docs, 244530 candidates
[pass 1] 28: 2392000 docs, 246052 candidates
[pass 1] 28: 2400000 docs, 246884 candidates
[pass 1] 28: 2416000 docs, 248584 candidates
[pass 1] 28: 2429000 docs, 249907 candidates
[pass 1] 28: 2438000 docs, 250899 candidates
[pass 1] 28: 2439000 docs, 251006 candidates
[pass 1] 28: 2448000 docs, 251945 candidates
[pass 1] 28: 2449000 docs, 252045 candidates
[pass 1] 28: 2451000 docs, 252279 candidates
[pass 1] 28: 2453000 docs, 252506 candidates
[pass 1] 28: 2455000 docs, 252719 candidates
[pass 1] 28: 2460000 docs, 253263 candidates
[pass 1] 28: 2461000 docs, 253371 candidates
[pass 1] 28: 2473000 docs, 254612 candidates
[pass 1] 28: 2504000 docs, 257819 candidates
[pass 1] 28: 2514000 docs, 258856 candidates
[pass 1] 28: 2523000 docs, 259825 candidates
[pass 1] 28: 2529000 docs, 260407 candidates
[pass 1] 28: 2535000 docs, 261039 candidates
[pass 1] 28: 2541000 docs, 261655 candidates
[pass 1] 28: 2545000 docs, 262066 candidates
[pass 1] 28: 2550000 docs, 262581 candidates
[pass 1] 28: 2567000 docs, 264367 candidates
[pass 1] 28: 2569000 docs, 264569 candidates
[pass 1] 28: 2573000 docs, 264987 candidates
[pass 1] 28: 2582000 docs, 265918 candidates
[pass 1] 28: 2596000 docs, 267399 candidates
[pass 1] 28: 2613000 docs, 269119 candidates
[pass 1] 28: 2629000 docs, 270745 candidates
[pass 1] 28: 2631000 docs, 270941 candidates
[pass 1] 28: 2633000 docs, 271140 candidates
[pass 1] 28: 2634000 docs, 271245 candidates
[pass 1] 28: 2641000 docs, 271977 candidates
[pass 1] 28: 2654000 docs, 273302 candidates
[pass 1] 28: 2661000 docs, 273998 candidates
[pass 1] 28: 2666000 docs, 274510 candidates
[pass 1] 28: 2682000 docs, 276138 candidates
[pass 1] 28: 2711000 docs, 279105 candidates
[pass 1] 28: 2729000 docs, 280990 candidates
[pass 1] 28: 2744000 docs, 282498 candidates
[pass 1] 28: 2748000 docs, 282904 candidates
[pass 1] 28: 2750000 docs, 283098 candidates
[pass 1] 28: 2754000 docs, 283484 candidates
[pass 1] 28: 2755000 docs, 283587 candidates
[pass 1] 28: 2777000 docs, 285840 candidates
[pass 1] 28: 2792000 docs, 287434 candidates
[pass 1] 28: 2796000 docs, 287850 candidates
[pass 1] 28: 2819000 docs, 290276 candidates
[pass 1] 28: 2823000 docs, 290706 candidates
[pass 1] 28: 2833000 docs, 291725 candidates
[pass 1] 28: 2847000 docs, 293187 candidates
[pass 1] 28: 2854000 docs, 293898 candidates
[pass 1] 28: 2860000 docs, 294514 candidates
[pass 1] 28: 2867000 docs, 295245 candidates
[pass 1] 28: 2883000 docs, 296887 candidates
[pass 1] 28: 2895000 docs, 298142 candidates
[pass 1] 28: 2904000 docs, 299053 candidates
[pass 1] 28: 2913000 docs, 300059 candidates
[pass 1] 28: 2916000 docs, 300388 candidates
[pass 1] 28: 2930000 docs, 301828 candidates
[pass 1] 28: 2965000 docs, 305337 candidates
[pass 1] 28: 2967000 docs, 305573 candidates
[pass 1] 28: 2971000 docs, 305976 candidates
[pass 1] 28: 2972000 docs, 306078 candidates
[pass 1] 28: 2976000 docs, 306493 candidates
[pass 1] 28: 2979000 docs, 306804 candidates
[pass 1] 28: 2985000 docs, 307434 candidates
[pass 1] 28: 2990000 docs, 307945 candidates
[pass 1] 28: 2995000 docs, 308450 candidates
[pass 1] 28: 3002000 docs, 309133 candidates
[pass 1] 28: 3003000 docs, 309219 candidates
[pass 1] 28: 3004000 docs, 309307 candidates
[pass 1] 28: 3006000 docs, 309514 candidates
[pass 1] 28: 3027000 docs, 311663 candidates
[pass 1] 28: 3029000 docs, 311851 candidates
[pass 1] 28: 3039000 docs, 312926 candidates
[pass 1] 28: 3077000 docs, 316883 candidates
[pass 1] 28: 3081000 docs, 317314 candidates
[pass 1] 28: 3097000 docs, 318991 candidates
[pass 1] 28: 3101000 docs, 319381 candidates
[pass 1] 28: 3103000 docs, 319582 candidates
[pass 1] 28: 3109000 docs, 320208 candidates
[pass 1] 28: 3115000 docs, 320848 candidates
[pass 1] 28: 3118000 docs, 321143 candidates
[pass 1] 28: 3125000 docs, 321873 candidates
[pass 1] 28: 3126000 docs, 321962 candidates
[pass 1] 28: 3129000 docs, 322295 candidates
[pass 1] 28: 3132000 docs, 322621 candidates
[pass 1] 28: 3161000 docs, 325673 candidates
[pass 1] 28: 3177000 docs, 327347 candidates
[pass 1] 28: 3204000 docs, 330058 candidates
[pass 1] 28: 3207000 docs, 330334 candidates
[pass 1] 28: 3221000 docs, 331809 candidates
[pass 1] 28: 3235000 docs, 333221 candidates
[pass 1] 28: 3288000 docs, 338675 candidates
[pass 1] 28: 3299000 docs, 339821 candidates
[pass 1] 28: 3302000 docs, 340108 candidates
[pass 1] 28: 3309000 docs, 340850 candidates
[pass 1] 28: 3317000 docs, 341684 candidates
[pass 1] 28: 3322000 docs, 342168 candidates
[pass 1] 28: 3332000 docs, 343198 candidates
[pass 1] 28: 3339000 docs, 343904 candidates
[pass 1] 28: 3365000 docs, 346583 candidates
[pass 1] 28: 3366000 docs, 346688 candidates
[pass 1] 28: 3373000 docs, 347406 candidates
[pass 1] 28: 3377000 docs, 347802 candidates
[pass 1] 28: 3381000 docs, 348216 candidates
[pass 1] 28: 3389000 docs, 349057 candidates
[pass 1] 28: 3412000 docs, 351361 candidates
[pass 1] 28: 3443000 docs, 354531 candidates
[pass 1] 28: 3455000 docs, 355788 candidates
[pass 1] 28: 3475000 docs, 357834 candidates
[pass 1] 28: 3489000 docs, 359268 candidates
[pass 1] 28: 3499000 docs, 360244 candidates
[pass 1] 28: 3505000 docs, 360857 candidates
[pass 1] 28: 3530000 docs, 363437 candidates
[pass 1] 28: 3534000 docs, 363862 candidates
[pass 1] 28: 3548000 docs, 365357 candidates
[pass 1] 28: 3580000 docs, 368599 candidates
[pass 1] 28: 3585000 docs, 369115 candidates
[pass 1] 28: 3588000 docs, 369424 candidates
[pass 1] 28: 3605000 docs, 371098 candidates
[pass 1] 28: 3625000 docs, 373106 candidates
[pass 1] 28: 3627000 docs, 373310 candidates
[pass 1] 28: 3637000 docs, 374352 candidates
[pass 1] 28: 3640000 docs, 374640 candidates
[pass 1] 28: 3653000 docs, 375979 candidates
[pass 1] 28: 3659000 docs, 376560 candidates
[pass 1] 28: 3667000 docs, 377436 candidates
[pass 1] 28: 3668000 docs, 377512 candidates
[pass 1] 28: 3679000 docs, 378631 candidates
[pass 1] 28: 3687000 docs, 379412 candidates
[pass 1] 28: 3689000 docs, 379588 candidates
[pass 1] 28: 3717000 docs, 382456 candidates
[pass 1] 28: 3726000 docs, 383412 candidates
[pass 1] 28: 3753000 docs, 386194 candidates
[pass 1] 28: 3763000 docs, 387275 candidates
[pass 1] 28: 3768000 docs, 387775 candidates
[pass 1] 28: 3772000 docs, 388205 candidates
[pass 1] 28: 3783000 docs, 389336 candidates
[pass 1] 28: 3784000 docs, 389439 candidates
[pass 1] 28: 3787000 docs, 389766 candidates
[pass 1] 28: 3795000 docs, 390612 candidates
[pass 1] 28: 3802000 docs, 391322 candidates
[pass 1] 28: 3814000 docs, 392498 candidates
[pass 1] 28: 3818000 docs, 392919 candidates
[pass 1] 28: 3824000 docs, 393519 candidates
[pass 1] 28: 3828000 docs, 393919 candidates
[pass 1] 28: 3833000 docs, 394446 candidates
[pass 1] 28: 3836000 docs, 394754 candidates
[pass 1] 28: 3844000 docs, 395595 candidates
[pass 1] 28: 3860000 docs, 397260 candidates
[pass 1] 28: 3877000 docs, 399042 candidates
[pass 1] 28: 3881000 docs, 399450 candidates
[pass 1] 28: 3883000 docs, 399657 candidates
[pass 1] 28: 3888000 docs, 400181 candidates
[pass 1] 28: 3891000 docs, 400477 candidates
[pass 1] 28: 3892000 docs, 400590 candidates
[pass 1] 28: 3898000 docs, 401232 candidates
[pass 1] 28: 3902000 docs, 401671 candidates
[pass 1] 28: 3923000 docs, 403783 candidates
[pass 1] 28: 3927000 docs, 404176 candidates
[pass 1] 28: 3933000 docs, 404824 candidates
[pass 1] 28: 3950000 docs, 406547 candidates
[pass 1] 28: 3961000 docs, 407668 candidates
[pass 1] 28: 4012000 docs, 412985 candidates
[pass 1] 28: 4014000 docs, 413199 candidates
[pass 1] 28: 4022000 docs, 414016 candidates
[pass 1] 28: 4026000 docs, 414424 candidates
[pass 1] 28: 4035000 docs, 415337 candidates
[pass 1] 28: 4071000 docs, 419052 candidates
[pass 1] 28: 4072000 docs, 419154 candidates
[pass 1] 28: 4099000 docs, 421940 candidates
[pass 1] 28: 4106000 docs, 422632 candidates
[pass 1] 28: 4114000 docs, 423456 candidates
[pass 1] 28: 4115000 docs, 423561 candidates
[pass 1] 28: 4136000 docs, 425739 candidates
[pass 1] 28: 4141000 docs, 426245 candidates
[pass 1] 28: 4160000 docs, 428211 candidates
[pass 1] 28: 4162000 docs, 428419 candidates
[pass 1] 28: 4172000 docs, 429432 candidates
[pass 1] 28: 4196000 docs, 431998 candidates
[pass 1] 28: 4203000 docs, 432742 candidates
[pass 1] 28: 4213000 docs, 433804 candidates
[pass 1] 28: 4216000 docs, 434120 candidates
[pass 1] 28: 4228000 docs, 435318 candidates
[pass 1] 28: 4237000 docs, 436208 candidates
[pass 1] 28: 4248000 docs, 437365 candidates
[pass 1] 28: 4251000 docs, 437685 candidates
[pass 1] 28: 4257000 docs, 438302 candidates
[pass 1] 28: 4271000 docs, 439624 candidates
[pass 1] 28: 4286000 docs, 441136 candidates
[pass 1] 28: 4290000 docs, 441569 candidates
[pass 1] 28: 4299000 docs, 442515 candidates
[pass 1] 28: 4307000 docs, 443431 candidates
[pass 1] 28: 4310000 docs, 443757 candidates
[pass 1] 28: 4315000 docs, 444293 candidates
[pass 1] 28: 4317000 docs, 444516 candidates
[pass 1] 28: 4330000 docs, 445861 candidates
[pass 1] 28: 4332000 docs, 446078 candidates
[pass 1] 28: 4345000 docs, 447428 candidates
[pass 1] 28: 4347000 docs, 447632 candidates
[pass 1] 28: 4360000 docs, 448950 candidates
[pass 1] 28: 4364000 docs, 449371 candidates
[pass 1] 28: 4371000 docs, 450100 candidates
[pass 1] 28: 4378000 docs, 450796 candidates
[pass 1] 28: 4380000 docs, 451001 candidates
[pass 1] 28: 4384000 docs, 451398 candidates
[pass 1] 28: 4392000 docs, 452196 candidates
[pass 1] 28: 4398000 docs, 452846 candidates
[pass 1] 28: 4421000 docs, 455180 candidates
[pass 1] 28: 4474000 docs, 460680 candidates
[pass 1] 28: 4476000 docs, 460884 candidates
[pass 1] 28: 4491000 docs, 462400 candidates
[pass 1] 28: 4498000 docs, 463114 candidates
[pass 1] 28: 4509000 docs, 464274 candidates
[pass 1] 28: 4519000 docs, 465313 candidates
[pass 1] 28: 4520000 docs, 465406 candidates
[pass 1] 28: 4545000 docs, 467986 candidates
[pass 1] 28: 4554000 docs, 468903 candidates
[pass 1] 28: 4557000 docs, 469221 candidates
[pass 1] 28: 4560000 docs, 469570 candidates
[pass 1] 28: 4563000 docs, 469858 candidates
[pass 1] 28: 4613000 docs, 474875 candidates
[pass 1] 28: 4615000 docs, 475083 candidates
[pass 1] 28: 4624000 docs, 475989 candidates
[pass 1] 28: 4627000 docs, 476302 candidates
[pass 1] 28: 4632000 docs, 476818 candidates
[pass 1] 28: 4641000 docs, 477737 candidates
[pass 1] 28: 4672000 docs, 480964 candidates
[pass 1] 28: 4673000 docs, 481077 candidates
[pass 1] 28: 4678000 docs, 481580 candidates
[pass 1] 28: 4685000 docs, 482331 candidates
[pass 1] 28: 4688000 docs, 482619 candidates
[pass 1] 28: 4709000 docs, 484800 candidates
[pass 1] 28: 4719000 docs, 485864 candidates
[pass 1] 28: 4745000 docs, 488578 candidates
[pass 1] 28: 4752000 docs, 489313 candidates
[pass 1] 28: 4757000 docs, 489809 candidates
[pass 1] 28: 4766000 docs, 490746 candidates
[pass 1] 28: 4779000 docs, 492051 candidates
[pass 1] 28: 4782000 docs, 492365 candidates
[pass 1] 28: 4785000 docs, 492649 candidates
[pass 1] 28: 4786000 docs, 492748 candidates
[pass 1] 28: 4795000 docs, 493660 candidates
[pass 1] 28: 4796000 docs, 493759 candidates
[pass 1] 28: 4806000 docs, 494754 candidates
[pass 1] 28: 4807000 docs, 494849 candidates
[pass 1] 28: 4813000 docs, 495454 candidates
[pass 1] 28: 4815000 docs, 495646 candidates
[pass 1] 28: 4816000 docs, 495767 candidates
[pass 1] 28: 4830000 docs, 497189 candidates
[pass 1] 28: 4843000 docs, 498523 candidates
[pass 1] 28: 4846000 docs, 498813 candidates
[pass 1] 28: 4899000 docs, 504155 candidates
[pass 1] 28: 4925000 docs, 506847 candidates
[pass 1] 28: 4932000 docs, 507610 candidates
[pass 1] 28: 4946000 docs, 509061 candidates
[pass 1] 28: 4948000 docs, 509252 candidates
[pass 1] 28: 4971000 docs, 511569 candidates
[pass 1] 28: 4973000 docs, 511775 candidates
[pass 1] 28: 4978000 docs, 512314 candidates
[pass 1] 28: 4980000 docs, 512525 candidates
[pass 1] 28: 4988000 docs, 513363 candidates
[pass 1] 28: 4992000 docs, 513761 candidates
[pass 1] 28: 5010000 docs, 515645 candidates
[pass 1] 28: 5014000 docs, 516042 candidates
[pass 1] 28: 5023000 docs, 517027 candidates
[pass 1] 28: 5025000 docs, 517245 candidates
[pass 1] 28: 5026000 docs, 517341 candidates
[pass 1] 28: 5032000 docs, 517944 candidates
[pass 1] 28: 5034000 docs, 518151 candidates
[pass 1] 28: 5055000 docs, 520284 candidates
[pass 1] 28: 5066000 docs, 521383 candidates
[pass 1] 28: 5079000 docs, 522745 candidates
[pass 1] 28: 5085000 docs, 523374 candidates
[pass 1] 28: 5097000 docs, 524613 candidates
[pass 1] 28: 5102000 docs, 525139 candidates
[pass 1] 28: 5121000 docs, 527173 candidates
[pass 1] 28: 5133000 docs, 528416 candidates
[pass 1] 28: 5140000 docs, 529149 candidates
[pass 1] 28: 5164000 docs, 531628 candidates
[pass 1] 28: 5172000 docs, 532451 candidates
[pass 1] 28: 5193000 docs, 534637 candidates
[pass 1] 28: 5197000 docs, 535053 candidates
[pass 1] 28: 5215000 docs, 536927 candidates
[pass 1] 28: 5233000 docs, 538749 candidates
[pass 1] 28: 5237000 docs, 539164 candidates
[pass 1] 28: 5242000 docs, 539672 candidates
[pass 1] 28: 5245000 docs, 539987 candidates
[pass 1] 28: 5256000 docs, 541090 candidates
[pass 1] 28: 5260000 docs, 541519 candidates
[pass 1] 28: 5276000 docs, 543220 candidates
[pass 1] 28: 5278000 docs, 543459 candidates
[pass 1] 28: 5288000 docs, 544481 candidates
[pass 1] 28: 5289000 docs, 544581 candidates
[pass 1] 28: 5308000 docs, 546539 candidates
[pass 1] 28: 5309000 docs, 546666 candidates
[pass 1] 28: 5316000 docs, 547382 candidates
[pass 1] 28: 5324000 docs, 548245 candidates
[pass 1] 28: 5325000 docs, 548344 candidates
[pass 1] 28: 5330000 docs, 548831 candidates
[pass 1] 28: 5347000 docs, 550567 candidates
[pass 1] 28: 5350000 docs, 550884 candidates
[pass 1] 28: 5369000 docs, 552837 candidates
[pass 1] 28: 5370000 docs, 552943 candidates
[pass 1] 28: 5375000 docs, 553446 candidates
[pass 1] 28: 5376000 docs, 553544 candidates
[pass 1] 28: 5379000 docs, 553853 candidates
[pass 1] 28: 5381000 docs, 554056 candidates
[pass 1] 28: 5388000 docs, 554807 candidates
[pass 1] 28: 5392000 docs, 555213 candidates
[pass 1] 28: 5401000 docs, 556172 candidates
[pass 1] 28: 5419000 docs, 558056 candidates
[pass 1] 28: 5431000 docs, 559295 candidates
[pass 1] 28: 5478000 docs, 564152 candidates
[pass 1] 28: 5482000 docs, 564583 candidates
[pass 1] 28: 5486000 docs, 565045 candidates
[pass 1] 28: 5494000 docs, 565878 candidates
[pass 1] 28: 5495000 docs, 565990 candidates
[pass 1] 28: 5500000 docs, 566528 candidates
[pass 1] 28: 5512000 docs, 567746 candidates
[pass 1] 28: 5520000 docs, 568562 candidates
[pass 1] 28: 5529000 docs, 569524 candidates
[pass 1] 28: 5531000 docs, 569722 candidates
[pass 1] 28: 5556000 docs, 572370 candidates
[pass 1] 28: 5558000 docs, 572597 candidates
[pass 1] 28: 5560000 docs, 572806 candidates
[pass 1] 28: 5580000 docs, 574833 candidates
[pass 1] 28: 5588000 docs, 575717 candidates
[pass 1] 28: 5589000 docs, 575819 candidates
[pass 1] 28: 5613000 docs, 578248 candidates
[pass 1] 28: 5614000 docs, 578357 candidates
[pass 1] 28: 5623000 docs, 579307 candidates
[pass 1] 28: 5628000 docs, 579834 candidates
[pass 1] 28: 5632000 docs, 580233 candidates
[pass 1] 28: 5634000 docs, 580462 candidates
[pass 1] 28: 5636000 docs, 580682 candidates
[pass 1] 28: 5647000 docs, 581859 candidates
[pass 1] 28: 5684000 docs, 585762 candidates
[pass 1] 28: 5695000 docs, 586910 candidates
[pass 1] 28: 5717000 docs, 589180 candidates
[pass 1] 28: 5718000 docs, 589273 candidates
[pass 1] 28: 5734000 docs, 590972 candidates
[pass 1] 28: 5735000 docs, 591060 candidates
[pass 1] 28: 5740000 docs, 591573 candidates
[pass 1] 28: 5742000 docs, 591775 candidates
[pass 1] 28: 5745000 docs, 592120 candidates
[pass 1] 28: 5748000 docs, 592431 candidates
[pass 1] 28: 5749000 docs, 592545 candidates
[pass 1] 28: 5798000 docs, 597642 candidates
[pass 1] 28: 5804000 docs, 598257 candidates
[pass 1] 28: 5814000 docs, 599264 candidates
[pass 1] 28: 5819000 docs, 599766 candidates
[pass 1] 28: 5824000 docs, 600271 candidates
[pass 1] 28: 5826000 docs, 600497 candidates
[pass 1] 28: 5829000 docs, 600822 candidates
[pass 1] 28: 5836000 docs, 601498 candidates
[pass 1] 28: 5848000 docs, 602740 candidates
[pass 1] 28: 5852000 docs, 603144 candidates
[pass 1] 28: 5861000 docs, 604030 candidates
[pass 1] 28: 5868000 docs, 604753 candidates
[pass 1] 28: 5890000 docs, 607020 candidates
[pass 1] done: 0 docs, 0 new records, yield=0.0/10K, 15798991ms
[pipeline] Flushed 10000 buffered records to store
[pipeline] Exported 0 paired records to /mnt/zfs-host/backup/projects/observer-vault/01-Projects/dataset-processor/output/paired-output.jsonl

[orchestrate] Pipeline max-passes
[orchestrate] Passes: 1, Total verb-records: 10000
  Pass 1: 0 docs, 608062 Tier-A, 0 Tier-B, 0 Tier-C, 0 records, yield=0.0/10K
