[orchestrate] Found 1 shard files
[pass 1] 18: 3000 docs, 312 candidates
[pass 1] 18: 8000 docs, 822 candidates
[pass 1] 18: 15000 docs, 1575 candidates
[pass 1] 18: 18000 docs, 1870 candidates
[pass 1] 18: 30000 docs, 3094 candidates
[pass 1] 18: 31000 docs, 3199 candidates
[pass 1] 18: 42000 docs, 4264 candidates
[pass 1] 18: 45000 docs, 4579 candidates
[pass 1] 18: 50000 docs, 5069 candidates
[pass 1] 18: 56000 docs, 5658 candidates
[pass 1] 18: 61000 docs, 6152 candidates
[pass 1] 18: 62000 docs, 6270 candidates
[pass 1] 18: 63000 docs, 6380 candidates
[pass 1] 18: 72000 docs, 7252 candidates
[pass 1] 18: 93000 docs, 9392 candidates
[pass 1] 18: 95000 docs, 9611 candidates
[pass 1] 18: 102000 docs, 10311 candidates
[pass 1] 18: 104000 docs, 10515 candidates
[pass 1] 18: 107000 docs, 10833 candidates
[pass 1] 18: 118000 docs, 11964 candidates
[pass 1] 18: 126000 docs, 12792 candidates
[pass 1] 18: 128000 docs, 12978 candidates
[pass 1] 18: 135000 docs, 13672 candidates
[pass 1] 18: 150000 docs, 15239 candidates
[pass 1] 18: 151000 docs, 15344 candidates
[pass 1] 18: 152000 docs, 15473 candidates
[pass 1] 18: 163000 docs, 16627 candidates
[pass 1] 18: 177000 docs, 18082 candidates
[pass 1] 18: 183000 docs, 18732 candidates
[pass 1] 18: 200000 docs, 20461 candidates
[pass 1] 18: 209000 docs, 21361 candidates
[pass 1] 18: 225000 docs, 23046 candidates
[pass 1] 18: 239000 docs, 24502 candidates
[pass 1] 18: 248000 docs, 25399 candidates
[pass 1] 18: 253000 docs, 25899 candidates
[pass 1] 18: 266000 docs, 27312 candidates
[pass 1] 18: 272000 docs, 27931 candidates
[pass 1] 18: 275000 docs, 28267 candidates
[pass 1] 18: 290000 docs, 29825 candidates
[pass 1] 18: 294000 docs, 30265 candidates
[pass 1] 18: 299000 docs, 30740 candidates
[pass 1] 18: 300000 docs, 30844 candidates
[pass 1] 18: 320000 docs, 32940 candidates
[pass 1] 18: 335000 docs, 34501 candidates
[pass 1] 18: 339000 docs, 34929 candidates
[pass 1] 18: 353000 docs, 36483 candidates
[pass 1] 18: 355000 docs, 36685 candidates
[pass 1] 18: 356000 docs, 36787 candidates
[pass 1] 18: 362000 docs, 37419 candidates
[pass 1] 18: 385000 docs, 39783 candidates
[pass 1] 18: 390000 docs, 40332 candidates
[pass 1] 18: 400000 docs, 41408 candidates
[pass 1] 18: 432000 docs, 44700 candidates
[pass 1] 18: 437000 docs, 45224 candidates
[pass 1] 18: 444000 docs, 45922 candidates
[pass 1] 18: 462000 docs, 47807 candidates
[pass 1] 18: 472000 docs, 48856 candidates
[pass 1] 18: 480000 docs, 49662 candidates
[pass 1] 18: 488000 docs, 50492 candidates
[pass 1] 18: 492000 docs, 50912 candidates
[pass 1] 18: 498000 docs, 51536 candidates
[pass 1] 18: 507000 docs, 52406 candidates
[pass 1] 18: 523000 docs, 54086 candidates
[pass 1] 18: 544000 docs, 56280 candidates
[pass 1] 18: 550000 docs, 56909 candidates
[pass 1] 18: 559000 docs, 57861 candidates
[pass 1] 18: 563000 docs, 58241 candidates
[pass 1] 18: 566000 docs, 58587 candidates
[pass 1] 18: 589000 docs, 60981 candidates
[pass 1] 18: 608000 docs, 62941 candidates
[pass 1] 18: 625000 docs, 64634 candidates
[pass 1] 18: 636000 docs, 65883 candidates
[pass 1] 18: 644000 docs, 66689 candidates
[pass 1] 18: 645000 docs, 66809 candidates
[pass 1] 18: 664000 docs, 68865 candidates
[pass 1] 18: 677000 docs, 70142 candidates
[pass 1] 18: 684000 docs, 70834 candidates
[pass 1] 18: 698000 docs, 72269 candidates
[pass 1] 18: 702000 docs, 72686 candidates
[pass 1] 18: 729000 docs, 75468 candidates
[pass 1] 18: 746000 docs, 77202 candidates
[pass 1] 18: 769000 docs, 79526 candidates
[pass 1] 18: 772000 docs, 79826 candidates
[pass 1] 18: 777000 docs, 80356 candidates
[pass 1] 18: 796000 docs, 82301 candidates
[pass 1] 18: 802000 docs, 82919 candidates
[pass 1] 18: 806000 docs, 83314 candidates
[pass 1] 18: 830000 docs, 85791 candidates
[pass 1] 18: 862000 docs, 89068 candidates
[pass 1] 18: 866000 docs, 89503 candidates
[pass 1] 18: 901000 docs, 93064 candidates
[pass 1] 18: 912000 docs, 94211 candidates
[pass 1] 18: 930000 docs, 96055 candidates
[pass 1] 18: 960000 docs, 99182 candidates
[pass 1] 18: 968000 docs, 99970 candidates
[pass 1] 18: 1016000 docs, 104868 candidates
[pass 1] 18: 1019000 docs, 105132 candidates
[pass 1] 18: 1037000 docs, 106981 candidates
[pass 1] 18: 1046000 docs, 107896 candidates
[pass 1] 18: 1048000 docs, 108093 candidates
[pass 1] 18: 1055000 docs, 108825 candidates
[pass 1] 18: 1058000 docs, 109114 candidates
[pass 1] 18: 1066000 docs, 109912 candidates
[pass 1] 18: 1096000 docs, 113047 candidates
[pass 1] 18: 1104000 docs, 113913 candidates
[pass 1] 18: 1107000 docs, 114198 candidates
[pass 1] 18: 1118000 docs, 115304 candidates
[pass 1] 18: 1124000 docs, 115916 candidates
[pass 1] 18: 1126000 docs, 116124 candidates
[pass 1] 18: 1144000 docs, 117956 candidates
[pass 1] 18: 1155000 docs, 119084 candidates
[pass 1] 18: 1158000 docs, 119397 candidates
[pass 1] 18: 1163000 docs, 119904 candidates
[pass 1] 18: 1171000 docs, 120708 candidates
[pass 1] 18: 1178000 docs, 121430 candidates
[pass 1] 18: 1198000 docs, 123487 candidates
[pass 1] 18: 1203000 docs, 123948 candidates
[pass 1] 18: 1204000 docs, 124051 candidates
[pass 1] 18: 1220000 docs, 125656 candidates
[pass 1] 18: 1262000 docs, 130058 candidates
[pass 1] 18: 1265000 docs, 130368 candidates
[pass 1] 18: 1272000 docs, 131077 candidates
[pass 1] 18: 1297000 docs, 133652 candidates
[pass 1] 18: 1309000 docs, 134890 candidates
[pass 1] 18: 1311000 docs, 135101 candidates
[pass 1] 18: 1330000 docs, 137091 candidates
[pass 1] 18: 1334000 docs, 137526 candidates
[pass 1] 18: 1354000 docs, 139590 candidates
[pass 1] 18: 1361000 docs, 140319 candidates
[pass 1] 18: 1365000 docs, 140713 candidates
[pass 1] 18: 1370000 docs, 141225 candidates
[pass 1] 18: 1393000 docs, 143621 candidates
[pass 1] 18: 1419000 docs, 146271 candidates
[pass 1] 18: 1429000 docs, 147284 candidates
[pass 1] 18: 1434000 docs, 147810 candidates
[pass 1] 18: 1448000 docs, 149211 candidates
[pass 1] 18: 1455000 docs, 149909 candidates
[pass 1] 18: 1483000 docs, 152775 candidates
[pass 1] 18: 1487000 docs, 153174 candidates
[pass 1] 18: 1513000 docs, 155938 candidates
[pass 1] 18: 1523000 docs, 157012 candidates
[pass 1] 18: 1529000 docs, 157645 candidates
[pass 1] 18: 1530000 docs, 157739 candidates
[pass 1] 18: 1560000 docs, 160827 candidates
[pass 1] 18: 1568000 docs, 161651 candidates
[pass 1] 18: 1571000 docs, 161967 candidates
[pass 1] 18: 1600000 docs, 164975 candidates
[pass 1] 18: 1618000 docs, 166793 candidates
[pass 1] 18: 1619000 docs, 166902 candidates
[pass 1] 18: 1623000 docs, 167318 candidates
[pass 1] 18: 1654000 docs, 170516 candidates
[pass 1] 18: 1676000 docs, 172734 candidates
[pass 1] 18: 1680000 docs, 173155 candidates
[pass 1] 18: 1681000 docs, 173254 candidates
[pass 1] 18: 1687000 docs, 173904 candidates
[pass 1] 18: 1709000 docs, 176179 candidates
[pass 1] 18: 1729000 docs, 178200 candidates
[pass 1] 18: 1748000 docs, 180211 candidates
[pass 1] 18: 1753000 docs, 180743 candidates
[pass 1] 18: 1760000 docs, 181475 candidates
[pass 1] 18: 1766000 docs, 182104 candidates
[pass 1] 18: 1768000 docs, 182313 candidates
[pass 1] 18: 1769000 docs, 182402 candidates
[pass 1] 18: 1771000 docs, 182606 candidates
[pass 1] 18: 1787000 docs, 184249 candidates
[pass 1] 18: 1791000 docs, 184655 candidates
[pass 1] 18: 1802000 docs, 185802 candidates
[pass 1] 18: 1808000 docs, 186413 candidates
[pass 1] 18: 1816000 docs, 187247 candidates
[pass 1] 18: 1825000 docs, 188192 candidates
[pass 1] 18: 1876000 docs, 193481 candidates
[pass 1] 18: 1880000 docs, 193918 candidates
[pass 1] 18: 1900000 docs, 195960 candidates
[pass 1] 18: 1912000 docs, 197163 candidates
[pass 1] 18: 1918000 docs, 197749 candidates
[pass 1] 18: 1937000 docs, 199630 candidates
[pass 1] 18: 1954000 docs, 201389 candidates
[pass 1] 18: 1957000 docs, 201697 candidates
[pass 1] 18: 1960000 docs, 202007 candidates
[pass 1] 18: 1980000 docs, 204091 candidates
[pass 1] 18: 2006000 docs, 206782 candidates
[pass 1] 18: 2025000 docs, 208660 candidates
[pass 1] 18: 2036000 docs, 209770 candidates
[pass 1] 18: 2049000 docs, 211119 candidates
[pass 1] 18: 2052000 docs, 211452 candidates
[pass 1] 18: 2057000 docs, 211975 candidates
[pass 1] 18: 2061000 docs, 212416 candidates
[pass 1] 18: 2081000 docs, 214518 candidates
[pass 1] 18: 2085000 docs, 214915 candidates
[pass 1] 18: 2087000 docs, 215104 candidates
[pass 1] 18: 2108000 docs, 217279 candidates
[pass 1] 18: 2118000 docs, 218329 candidates
[pass 1] 18: 2137000 docs, 220342 candidates
[pass 1] 18: 2175000 docs, 224252 candidates
[pass 1] 18: 2180000 docs, 224787 candidates
[pass 1] 18: 2184000 docs, 225169 candidates
[pass 1] 18: 2208000 docs, 227707 candidates
[pass 1] 18: 2210000 docs, 227922 candidates
[pass 1] 18: 2227000 docs, 229678 candidates
[pass 1] 18: 2228000 docs, 229789 candidates
[pass 1] 18: 2237000 docs, 230758 candidates
[pass 1] 18: 2260000 docs, 233153 candidates
[pass 1] 18: 2265000 docs, 233670 candidates
[pass 1] 18: 2274000 docs, 234601 candidates
[pass 1] 18: 2276000 docs, 234821 candidates
[pass 1] 18: 2285000 docs, 235785 candidates
[pass 1] 18: 2290000 docs, 236296 candidates
[pass 1] 18: 2306000 docs, 237963 candidates
[pass 1] 18: 2327000 docs, 240135 candidates
[pass 1] 18: 2328000 docs, 240245 candidates
[pass 1] 18: 2335000 docs, 240974 candidates
[pass 1] 18: 2352000 docs, 242709 candidates
[pass 1] 18: 2361000 docs, 243608 candidates
[pass 1] 18: 2366000 docs, 244140 candidates
[pass 1] 18: 2375000 docs, 245008 candidates
[pass 1] 18: 2383000 docs, 245793 candidates
[pass 1] 18: 2386000 docs, 246100 candidates
[pass 1] 18: 2404000 docs, 247992 candidates
[pass 1] 18: 2425000 docs, 250120 candidates
[pass 1] 18: 2426000 docs, 250228 candidates
[pass 1] 18: 2433000 docs, 250944 candidates
[pass 1] 18: 2446000 docs, 252325 candidates
[pass 1] 18: 2473000 docs, 255160 candidates
[pass 1] 18: 2474000 docs, 255264 candidates
[pass 1] 18: 2490000 docs, 256975 candidates
[pass 1] 18: 2500000 docs, 258016 candidates
[pass 1] 18: 2504000 docs, 258433 candidates
[pass 1] 18: 2520000 docs, 260065 candidates
[pass 1] 18: 2522000 docs, 260301 candidates
[pass 1] 18: 2527000 docs, 260819 candidates
[pass 1] 18: 2536000 docs, 261735 candidates
[pass 1] 18: 2545000 docs, 262633 candidates
[pass 1] 18: 2555000 docs, 263585 candidates
[pass 1] 18: 2564000 docs, 264524 candidates
[pass 1] 18: 2575000 docs, 265685 candidates
[pass 1] 18: 2577000 docs, 265886 candidates
[pass 1] 18: 2619000 docs, 270236 candidates
[pass 1] 18: 2621000 docs, 270439 candidates
[pass 1] 18: 2622000 docs, 270555 candidates
[pass 1] 18: 2628000 docs, 271187 candidates
[pass 1] 18: 2640000 docs, 272446 candidates
[pass 1] 18: 2646000 docs, 273056 candidates
[pass 1] 18: 2652000 docs, 273676 candidates
[pass 1] 18: 2682000 docs, 276731 candidates
[pass 1] 18: 2688000 docs, 277366 candidates
[pass 1] 18: 2689000 docs, 277469 candidates
[pass 1] 18: 2698000 docs, 278369 candidates
[pass 1] 18: 2711000 docs, 279679 candidates
[pass 1] 18: 2716000 docs, 280169 candidates
[pass 1] 18: 2720000 docs, 280575 candidates
[pass 1] 18: 2724000 docs, 280992 candidates
[pass 1] 18: 2733000 docs, 281956 candidates
[pass 1] 18: 2775000 docs, 286276 candidates
[pass 1] 18: 2788000 docs, 287617 candidates
[pass 1] 18: 2794000 docs, 288202 candidates
[pass 1] 18: 2801000 docs, 288889 candidates
[pass 1] 18: 2811000 docs, 289896 candidates
[pass 1] 18: 2839000 docs, 292795 candidates
[pass 1] 18: 2842000 docs, 293134 candidates
[pass 1] 18: 2860000 docs, 294974 candidates
[pass 1] 18: 2863000 docs, 295290 candidates
[pass 1] 18: 2864000 docs, 295394 candidates
[pass 1] 18: 2868000 docs, 295795 candidates
[pass 1] 18: 2893000 docs, 298409 candidates
[pass 1] 18: 2894000 docs, 298523 candidates
[pass 1] 18: 2904000 docs, 299615 candidates
[pass 1] 18: 2917000 docs, 300930 candidates
[pass 1] 18: 2930000 docs, 302209 candidates
[pass 1] 18: 2934000 docs, 302634 candidates
[pass 1] 18: 2942000 docs, 303463 candidates
[pass 1] 18: 2955000 docs, 304825 candidates
[pass 1] 18: 2957000 docs, 305052 candidates
[pass 1] 18: 2963000 docs, 305651 candidates
[pass 1] 18: 2978000 docs, 307125 candidates
[pass 1] 18: 2980000 docs, 307353 candidates
[pass 1] 18: 3009000 docs, 310204 candidates
[pass 1] 18: 3027000 docs, 312105 candidates
[pass 1] 18: 3030000 docs, 312390 candidates
[pass 1] 18: 3034000 docs, 312814 candidates
[pass 1] 18: 3048000 docs, 314246 candidates
[pass 1] 18: 3049000 docs, 314334 candidates
[pass 1] 18: 3063000 docs, 315819 candidates
[pass 1] 18: 3065000 docs, 316026 candidates
[pass 1] 18: 3072000 docs, 316750 candidates
[pass 1] 18: 3085000 docs, 318028 candidates
[pass 1] 18: 3111000 docs, 320682 candidates
[pass 1] 18: 3115000 docs, 321073 candidates
[pass 1] 18: 3119000 docs, 321472 candidates
[pass 1] 18: 3166000 docs, 326238 candidates
[pass 1] 18: 3179000 docs, 327574 candidates
[pass 1] 18: 3187000 docs, 328420 candidates
[pass 1] 18: 3211000 docs, 330867 candidates
[pass 1] 18: 3213000 docs, 331056 candidates
[pass 1] 18: 3218000 docs, 331589 candidates
[pass 1] 18: 3219000 docs, 331695 candidates
[pass 1] 18: 3241000 docs, 333987 candidates
[pass 1] 18: 3248000 docs, 334705 candidates
[pass 1] 18: 3259000 docs, 335838 candidates
[pass 1] 18: 3260000 docs, 335932 candidates
[pass 1] 18: 3265000 docs, 336440 candidates
[pass 1] 18: 3288000 docs, 338801 candidates
[pass 1] 18: 3311000 docs, 341175 candidates
[pass 1] 18: 3320000 docs, 342056 candidates
[pass 1] 18: 3342000 docs, 344316 candidates
[pass 1] 18: 3352000 docs, 345331 candidates
[pass 1] 18: 3361000 docs, 346278 candidates
[pass 1] 18: 3383000 docs, 348582 candidates
[pass 1] 18: 3386000 docs, 348906 candidates
[pass 1] 18: 3392000 docs, 349513 candidates
[pass 1] 18: 3406000 docs, 350977 candidates
[pass 1] 18: 3408000 docs, 351184 candidates
[pass 1] 18: 3422000 docs, 352716 candidates
[pass 1] 18: 3425000 docs, 353033 candidates
[pass 1] 18: 3430000 docs, 353515 candidates
[pass 1] 18: 3432000 docs, 353726 candidates
[pass 1] 18: 3443000 docs, 354917 candidates
[pass 1] 18: 3445000 docs, 355108 candidates
[pass 1] 18: 3450000 docs, 355576 candidates
[pass 1] 18: 3472000 docs, 357877 candidates
[pass 1] 18: 3473000 docs, 357973 candidates
[pass 1] 18: 3481000 docs, 358829 candidates
[pass 1] 18: 3497000 docs, 360476 candidates
[pass 1] 18: 3505000 docs, 361288 candidates
[pass 1] 18: 3514000 docs, 362207 candidates
[pass 1] 18: 3528000 docs, 363643 candidates
[pass 1] 18: 3541000 docs, 364981 candidates
[pass 1] 18: 3542000 docs, 365084 candidates
[pass 1] 18: 3547000 docs, 365620 candidates
[pass 1] 18: 3580000 docs, 368970 candidates
[pass 1] 18: 3581000 docs, 369064 candidates
[pass 1] 18: 3582000 docs, 369160 candidates
[pass 1] 18: 3588000 docs, 369714 candidates
[pass 1] 18: 3602000 docs, 371128 candidates
[pass 1] 18: 3617000 docs, 372627 candidates
[pass 1] 18: 3620000 docs, 372954 candidates
[pass 1] 18: 3622000 docs, 373175 candidates
[pass 1] 18: 3625000 docs, 373535 candidates
[pass 1] 18: 3633000 docs, 374343 candidates
[pass 1] 18: 3687000 docs, 379891 candidates
[pass 1] 18: 3689000 docs, 380115 candidates
[pass 1] 18: 3690000 docs, 380221 candidates
[pass 1] 18: 3696000 docs, 380840 candidates
[pass 1] 18: 3697000 docs, 380954 candidates
[pass 1] 18: 3701000 docs, 381394 candidates
[pass 1] 18: 3702000 docs, 381498 candidates
[pass 1] 18: 3703000 docs, 381614 candidates
[pass 1] 18: 3712000 docs, 382491 candidates
[pass 1] 18: 3728000 docs, 384168 candidates
[pass 1] 18: 3735000 docs, 384893 candidates
[pass 1] 18: 3736000 docs, 385008 candidates
[pass 1] 18: 3741000 docs, 385492 candidates
[pass 1] 18: 3753000 docs, 386737 candidates
[pass 1] 18: 3754000 docs, 386838 candidates
[pass 1] 18: 3762000 docs, 387708 candidates
[pass 1] 18: 3776000 docs, 389116 candidates
[pass 1] 18: 3795000 docs, 391126 candidates
[pass 1] 18: 3825000 docs, 394151 candidates
[pass 1] 18: 3836000 docs, 395322 candidates
[pass 1] 18: 3863000 docs, 398195 candidates
[pass 1] 18: 3887000 docs, 400697 candidates
[pass 1] 18: 3895000 docs, 401548 candidates
[pass 1] 18: 3902000 docs, 402298 candidates
[pass 1] 18: 3909000 docs, 403035 candidates
[pass 1] 18: 3914000 docs, 403542 candidates
[pass 1] 18: 3917000 docs, 403844 candidates
[pass 1] 18: 3950000 docs, 407223 candidates
[pass 1] 18: 3955000 docs, 407724 candidates
[pass 1] 18: 3972000 docs, 409499 candidates
[pass 1] 18: 3977000 docs, 410036 candidates
[pass 1] 18: 3986000 docs, 410951 candidates
[pass 1] 18: 4014000 docs, 413818 candidates
[pass 1] 18: 4027000 docs, 415121 candidates
[pass 1] 18: 4044000 docs, 416891 candidates
[pass 1] 18: 4063000 docs, 418758 candidates
[pass 1] 18: 4066000 docs, 419068 candidates
[pass 1] 18: 4074000 docs, 419891 candidates
[pass 1] 18: 4079000 docs, 420433 candidates
[pass 1] 18: 4081000 docs, 420639 candidates
[pass 1] 18: 4108000 docs, 423473 candidates
[pass 1] 18: 4110000 docs, 423686 candidates
[pass 1] 18: 4121000 docs, 424825 candidates
[pass 1] 18: 4129000 docs, 425603 candidates
[pass 1] 18: 4132000 docs, 425886 candidates
[pass 1] 18: 4139000 docs, 426645 candidates
[pass 1] 18: 4140000 docs, 426753 candidates
[pass 1] 18: 4143000 docs, 427072 candidates
[pass 1] 18: 4150000 docs, 427767 candidates
[pass 1] 18: 4165000 docs, 429314 candidates
[pass 1] 18: 4167000 docs, 429538 candidates
[pass 1] 18: 4173000 docs, 430181 candidates
[pass 1] 18: 4196000 docs, 432575 candidates
[pass 1] 18: 4200000 docs, 432994 candidates
[pass 1] 18: 4203000 docs, 433303 candidates
[pass 1] 18: 4206000 docs, 433614 candidates
[pass 1] 18: 4223000 docs, 435367 candidates
[pass 1] 18: 4228000 docs, 435859 candidates
[pass 1] 18: 4245000 docs, 437635 candidates
[pass 1] 18: 4264000 docs, 439597 candidates
[pass 1] 18: 4274000 docs, 440651 candidates
[pass 1] 18: 4303000 docs, 443591 candidates
[pass 1] 18: 4312000 docs, 444500 candidates
[pass 1] 18: 4317000 docs, 445056 candidates
[pass 1] 18: 4336000 docs, 446976 candidates
[pass 1] 18: 4364000 docs, 449854 candidates
[pass 1] 18: 4395000 docs, 453084 candidates
[pass 1] 18: 4422000 docs, 455783 candidates
[pass 1] 18: 4425000 docs, 456073 candidates
[pass 1] 18: 4470000 docs, 460616 candidates
[pass 1] 18: 4494000 docs, 463112 candidates
[pass 1] 18: 4499000 docs, 463638 candidates
[pass 1] 18: 4506000 docs, 464358 candidates
[pass 1] 18: 4511000 docs, 464877 candidates
[pass 1] 18: 4526000 docs, 466464 candidates
[pass 1] 18: 4558000 docs, 469783 candidates
[pass 1] 18: 4566000 docs, 470652 candidates
[pass 1] 18: 4575000 docs, 471586 candidates
[pass 1] 18: 4595000 docs, 473651 candidates
[pass 1] 18: 4600000 docs, 474191 candidates
[pass 1] 18: 4601000 docs, 474307 candidates
[pass 1] 18: 4621000 docs, 476460 candidates
[pass 1] 18: 4626000 docs, 476988 candidates
[pass 1] 18: 4632000 docs, 477617 candidates
[pass 1] 18: 4644000 docs, 478896 candidates
[pass 1] 18: 4648000 docs, 479310 candidates
[pass 1] 18: 4655000 docs, 480026 candidates
[pass 1] 18: 4660000 docs, 480557 candidates
[pass 1] 18: 4665000 docs, 481095 candidates
[pass 1] 18: 4669000 docs, 481521 candidates
[pass 1] 18: 4670000 docs, 481626 candidates
[pass 1] 18: 4722000 docs, 487117 candidates
[pass 1] 18: 4738000 docs, 488747 candidates
[pass 1] 18: 4760000 docs, 490980 candidates
[pass 1] 18: 4765000 docs, 491479 candidates
[pass 1] 18: 4773000 docs, 492315 candidates
[pass 1] 18: 4785000 docs, 493548 candidates
[pass 1] 18: 4793000 docs, 494409 candidates
[pass 1] 18: 4795000 docs, 494611 candidates
[pass 1] 18: 4801000 docs, 495263 candidates
[pass 1] 18: 4836000 docs, 498888 candidates
[pass 1] 18: 4866000 docs, 501999 candidates
[pass 1] 18: 4871000 docs, 502517 candidates
[pass 1] 18: 4881000 docs, 503551 candidates
[pass 1] 18: 4887000 docs, 504151 candidates
[pass 1] 18: 4892000 docs, 504673 candidates
[pass 1] 18: 4902000 docs, 505659 candidates
[pass 1] 18: 4907000 docs, 506181 candidates
[pass 1] 18: 4945000 docs, 510018 candidates
[pass 1] 18: 4948000 docs, 510315 candidates
[pass 1] 18: 4949000 docs, 510401 candidates
[pass 1] 18: 4968000 docs, 512357 candidates
[pass 1] 18: 4984000 docs, 513975 candidates
[pass 1] 18: 4997000 docs, 515337 candidates
[pass 1] 18: 5012000 docs, 516861 candidates
[pass 1] 18: 5014000 docs, 517084 candidates
[pass 1] 18: 5017000 docs, 517393 candidates
[pass 1] 18: 5025000 docs, 518206 candidates
[pass 1] 18: 5027000 docs, 518414 candidates
[pass 1] 18: 5037000 docs, 519420 candidates
[pass 1] 18: 5055000 docs, 521297 candidates
[pass 1] 18: 5066000 docs, 522404 candidates
[pass 1] 18: 5068000 docs, 522607 candidates
[pass 1] 18: 5093000 docs, 525159 candidates
[pass 1] 18: 5101000 docs, 525924 candidates
[pass 1] 18: 5108000 docs, 526649 candidates
[pass 1] 18: 5111000 docs, 526964 candidates
[pass 1] 18: 5121000 docs, 527965 candidates
[pass 1] 18: 5123000 docs, 528170 candidates
[pass 1] 18: 5134000 docs, 529320 candidates
[pass 1] 18: 5140000 docs, 529961 candidates
[pass 1] 18: 5149000 docs, 530877 candidates
[pass 1] 18: 5151000 docs, 531107 candidates
[pass 1] 18: 5155000 docs, 531520 candidates
[pass 1] 18: 5156000 docs, 531627 candidates
[pass 1] 18: 5163000 docs, 532335 candidates
[pass 1] 18: 5166000 docs, 532635 candidates
[pass 1] 18: 5176000 docs, 533676 candidates
[pass 1] 18: 5188000 docs, 534888 candidates
[pass 1] 18: 5225000 docs, 538660 candidates
[pass 1] 18: 5231000 docs, 539267 candidates
[pass 1] 18: 5238000 docs, 539980 candidates
[pass 1] 18: 5247000 docs, 540953 candidates
[pass 1] 18: 5251000 docs, 541350 candidates
[pass 1] 18: 5261000 docs, 542388 candidates
[pass 1] 18: 5263000 docs, 542599 candidates
[pass 1] 18: 5274000 docs, 543742 candidates
[pass 1] 18: 5275000 docs, 543835 candidates
[pass 1] 18: 5276000 docs, 543950 candidates
[pass 1] 18: 5278000 docs, 544133 candidates
[pass 1] 18: 5281000 docs, 544438 candidates
[pass 1] 18: 5283000 docs, 544654 candidates
[pass 1] 18: 5291000 docs, 545454 candidates
[pass 1] 18: 5304000 docs, 546764 candidates
[pass 1] 18: 5310000 docs, 547404 candidates
[pass 1] 18: 5317000 docs, 548164 candidates
[pass 1] 18: 5337000 docs, 550158 candidates
[pass 1] 18: 5340000 docs, 550478 candidates
[pass 1] 18: 5342000 docs, 550692 candidates
[pass 1] 18: 5354000 docs, 551966 candidates
[pass 1] 18: 5368000 docs, 553464 candidates
[pass 1] 18: 5378000 docs, 554513 candidates
[pass 1] 18: 5399000 docs, 556647 candidates
[pass 1] 18: 5415000 docs, 558237 candidates
[pass 1] 18: 5418000 docs, 558548 candidates
[pass 1] 18: 5422000 docs, 558905 candidates
[pass 1] 18: 5426000 docs, 559307 candidates
[pass 1] 18: 5441000 docs, 560850 candidates
[pass 1] 18: 5450000 docs, 561708 candidates
[pass 1] 18: 5452000 docs, 561899 candidates
[pass 1] 18: 5456000 docs, 562319 candidates
[pass 1] 18: 5462000 docs, 562906 candidates
[pass 1] 18: 5484000 docs, 565105 candidates
[pass 1] 18: 5487000 docs, 565406 candidates
[pass 1] 18: 5512000 docs, 568002 candidates
[pass 1] 18: 5519000 docs, 568731 candidates
[pass 1] 18: 5540000 docs, 570933 candidates
[pass 1] 18: 5543000 docs, 571238 candidates
[pass 1] 18: 5555000 docs, 572511 candidates
[pass 1] 18: 5557000 docs, 572712 candidates
[pass 1] 18: 5569000 docs, 573939 candidates
[pass 1] 18: 5585000 docs, 575595 candidates
[pass 1] 18: 5588000 docs, 575913 candidates
[pass 1] 18: 5597000 docs, 576844 candidates
[pass 1] 18: 5605000 docs, 577662 candidates
[pass 1] 18: 5611000 docs, 578288 candidates
[pass 1] 18: 5618000 docs, 579017 candidates
[pass 1] 18: 5620000 docs, 579218 candidates
[pass 1] 18: 5633000 docs, 580615 candidates
[pass 1] 18: 5636000 docs, 580943 candidates
[pass 1] 18: 5647000 docs, 582020 candidates
[pass 1] 18: 5656000 docs, 582915 candidates
[pass 1] 18: 5659000 docs, 583211 candidates
[pass 1] 18: 5663000 docs, 583588 candidates
[pass 1] 18: 5668000 docs, 584113 candidates
[pass 1] 18: 5671000 docs, 584399 candidates
[pass 1] 18: 5690000 docs, 586364 candidates
[pass 1] 18: 5711000 docs, 588567 candidates
[pass 1] 18: 5716000 docs, 589071 candidates
[pass 1] 18: 5718000 docs, 589271 candidates
[pass 1] 18: 5733000 docs, 590804 candidates
[pass 1] 18: 5741000 docs, 591651 candidates
[pass 1] 18: 5754000 docs, 593000 candidates
[pass 1] 18: 5760000 docs, 593588 candidates
[pass 1] 18: 5787000 docs, 596388 candidates
[pass 1] 18: 5801000 docs, 597836 candidates
[pass 1] 18: 5806000 docs, 598331 candidates
[pass 1] 18: 5807000 docs, 598456 candidates
[pass 1] 18: 5815000 docs, 599270 candidates
[pass 1] 18: 5831000 docs, 600898 candidates
[pass 1] 18: 5834000 docs, 601176 candidates
[pass 1] 18: 5837000 docs, 601489 candidates
[pass 1] 18: 5849000 docs, 602696 candidates
[pass 1] 18: 5851000 docs, 602876 candidates
[pass 1] 18: 5874000 docs, 605266 candidates
[pass 1] 18: 5877000 docs, 605570 candidates
[pass 1] 18: 5885000 docs, 606388 candidates
[pass 1] done: 0 docs, 0 new records, yield=0.0/10K, 16015037ms
[pipeline] Flushed 10000 buffered records to store
[pipeline] Exported 0 paired records to /mnt/zfs-host/backup/projects/observer-vault/01-Projects/dataset-processor/output/paired-output.jsonl

[orchestrate] Pipeline max-passes
[orchestrate] Passes: 1, Total verb-records: 10000
  Pass 1: 0 docs, 608181 Tier-A, 0 Tier-B, 0 Tier-C, 0 records, yield=0.0/10K
