[orchestrate] Found 1 shard files
[pass 1] 03: 23000 docs, 2304 candidates
[pass 1] 03: 29000 docs, 2926 candidates
[pass 1] 03: 32000 docs, 3254 candidates
[pass 1] 03: 43000 docs, 4402 candidates
[pass 1] 03: 48000 docs, 4908 candidates
[pass 1] 03: 67000 docs, 6916 candidates
[pass 1] 03: 73000 docs, 7481 candidates
[pass 1] 03: 87000 docs, 8936 candidates
[pass 1] 03: 93000 docs, 9557 candidates
[pass 1] 03: 99000 docs, 10136 candidates
[pass 1] 03: 100000 docs, 10230 candidates
[pass 1] 03: 115000 docs, 11787 candidates
[pass 1] 03: 132000 docs, 13592 candidates
[pass 1] 03: 133000 docs, 13689 candidates
[pass 1] 03: 152000 docs, 15607 candidates
[pass 1] 03: 156000 docs, 16034 candidates
[pass 1] 03: 176000 docs, 18057 candidates
[pass 1] 03: 199000 docs, 20405 candidates
[pass 1] 03: 224000 docs, 22954 candidates
[pass 1] 03: 226000 docs, 23170 candidates
[pass 1] 03: 233000 docs, 23919 candidates
[pass 1] 03: 249000 docs, 25587 candidates
[pass 1] 03: 252000 docs, 25890 candidates
[pass 1] 03: 275000 docs, 28285 candidates
[pass 1] 03: 282000 docs, 28954 candidates
[pass 1] 03: 298000 docs, 30570 candidates
[pass 1] 03: 365000 docs, 37524 candidates
[pass 1] 03: 373000 docs, 38283 candidates
[pass 1] 03: 375000 docs, 38508 candidates
[pass 1] 03: 378000 docs, 38811 candidates
[pass 1] 03: 385000 docs, 39494 candidates
[pass 1] 03: 388000 docs, 39825 candidates
[pass 1] 03: 389000 docs, 39918 candidates
[pass 1] 03: 394000 docs, 40434 candidates
[pass 1] 03: 400000 docs, 41098 candidates
[pass 1] 03: 402000 docs, 41320 candidates
[pass 1] 03: 404000 docs, 41527 candidates
[pass 1] 03: 413000 docs, 42446 candidates
[pass 1] 03: 439000 docs, 45153 candidates
[pass 1] 03: 451000 docs, 46337 candidates
[pass 1] 03: 454000 docs, 46645 candidates
[pass 1] 03: 471000 docs, 48389 candidates
[pass 1] 03: 486000 docs, 49851 candidates
[pass 1] 03: 495000 docs, 50793 candidates
[pass 1] 03: 504000 docs, 51732 candidates
[pass 1] 03: 506000 docs, 51943 candidates
[pass 1] 03: 529000 docs, 54280 candidates
[pass 1] 03: 536000 docs, 55032 candidates
[pass 1] 03: 541000 docs, 55536 candidates
[pass 1] 03: 543000 docs, 55731 candidates
[pass 1] 03: 549000 docs, 56300 candidates
[pass 1] 03: 552000 docs, 56600 candidates
[pass 1] 03: 577000 docs, 59130 candidates
[pass 1] 03: 583000 docs, 59766 candidates
[pass 1] 03: 602000 docs, 61677 candidates
[pass 1] 03: 608000 docs, 62273 candidates
[pass 1] 03: 634000 docs, 64939 candidates
[pass 1] 03: 658000 docs, 67389 candidates
[pass 1] 03: 666000 docs, 68229 candidates
[pass 1] 03: 682000 docs, 69880 candidates
[pass 1] 03: 689000 docs, 70591 candidates
[pass 1] 03: 690000 docs, 70686 candidates
[pass 1] 03: 691000 docs, 70778 candidates
[pass 1] 03: 703000 docs, 72007 candidates
[pass 1] 03: 735000 docs, 75290 candidates
[pass 1] 03: 740000 docs, 75798 candidates
[pass 1] 03: 760000 docs, 77838 candidates
[pass 1] 03: 769000 docs, 78755 candidates
[pass 1] 03: 791000 docs, 81027 candidates
[pass 1] 03: 799000 docs, 81840 candidates
[pass 1] 03: 810000 docs, 82969 candidates
[pass 1] 03: 815000 docs, 83436 candidates
[pass 1] 03: 817000 docs, 83651 candidates
[pass 1] 03: 826000 docs, 84567 candidates
[pass 1] 03: 828000 docs, 84753 candidates
[pass 1] 03: 870000 docs, 89101 candidates
[pass 1] 03: 899000 docs, 92067 candidates
[pass 1] 03: 905000 docs, 92668 candidates
[pass 1] 03: 908000 docs, 93010 candidates
[pass 1] 03: 920000 docs, 94250 candidates
[pass 1] 03: 925000 docs, 94750 candidates
[pass 1] 03: 932000 docs, 95470 candidates
[pass 1] 03: 939000 docs, 96176 candidates
[pass 1] 03: 942000 docs, 96478 candidates
[pass 1] 03: 953000 docs, 97606 candidates
[pass 1] 03: 963000 docs, 98655 candidates
[pass 1] 03: 977000 docs, 100139 candidates
[pass 1] 03: 979000 docs, 100352 candidates
[pass 1] 03: 981000 docs, 100560 candidates
[pass 1] 03: 992000 docs, 101660 candidates
[pass 1] 03: 998000 docs, 102306 candidates
[pass 1] 03: 1000000 docs, 102503 candidates
[pass 1] 03: 1004000 docs, 102947 candidates
[pass 1] 03: 1006000 docs, 103168 candidates
[pass 1] 03: 1008000 docs, 103369 candidates
[pass 1] 03: 1011000 docs, 103653 candidates
[pass 1] 03: 1020000 docs, 104590 candidates
[pass 1] 03: 1026000 docs, 105199 candidates
[pass 1] 03: 1031000 docs, 105726 candidates
[pass 1] 03: 1051000 docs, 107771 candidates
[pass 1] 03: 1054000 docs, 108118 candidates
[pass 1] 03: 1072000 docs, 110030 candidates
[pass 1] 03: 1095000 docs, 112452 candidates
[pass 1] 03: 1097000 docs, 112655 candidates
[pass 1] 03: 1100000 docs, 112989 candidates
[pass 1] 03: 1109000 docs, 113912 candidates
[pass 1] 03: 1130000 docs, 116021 candidates
[pass 1] 03: 1137000 docs, 116731 candidates
[pass 1] 03: 1147000 docs, 117718 candidates
[pass 1] 03: 1152000 docs, 118233 candidates
[pass 1] 03: 1153000 docs, 118350 candidates
[pass 1] 03: 1156000 docs, 118663 candidates
[pass 1] 03: 1158000 docs, 118872 candidates
[pass 1] 03: 1159000 docs, 118974 candidates
[pass 1] 03: 1162000 docs, 119294 candidates
[pass 1] 03: 1172000 docs, 120336 candidates
[pass 1] 03: 1173000 docs, 120439 candidates
[pass 1] 03: 1174000 docs, 120538 candidates
[pass 1] 03: 1180000 docs, 121144 candidates
[pass 1] 03: 1182000 docs, 121367 candidates
[pass 1] 03: 1196000 docs, 122794 candidates
[pass 1] 03: 1210000 docs, 124192 candidates
[pass 1] 03: 1214000 docs, 124622 candidates
[pass 1] 03: 1228000 docs, 126067 candidates
[pass 1] 03: 1240000 docs, 127257 candidates
[pass 1] 03: 1248000 docs, 128071 candidates
[pass 1] 03: 1265000 docs, 129798 candidates
[pass 1] 03: 1274000 docs, 130718 candidates
[pass 1] 03: 1277000 docs, 131006 candidates
[pass 1] 03: 1285000 docs, 131859 candidates
[pass 1] 03: 1286000 docs, 131951 candidates
[pass 1] 03: 1295000 docs, 132867 candidates
[pass 1] 03: 1296000 docs, 132963 candidates
[pass 1] 03: 1300000 docs, 133360 candidates
[pass 1] 03: 1307000 docs, 134083 candidates
[pass 1] 03: 1308000 docs, 134192 candidates
[pass 1] 03: 1319000 docs, 135257 candidates
[pass 1] 03: 1322000 docs, 135561 candidates
[pass 1] 03: 1326000 docs, 135989 candidates
[pass 1] 03: 1332000 docs, 136566 candidates
[pass 1] 03: 1356000 docs, 139103 candidates
[pass 1] 03: 1371000 docs, 140617 candidates
[pass 1] 03: 1374000 docs, 140905 candidates
[pass 1] 03: 1380000 docs, 141533 candidates
[pass 1] 03: 1391000 docs, 142625 candidates
[pass 1] 03: 1428000 docs, 146488 candidates
[pass 1] 03: 1432000 docs, 146934 candidates
[pass 1] 03: 1444000 docs, 148125 candidates
[pass 1] 03: 1466000 docs, 150362 candidates
[pass 1] 03: 1484000 docs, 152251 candidates
[pass 1] 03: 1496000 docs, 153534 candidates
[pass 1] 03: 1509000 docs, 154893 candidates
[pass 1] 03: 1512000 docs, 155215 candidates
[pass 1] 03: 1514000 docs, 155414 candidates
[pass 1] 03: 1517000 docs, 155729 candidates
[pass 1] 03: 1527000 docs, 156793 candidates
[pass 1] 03: 1534000 docs, 157529 candidates
[pass 1] 03: 1542000 docs, 158345 candidates
[pass 1] 03: 1566000 docs, 160771 candidates
[pass 1] 03: 1568000 docs, 160992 candidates
[pass 1] 03: 1580000 docs, 162327 candidates
[pass 1] 03: 1584000 docs, 162748 candidates
[pass 1] 03: 1622000 docs, 166608 candidates
[pass 1] 03: 1635000 docs, 167914 candidates
[pass 1] 03: 1639000 docs, 168313 candidates
[pass 1] 03: 1648000 docs, 169272 candidates
[pass 1] 03: 1649000 docs, 169368 candidates
[pass 1] 03: 1661000 docs, 170631 candidates
[pass 1] 03: 1676000 docs, 172202 candidates
[pass 1] 03: 1679000 docs, 172530 candidates
[pass 1] 03: 1683000 docs, 172960 candidates
[pass 1] 03: 1689000 docs, 173555 candidates
[pass 1] 03: 1697000 docs, 174398 candidates
[pass 1] 03: 1703000 docs, 174992 candidates
[pass 1] 03: 1710000 docs, 175723 candidates
[pass 1] 03: 1728000 docs, 177562 candidates
[pass 1] 03: 1751000 docs, 179886 candidates
[pass 1] 03: 1761000 docs, 180931 candidates
[pass 1] 03: 1763000 docs, 181141 candidates
[pass 1] 03: 1766000 docs, 181463 candidates
[pass 1] 03: 1770000 docs, 181870 candidates
[pass 1] 03: 1779000 docs, 182854 candidates
[pass 1] 03: 1794000 docs, 184408 candidates
[pass 1] 03: 1809000 docs, 185941 candidates
[pass 1] 03: 1831000 docs, 188240 candidates
[pass 1] 03: 1847000 docs, 189899 candidates
[pass 1] 03: 1851000 docs, 190325 candidates
[pass 1] 03: 1874000 docs, 192573 candidates
[pass 1] 03: 1882000 docs, 193383 candidates
[pass 1] 03: 1888000 docs, 193985 candidates
[pass 1] 03: 1896000 docs, 194863 candidates
[pass 1] 03: 1921000 docs, 197446 candidates
[pass 1] 03: 1929000 docs, 198315 candidates
[pass 1] 03: 1935000 docs, 198933 candidates
[pass 1] 03: 1940000 docs, 199407 candidates
[pass 1] 03: 1957000 docs, 201106 candidates
[pass 1] 03: 1986000 docs, 204108 candidates
[pass 1] 03: 1995000 docs, 205056 candidates
[pass 1] 03: 2010000 docs, 206590 candidates
[pass 1] 03: 2022000 docs, 207768 candidates
[pass 1] 03: 2023000 docs, 207864 candidates
[pass 1] 03: 2027000 docs, 208290 candidates
[pass 1] 03: 2045000 docs, 210175 candidates
[pass 1] 03: 2047000 docs, 210383 candidates
[pass 1] 03: 2050000 docs, 210723 candidates
[pass 1] 03: 2053000 docs, 211034 candidates
[pass 1] 03: 2054000 docs, 211128 candidates
[pass 1] 03: 2059000 docs, 211639 candidates
[pass 1] 03: 2063000 docs, 212074 candidates
[pass 1] 03: 2125000 docs, 218411 candidates
[pass 1] 03: 2126000 docs, 218521 candidates
[pass 1] 03: 2129000 docs, 218845 candidates
[pass 1] 03: 2143000 docs, 220282 candidates
[pass 1] 03: 2144000 docs, 220379 candidates
[pass 1] 03: 2145000 docs, 220504 candidates
[pass 1] 03: 2151000 docs, 221082 candidates
[pass 1] 03: 2154000 docs, 221403 candidates
[pass 1] 03: 2165000 docs, 222576 candidates
[pass 1] 03: 2175000 docs, 223577 candidates
[pass 1] 03: 2195000 docs, 225633 candidates
[pass 1] 03: 2201000 docs, 226249 candidates
[pass 1] 03: 2204000 docs, 226546 candidates
[pass 1] 03: 2209000 docs, 227058 candidates
[pass 1] 03: 2210000 docs, 227170 candidates
[pass 1] 03: 2227000 docs, 228881 candidates
[pass 1] 03: 2241000 docs, 230336 candidates
[pass 1] 03: 2251000 docs, 231417 candidates
[pass 1] 03: 2286000 docs, 235032 candidates
[pass 1] 03: 2288000 docs, 235217 candidates
[pass 1] 03: 2290000 docs, 235438 candidates
[pass 1] 03: 2293000 docs, 235758 candidates
[pass 1] 03: 2294000 docs, 235864 candidates
[pass 1] 03: 2302000 docs, 236701 candidates
[pass 1] 03: 2310000 docs, 237539 candidates
[pass 1] 03: 2313000 docs, 237840 candidates
[pass 1] 03: 2318000 docs, 238319 candidates
[pass 1] 03: 2322000 docs, 238736 candidates
[pass 1] 03: 2338000 docs, 240337 candidates
[pass 1] 03: 2339000 docs, 240422 candidates
[pass 1] 03: 2344000 docs, 240889 candidates
[pass 1] 03: 2359000 docs, 242512 candidates
[pass 1] 03: 2363000 docs, 242910 candidates
[pass 1] 03: 2364000 docs, 243026 candidates
[pass 1] 03: 2370000 docs, 243678 candidates
[pass 1] 03: 2373000 docs, 243980 candidates
[pass 1] 03: 2384000 docs, 245133 candidates
[pass 1] 03: 2387000 docs, 245441 candidates
[pass 1] 03: 2389000 docs, 245667 candidates
[pass 1] 03: 2392000 docs, 245944 candidates
[pass 1] 03: 2396000 docs, 246358 candidates
[pass 1] 03: 2400000 docs, 246758 candidates
[pass 1] 03: 2403000 docs, 247076 candidates
[pass 1] 03: 2409000 docs, 247693 candidates
[pass 1] 03: 2413000 docs, 248117 candidates
[pass 1] 03: 2437000 docs, 250612 candidates
[pass 1] 03: 2449000 docs, 251837 candidates
[pass 1] 03: 2454000 docs, 252366 candidates
[pass 1] 03: 2461000 docs, 253100 candidates
[pass 1] 03: 2492000 docs, 256331 candidates
[pass 1] 03: 2524000 docs, 259624 candidates
[pass 1] 03: 2575000 docs, 264911 candidates
[pass 1] 03: 2585000 docs, 265913 candidates
[pass 1] 03: 2613000 docs, 268761 candidates
[pass 1] 03: 2617000 docs, 269211 candidates
[pass 1] 03: 2625000 docs, 270036 candidates
[pass 1] 03: 2635000 docs, 271107 candidates
[pass 1] 03: 2648000 docs, 272420 candidates
[pass 1] 03: 2653000 docs, 272951 candidates
[pass 1] 03: 2655000 docs, 273171 candidates
[pass 1] 03: 2686000 docs, 276405 candidates
[pass 1] 03: 2691000 docs, 276967 candidates
[pass 1] 03: 2705000 docs, 278401 candidates
[pass 1] 03: 2724000 docs, 280349 candidates
[pass 1] 03: 2734000 docs, 281358 candidates
[pass 1] 03: 2742000 docs, 282181 candidates
[pass 1] 03: 2744000 docs, 282389 candidates
[pass 1] 03: 2751000 docs, 283147 candidates
[pass 1] 03: 2762000 docs, 284274 candidates
[pass 1] 03: 2789000 docs, 287096 candidates
[pass 1] 03: 2790000 docs, 287203 candidates
[pass 1] 03: 2801000 docs, 288339 candidates
[pass 1] 03: 2805000 docs, 288797 candidates
[pass 1] 03: 2807000 docs, 289012 candidates
[pass 1] 03: 2810000 docs, 289300 candidates
[pass 1] 03: 2812000 docs, 289512 candidates
[pass 1] 03: 2822000 docs, 290558 candidates
[pass 1] 03: 2830000 docs, 291364 candidates
[pass 1] 03: 2835000 docs, 291927 candidates
[pass 1] 03: 2845000 docs, 292968 candidates
[pass 1] 03: 2879000 docs, 296624 candidates
[pass 1] 03: 2882000 docs, 296932 candidates
[pass 1] 03: 2914000 docs, 300281 candidates
[pass 1] 03: 2939000 docs, 302945 candidates
[pass 1] 03: 2960000 docs, 305107 candidates
[pass 1] 03: 2973000 docs, 306434 candidates
[pass 1] 03: 2981000 docs, 307244 candidates
[pass 1] 03: 2982000 docs, 307349 candidates
[pass 1] 03: 2983000 docs, 307447 candidates
[pass 1] 03: 2989000 docs, 308064 candidates
[pass 1] 03: 3017000 docs, 310903 candidates
[pass 1] 03: 3030000 docs, 312250 candidates
[pass 1] 03: 3031000 docs, 312336 candidates
[pass 1] 03: 3054000 docs, 314751 candidates
[pass 1] 03: 3061000 docs, 315520 candidates
[pass 1] 03: 3072000 docs, 316633 candidates
[pass 1] 03: 3077000 docs, 317148 candidates
[pass 1] 03: 3080000 docs, 317453 candidates
[pass 1] 03: 3102000 docs, 319686 candidates
[pass 1] 03: 3104000 docs, 319889 candidates
[pass 1] 03: 3117000 docs, 321214 candidates
[pass 1] 03: 3121000 docs, 321679 candidates
[pass 1] 03: 3123000 docs, 321886 candidates
[pass 1] 03: 3127000 docs, 322278 candidates
[pass 1] 03: 3133000 docs, 322889 candidates
[pass 1] 03: 3138000 docs, 323357 candidates
[pass 1] 03: 3147000 docs, 324333 candidates
[pass 1] 03: 3152000 docs, 324829 candidates
[pass 1] 03: 3156000 docs, 325227 candidates
[pass 1] 03: 3171000 docs, 326726 candidates
[pass 1] 03: 3183000 docs, 327945 candidates
[pass 1] 03: 3188000 docs, 328461 candidates
[pass 1] 03: 3192000 docs, 328873 candidates
[pass 1] 03: 3196000 docs, 329315 candidates
[pass 1] 03: 3209000 docs, 330612 candidates
[pass 1] 03: 3210000 docs, 330705 candidates
[pass 1] 03: 3222000 docs, 331935 candidates
[pass 1] 03: 3225000 docs, 332228 candidates
[pass 1] 03: 3251000 docs, 334881 candidates
[pass 1] 03: 3257000 docs, 335540 candidates
[pass 1] 03: 3261000 docs, 335953 candidates
[pass 1] 03: 3263000 docs, 336170 candidates
[pass 1] 03: 3280000 docs, 337946 candidates
[pass 1] 03: 3281000 docs, 338056 candidates
[pass 1] 03: 3288000 docs, 338759 candidates
[pass 1] 03: 3306000 docs, 340533 candidates
[pass 1] 03: 3311000 docs, 341031 candidates
[pass 1] 03: 3316000 docs, 341567 candidates
[pass 1] 03: 3326000 docs, 342640 candidates
[pass 1] 03: 3339000 docs, 343898 candidates
[pass 1] 03: 3342000 docs, 344187 candidates
[pass 1] 03: 3355000 docs, 345554 candidates
[pass 1] 03: 3357000 docs, 345767 candidates
[pass 1] 03: 3360000 docs, 346089 candidates
[pass 1] 03: 3361000 docs, 346179 candidates
[pass 1] 03: 3363000 docs, 346408 candidates
[pass 1] 03: 3369000 docs, 347041 candidates
[pass 1] 03: 3390000 docs, 349228 candidates
[pass 1] 03: 3401000 docs, 350341 candidates
[pass 1] 03: 3421000 docs, 352384 candidates
[pass 1] 03: 3448000 docs, 355088 candidates
[pass 1] 03: 3449000 docs, 355191 candidates
[pass 1] 03: 3452000 docs, 355499 candidates
[pass 1] 03: 3471000 docs, 357466 candidates
[pass 1] 03: 3478000 docs, 358217 candidates
[pass 1] 03: 3484000 docs, 358806 candidates
[pass 1] 03: 3486000 docs, 358993 candidates
[pass 1] 03: 3499000 docs, 360336 candidates
[pass 1] 03: 3510000 docs, 361470 candidates
[pass 1] 03: 3522000 docs, 362682 candidates
[pass 1] 03: 3536000 docs, 364179 candidates
[pass 1] 03: 3542000 docs, 364790 candidates
[pass 1] 03: 3546000 docs, 365202 candidates
[pass 1] 03: 3550000 docs, 365656 candidates
[pass 1] 03: 3569000 docs, 367659 candidates
[pass 1] 03: 3571000 docs, 367870 candidates
[pass 1] 03: 3574000 docs, 368172 candidates
[pass 1] 03: 3576000 docs, 368420 candidates
[pass 1] 03: 3598000 docs, 370641 candidates
[pass 1] 03: 3604000 docs, 371282 candidates
[pass 1] 03: 3612000 docs, 372137 candidates
[pass 1] 03: 3627000 docs, 373662 candidates
[pass 1] 03: 3644000 docs, 375421 candidates
[pass 1] 03: 3652000 docs, 376209 candidates
[pass 1] 03: 3661000 docs, 377090 candidates
[pass 1] 03: 3669000 docs, 377913 candidates
[pass 1] 03: 3678000 docs, 378819 candidates
[pass 1] 03: 3689000 docs, 380026 candidates
[pass 1] 03: 3712000 docs, 382439 candidates
[pass 1] 03: 3720000 docs, 383240 candidates
[pass 1] 03: 3721000 docs, 383347 candidates
[pass 1] 03: 3727000 docs, 383961 candidates
[pass 1] 03: 3729000 docs, 384190 candidates
[pass 1] 03: 3736000 docs, 384970 candidates
[pass 1] 03: 3758000 docs, 387271 candidates
[pass 1] 03: 3759000 docs, 387380 candidates
[pass 1] 03: 3785000 docs, 390065 candidates
[pass 1] 03: 3797000 docs, 391347 candidates
[pass 1] 03: 3799000 docs, 391533 candidates
[pass 1] 03: 3801000 docs, 391753 candidates
[pass 1] 03: 3815000 docs, 393125 candidates
[pass 1] 03: 3821000 docs, 393763 candidates
[pass 1] 03: 3842000 docs, 395962 candidates
[pass 1] 03: 3846000 docs, 396377 candidates
[pass 1] 03: 3856000 docs, 397385 candidates
[pass 1] 03: 3860000 docs, 397768 candidates
[pass 1] 03: 3862000 docs, 397970 candidates
[pass 1] 03: 3871000 docs, 398910 candidates
[pass 1] 03: 3880000 docs, 399823 candidates
[pass 1] 03: 3882000 docs, 400029 candidates
[pass 1] 03: 3898000 docs, 401644 candidates
[pass 1] 03: 3902000 docs, 402062 candidates
[pass 1] 03: 3907000 docs, 402568 candidates
[pass 1] 03: 3912000 docs, 403080 candidates
[pass 1] 03: 3913000 docs, 403175 candidates
[pass 1] 03: 3919000 docs, 403737 candidates
[pass 1] 03: 3921000 docs, 403938 candidates
[pass 1] 03: 3927000 docs, 404560 candidates
[pass 1] 03: 3958000 docs, 407654 candidates
[pass 1] 03: 3959000 docs, 407766 candidates
[pass 1] 03: 3963000 docs, 408188 candidates
[pass 1] 03: 3964000 docs, 408284 candidates
[pass 1] 03: 3996000 docs, 411627 candidates
[pass 1] 03: 3997000 docs, 411741 candidates
[pass 1] 03: 4010000 docs, 413082 candidates
[pass 1] 03: 4013000 docs, 413391 candidates
[pass 1] 03: 4026000 docs, 414708 candidates
[pass 1] 03: 4070000 docs, 419231 candidates
[pass 1] 03: 4087000 docs, 420932 candidates
[pass 1] 03: 4093000 docs, 421538 candidates
[pass 1] 03: 4098000 docs, 422055 candidates
[pass 1] 03: 4103000 docs, 422550 candidates
[pass 1] 03: 4126000 docs, 424936 candidates
[pass 1] 03: 4127000 docs, 425047 candidates
[pass 1] 03: 4132000 docs, 425555 candidates
[pass 1] 03: 4138000 docs, 426144 candidates
[pass 1] 03: 4147000 docs, 427064 candidates
[pass 1] 03: 4149000 docs, 427290 candidates
[pass 1] 03: 4170000 docs, 429460 candidates
[pass 1] 03: 4179000 docs, 430428 candidates
[pass 1] 03: 4200000 docs, 432642 candidates
[pass 1] 03: 4215000 docs, 434237 candidates
[pass 1] 03: 4216000 docs, 434345 candidates
[pass 1] 03: 4248000 docs, 437481 candidates
[pass 1] 03: 4256000 docs, 438342 candidates
[pass 1] 03: 4264000 docs, 439195 candidates
[pass 1] 03: 4269000 docs, 439683 candidates
[pass 1] 03: 4272000 docs, 440029 candidates
[pass 1] 03: 4293000 docs, 442233 candidates
[pass 1] 03: 4296000 docs, 442528 candidates
[pass 1] 03: 4302000 docs, 443129 candidates
[pass 1] 03: 4312000 docs, 444154 candidates
[pass 1] 03: 4354000 docs, 448429 candidates
[pass 1] 03: 4356000 docs, 448633 candidates
[pass 1] 03: 4361000 docs, 449134 candidates
[pass 1] 03: 4369000 docs, 449956 candidates
[pass 1] 03: 4384000 docs, 451569 candidates
[pass 1] 03: 4385000 docs, 451678 candidates
[pass 1] 03: 4390000 docs, 452204 candidates
[pass 1] 03: 4404000 docs, 453646 candidates
[pass 1] 03: 4416000 docs, 454864 candidates
[pass 1] 03: 4419000 docs, 455179 candidates
[pass 1] 03: 4427000 docs, 456010 candidates
[pass 1] 03: 4439000 docs, 457213 candidates
[pass 1] 03: 4440000 docs, 457312 candidates
[pass 1] 03: 4448000 docs, 458089 candidates
[pass 1] 03: 4488000 docs, 462146 candidates
[pass 1] 03: 4490000 docs, 462343 candidates
[pass 1] 03: 4494000 docs, 462764 candidates
[pass 1] 03: 4502000 docs, 463610 candidates
[pass 1] 03: 4523000 docs, 465724 candidates
[pass 1] 03: 4536000 docs, 467070 candidates
[pass 1] 03: 4541000 docs, 467580 candidates
[pass 1] 03: 4551000 docs, 468586 candidates
[pass 1] 03: 4552000 docs, 468698 candidates
[pass 1] 03: 4556000 docs, 469086 candidates
[pass 1] 03: 4564000 docs, 469937 candidates
[pass 1] 03: 4566000 docs, 470137 candidates
[pass 1] 03: 4572000 docs, 470774 candidates
[pass 1] 03: 4577000 docs, 471255 candidates
[pass 1] 03: 4580000 docs, 471591 candidates
[pass 1] 03: 4583000 docs, 471901 candidates
[pass 1] 03: 4593000 docs, 472939 candidates
[pass 1] 03: 4601000 docs, 473737 candidates
[pass 1] 03: 4612000 docs, 474856 candidates
[pass 1] 03: 4633000 docs, 477046 candidates
[pass 1] 03: 4645000 docs, 478265 candidates
[pass 1] 03: 4653000 docs, 479080 candidates
[pass 1] 03: 4663000 docs, 480132 candidates
[pass 1] 03: 4672000 docs, 481081 candidates
[pass 1] 03: 4684000 docs, 482270 candidates
[pass 1] 03: 4706000 docs, 484555 candidates
[pass 1] 03: 4716000 docs, 485547 candidates
[pass 1] 03: 4742000 docs, 488175 candidates
[pass 1] 03: 4744000 docs, 488385 candidates
[pass 1] 03: 4751000 docs, 489142 candidates
[pass 1] 03: 4760000 docs, 490096 candidates
[pass 1] 03: 4764000 docs, 490523 candidates
[pass 1] 03: 4766000 docs, 490738 candidates
[pass 1] 03: 4773000 docs, 491453 candidates
[pass 1] 03: 4776000 docs, 491768 candidates
[pass 1] 03: 4791000 docs, 493323 candidates
[pass 1] 03: 4805000 docs, 494836 candidates
[pass 1] 03: 4808000 docs, 495134 candidates
[pass 1] 03: 4815000 docs, 495862 candidates
[pass 1] 03: 4823000 docs, 496679 candidates
[pass 1] 03: 4826000 docs, 496980 candidates
[pass 1] 03: 4839000 docs, 498337 candidates
[pass 1] 03: 4860000 docs, 500450 candidates
[pass 1] 03: 4881000 docs, 502601 candidates
[pass 1] 03: 4898000 docs, 504368 candidates
[pass 1] 03: 4905000 docs, 505053 candidates
[pass 1] 03: 4907000 docs, 505260 candidates
[pass 1] 03: 4933000 docs, 507975 candidates
[pass 1] 03: 4940000 docs, 508689 candidates
[pass 1] 03: 4952000 docs, 509937 candidates
[pass 1] 03: 4953000 docs, 510049 candidates
[pass 1] 03: 4955000 docs, 510249 candidates
[pass 1] 03: 4959000 docs, 510662 candidates
[pass 1] 03: 4970000 docs, 511817 candidates
[pass 1] 03: 4999000 docs, 514801 candidates
[pass 1] 03: 5002000 docs, 515106 candidates
[pass 1] 03: 5016000 docs, 516514 candidates
[pass 1] 03: 5018000 docs, 516713 candidates
[pass 1] 03: 5040000 docs, 518946 candidates
[pass 1] 03: 5045000 docs, 519459 candidates
[pass 1] 03: 5061000 docs, 521065 candidates
[pass 1] 03: 5069000 docs, 521885 candidates
[pass 1] 03: 5070000 docs, 522022 candidates
[pass 1] 03: 5080000 docs, 523049 candidates
[pass 1] 03: 5089000 docs, 523938 candidates
[pass 1] 03: 5090000 docs, 524040 candidates
[pass 1] 03: 5100000 docs, 525054 candidates
[pass 1] 03: 5110000 docs, 526093 candidates
[pass 1] 03: 5112000 docs, 526289 candidates
[pass 1] 03: 5116000 docs, 526737 candidates
[pass 1] 03: 5142000 docs, 529379 candidates
[pass 1] 03: 5154000 docs, 530644 candidates
[pass 1] 03: 5157000 docs, 530936 candidates
[pass 1] 03: 5162000 docs, 531434 candidates
[pass 1] 03: 5177000 docs, 532966 candidates
[pass 1] 03: 5179000 docs, 533176 candidates
[pass 1] 03: 5182000 docs, 533493 candidates
[pass 1] 03: 5183000 docs, 533593 candidates
[pass 1] 03: 5185000 docs, 533816 candidates
[pass 1] 03: 5192000 docs, 534531 candidates
[pass 1] 03: 5196000 docs, 534917 candidates
[pass 1] 03: 5200000 docs, 535313 candidates
[pass 1] 03: 5207000 docs, 536024 candidates
[pass 1] 03: 5210000 docs, 536347 candidates
[pass 1] 03: 5224000 docs, 537843 candidates
[pass 1] 03: 5227000 docs, 538160 candidates
[pass 1] 03: 5237000 docs, 539196 candidates
[pass 1] 03: 5239000 docs, 539413 candidates
[pass 1] 03: 5250000 docs, 540522 candidates
[pass 1] 03: 5264000 docs, 541995 candidates
[pass 1] 03: 5266000 docs, 542207 candidates
[pass 1] 03: 5271000 docs, 542745 candidates
[pass 1] 03: 5273000 docs, 542939 candidates
[pass 1] 03: 5274000 docs, 543055 candidates
[pass 1] 03: 5280000 docs, 543657 candidates
[pass 1] 03: 5286000 docs, 544284 candidates
[pass 1] 03: 5297000 docs, 545409 candidates
[pass 1] 03: 5306000 docs, 546320 candidates
[pass 1] 03: 5311000 docs, 546827 candidates
[pass 1] 03: 5312000 docs, 546919 candidates
[pass 1] 03: 5315000 docs, 547231 candidates
[pass 1] 03: 5343000 docs, 550068 candidates
[pass 1] 03: 5346000 docs, 550408 candidates
[pass 1] 03: 5358000 docs, 551668 candidates
[pass 1] 03: 5363000 docs, 552186 candidates
[pass 1] 03: 5365000 docs, 552406 candidates
[pass 1] 03: 5390000 docs, 554980 candidates
[pass 1] 03: 5395000 docs, 555484 candidates
[pass 1] 03: 5402000 docs, 556214 candidates
[pass 1] 03: 5413000 docs, 557328 candidates
[pass 1] 03: 5417000 docs, 557738 candidates
[pass 1] 03: 5419000 docs, 557927 candidates
[pass 1] 03: 5433000 docs, 559396 candidates
[pass 1] 03: 5442000 docs, 560327 candidates
[pass 1] 03: 5444000 docs, 560526 candidates
[pass 1] 03: 5447000 docs, 560812 candidates
[pass 1] 03: 5464000 docs, 562597 candidates
[pass 1] 03: 5466000 docs, 562786 candidates
[pass 1] 03: 5471000 docs, 563318 candidates
[pass 1] 03: 5478000 docs, 564075 candidates
[pass 1] 03: 5480000 docs, 564293 candidates
[pass 1] 03: 5494000 docs, 565728 candidates
[pass 1] 03: 5502000 docs, 566584 candidates
[pass 1] 03: 5504000 docs, 566770 candidates
[pass 1] 03: 5510000 docs, 567428 candidates
[pass 1] 03: 5522000 docs, 568700 candidates
[pass 1] 03: 5523000 docs, 568793 candidates
[pass 1] 03: 5529000 docs, 569412 candidates
[pass 1] 03: 5535000 docs, 570027 candidates
[pass 1] 03: 5537000 docs, 570218 candidates
[pass 1] 03: 5547000 docs, 571260 candidates
[pass 1] 03: 5562000 docs, 572850 candidates
[pass 1] 03: 5565000 docs, 573173 candidates
[pass 1] 03: 5578000 docs, 574578 candidates
[pass 1] 03: 5595000 docs, 576325 candidates
[pass 1] 03: 5602000 docs, 577037 candidates
[pass 1] 03: 5609000 docs, 577793 candidates
[pass 1] 03: 5610000 docs, 577888 candidates
[pass 1] 03: 5616000 docs, 578499 candidates
[pass 1] 03: 5623000 docs, 579200 candidates
[pass 1] 03: 5636000 docs, 580511 candidates
[pass 1] 03: 5642000 docs, 581115 candidates
[pass 1] 03: 5660000 docs, 583016 candidates
[pass 1] 03: 5664000 docs, 583461 candidates
[pass 1] 03: 5675000 docs, 584602 candidates
[pass 1] 03: 5683000 docs, 585405 candidates
[pass 1] 03: 5694000 docs, 586536 candidates
[pass 1] 03: 5704000 docs, 587552 candidates
[pass 1] 03: 5723000 docs, 589529 candidates
[pass 1] 03: 5739000 docs, 591240 candidates
[pass 1] 03: 5745000 docs, 591856 candidates
[pass 1] 03: 5749000 docs, 592270 candidates
[pass 1] 03: 5768000 docs, 594317 candidates
[pass 1] 03: 5781000 docs, 595626 candidates
[pass 1] 03: 5798000 docs, 597332 candidates
[pass 1] 03: 5828000 docs, 600470 candidates
[pass 1] 03: 5837000 docs, 601432 candidates
[pass 1] 03: 5839000 docs, 601656 candidates
[pass 1] 03: 5843000 docs, 602060 candidates
[pass 1] 03: 5845000 docs, 602270 candidates
[pass 1] 03: 5851000 docs, 602881 candidates
[pass 1] 03: 5861000 docs, 603901 candidates
[pass 1] 03: 5867000 docs, 604512 candidates
[pass 1] 03: 5875000 docs, 605276 candidates
[pass 1] 03: 5881000 docs, 605904 candidates
[pass 1] 03: 5889000 docs, 606724 candidates
[pass 1] done: 0 docs, 0 new records, yield=0.0/10K, 15262815ms
[pipeline] Flushed 10000 buffered records to store
[pipeline] Exported 0 paired records to /mnt/zfs-host/backup/projects/observer-vault/01-Projects/dataset-processor/output/paired-output.jsonl

[orchestrate] Pipeline max-passes
[orchestrate] Passes: 1, Total verb-records: 10000
  Pass 1: 0 docs, 607891 Tier-A, 0 Tier-B, 0 Tier-C, 0 records, yield=0.0/10K
