[orchestrate] Found 1 shard files
[pass 1] 07: 3000 docs, 301 candidates
[pass 1] 07: 9000 docs, 892 candidates
[pass 1] 07: 20000 docs, 2031 candidates
[pass 1] 07: 21000 docs, 2134 candidates
[pass 1] 07: 30000 docs, 3038 candidates
[pass 1] 07: 58000 docs, 5883 candidates
[pass 1] 07: 116000 docs, 11962 candidates
[pass 1] 07: 117000 docs, 12070 candidates
[pass 1] 07: 126000 docs, 12945 candidates
[pass 1] 07: 130000 docs, 13374 candidates
[pass 1] 07: 154000 docs, 15883 candidates
[pass 1] 07: 162000 docs, 16734 candidates
[pass 1] 07: 190000 docs, 19572 candidates
[pass 1] 07: 191000 docs, 19660 candidates
[pass 1] 07: 196000 docs, 20184 candidates
[pass 1] 07: 198000 docs, 20368 candidates
[pass 1] 07: 205000 docs, 21129 candidates
[pass 1] 07: 213000 docs, 21941 candidates
[pass 1] 07: 241000 docs, 24832 candidates
[pass 1] 07: 242000 docs, 24937 candidates
[pass 1] 07: 265000 docs, 27441 candidates
[pass 1] 07: 282000 docs, 29180 candidates
[pass 1] 07: 286000 docs, 29591 candidates
[pass 1] 07: 292000 docs, 30178 candidates
[pass 1] 07: 303000 docs, 31350 candidates
[pass 1] 07: 304000 docs, 31475 candidates
[pass 1] 07: 305000 docs, 31603 candidates
[pass 1] 07: 317000 docs, 32831 candidates
[pass 1] 07: 323000 docs, 33422 candidates
[pass 1] 07: 331000 docs, 34262 candidates
[pass 1] 07: 352000 docs, 36458 candidates
[pass 1] 07: 353000 docs, 36552 candidates
[pass 1] 07: 358000 docs, 37062 candidates
[pass 1] 07: 366000 docs, 37875 candidates
[pass 1] 07: 381000 docs, 39418 candidates
[pass 1] 07: 392000 docs, 40500 candidates
[pass 1] 07: 406000 docs, 41988 candidates
[pass 1] 07: 411000 docs, 42517 candidates
[pass 1] 07: 418000 docs, 43258 candidates
[pass 1] 07: 452000 docs, 46717 candidates
[pass 1] 07: 478000 docs, 49410 candidates
[pass 1] 07: 493000 docs, 50981 candidates
[pass 1] 07: 497000 docs, 51368 candidates
[pass 1] 07: 510000 docs, 52658 candidates
[pass 1] 07: 526000 docs, 54357 candidates
[pass 1] 07: 538000 docs, 55570 candidates
[pass 1] 07: 553000 docs, 57084 candidates
[pass 1] 07: 566000 docs, 58366 candidates
[pass 1] 07: 567000 docs, 58466 candidates
[pass 1] 07: 577000 docs, 59546 candidates
[pass 1] 07: 595000 docs, 61398 candidates
[pass 1] 07: 609000 docs, 62820 candidates
[pass 1] 07: 628000 docs, 64834 candidates
[pass 1] 07: 659000 docs, 68035 candidates
[pass 1] 07: 667000 docs, 68832 candidates
[pass 1] 07: 685000 docs, 70731 candidates
[pass 1] 07: 750000 docs, 77391 candidates
[pass 1] 07: 753000 docs, 77716 candidates
[pass 1] 07: 757000 docs, 78136 candidates
[pass 1] 07: 768000 docs, 79246 candidates
[pass 1] 07: 781000 docs, 80547 candidates
[pass 1] 07: 800000 docs, 82534 candidates
[pass 1] 07: 812000 docs, 83794 candidates
[pass 1] 07: 814000 docs, 84012 candidates
[pass 1] 07: 819000 docs, 84516 candidates
[pass 1] 07: 821000 docs, 84734 candidates
[pass 1] 07: 829000 docs, 85554 candidates
[pass 1] 07: 837000 docs, 86420 candidates
[pass 1] 07: 849000 docs, 87572 candidates
[pass 1] 07: 857000 docs, 88398 candidates
[pass 1] 07: 862000 docs, 88922 candidates
[pass 1] 07: 870000 docs, 89742 candidates
[pass 1] 07: 893000 docs, 92042 candidates
[pass 1] 07: 897000 docs, 92447 candidates
[pass 1] 07: 905000 docs, 93275 candidates
[pass 1] 07: 924000 docs, 95228 candidates
[pass 1] 07: 934000 docs, 96237 candidates
[pass 1] 07: 951000 docs, 97965 candidates
[pass 1] 07: 957000 docs, 98619 candidates
[pass 1] 07: 960000 docs, 98945 candidates
[pass 1] 07: 962000 docs, 99158 candidates
[pass 1] 07: 975000 docs, 100516 candidates
[pass 1] 07: 993000 docs, 102393 candidates
[pass 1] 07: 994000 docs, 102503 candidates
[pass 1] 07: 997000 docs, 102819 candidates
[pass 1] 07: 999000 docs, 103026 candidates
[pass 1] 07: 1008000 docs, 103955 candidates
[pass 1] 07: 1009000 docs, 104066 candidates
[pass 1] 07: 1012000 docs, 104383 candidates
[pass 1] 07: 1034000 docs, 106696 candidates
[pass 1] 07: 1059000 docs, 109222 candidates
[pass 1] 07: 1063000 docs, 109631 candidates
[pass 1] 07: 1078000 docs, 111114 candidates
[pass 1] 07: 1089000 docs, 112287 candidates
[pass 1] 07: 1101000 docs, 113507 candidates
[pass 1] 07: 1102000 docs, 113617 candidates
[pass 1] 07: 1107000 docs, 114136 candidates
[pass 1] 07: 1138000 docs, 117391 candidates
[pass 1] 07: 1177000 docs, 121302 candidates
[pass 1] 07: 1180000 docs, 121594 candidates
[pass 1] 07: 1198000 docs, 123491 candidates
[pass 1] 07: 1209000 docs, 124624 candidates
[pass 1] 07: 1244000 docs, 128245 candidates
[pass 1] 07: 1252000 docs, 129096 candidates
[pass 1] 07: 1259000 docs, 129843 candidates
[pass 1] 07: 1266000 docs, 130544 candidates
[pass 1] 07: 1279000 docs, 131882 candidates
[pass 1] 07: 1293000 docs, 133372 candidates
[pass 1] 07: 1295000 docs, 133603 candidates
[pass 1] 07: 1296000 docs, 133715 candidates
[pass 1] 07: 1297000 docs, 133825 candidates
[pass 1] 07: 1302000 docs, 134317 candidates
[pass 1] 07: 1321000 docs, 136317 candidates
[pass 1] 07: 1328000 docs, 137033 candidates
[pass 1] 07: 1367000 docs, 140967 candidates
[pass 1] 07: 1381000 docs, 142417 candidates
[pass 1] 07: 1383000 docs, 142608 candidates
[pass 1] 07: 1387000 docs, 143031 candidates
[pass 1] 07: 1391000 docs, 143476 candidates
[pass 1] 07: 1395000 docs, 143903 candidates
[pass 1] 07: 1400000 docs, 144413 candidates
[pass 1] 07: 1404000 docs, 144854 candidates
[pass 1] 07: 1405000 docs, 144954 candidates
[pass 1] 07: 1408000 docs, 145278 candidates
[pass 1] 07: 1420000 docs, 146480 candidates
[pass 1] 07: 1427000 docs, 147207 candidates
[pass 1] 07: 1443000 docs, 148895 candidates
[pass 1] 07: 1445000 docs, 149110 candidates
[pass 1] 07: 1453000 docs, 149935 candidates
[pass 1] 07: 1471000 docs, 151752 candidates
[pass 1] 07: 1479000 docs, 152572 candidates
[pass 1] 07: 1482000 docs, 152901 candidates
[pass 1] 07: 1489000 docs, 153610 candidates
[pass 1] 07: 1496000 docs, 154293 candidates
[pass 1] 07: 1498000 docs, 154527 candidates
[pass 1] 07: 1510000 docs, 155743 candidates
[pass 1] 07: 1534000 docs, 158163 candidates
[pass 1] 07: 1550000 docs, 159788 candidates
[pass 1] 07: 1553000 docs, 160065 candidates
[pass 1] 07: 1554000 docs, 160158 candidates
[pass 1] 07: 1556000 docs, 160391 candidates
[pass 1] 07: 1572000 docs, 161991 candidates
[pass 1] 07: 1574000 docs, 162211 candidates
[pass 1] 07: 1581000 docs, 162881 candidates
[pass 1] 07: 1623000 docs, 167235 candidates
[pass 1] 07: 1632000 docs, 168247 candidates
[pass 1] 07: 1634000 docs, 168458 candidates
[pass 1] 07: 1654000 docs, 170503 candidates
[pass 1] 07: 1682000 docs, 173335 candidates
[pass 1] 07: 1684000 docs, 173538 candidates
[pass 1] 07: 1706000 docs, 175787 candidates
[pass 1] 07: 1711000 docs, 176296 candidates
[pass 1] 07: 1720000 docs, 177249 candidates
[pass 1] 07: 1721000 docs, 177359 candidates
[pass 1] 07: 1722000 docs, 177463 candidates
[pass 1] 07: 1725000 docs, 177779 candidates
[pass 1] 07: 1730000 docs, 178326 candidates
[pass 1] 07: 1732000 docs, 178522 candidates
[pass 1] 07: 1743000 docs, 179684 candidates
[pass 1] 07: 1759000 docs, 181310 candidates
[pass 1] 07: 1763000 docs, 181709 candidates
[pass 1] 07: 1767000 docs, 182135 candidates
[pass 1] 07: 1778000 docs, 183316 candidates
[pass 1] 07: 1779000 docs, 183421 candidates
[pass 1] 07: 1783000 docs, 183872 candidates
[pass 1] 07: 1785000 docs, 184072 candidates
[pass 1] 07: 1796000 docs, 185169 candidates
[pass 1] 07: 1797000 docs, 185264 candidates
[pass 1] 07: 1805000 docs, 186042 candidates
[pass 1] 07: 1814000 docs, 186960 candidates
[pass 1] 07: 1817000 docs, 187268 candidates
[pass 1] 07: 1842000 docs, 189879 candidates
[pass 1] 07: 1844000 docs, 190080 candidates
[pass 1] 07: 1848000 docs, 190499 candidates
[pass 1] 07: 1851000 docs, 190788 candidates
[pass 1] 07: 1861000 docs, 191781 candidates
[pass 1] 07: 1871000 docs, 192779 candidates
[pass 1] 07: 1878000 docs, 193504 candidates
[pass 1] 07: 1893000 docs, 195017 candidates
[pass 1] 07: 1896000 docs, 195337 candidates
[pass 1] 07: 1908000 docs, 196586 candidates
[pass 1] 07: 1917000 docs, 197482 candidates
[pass 1] 07: 1922000 docs, 198024 candidates
[pass 1] 07: 1925000 docs, 198368 candidates
[pass 1] 07: 1944000 docs, 200278 candidates
[pass 1] 07: 1957000 docs, 201647 candidates
[pass 1] 07: 1960000 docs, 201937 candidates
[pass 1] 07: 1962000 docs, 202142 candidates
[pass 1] 07: 1996000 docs, 205662 candidates
[pass 1] 07: 2001000 docs, 206202 candidates
[pass 1] 07: 2014000 docs, 207529 candidates
[pass 1] 07: 2028000 docs, 209017 candidates
[pass 1] 07: 2039000 docs, 210214 candidates
[pass 1] 07: 2051000 docs, 211481 candidates
[pass 1] 07: 2052000 docs, 211570 candidates
[pass 1] 07: 2066000 docs, 213053 candidates
[pass 1] 07: 2071000 docs, 213608 candidates
[pass 1] 07: 2076000 docs, 214131 candidates
[pass 1] 07: 2082000 docs, 214709 candidates
[pass 1] 07: 2089000 docs, 215477 candidates
[pass 1] 07: 2090000 docs, 215567 candidates
[pass 1] 07: 2094000 docs, 215981 candidates
[pass 1] 07: 2099000 docs, 216500 candidates
[pass 1] 07: 2102000 docs, 216823 candidates
[pass 1] 07: 2106000 docs, 217221 candidates
[pass 1] 07: 2114000 docs, 218076 candidates
[pass 1] 07: 2135000 docs, 220201 candidates
[pass 1] 07: 2165000 docs, 223270 candidates
[pass 1] 07: 2168000 docs, 223584 candidates
[pass 1] 07: 2177000 docs, 224585 candidates
[pass 1] 07: 2190000 docs, 225948 candidates
[pass 1] 07: 2214000 docs, 228412 candidates
[pass 1] 07: 2217000 docs, 228693 candidates
[pass 1] 07: 2238000 docs, 230859 candidates
[pass 1] 07: 2242000 docs, 231247 candidates
[pass 1] 07: 2246000 docs, 231641 candidates
[pass 1] 07: 2251000 docs, 232190 candidates
[pass 1] 07: 2265000 docs, 233651 candidates
[pass 1] 07: 2266000 docs, 233754 candidates
[pass 1] 07: 2278000 docs, 234940 candidates
[pass 1] 07: 2284000 docs, 235555 candidates
[pass 1] 07: 2292000 docs, 236393 candidates
[pass 1] 07: 2306000 docs, 237890 candidates
[pass 1] 07: 2320000 docs, 239383 candidates
[pass 1] 07: 2331000 docs, 240501 candidates
[pass 1] 07: 2335000 docs, 240905 candidates
[pass 1] 07: 2342000 docs, 241574 candidates
[pass 1] 07: 2348000 docs, 242183 candidates
[pass 1] 07: 2356000 docs, 242971 candidates
[pass 1] 07: 2358000 docs, 243139 candidates
[pass 1] 07: 2359000 docs, 243243 candidates
[pass 1] 07: 2377000 docs, 245093 candidates
[pass 1] 07: 2392000 docs, 246645 candidates
[pass 1] 07: 2397000 docs, 247155 candidates
[pass 1] 07: 2408000 docs, 248236 candidates
[pass 1] 07: 2425000 docs, 250019 candidates
[pass 1] 07: 2437000 docs, 251263 candidates
[pass 1] 07: 2446000 docs, 252180 candidates
[pass 1] 07: 2450000 docs, 252566 candidates
[pass 1] 07: 2468000 docs, 254485 candidates
[pass 1] 07: 2478000 docs, 255514 candidates
[pass 1] 07: 2510000 docs, 258756 candidates
[pass 1] 07: 2525000 docs, 260345 candidates
[pass 1] 07: 2531000 docs, 260953 candidates
[pass 1] 07: 2549000 docs, 262782 candidates
[pass 1] 07: 2564000 docs, 264293 candidates
[pass 1] 07: 2575000 docs, 265488 candidates
[pass 1] 07: 2576000 docs, 265610 candidates
[pass 1] 07: 2581000 docs, 266117 candidates
[pass 1] 07: 2582000 docs, 266223 candidates
[pass 1] 07: 2585000 docs, 266536 candidates
[pass 1] 07: 2603000 docs, 268358 candidates
[pass 1] 07: 2626000 docs, 270801 candidates
[pass 1] 07: 2629000 docs, 271102 candidates
[pass 1] 07: 2633000 docs, 271542 candidates
[pass 1] 07: 2643000 docs, 272550 candidates
[pass 1] 07: 2648000 docs, 273059 candidates
[pass 1] 07: 2654000 docs, 273680 candidates
[pass 1] 07: 2656000 docs, 273891 candidates
[pass 1] 07: 2681000 docs, 276489 candidates
[pass 1] 07: 2691000 docs, 277532 candidates
[pass 1] 07: 2692000 docs, 277635 candidates
[pass 1] 07: 2699000 docs, 278361 candidates
[pass 1] 07: 2700000 docs, 278470 candidates
[pass 1] 07: 2711000 docs, 279600 candidates
[pass 1] 07: 2722000 docs, 280774 candidates
[pass 1] 07: 2730000 docs, 281633 candidates
[pass 1] 07: 2733000 docs, 281957 candidates
[pass 1] 07: 2741000 docs, 282814 candidates
[pass 1] 07: 2743000 docs, 283030 candidates
[pass 1] 07: 2751000 docs, 283890 candidates
[pass 1] 07: 2753000 docs, 284115 candidates
[pass 1] 07: 2761000 docs, 285044 candidates
[pass 1] 07: 2768000 docs, 285772 candidates
[pass 1] 07: 2778000 docs, 286791 candidates
[pass 1] 07: 2785000 docs, 287505 candidates
[pass 1] 07: 2787000 docs, 287703 candidates
[pass 1] 07: 2794000 docs, 288462 candidates
[pass 1] 07: 2804000 docs, 289421 candidates
[pass 1] 07: 2824000 docs, 291439 candidates
[pass 1] 07: 2827000 docs, 291758 candidates
[pass 1] 07: 2835000 docs, 292571 candidates
[pass 1] 07: 2842000 docs, 293256 candidates
[pass 1] 07: 2850000 docs, 294081 candidates
[pass 1] 07: 2851000 docs, 294194 candidates
[pass 1] 07: 2857000 docs, 294838 candidates
[pass 1] 07: 2862000 docs, 295342 candidates
[pass 1] 07: 2871000 docs, 296281 candidates
[pass 1] 07: 2874000 docs, 296584 candidates
[pass 1] 07: 2879000 docs, 297091 candidates
[pass 1] 07: 2916000 docs, 300950 candidates
[pass 1] 07: 2928000 docs, 302266 candidates
[pass 1] 07: 2953000 docs, 304959 candidates
[pass 1] 07: 2961000 docs, 305760 candidates
[pass 1] 07: 2963000 docs, 305975 candidates
[pass 1] 07: 2968000 docs, 306526 candidates
[pass 1] 07: 2969000 docs, 306641 candidates
[pass 1] 07: 2997000 docs, 309518 candidates
[pass 1] 07: 3016000 docs, 311491 candidates
[pass 1] 07: 3029000 docs, 312902 candidates
[pass 1] 07: 3032000 docs, 313226 candidates
[pass 1] 07: 3034000 docs, 313425 candidates
[pass 1] 07: 3052000 docs, 315253 candidates
[pass 1] 07: 3057000 docs, 315739 candidates
[pass 1] 07: 3084000 docs, 318456 candidates
[pass 1] 07: 3097000 docs, 319767 candidates
[pass 1] 07: 3121000 docs, 322153 candidates
[pass 1] 07: 3129000 docs, 323034 candidates
[pass 1] 07: 3140000 docs, 324181 candidates
[pass 1] 07: 3141000 docs, 324283 candidates
[pass 1] 07: 3160000 docs, 326261 candidates
[pass 1] 07: 3161000 docs, 326342 candidates
[pass 1] 07: 3171000 docs, 327453 candidates
[pass 1] 07: 3173000 docs, 327667 candidates
[pass 1] 07: 3174000 docs, 327759 candidates
[pass 1] 07: 3177000 docs, 328073 candidates
[pass 1] 07: 3178000 docs, 328188 candidates
[pass 1] 07: 3179000 docs, 328287 candidates
[pass 1] 07: 3192000 docs, 329646 candidates
[pass 1] 07: 3194000 docs, 329828 candidates
[pass 1] 07: 3200000 docs, 330387 candidates
[pass 1] 07: 3213000 docs, 331781 candidates
[pass 1] 07: 3229000 docs, 333444 candidates
[pass 1] 07: 3232000 docs, 333786 candidates
[pass 1] 07: 3233000 docs, 333869 candidates
[pass 1] 07: 3238000 docs, 334379 candidates
[pass 1] 07: 3257000 docs, 336327 candidates
[pass 1] 07: 3261000 docs, 336706 candidates
[pass 1] 07: 3282000 docs, 338875 candidates
[pass 1] 07: 3283000 docs, 338989 candidates
[pass 1] 07: 3287000 docs, 339412 candidates
[pass 1] 07: 3301000 docs, 340839 candidates
[pass 1] 07: 3310000 docs, 341749 candidates
[pass 1] 07: 3314000 docs, 342184 candidates
[pass 1] 07: 3315000 docs, 342287 candidates
[pass 1] 07: 3319000 docs, 342734 candidates
[pass 1] 07: 3322000 docs, 343033 candidates
[pass 1] 07: 3334000 docs, 344234 candidates
[pass 1] 07: 3350000 docs, 345922 candidates
[pass 1] 07: 3364000 docs, 347400 candidates
[pass 1] 07: 3383000 docs, 349357 candidates
[pass 1] 07: 3394000 docs, 350521 candidates
[pass 1] 07: 3395000 docs, 350631 candidates
[pass 1] 07: 3413000 docs, 352465 candidates
[pass 1] 07: 3419000 docs, 353061 candidates
[pass 1] 07: 3426000 docs, 353770 candidates
[pass 1] 07: 3429000 docs, 354103 candidates
[pass 1] 07: 3436000 docs, 354822 candidates
[pass 1] 07: 3442000 docs, 355408 candidates
[pass 1] 07: 3445000 docs, 355698 candidates
[pass 1] 07: 3449000 docs, 356159 candidates
[pass 1] 07: 3458000 docs, 357057 candidates
[pass 1] 07: 3467000 docs, 357988 candidates
[pass 1] 07: 3478000 docs, 359121 candidates
[pass 1] 07: 3489000 docs, 360301 candidates
[pass 1] 07: 3497000 docs, 361146 candidates
[pass 1] 07: 3502000 docs, 361695 candidates
[pass 1] 07: 3507000 docs, 362171 candidates
[pass 1] 07: 3513000 docs, 362820 candidates
[pass 1] 07: 3535000 docs, 365108 candidates
[pass 1] 07: 3536000 docs, 365210 candidates
[pass 1] 07: 3537000 docs, 365319 candidates
[pass 1] 07: 3546000 docs, 366218 candidates
[pass 1] 07: 3551000 docs, 366747 candidates
[pass 1] 07: 3557000 docs, 367332 candidates
[pass 1] 07: 3563000 docs, 367985 candidates
[pass 1] 07: 3567000 docs, 368404 candidates
[pass 1] 07: 3571000 docs, 368804 candidates
[pass 1] 07: 3572000 docs, 368906 candidates
[pass 1] 07: 3620000 docs, 373845 candidates
[pass 1] 07: 3655000 docs, 377469 candidates
[pass 1] 07: 3659000 docs, 377866 candidates
[pass 1] 07: 3661000 docs, 378068 candidates
[pass 1] 07: 3663000 docs, 378266 candidates
[pass 1] 07: 3666000 docs, 378581 candidates
[pass 1] 07: 3675000 docs, 379523 candidates
[pass 1] 07: 3682000 docs, 380245 candidates
[pass 1] 07: 3688000 docs, 380893 candidates
[pass 1] 07: 3692000 docs, 381346 candidates
[pass 1] 07: 3706000 docs, 382791 candidates
[pass 1] 07: 3712000 docs, 383432 candidates
[pass 1] 07: 3715000 docs, 383769 candidates
[pass 1] 07: 3721000 docs, 384350 candidates
[pass 1] 07: 3724000 docs, 384635 candidates
[pass 1] 07: 3738000 docs, 386032 candidates
[pass 1] 07: 3741000 docs, 386327 candidates
[pass 1] 07: 3749000 docs, 387169 candidates
[pass 1] 07: 3750000 docs, 387269 candidates
[pass 1] 07: 3770000 docs, 389406 candidates
[pass 1] 07: 3779000 docs, 390327 candidates
[pass 1] 07: 3780000 docs, 390433 candidates
[pass 1] 07: 3786000 docs, 391064 candidates
[pass 1] 07: 3789000 docs, 391369 candidates
[pass 1] 07: 3795000 docs, 391984 candidates
[pass 1] 07: 3827000 docs, 395283 candidates
[pass 1] 07: 3842000 docs, 396789 candidates
[pass 1] 07: 3861000 docs, 398758 candidates
[pass 1] 07: 3910000 docs, 403718 candidates
[pass 1] 07: 3924000 docs, 405129 candidates
[pass 1] 07: 3947000 docs, 407477 candidates
[pass 1] 07: 3953000 docs, 408066 candidates
[pass 1] 07: 3963000 docs, 409075 candidates
[pass 1] 07: 3966000 docs, 409398 candidates
[pass 1] 07: 3972000 docs, 409999 candidates
[pass 1] 07: 3991000 docs, 411936 candidates
[pass 1] 07: 4008000 docs, 413719 candidates
[pass 1] 07: 4030000 docs, 415974 candidates
[pass 1] 07: 4044000 docs, 417418 candidates
[pass 1] 07: 4046000 docs, 417610 candidates
[pass 1] 07: 4048000 docs, 417815 candidates
[pass 1] 07: 4059000 docs, 418994 candidates
[pass 1] 07: 4061000 docs, 419208 candidates
[pass 1] 07: 4064000 docs, 419542 candidates
[pass 1] 07: 4069000 docs, 420062 candidates
[pass 1] 07: 4138000 docs, 427220 candidates
[pass 1] 07: 4151000 docs, 428504 candidates
[pass 1] 07: 4154000 docs, 428835 candidates
[pass 1] 07: 4158000 docs, 429233 candidates
[pass 1] 07: 4159000 docs, 429335 candidates
[pass 1] 07: 4172000 docs, 430667 candidates
[pass 1] 07: 4181000 docs, 431538 candidates
[pass 1] 07: 4192000 docs, 432655 candidates
[pass 1] 07: 4196000 docs, 433080 candidates
[pass 1] 07: 4202000 docs, 433663 candidates
[pass 1] 07: 4204000 docs, 433871 candidates
[pass 1] 07: 4216000 docs, 435143 candidates
[pass 1] 07: 4221000 docs, 435651 candidates
[pass 1] 07: 4251000 docs, 438773 candidates
[pass 1] 07: 4259000 docs, 439619 candidates
[pass 1] 07: 4270000 docs, 440759 candidates
[pass 1] 07: 4272000 docs, 440989 candidates
[pass 1] 07: 4273000 docs, 441084 candidates
[pass 1] 07: 4277000 docs, 441519 candidates
[pass 1] 07: 4279000 docs, 441712 candidates
[pass 1] 07: 4282000 docs, 442037 candidates
[pass 1] 07: 4306000 docs, 444551 candidates
[pass 1] 07: 4317000 docs, 445718 candidates
[pass 1] 07: 4318000 docs, 445821 candidates
[pass 1] 07: 4331000 docs, 447177 candidates
[pass 1] 07: 4332000 docs, 447281 candidates
[pass 1] 07: 4334000 docs, 447480 candidates
[pass 1] 07: 4340000 docs, 448064 candidates
[pass 1] 07: 4342000 docs, 448265 candidates
[pass 1] 07: 4344000 docs, 448468 candidates
[pass 1] 07: 4369000 docs, 451072 candidates
[pass 1] 07: 4377000 docs, 451915 candidates
[pass 1] 07: 4392000 docs, 453389 candidates
[pass 1] 07: 4404000 docs, 454656 candidates
[pass 1] 07: 4418000 docs, 456222 candidates
[pass 1] 07: 4423000 docs, 456747 candidates
[pass 1] 07: 4430000 docs, 457430 candidates
[pass 1] 07: 4442000 docs, 458657 candidates
[pass 1] 07: 4447000 docs, 459190 candidates
[pass 1] 07: 4458000 docs, 460289 candidates
[pass 1] 07: 4461000 docs, 460587 candidates
[pass 1] 07: 4462000 docs, 460693 candidates
[pass 1] 07: 4517000 docs, 466490 candidates
[pass 1] 07: 4547000 docs, 469626 candidates
[pass 1] 07: 4548000 docs, 469717 candidates
[pass 1] 07: 4549000 docs, 469836 candidates
[pass 1] 07: 4555000 docs, 470466 candidates
[pass 1] 07: 4573000 docs, 472318 candidates
[pass 1] 07: 4574000 docs, 472437 candidates
[pass 1] 07: 4582000 docs, 473266 candidates
[pass 1] 07: 4605000 docs, 475624 candidates
[pass 1] 07: 4619000 docs, 477103 candidates
[pass 1] 07: 4632000 docs, 478434 candidates
[pass 1] 07: 4635000 docs, 478714 candidates
[pass 1] 07: 4639000 docs, 479154 candidates
[pass 1] 07: 4658000 docs, 481058 candidates
[pass 1] 07: 4675000 docs, 482806 candidates
[pass 1] 07: 4681000 docs, 483391 candidates
[pass 1] 07: 4700000 docs, 485345 candidates
[pass 1] 07: 4716000 docs, 486918 candidates
[pass 1] 07: 4718000 docs, 487129 candidates
[pass 1] 07: 4721000 docs, 487475 candidates
[pass 1] 07: 4732000 docs, 488624 candidates
[pass 1] 07: 4735000 docs, 488932 candidates
[pass 1] 07: 4750000 docs, 490528 candidates
[pass 1] 07: 4782000 docs, 493897 candidates
[pass 1] 07: 4785000 docs, 494182 candidates
[pass 1] 07: 4790000 docs, 494690 candidates
[pass 1] 07: 4807000 docs, 496414 candidates
[pass 1] 07: 4809000 docs, 496632 candidates
[pass 1] 07: 4814000 docs, 497159 candidates
[pass 1] 07: 4840000 docs, 499845 candidates
[pass 1] 07: 4873000 docs, 503310 candidates
[pass 1] 07: 4879000 docs, 503961 candidates
[pass 1] 07: 4885000 docs, 504570 candidates
[pass 1] 07: 4890000 docs, 505092 candidates
[pass 1] 07: 4899000 docs, 506052 candidates
[pass 1] 07: 4902000 docs, 506352 candidates
[pass 1] 07: 4913000 docs, 507476 candidates
[pass 1] 07: 4935000 docs, 509719 candidates
[pass 1] 07: 4944000 docs, 510653 candidates
[pass 1] 07: 4953000 docs, 511564 candidates
[pass 1] 07: 4955000 docs, 511783 candidates
[pass 1] 07: 4957000 docs, 511990 candidates
[pass 1] 07: 4990000 docs, 515271 candidates
[pass 1] 07: 4996000 docs, 515908 candidates
[pass 1] 07: 4997000 docs, 516013 candidates
[pass 1] 07: 4998000 docs, 516111 candidates
[pass 1] 07: 5003000 docs, 516686 candidates
[pass 1] 07: 5032000 docs, 519653 candidates
[pass 1] 07: 5033000 docs, 519765 candidates
[pass 1] 07: 5054000 docs, 521904 candidates
[pass 1] 07: 5059000 docs, 522363 candidates
[pass 1] 07: 5074000 docs, 523848 candidates
[pass 1] 07: 5079000 docs, 524352 candidates
[pass 1] 07: 5083000 docs, 524767 candidates
[pass 1] 07: 5102000 docs, 526710 candidates
[pass 1] 07: 5121000 docs, 528625 candidates
[pass 1] 07: 5122000 docs, 528738 candidates
[pass 1] 07: 5124000 docs, 528962 candidates
[pass 1] 07: 5130000 docs, 529538 candidates
[pass 1] 07: 5140000 docs, 530646 candidates
[pass 1] 07: 5148000 docs, 531475 candidates
[pass 1] 07: 5154000 docs, 532094 candidates
[pass 1] 07: 5164000 docs, 533147 candidates
[pass 1] 07: 5170000 docs, 533755 candidates
[pass 1] 07: 5173000 docs, 534053 candidates
[pass 1] 07: 5206000 docs, 537415 candidates
[pass 1] 07: 5265000 docs, 543456 candidates
[pass 1] 07: 5279000 docs, 544902 candidates
[pass 1] 07: 5292000 docs, 546277 candidates
[pass 1] 07: 5303000 docs, 547425 candidates
[pass 1] 07: 5308000 docs, 547913 candidates
[pass 1] 07: 5312000 docs, 548374 candidates
[pass 1] 07: 5314000 docs, 548598 candidates
[pass 1] 07: 5316000 docs, 548784 candidates
[pass 1] 07: 5325000 docs, 549731 candidates
[pass 1] 07: 5328000 docs, 550028 candidates
[pass 1] 07: 5342000 docs, 551524 candidates
[pass 1] 07: 5345000 docs, 551827 candidates
[pass 1] 07: 5349000 docs, 552276 candidates
[pass 1] 07: 5357000 docs, 553052 candidates
[pass 1] 07: 5365000 docs, 553845 candidates
[pass 1] 07: 5390000 docs, 556430 candidates
[pass 1] 07: 5425000 docs, 560027 candidates
[pass 1] 07: 5433000 docs, 560846 candidates
[pass 1] 07: 5434000 docs, 560947 candidates
[pass 1] 07: 5436000 docs, 561147 candidates
[pass 1] 07: 5462000 docs, 563903 candidates
[pass 1] 07: 5494000 docs, 567193 candidates
[pass 1] 07: 5495000 docs, 567295 candidates
[pass 1] 07: 5496000 docs, 567396 candidates
[pass 1] 07: 5516000 docs, 569417 candidates
[pass 1] 07: 5543000 docs, 572113 candidates
[pass 1] 07: 5551000 docs, 572943 candidates
[pass 1] 07: 5557000 docs, 573595 candidates
[pass 1] 07: 5559000 docs, 573798 candidates
[pass 1] 07: 5561000 docs, 574006 candidates
[pass 1] 07: 5565000 docs, 574385 candidates
[pass 1] 07: 5588000 docs, 576766 candidates
[pass 1] 07: 5605000 docs, 578535 candidates
[pass 1] 07: 5613000 docs, 579393 candidates
[pass 1] 07: 5623000 docs, 580403 candidates
[pass 1] 07: 5637000 docs, 581864 candidates
[pass 1] 07: 5653000 docs, 583529 candidates
[pass 1] 07: 5657000 docs, 583923 candidates
[pass 1] 07: 5673000 docs, 585578 candidates
[pass 1] 07: 5674000 docs, 585680 candidates
[pass 1] 07: 5702000 docs, 588530 candidates
[pass 1] 07: 5703000 docs, 588626 candidates
[pass 1] 07: 5710000 docs, 589393 candidates
[pass 1] 07: 5713000 docs, 589713 candidates
[pass 1] 07: 5720000 docs, 590440 candidates
[pass 1] 07: 5722000 docs, 590639 candidates
[pass 1] 07: 5728000 docs, 591233 candidates
[pass 1] 07: 5729000 docs, 591336 candidates
[pass 1] 07: 5731000 docs, 591543 candidates
[pass 1] 07: 5733000 docs, 591758 candidates
[pass 1] 07: 5740000 docs, 592494 candidates
[pass 1] 07: 5748000 docs, 593343 candidates
[pass 1] 07: 5749000 docs, 593451 candidates
[pass 1] 07: 5752000 docs, 593758 candidates
[pass 1] 07: 5775000 docs, 596165 candidates
[pass 1] 07: 5782000 docs, 596867 candidates
[pass 1] 07: 5787000 docs, 597371 candidates
[pass 1] 07: 5796000 docs, 598334 candidates
[pass 1] 07: 5798000 docs, 598555 candidates
[pass 1] 07: 5809000 docs, 599717 candidates
[pass 1] 07: 5816000 docs, 600427 candidates
[pass 1] 07: 5826000 docs, 601411 candidates
[pass 1] 07: 5842000 docs, 603041 candidates
[pass 1] 07: 5853000 docs, 604148 candidates
[pass 1] 07: 5854000 docs, 604263 candidates
[pass 1] 07: 5862000 docs, 605105 candidates
[pass 1] 07: 5869000 docs, 605830 candidates
[pass 1] 07: 5871000 docs, 606055 candidates
[pass 1] 07: 5874000 docs, 606363 candidates
[pass 1] 07: 5875000 docs, 606459 candidates
[pass 1] 07: 5890000 docs, 608077 candidates
[pass 1] done: 0 docs, 0 new records, yield=0.0/10K, 15336911ms
[pipeline] Flushed 10000 buffered records to store
[pipeline] Exported 0 paired records to /mnt/zfs-host/backup/projects/observer-vault/01-Projects/dataset-processor/output/paired-output.jsonl

[orchestrate] Pipeline max-passes
[orchestrate] Passes: 1, Total verb-records: 10000
  Pass 1: 0 docs, 609289 Tier-A, 0 Tier-B, 0 Tier-C, 0 records, yield=0.0/10K
