[orchestrate] Found 1 shard files
[pass 1] 17: 8000 docs, 768 candidates
[pass 1] 17: 34000 docs, 3422 candidates
[pass 1] 17: 40000 docs, 4055 candidates
[pass 1] 17: 54000 docs, 5527 candidates
[pass 1] 17: 72000 docs, 7367 candidates
[pass 1] 17: 74000 docs, 7570 candidates
[pass 1] 17: 79000 docs, 8064 candidates
[pass 1] 17: 91000 docs, 9288 candidates
[pass 1] 17: 92000 docs, 9386 candidates
[pass 1] 17: 93000 docs, 9499 candidates
[pass 1] 17: 97000 docs, 9898 candidates
[pass 1] 17: 106000 docs, 10797 candidates
[pass 1] 17: 118000 docs, 12061 candidates
[pass 1] 17: 134000 docs, 13732 candidates
[pass 1] 17: 161000 docs, 16373 candidates
[pass 1] 17: 171000 docs, 17352 candidates
[pass 1] 17: 185000 docs, 18835 candidates
[pass 1] 17: 200000 docs, 20388 candidates
[pass 1] 17: 207000 docs, 21098 candidates
[pass 1] 17: 232000 docs, 23663 candidates
[pass 1] 17: 234000 docs, 23882 candidates
[pass 1] 17: 240000 docs, 24489 candidates
[pass 1] 17: 242000 docs, 24707 candidates
[pass 1] 17: 243000 docs, 24805 candidates
[pass 1] 17: 244000 docs, 24906 candidates
[pass 1] 17: 247000 docs, 25226 candidates
[pass 1] 17: 249000 docs, 25428 candidates
[pass 1] 17: 253000 docs, 25855 candidates
[pass 1] 17: 273000 docs, 27907 candidates
[pass 1] 17: 285000 docs, 29176 candidates
[pass 1] 17: 289000 docs, 29575 candidates
[pass 1] 17: 291000 docs, 29788 candidates
[pass 1] 17: 306000 docs, 31368 candidates
[pass 1] 17: 311000 docs, 31898 candidates
[pass 1] 17: 349000 docs, 35859 candidates
[pass 1] 17: 373000 docs, 38349 candidates
[pass 1] 17: 395000 docs, 40687 candidates
[pass 1] 17: 415000 docs, 42770 candidates
[pass 1] 17: 436000 docs, 44979 candidates
[pass 1] 17: 443000 docs, 45668 candidates
[pass 1] 17: 448000 docs, 46183 candidates
[pass 1] 17: 452000 docs, 46627 candidates
[pass 1] 17: 454000 docs, 46838 candidates
[pass 1] 17: 457000 docs, 47143 candidates
[pass 1] 17: 469000 docs, 48391 candidates
[pass 1] 17: 477000 docs, 49220 candidates
[pass 1] 17: 483000 docs, 49837 candidates
[pass 1] 17: 488000 docs, 50366 candidates
[pass 1] 17: 496000 docs, 51139 candidates
[pass 1] 17: 500000 docs, 51547 candidates
[pass 1] 17: 502000 docs, 51761 candidates
[pass 1] 17: 512000 docs, 52724 candidates
[pass 1] 17: 532000 docs, 54820 candidates
[pass 1] 17: 545000 docs, 56175 candidates
[pass 1] 17: 553000 docs, 57009 candidates
[pass 1] 17: 559000 docs, 57591 candidates
[pass 1] 17: 598000 docs, 61459 candidates
[pass 1] 17: 599000 docs, 61558 candidates
[pass 1] 17: 605000 docs, 62165 candidates
[pass 1] 17: 606000 docs, 62270 candidates
[pass 1] 17: 608000 docs, 62461 candidates
[pass 1] 17: 631000 docs, 64802 candidates
[pass 1] 17: 644000 docs, 66178 candidates
[pass 1] 17: 651000 docs, 66913 candidates
[pass 1] 17: 667000 docs, 68626 candidates
[pass 1] 17: 669000 docs, 68845 candidates
[pass 1] 17: 672000 docs, 69141 candidates
[pass 1] 17: 689000 docs, 70851 candidates
[pass 1] 17: 698000 docs, 71782 candidates
[pass 1] 17: 699000 docs, 71901 candidates
[pass 1] 17: 708000 docs, 72803 candidates
[pass 1] 17: 724000 docs, 74478 candidates
[pass 1] 17: 733000 docs, 75390 candidates
[pass 1] 17: 748000 docs, 76913 candidates
[pass 1] 17: 758000 docs, 77899 candidates
[pass 1] 17: 771000 docs, 79242 candidates
[pass 1] 17: 780000 docs, 80190 candidates
[pass 1] 17: 795000 docs, 81759 candidates
[pass 1] 17: 802000 docs, 82525 candidates
[pass 1] 17: 809000 docs, 83253 candidates
[pass 1] 17: 814000 docs, 83767 candidates
[pass 1] 17: 825000 docs, 84873 candidates
[pass 1] 17: 826000 docs, 84988 candidates
[pass 1] 17: 827000 docs, 85106 candidates
[pass 1] 17: 851000 docs, 87589 candidates
[pass 1] 17: 859000 docs, 88425 candidates
[pass 1] 17: 864000 docs, 88942 candidates
[pass 1] 17: 876000 docs, 90157 candidates
[pass 1] 17: 887000 docs, 91267 candidates
[pass 1] 17: 889000 docs, 91504 candidates
[pass 1] 17: 890000 docs, 91605 candidates
[pass 1] 17: 899000 docs, 92554 candidates
[pass 1] 17: 901000 docs, 92755 candidates
[pass 1] 17: 916000 docs, 94309 candidates
[pass 1] 17: 918000 docs, 94513 candidates
[pass 1] 17: 922000 docs, 94913 candidates
[pass 1] 17: 931000 docs, 95831 candidates
[pass 1] 17: 933000 docs, 96066 candidates
[pass 1] 17: 934000 docs, 96175 candidates
[pass 1] 17: 942000 docs, 96971 candidates
[pass 1] 17: 944000 docs, 97176 candidates
[pass 1] 17: 948000 docs, 97585 candidates
[pass 1] 17: 956000 docs, 98370 candidates
[pass 1] 17: 975000 docs, 100360 candidates
[pass 1] 17: 981000 docs, 100975 candidates
[pass 1] 17: 1005000 docs, 103436 candidates
[pass 1] 17: 1008000 docs, 103733 candidates
[pass 1] 17: 1015000 docs, 104477 candidates
[pass 1] 17: 1017000 docs, 104687 candidates
[pass 1] 17: 1020000 docs, 104997 candidates
[pass 1] 17: 1021000 docs, 105103 candidates
[pass 1] 17: 1029000 docs, 105933 candidates
[pass 1] 17: 1032000 docs, 106259 candidates
[pass 1] 17: 1036000 docs, 106677 candidates
[pass 1] 17: 1042000 docs, 107302 candidates
[pass 1] 17: 1045000 docs, 107576 candidates
[pass 1] 17: 1053000 docs, 108403 candidates
[pass 1] 17: 1054000 docs, 108500 candidates
[pass 1] 17: 1061000 docs, 109193 candidates
[pass 1] 17: 1063000 docs, 109406 candidates
[pass 1] 17: 1068000 docs, 109917 candidates
[pass 1] 17: 1071000 docs, 110211 candidates
[pass 1] 17: 1079000 docs, 111020 candidates
[pass 1] 17: 1081000 docs, 111214 candidates
[pass 1] 17: 1091000 docs, 112216 candidates
[pass 1] 17: 1096000 docs, 112722 candidates
[pass 1] 17: 1097000 docs, 112833 candidates
[pass 1] 17: 1115000 docs, 114672 candidates
[pass 1] 17: 1130000 docs, 116190 candidates
[pass 1] 17: 1152000 docs, 118470 candidates
[pass 1] 17: 1153000 docs, 118576 candidates
[pass 1] 17: 1163000 docs, 119627 candidates
[pass 1] 17: 1164000 docs, 119712 candidates
[pass 1] 17: 1169000 docs, 120185 candidates
[pass 1] 17: 1180000 docs, 121321 candidates
[pass 1] 17: 1183000 docs, 121625 candidates
[pass 1] 17: 1195000 docs, 122892 candidates
[pass 1] 17: 1219000 docs, 125416 candidates
[pass 1] 17: 1230000 docs, 126526 candidates
[pass 1] 17: 1237000 docs, 127241 candidates
[pass 1] 17: 1245000 docs, 128073 candidates
[pass 1] 17: 1247000 docs, 128306 candidates
[pass 1] 17: 1253000 docs, 128923 candidates
[pass 1] 17: 1254000 docs, 129024 candidates
[pass 1] 17: 1274000 docs, 131084 candidates
[pass 1] 17: 1276000 docs, 131291 candidates
[pass 1] 17: 1287000 docs, 132398 candidates
[pass 1] 17: 1288000 docs, 132491 candidates
[pass 1] 17: 1304000 docs, 134136 candidates
[pass 1] 17: 1305000 docs, 134233 candidates
[pass 1] 17: 1306000 docs, 134344 candidates
[pass 1] 17: 1320000 docs, 135692 candidates
[pass 1] 17: 1322000 docs, 135895 candidates
[pass 1] 17: 1330000 docs, 136688 candidates
[pass 1] 17: 1333000 docs, 136983 candidates
[pass 1] 17: 1336000 docs, 137308 candidates
[pass 1] 17: 1337000 docs, 137415 candidates
[pass 1] 17: 1348000 docs, 138589 candidates
[pass 1] 17: 1353000 docs, 139111 candidates
[pass 1] 17: 1355000 docs, 139331 candidates
[pass 1] 17: 1362000 docs, 140062 candidates
[pass 1] 17: 1369000 docs, 140830 candidates
[pass 1] 17: 1375000 docs, 141417 candidates
[pass 1] 17: 1379000 docs, 141835 candidates
[pass 1] 17: 1386000 docs, 142552 candidates
[pass 1] 17: 1393000 docs, 143286 candidates
[pass 1] 17: 1401000 docs, 144118 candidates
[pass 1] 17: 1433000 docs, 147352 candidates
[pass 1] 17: 1436000 docs, 147675 candidates
[pass 1] 17: 1439000 docs, 147992 candidates
[pass 1] 17: 1444000 docs, 148545 candidates
[pass 1] 17: 1445000 docs, 148642 candidates
[pass 1] 17: 1446000 docs, 148751 candidates
[pass 1] 17: 1448000 docs, 148977 candidates
[pass 1] 17: 1455000 docs, 149707 candidates
[pass 1] 17: 1465000 docs, 150734 candidates
[pass 1] 17: 1467000 docs, 150931 candidates
[pass 1] 17: 1474000 docs, 151684 candidates
[pass 1] 17: 1480000 docs, 152286 candidates
[pass 1] 17: 1512000 docs, 155668 candidates
[pass 1] 17: 1514000 docs, 155868 candidates
[pass 1] 17: 1534000 docs, 157851 candidates
[pass 1] 17: 1536000 docs, 158043 candidates
[pass 1] 17: 1540000 docs, 158452 candidates
[pass 1] 17: 1547000 docs, 159199 candidates
[pass 1] 17: 1557000 docs, 160198 candidates
[pass 1] 17: 1566000 docs, 161095 candidates
[pass 1] 17: 1571000 docs, 161560 candidates
[pass 1] 17: 1585000 docs, 163069 candidates
[pass 1] 17: 1601000 docs, 164719 candidates
[pass 1] 17: 1606000 docs, 165226 candidates
[pass 1] 17: 1620000 docs, 166662 candidates
[pass 1] 17: 1621000 docs, 166756 candidates
[pass 1] 17: 1625000 docs, 167169 candidates
[pass 1] 17: 1645000 docs, 169186 candidates
[pass 1] 17: 1646000 docs, 169305 candidates
[pass 1] 17: 1656000 docs, 170290 candidates
[pass 1] 17: 1673000 docs, 172072 candidates
[pass 1] 17: 1682000 docs, 172993 candidates
[pass 1] 17: 1683000 docs, 173101 candidates
[pass 1] 17: 1685000 docs, 173307 candidates
[pass 1] 17: 1741000 docs, 179017 candidates
[pass 1] 17: 1751000 docs, 180047 candidates
[pass 1] 17: 1764000 docs, 181336 candidates
[pass 1] 17: 1785000 docs, 183485 candidates
[pass 1] 17: 1795000 docs, 184461 candidates
[pass 1] 17: 1804000 docs, 185344 candidates
[pass 1] 17: 1818000 docs, 186776 candidates
[pass 1] 17: 1826000 docs, 187595 candidates
[pass 1] 17: 1830000 docs, 188043 candidates
[pass 1] 17: 1836000 docs, 188649 candidates
[pass 1] 17: 1844000 docs, 189462 candidates
[pass 1] 17: 1853000 docs, 190399 candidates
[pass 1] 17: 1862000 docs, 191353 candidates
[pass 1] 17: 1875000 docs, 192644 candidates
[pass 1] 17: 1876000 docs, 192753 candidates
[pass 1] 17: 1880000 docs, 193167 candidates
[pass 1] 17: 1882000 docs, 193352 candidates
[pass 1] 17: 1887000 docs, 193856 candidates
[pass 1] 17: 1933000 docs, 198614 candidates
[pass 1] 17: 1944000 docs, 199703 candidates
[pass 1] 17: 1959000 docs, 201276 candidates
[pass 1] 17: 1962000 docs, 201600 candidates
[pass 1] 17: 1963000 docs, 201712 candidates
[pass 1] 17: 1964000 docs, 201813 candidates
[pass 1] 17: 1966000 docs, 202052 candidates
[pass 1] 17: 1972000 docs, 202724 candidates
[pass 1] 17: 1990000 docs, 204612 candidates
[pass 1] 17: 2004000 docs, 206057 candidates
[pass 1] 17: 2014000 docs, 207112 candidates
[pass 1] 17: 2017000 docs, 207423 candidates
[pass 1] 17: 2027000 docs, 208445 candidates
[pass 1] 17: 2032000 docs, 208952 candidates
[pass 1] 17: 2036000 docs, 209366 candidates
[pass 1] 17: 2038000 docs, 209568 candidates
[pass 1] 17: 2040000 docs, 209760 candidates
[pass 1] 17: 2042000 docs, 209958 candidates
[pass 1] 17: 2052000 docs, 210964 candidates
[pass 1] 17: 2055000 docs, 211223 candidates
[pass 1] 17: 2075000 docs, 213196 candidates
[pass 1] 17: 2088000 docs, 214558 candidates
[pass 1] 17: 2096000 docs, 215364 candidates
[pass 1] 17: 2101000 docs, 215853 candidates
[pass 1] 17: 2106000 docs, 216394 candidates
[pass 1] 17: 2119000 docs, 217816 candidates
[pass 1] 17: 2128000 docs, 218695 candidates
[pass 1] 17: 2129000 docs, 218800 candidates
[pass 1] 17: 2140000 docs, 219977 candidates
[pass 1] 17: 2149000 docs, 220952 candidates
[pass 1] 17: 2158000 docs, 221884 candidates
[pass 1] 17: 2159000 docs, 221998 candidates
[pass 1] 17: 2164000 docs, 222532 candidates
[pass 1] 17: 2172000 docs, 223346 candidates
[pass 1] 17: 2179000 docs, 224083 candidates
[pass 1] 17: 2180000 docs, 224176 candidates
[pass 1] 17: 2203000 docs, 226548 candidates
[pass 1] 17: 2216000 docs, 227930 candidates
[pass 1] 17: 2228000 docs, 229215 candidates
[pass 1] 17: 2229000 docs, 229310 candidates
[pass 1] 17: 2257000 docs, 232114 candidates
[pass 1] 17: 2264000 docs, 232807 candidates
[pass 1] 17: 2273000 docs, 233722 candidates
[pass 1] 17: 2281000 docs, 234554 candidates
[pass 1] 17: 2294000 docs, 235864 candidates
[pass 1] 17: 2323000 docs, 238873 candidates
[pass 1] 17: 2324000 docs, 238977 candidates
[pass 1] 17: 2325000 docs, 239088 candidates
[pass 1] 17: 2329000 docs, 239511 candidates
[pass 1] 17: 2341000 docs, 240764 candidates
[pass 1] 17: 2351000 docs, 241860 candidates
[pass 1] 17: 2359000 docs, 242678 candidates
[pass 1] 17: 2363000 docs, 243151 candidates
[pass 1] 17: 2380000 docs, 244918 candidates
[pass 1] 17: 2384000 docs, 245316 candidates
[pass 1] 17: 2393000 docs, 246226 candidates
[pass 1] 17: 2406000 docs, 247572 candidates
[pass 1] 17: 2421000 docs, 249110 candidates
[pass 1] 17: 2437000 docs, 250690 candidates
[pass 1] 17: 2442000 docs, 251229 candidates
[pass 1] 17: 2445000 docs, 251549 candidates
[pass 1] 17: 2457000 docs, 252826 candidates
[pass 1] 17: 2462000 docs, 253328 candidates
[pass 1] 17: 2465000 docs, 253667 candidates
[pass 1] 17: 2480000 docs, 255211 candidates
[pass 1] 17: 2484000 docs, 255617 candidates
[pass 1] 17: 2509000 docs, 258143 candidates
[pass 1] 17: 2516000 docs, 258824 candidates
[pass 1] 17: 2520000 docs, 259243 candidates
[pass 1] 17: 2542000 docs, 261453 candidates
[pass 1] 17: 2545000 docs, 261768 candidates
[pass 1] 17: 2548000 docs, 262094 candidates
[pass 1] 17: 2550000 docs, 262295 candidates
[pass 1] 17: 2552000 docs, 262512 candidates
[pass 1] 17: 2553000 docs, 262601 candidates
[pass 1] 17: 2585000 docs, 265950 candidates
[pass 1] 17: 2586000 docs, 266046 candidates
[pass 1] 17: 2615000 docs, 269035 candidates
[pass 1] 17: 2623000 docs, 269832 candidates
[pass 1] 17: 2624000 docs, 269936 candidates
[pass 1] 17: 2636000 docs, 271192 candidates
[pass 1] 17: 2641000 docs, 271694 candidates
[pass 1] 17: 2646000 docs, 272178 candidates
[pass 1] 17: 2648000 docs, 272396 candidates
[pass 1] 17: 2660000 docs, 273573 candidates
[pass 1] 17: 2664000 docs, 273963 candidates
[pass 1] 17: 2670000 docs, 274624 candidates
[pass 1] 17: 2683000 docs, 275957 candidates
[pass 1] 17: 2688000 docs, 276440 candidates
[pass 1] 17: 2689000 docs, 276549 candidates
[pass 1] 17: 2692000 docs, 276880 candidates
[pass 1] 17: 2707000 docs, 278382 candidates
[pass 1] 17: 2711000 docs, 278820 candidates
[pass 1] 17: 2723000 docs, 280081 candidates
[pass 1] 17: 2725000 docs, 280289 candidates
[pass 1] 17: 2731000 docs, 280922 candidates
[pass 1] 17: 2739000 docs, 281722 candidates
[pass 1] 17: 2740000 docs, 281836 candidates
[pass 1] 17: 2742000 docs, 282042 candidates
[pass 1] 17: 2755000 docs, 283379 candidates
[pass 1] 17: 2793000 docs, 287232 candidates
[pass 1] 17: 2799000 docs, 287868 candidates
[pass 1] 17: 2804000 docs, 288388 candidates
[pass 1] 17: 2805000 docs, 288479 candidates
[pass 1] 17: 2806000 docs, 288581 candidates
[pass 1] 17: 2822000 docs, 290310 candidates
[pass 1] 17: 2823000 docs, 290408 candidates
[pass 1] 17: 2834000 docs, 291519 candidates
[pass 1] 17: 2840000 docs, 292130 candidates
[pass 1] 17: 2861000 docs, 294262 candidates
[pass 1] 17: 2878000 docs, 296005 candidates
[pass 1] 17: 2885000 docs, 296748 candidates
[pass 1] 17: 2887000 docs, 296937 candidates
[pass 1] 17: 2910000 docs, 299283 candidates
[pass 1] 17: 2931000 docs, 301377 candidates
[pass 1] 17: 2936000 docs, 301899 candidates
[pass 1] 17: 2938000 docs, 302122 candidates
[pass 1] 17: 2946000 docs, 302935 candidates
[pass 1] 17: 2950000 docs, 303324 candidates
[pass 1] 17: 2957000 docs, 304047 candidates
[pass 1] 17: 2959000 docs, 304257 candidates
[pass 1] 17: 2964000 docs, 304773 candidates
[pass 1] 17: 2978000 docs, 306220 candidates
[pass 1] 17: 2982000 docs, 306643 candidates
[pass 1] 17: 2994000 docs, 307807 candidates
[pass 1] 17: 3003000 docs, 308760 candidates
[pass 1] 17: 3004000 docs, 308867 candidates
[pass 1] 17: 3006000 docs, 309098 candidates
[pass 1] 17: 3013000 docs, 309783 candidates
[pass 1] 17: 3018000 docs, 310267 candidates
[pass 1] 17: 3036000 docs, 312112 candidates
[pass 1] 17: 3045000 docs, 313040 candidates
[pass 1] 17: 3052000 docs, 313762 candidates
[pass 1] 17: 3061000 docs, 314727 candidates
[pass 1] 17: 3077000 docs, 316437 candidates
[pass 1] 17: 3079000 docs, 316664 candidates
[pass 1] 17: 3084000 docs, 317188 candidates
[pass 1] 17: 3086000 docs, 317411 candidates
[pass 1] 17: 3089000 docs, 317715 candidates
[pass 1] 17: 3093000 docs, 318145 candidates
[pass 1] 17: 3095000 docs, 318344 candidates
[pass 1] 17: 3112000 docs, 320138 candidates
[pass 1] 17: 3115000 docs, 320442 candidates
[pass 1] 17: 3118000 docs, 320735 candidates
[pass 1] 17: 3125000 docs, 321478 candidates
[pass 1] 17: 3139000 docs, 322875 candidates
[pass 1] 17: 3151000 docs, 324092 candidates
[pass 1] 17: 3152000 docs, 324198 candidates
[pass 1] 17: 3160000 docs, 325012 candidates
[pass 1] 17: 3162000 docs, 325238 candidates
[pass 1] 17: 3163000 docs, 325351 candidates
[pass 1] 17: 3175000 docs, 326619 candidates
[pass 1] 17: 3183000 docs, 327454 candidates
[pass 1] 17: 3185000 docs, 327633 candidates
[pass 1] 17: 3192000 docs, 328360 candidates
[pass 1] 17: 3206000 docs, 329822 candidates
[pass 1] 17: 3239000 docs, 333151 candidates
[pass 1] 17: 3240000 docs, 333264 candidates
[pass 1] 17: 3246000 docs, 333916 candidates
[pass 1] 17: 3255000 docs, 334843 candidates
[pass 1] 17: 3262000 docs, 335491 candidates
[pass 1] 17: 3271000 docs, 336446 candidates
[pass 1] 17: 3283000 docs, 337676 candidates
[pass 1] 17: 3295000 docs, 338903 candidates
[pass 1] 17: 3299000 docs, 339336 candidates
[pass 1] 17: 3307000 docs, 340173 candidates
[pass 1] 17: 3309000 docs, 340389 candidates
[pass 1] 17: 3313000 docs, 340798 candidates
[pass 1] 17: 3315000 docs, 341022 candidates
[pass 1] 17: 3316000 docs, 341120 candidates
[pass 1] 17: 3329000 docs, 342482 candidates
[pass 1] 17: 3334000 docs, 342994 candidates
[pass 1] 17: 3343000 docs, 343864 candidates
[pass 1] 17: 3353000 docs, 344893 candidates
[pass 1] 17: 3356000 docs, 345174 candidates
[pass 1] 17: 3378000 docs, 347435 candidates
[pass 1] 17: 3391000 docs, 348770 candidates
[pass 1] 17: 3409000 docs, 350565 candidates
[pass 1] 17: 3426000 docs, 352328 candidates
[pass 1] 17: 3430000 docs, 352721 candidates
[pass 1] 17: 3441000 docs, 353841 candidates
[pass 1] 17: 3445000 docs, 354273 candidates
[pass 1] 17: 3453000 docs, 355053 candidates
[pass 1] 17: 3460000 docs, 355765 candidates
[pass 1] 17: 3462000 docs, 355988 candidates
[pass 1] 17: 3465000 docs, 356292 candidates
[pass 1] 17: 3475000 docs, 357257 candidates
[pass 1] 17: 3481000 docs, 357924 candidates
[pass 1] 17: 3486000 docs, 358436 candidates
[pass 1] 17: 3492000 docs, 359043 candidates
[pass 1] 17: 3531000 docs, 363046 candidates
[pass 1] 17: 3545000 docs, 364531 candidates
[pass 1] 17: 3577000 docs, 367804 candidates
[pass 1] 17: 3583000 docs, 368390 candidates
[pass 1] 17: 3606000 docs, 370764 candidates
[pass 1] 17: 3625000 docs, 372706 candidates
[pass 1] 17: 3632000 docs, 373433 candidates
[pass 1] 17: 3644000 docs, 374691 candidates
[pass 1] 17: 3646000 docs, 374915 candidates
[pass 1] 17: 3655000 docs, 375835 candidates
[pass 1] 17: 3657000 docs, 376044 candidates
[pass 1] 17: 3663000 docs, 376664 candidates
[pass 1] 17: 3664000 docs, 376767 candidates
[pass 1] 17: 3678000 docs, 378148 candidates
[pass 1] 17: 3685000 docs, 378843 candidates
[pass 1] 17: 3697000 docs, 380109 candidates
[pass 1] 17: 3730000 docs, 383460 candidates
[pass 1] 17: 3739000 docs, 384401 candidates
[pass 1] 17: 3743000 docs, 384821 candidates
[pass 1] 17: 3752000 docs, 385784 candidates
[pass 1] 17: 3758000 docs, 386397 candidates
[pass 1] 17: 3764000 docs, 386989 candidates
[pass 1] 17: 3791000 docs, 389782 candidates
[pass 1] 17: 3798000 docs, 390500 candidates
[pass 1] 17: 3799000 docs, 390624 candidates
[pass 1] 17: 3804000 docs, 391134 candidates
[pass 1] 17: 3810000 docs, 391728 candidates
[pass 1] 17: 3832000 docs, 393924 candidates
[pass 1] 17: 3837000 docs, 394436 candidates
[pass 1] 17: 3838000 docs, 394549 candidates
[pass 1] 17: 3839000 docs, 394655 candidates
[pass 1] 17: 3850000 docs, 395733 candidates
[pass 1] 17: 3854000 docs, 396132 candidates
[pass 1] 17: 3855000 docs, 396236 candidates
[pass 1] 17: 3864000 docs, 397157 candidates
[pass 1] 17: 3882000 docs, 398971 candidates
[pass 1] 17: 3887000 docs, 399489 candidates
[pass 1] 17: 3896000 docs, 400421 candidates
[pass 1] 17: 3919000 docs, 402835 candidates
[pass 1] 17: 3941000 docs, 405180 candidates
[pass 1] 17: 3942000 docs, 405275 candidates
[pass 1] 17: 3950000 docs, 406113 candidates
[pass 1] 17: 3963000 docs, 407462 candidates
[pass 1] 17: 3974000 docs, 408634 candidates
[pass 1] 17: 3980000 docs, 409221 candidates
[pass 1] 17: 3983000 docs, 409532 candidates
[pass 1] 17: 4002000 docs, 411451 candidates
[pass 1] 17: 4013000 docs, 412603 candidates
[pass 1] 17: 4023000 docs, 413639 candidates
[pass 1] 17: 4024000 docs, 413735 candidates
[pass 1] 17: 4043000 docs, 415727 candidates
[pass 1] 17: 4054000 docs, 416898 candidates
[pass 1] 17: 4079000 docs, 419426 candidates
[pass 1] 17: 4094000 docs, 420991 candidates
[pass 1] 17: 4098000 docs, 421424 candidates
[pass 1] 17: 4112000 docs, 422890 candidates
[pass 1] 17: 4115000 docs, 423192 candidates
[pass 1] 17: 4129000 docs, 424615 candidates
[pass 1] 17: 4137000 docs, 425412 candidates
[pass 1] 17: 4142000 docs, 425926 candidates
[pass 1] 17: 4163000 docs, 428177 candidates
[pass 1] 17: 4164000 docs, 428267 candidates
[pass 1] 17: 4166000 docs, 428446 candidates
[pass 1] 17: 4168000 docs, 428660 candidates
[pass 1] 17: 4179000 docs, 429776 candidates
[pass 1] 17: 4194000 docs, 431371 candidates
[pass 1] 17: 4213000 docs, 433323 candidates
[pass 1] 17: 4214000 docs, 433414 candidates
[pass 1] 17: 4216000 docs, 433601 candidates
[pass 1] 17: 4230000 docs, 435034 candidates
[pass 1] 17: 4253000 docs, 437389 candidates
[pass 1] 17: 4264000 docs, 438542 candidates
[pass 1] 17: 4292000 docs, 441449 candidates
[pass 1] 17: 4293000 docs, 441553 candidates
[pass 1] 17: 4313000 docs, 443627 candidates
[pass 1] 17: 4353000 docs, 447789 candidates
[pass 1] 17: 4370000 docs, 449504 candidates
[pass 1] 17: 4391000 docs, 451682 candidates
[pass 1] 17: 4402000 docs, 452885 candidates
[pass 1] 17: 4418000 docs, 454510 candidates
[pass 1] 17: 4436000 docs, 456315 candidates
[pass 1] 17: 4441000 docs, 456841 candidates
[pass 1] 17: 4442000 docs, 456941 candidates
[pass 1] 17: 4443000 docs, 457061 candidates
[pass 1] 17: 4485000 docs, 461359 candidates
[pass 1] 17: 4487000 docs, 461604 candidates
[pass 1] 17: 4488000 docs, 461721 candidates
[pass 1] 17: 4490000 docs, 461934 candidates
[pass 1] 17: 4499000 docs, 462903 candidates
[pass 1] 17: 4507000 docs, 463704 candidates
[pass 1] 17: 4513000 docs, 464345 candidates
[pass 1] 17: 4527000 docs, 465813 candidates
[pass 1] 17: 4537000 docs, 466862 candidates
[pass 1] 17: 4544000 docs, 467588 candidates
[pass 1] 17: 4607000 docs, 473956 candidates
[pass 1] 17: 4622000 docs, 475458 candidates
[pass 1] 17: 4630000 docs, 476227 candidates
[pass 1] 17: 4639000 docs, 477181 candidates
[pass 1] 17: 4650000 docs, 478278 candidates
[pass 1] 17: 4656000 docs, 478900 candidates
[pass 1] 17: 4678000 docs, 481180 candidates
[pass 1] 17: 4700000 docs, 483391 candidates
[pass 1] 17: 4705000 docs, 483884 candidates
[pass 1] 17: 4714000 docs, 484793 candidates
[pass 1] 17: 4728000 docs, 486260 candidates
[pass 1] 17: 4754000 docs, 488954 candidates
[pass 1] 17: 4767000 docs, 490294 candidates
[pass 1] 17: 4773000 docs, 490944 candidates
[pass 1] 17: 4778000 docs, 491442 candidates
[pass 1] 17: 4789000 docs, 492580 candidates
[pass 1] 17: 4818000 docs, 495557 candidates
[pass 1] 17: 4827000 docs, 496463 candidates
[pass 1] 17: 4828000 docs, 496569 candidates
[pass 1] 17: 4836000 docs, 497405 candidates
[pass 1] 17: 4837000 docs, 497501 candidates
[pass 1] 17: 4839000 docs, 497714 candidates
[pass 1] 17: 4842000 docs, 498035 candidates
[pass 1] 17: 4845000 docs, 498340 candidates
[pass 1] 17: 4851000 docs, 498966 candidates
[pass 1] 17: 4854000 docs, 499266 candidates
[pass 1] 17: 4867000 docs, 500596 candidates
[pass 1] 17: 4896000 docs, 503657 candidates
[pass 1] 17: 4898000 docs, 503874 candidates
[pass 1] 17: 4905000 docs, 504629 candidates
[pass 1] 17: 4907000 docs, 504815 candidates
[pass 1] 17: 4910000 docs, 505106 candidates
[pass 1] 17: 4916000 docs, 505759 candidates
[pass 1] 17: 4921000 docs, 506276 candidates
[pass 1] 17: 4922000 docs, 506384 candidates
[pass 1] 17: 4923000 docs, 506487 candidates
[pass 1] 17: 4927000 docs, 506898 candidates
[pass 1] 17: 4963000 docs, 510596 candidates
[pass 1] 17: 4976000 docs, 512011 candidates
[pass 1] 17: 4990000 docs, 513440 candidates
[pass 1] 17: 4995000 docs, 513943 candidates
[pass 1] 17: 4996000 docs, 514038 candidates
[pass 1] 17: 4999000 docs, 514327 candidates
[pass 1] 17: 5014000 docs, 515884 candidates
[pass 1] 17: 5020000 docs, 516521 candidates
[pass 1] 17: 5042000 docs, 518747 candidates
[pass 1] 17: 5047000 docs, 519237 candidates
[pass 1] 17: 5048000 docs, 519322 candidates
[pass 1] 17: 5054000 docs, 519948 candidates
[pass 1] 17: 5064000 docs, 520962 candidates
[pass 1] 17: 5076000 docs, 522231 candidates
[pass 1] 17: 5080000 docs, 522634 candidates
[pass 1] 17: 5081000 docs, 522740 candidates
[pass 1] 17: 5094000 docs, 524033 candidates
[pass 1] 17: 5111000 docs, 525798 candidates
[pass 1] 17: 5123000 docs, 527107 candidates
[pass 1] 17: 5128000 docs, 527626 candidates
[pass 1] 17: 5135000 docs, 528371 candidates
[pass 1] 17: 5147000 docs, 529630 candidates
[pass 1] 17: 5149000 docs, 529819 candidates
[pass 1] 17: 5166000 docs, 531520 candidates
[pass 1] 17: 5168000 docs, 531718 candidates
[pass 1] 17: 5170000 docs, 531912 candidates
[pass 1] 17: 5173000 docs, 532256 candidates
[pass 1] 17: 5190000 docs, 533981 candidates
[pass 1] 17: 5203000 docs, 535333 candidates
[pass 1] 17: 5216000 docs, 536741 candidates
[pass 1] 17: 5234000 docs, 538541 candidates
[pass 1] 17: 5260000 docs, 541185 candidates
[pass 1] 17: 5271000 docs, 542303 candidates
[pass 1] 17: 5275000 docs, 542744 candidates
[pass 1] 17: 5279000 docs, 543147 candidates
[pass 1] 17: 5285000 docs, 543764 candidates
[pass 1] 17: 5293000 docs, 544523 candidates
[pass 1] 17: 5304000 docs, 545714 candidates
[pass 1] 17: 5316000 docs, 546946 candidates
[pass 1] 17: 5317000 docs, 547061 candidates
[pass 1] 17: 5320000 docs, 547370 candidates
[pass 1] 17: 5351000 docs, 550618 candidates
[pass 1] 17: 5353000 docs, 550849 candidates
[pass 1] 17: 5359000 docs, 551484 candidates
[pass 1] 17: 5361000 docs, 551675 candidates
[pass 1] 17: 5372000 docs, 552875 candidates
[pass 1] 17: 5373000 docs, 552968 candidates
[pass 1] 17: 5386000 docs, 554329 candidates
[pass 1] 17: 5394000 docs, 555165 candidates
[pass 1] 17: 5398000 docs, 555603 candidates
[pass 1] 17: 5399000 docs, 555707 candidates
[pass 1] 17: 5412000 docs, 556968 candidates
[pass 1] 17: 5418000 docs, 557597 candidates
[pass 1] 17: 5433000 docs, 559091 candidates
[pass 1] 17: 5439000 docs, 559746 candidates
[pass 1] 17: 5449000 docs, 560823 candidates
[pass 1] 17: 5450000 docs, 560920 candidates
[pass 1] 17: 5460000 docs, 561962 candidates
[pass 1] 17: 5476000 docs, 563623 candidates
[pass 1] 17: 5486000 docs, 564674 candidates
[pass 1] 17: 5495000 docs, 565621 candidates
[pass 1] 17: 5505000 docs, 566674 candidates
[pass 1] 17: 5534000 docs, 569685 candidates
[pass 1] 17: 5540000 docs, 570295 candidates
[pass 1] 17: 5553000 docs, 571672 candidates
[pass 1] 17: 5559000 docs, 572316 candidates
[pass 1] 17: 5569000 docs, 573335 candidates
[pass 1] 17: 5586000 docs, 575116 candidates
[pass 1] 17: 5593000 docs, 575797 candidates
[pass 1] 17: 5600000 docs, 576540 candidates
[pass 1] 17: 5603000 docs, 576884 candidates
[pass 1] 17: 5616000 docs, 578210 candidates
[pass 1] 17: 5630000 docs, 579655 candidates
[pass 1] 17: 5642000 docs, 580917 candidates
[pass 1] 17: 5653000 docs, 582033 candidates
[pass 1] 17: 5654000 docs, 582139 candidates
[pass 1] 17: 5656000 docs, 582344 candidates
[pass 1] 17: 5666000 docs, 583389 candidates
[pass 1] 17: 5676000 docs, 584422 candidates
[pass 1] 17: 5685000 docs, 585332 candidates
[pass 1] 17: 5698000 docs, 586720 candidates
[pass 1] 17: 5714000 docs, 588432 candidates
[pass 1] 17: 5716000 docs, 588629 candidates
[pass 1] 17: 5720000 docs, 589018 candidates
[pass 1] 17: 5725000 docs, 589559 candidates
[pass 1] 17: 5727000 docs, 589743 candidates
[pass 1] 17: 5762000 docs, 593302 candidates
[pass 1] 17: 5774000 docs, 594549 candidates
[pass 1] 17: 5775000 docs, 594649 candidates
[pass 1] 17: 5778000 docs, 594956 candidates
[pass 1] 17: 5782000 docs, 595377 candidates
[pass 1] 17: 5804000 docs, 597574 candidates
[pass 1] 17: 5821000 docs, 599316 candidates
[pass 1] 17: 5843000 docs, 601625 candidates
[pass 1] 17: 5845000 docs, 601870 candidates
[pass 1] 17: 5846000 docs, 601980 candidates
[pass 1] 17: 5849000 docs, 602325 candidates
[pass 1] 17: 5873000 docs, 604755 candidates
[pass 1] 17: 5874000 docs, 604857 candidates
[pass 1] 17: 5882000 docs, 605677 candidates
[pass 1] 17: 5887000 docs, 606202 candidates
[pass 1] 17: 5900000 docs, 607549 candidates
[pass 1] done: 0 docs, 0 new records, yield=0.0/10K, 15876925ms
[pipeline] Flushed 10000 buffered records to store
[pipeline] Exported 0 paired records to /mnt/zfs-host/backup/projects/observer-vault/01-Projects/dataset-processor/output/paired-output.jsonl

[orchestrate] Pipeline max-passes
[orchestrate] Passes: 1, Total verb-records: 10000
  Pass 1: 0 docs, 607859 Tier-A, 0 Tier-B, 0 Tier-C, 0 records, yield=0.0/10K
