[orchestrate] Found 1 shard files
[pass 1] 25: 8000 docs, 850 candidates
[pass 1] 25: 15000 docs, 1627 candidates
[pass 1] 25: 16000 docs, 1713 candidates
[pass 1] 25: 29000 docs, 3063 candidates
[pass 1] 25: 31000 docs, 3295 candidates
[pass 1] 25: 39000 docs, 4123 candidates
[pass 1] 25: 43000 docs, 4497 candidates
[pass 1] 25: 69000 docs, 7105 candidates
[pass 1] 25: 82000 docs, 8446 candidates
[pass 1] 25: 93000 docs, 9592 candidates
[pass 1] 25: 98000 docs, 10131 candidates
[pass 1] 25: 103000 docs, 10688 candidates
[pass 1] 25: 110000 docs, 11395 candidates
[pass 1] 25: 117000 docs, 12111 candidates
[pass 1] 25: 120000 docs, 12426 candidates
[pass 1] 25: 121000 docs, 12530 candidates
[pass 1] 25: 129000 docs, 13381 candidates
[pass 1] 25: 158000 docs, 16377 candidates
[pass 1] 25: 164000 docs, 17010 candidates
[pass 1] 25: 166000 docs, 17227 candidates
[pass 1] 25: 167000 docs, 17322 candidates
[pass 1] 25: 175000 docs, 18135 candidates
[pass 1] 25: 176000 docs, 18249 candidates
[pass 1] 25: 182000 docs, 18871 candidates
[pass 1] 25: 189000 docs, 19593 candidates
[pass 1] 25: 191000 docs, 19797 candidates
[pass 1] 25: 217000 docs, 22481 candidates
[pass 1] 25: 227000 docs, 23482 candidates
[pass 1] 25: 240000 docs, 24866 candidates
[pass 1] 25: 250000 docs, 25934 candidates
[pass 1] 25: 260000 docs, 26937 candidates
[pass 1] 25: 270000 docs, 27996 candidates
[pass 1] 25: 292000 docs, 30245 candidates
[pass 1] 25: 294000 docs, 30462 candidates
[pass 1] 25: 296000 docs, 30669 candidates
[pass 1] 25: 306000 docs, 31660 candidates
[pass 1] 25: 307000 docs, 31760 candidates
[pass 1] 25: 314000 docs, 32481 candidates
[pass 1] 25: 317000 docs, 32819 candidates
[pass 1] 25: 337000 docs, 34854 candidates
[pass 1] 25: 338000 docs, 34952 candidates
[pass 1] 25: 339000 docs, 35056 candidates
[pass 1] 25: 349000 docs, 36045 candidates
[pass 1] 25: 350000 docs, 36140 candidates
[pass 1] 25: 416000 docs, 42953 candidates
[pass 1] 25: 418000 docs, 43181 candidates
[pass 1] 25: 435000 docs, 44931 candidates
[pass 1] 25: 436000 docs, 45037 candidates
[pass 1] 25: 445000 docs, 45974 candidates
[pass 1] 25: 469000 docs, 48514 candidates
[pass 1] 25: 492000 docs, 50933 candidates
[pass 1] 25: 504000 docs, 52117 candidates
[pass 1] 25: 506000 docs, 52329 candidates
[pass 1] 25: 517000 docs, 53483 candidates
[pass 1] 25: 531000 docs, 54941 candidates
[pass 1] 25: 548000 docs, 56640 candidates
[pass 1] 25: 562000 docs, 58116 candidates
[pass 1] 25: 564000 docs, 58344 candidates
[pass 1] 25: 580000 docs, 60042 candidates
[pass 1] 25: 594000 docs, 61524 candidates
[pass 1] 25: 612000 docs, 63423 candidates
[pass 1] 25: 620000 docs, 64252 candidates
[pass 1] 25: 632000 docs, 65454 candidates
[pass 1] 25: 646000 docs, 66841 candidates
[pass 1] 25: 658000 docs, 68014 candidates
[pass 1] 25: 668000 docs, 69022 candidates
[pass 1] 25: 672000 docs, 69463 candidates
[pass 1] 25: 698000 docs, 72105 candidates
[pass 1] 25: 702000 docs, 72521 candidates
[pass 1] 25: 703000 docs, 72618 candidates
[pass 1] 25: 716000 docs, 73984 candidates
[pass 1] 25: 722000 docs, 74583 candidates
[pass 1] 25: 738000 docs, 76224 candidates
[pass 1] 25: 745000 docs, 76945 candidates
[pass 1] 25: 750000 docs, 77435 candidates
[pass 1] 25: 764000 docs, 78851 candidates
[pass 1] 25: 770000 docs, 79481 candidates
[pass 1] 25: 797000 docs, 82250 candidates
[pass 1] 25: 815000 docs, 84117 candidates
[pass 1] 25: 830000 docs, 85652 candidates
[pass 1] 25: 857000 docs, 88373 candidates
[pass 1] 25: 869000 docs, 89601 candidates
[pass 1] 25: 875000 docs, 90237 candidates
[pass 1] 25: 879000 docs, 90643 candidates
[pass 1] 25: 887000 docs, 91482 candidates
[pass 1] 25: 890000 docs, 91784 candidates
[pass 1] 25: 891000 docs, 91891 candidates
[pass 1] 25: 898000 docs, 92625 candidates
[pass 1] 25: 907000 docs, 93586 candidates
[pass 1] 25: 933000 docs, 96268 candidates
[pass 1] 25: 952000 docs, 98230 candidates
[pass 1] 25: 956000 docs, 98638 candidates
[pass 1] 25: 969000 docs, 100027 candidates
[pass 1] 25: 972000 docs, 100327 candidates
[pass 1] 25: 1000000 docs, 103165 candidates
[pass 1] 25: 1006000 docs, 103782 candidates
[pass 1] 25: 1021000 docs, 105347 candidates
[pass 1] 25: 1024000 docs, 105668 candidates
[pass 1] 25: 1026000 docs, 105891 candidates
[pass 1] 25: 1028000 docs, 106090 candidates
[pass 1] 25: 1029000 docs, 106202 candidates
[pass 1] 25: 1031000 docs, 106393 candidates
[pass 1] 25: 1032000 docs, 106511 candidates
[pass 1] 25: 1038000 docs, 107115 candidates
[pass 1] 25: 1055000 docs, 108878 candidates
[pass 1] 25: 1068000 docs, 110227 candidates
[pass 1] 25: 1080000 docs, 111444 candidates
[pass 1] 25: 1107000 docs, 114179 candidates
[pass 1] 25: 1112000 docs, 114698 candidates
[pass 1] 25: 1121000 docs, 115570 candidates
[pass 1] 25: 1143000 docs, 117760 candidates
[pass 1] 25: 1148000 docs, 118295 candidates
[pass 1] 25: 1153000 docs, 118825 candidates
[pass 1] 25: 1158000 docs, 119329 candidates
[pass 1] 25: 1179000 docs, 121492 candidates
[pass 1] 25: 1182000 docs, 121808 candidates
[pass 1] 25: 1191000 docs, 122751 candidates
[pass 1] 25: 1211000 docs, 124874 candidates
[pass 1] 25: 1240000 docs, 127951 candidates
[pass 1] 25: 1254000 docs, 129435 candidates
[pass 1] 25: 1259000 docs, 129979 candidates
[pass 1] 25: 1260000 docs, 130084 candidates
[pass 1] 25: 1261000 docs, 130189 candidates
[pass 1] 25: 1265000 docs, 130587 candidates
[pass 1] 25: 1268000 docs, 130917 candidates
[pass 1] 25: 1273000 docs, 131436 candidates
[pass 1] 25: 1275000 docs, 131645 candidates
[pass 1] 25: 1276000 docs, 131752 candidates
[pass 1] 25: 1277000 docs, 131850 candidates
[pass 1] 25: 1285000 docs, 132663 candidates
[pass 1] 25: 1292000 docs, 133370 candidates
[pass 1] 25: 1297000 docs, 133864 candidates
[pass 1] 25: 1318000 docs, 136038 candidates
[pass 1] 25: 1322000 docs, 136420 candidates
[pass 1] 25: 1323000 docs, 136524 candidates
[pass 1] 25: 1333000 docs, 137565 candidates
[pass 1] 25: 1340000 docs, 138300 candidates
[pass 1] 25: 1344000 docs, 138705 candidates
[pass 1] 25: 1353000 docs, 139639 candidates
[pass 1] 25: 1363000 docs, 140601 candidates
[pass 1] 25: 1373000 docs, 141631 candidates
[pass 1] 25: 1391000 docs, 143508 candidates
[pass 1] 25: 1393000 docs, 143713 candidates
[pass 1] 25: 1398000 docs, 144269 candidates
[pass 1] 25: 1417000 docs, 146191 candidates
[pass 1] 25: 1420000 docs, 146477 candidates
[pass 1] 25: 1430000 docs, 147473 candidates
[pass 1] 25: 1436000 docs, 148099 candidates
[pass 1] 25: 1440000 docs, 148513 candidates
[pass 1] 25: 1442000 docs, 148711 candidates
[pass 1] 25: 1463000 docs, 150869 candidates
[pass 1] 25: 1471000 docs, 151738 candidates
[pass 1] 25: 1480000 docs, 152650 candidates
[pass 1] 25: 1481000 docs, 152757 candidates
[pass 1] 25: 1497000 docs, 154449 candidates
[pass 1] 25: 1502000 docs, 154965 candidates
[pass 1] 25: 1507000 docs, 155492 candidates
[pass 1] 25: 1512000 docs, 155967 candidates
[pass 1] 25: 1530000 docs, 157862 candidates
[pass 1] 25: 1566000 docs, 161613 candidates
[pass 1] 25: 1567000 docs, 161719 candidates
[pass 1] 25: 1588000 docs, 163890 candidates
[pass 1] 25: 1595000 docs, 164645 candidates
[pass 1] 25: 1600000 docs, 165168 candidates
[pass 1] 25: 1610000 docs, 166232 candidates
[pass 1] 25: 1625000 docs, 167700 candidates
[pass 1] 25: 1628000 docs, 168011 candidates
[pass 1] 25: 1636000 docs, 168823 candidates
[pass 1] 25: 1637000 docs, 168944 candidates
[pass 1] 25: 1645000 docs, 169751 candidates
[pass 1] 25: 1660000 docs, 171275 candidates
[pass 1] 25: 1661000 docs, 171387 candidates
[pass 1] 25: 1665000 docs, 171776 candidates
[pass 1] 25: 1678000 docs, 173135 candidates
[pass 1] 25: 1698000 docs, 175196 candidates
[pass 1] 25: 1708000 docs, 176276 candidates
[pass 1] 25: 1709000 docs, 176386 candidates
[pass 1] 25: 1723000 docs, 177888 candidates
[pass 1] 25: 1735000 docs, 179132 candidates
[pass 1] 25: 1738000 docs, 179444 candidates
[pass 1] 25: 1748000 docs, 180483 candidates
[pass 1] 25: 1753000 docs, 181007 candidates
[pass 1] 25: 1771000 docs, 182854 candidates
[pass 1] 25: 1774000 docs, 183168 candidates
[pass 1] 25: 1781000 docs, 183915 candidates
[pass 1] 25: 1786000 docs, 184426 candidates
[pass 1] 25: 1789000 docs, 184731 candidates
[pass 1] 25: 1795000 docs, 185364 candidates
[pass 1] 25: 1799000 docs, 185809 candidates
[pass 1] 25: 1803000 docs, 186227 candidates
[pass 1] 25: 1814000 docs, 187359 candidates
[pass 1] 25: 1820000 docs, 187972 candidates
[pass 1] 25: 1827000 docs, 188648 candidates
[pass 1] 25: 1829000 docs, 188846 candidates
[pass 1] 25: 1835000 docs, 189531 candidates
[pass 1] 25: 1858000 docs, 191865 candidates
[pass 1] 25: 1860000 docs, 192094 candidates
[pass 1] 25: 1865000 docs, 192633 candidates
[pass 1] 25: 1877000 docs, 193892 candidates
[pass 1] 25: 1885000 docs, 194690 candidates
[pass 1] 25: 1886000 docs, 194796 candidates
[pass 1] 25: 1905000 docs, 196786 candidates
[pass 1] 25: 1907000 docs, 196979 candidates
[pass 1] 25: 1908000 docs, 197066 candidates
[pass 1] 25: 1910000 docs, 197270 candidates
[pass 1] 25: 1923000 docs, 198590 candidates
[pass 1] 25: 1933000 docs, 199623 candidates
[pass 1] 25: 1944000 docs, 200722 candidates
[pass 1] 25: 1954000 docs, 201768 candidates
[pass 1] 25: 1957000 docs, 202101 candidates
[pass 1] 25: 1975000 docs, 203940 candidates
[pass 1] 25: 1987000 docs, 205092 candidates
[pass 1] 25: 1995000 docs, 205967 candidates
[pass 1] 25: 2016000 docs, 208123 candidates
[pass 1] 25: 2027000 docs, 209232 candidates
[pass 1] 25: 2041000 docs, 210663 candidates
[pass 1] 25: 2044000 docs, 210929 candidates
[pass 1] 25: 2058000 docs, 212351 candidates
[pass 1] 25: 2059000 docs, 212456 candidates
[pass 1] 25: 2060000 docs, 212553 candidates
[pass 1] 25: 2071000 docs, 213701 candidates
[pass 1] 25: 2082000 docs, 214762 candidates
[pass 1] 25: 2083000 docs, 214860 candidates
[pass 1] 25: 2098000 docs, 216384 candidates
[pass 1] 25: 2102000 docs, 216798 candidates
[pass 1] 25: 2104000 docs, 217011 candidates
[pass 1] 25: 2113000 docs, 217888 candidates
[pass 1] 25: 2117000 docs, 218295 candidates
[pass 1] 25: 2134000 docs, 220016 candidates
[pass 1] 25: 2141000 docs, 220729 candidates
[pass 1] 25: 2144000 docs, 221073 candidates
[pass 1] 25: 2148000 docs, 221494 candidates
[pass 1] 25: 2152000 docs, 221936 candidates
[pass 1] 25: 2153000 docs, 222040 candidates
[pass 1] 25: 2161000 docs, 222871 candidates
[pass 1] 25: 2167000 docs, 223501 candidates
[pass 1] 25: 2200000 docs, 226851 candidates
[pass 1] 25: 2201000 docs, 226961 candidates
[pass 1] 25: 2206000 docs, 227477 candidates
[pass 1] 25: 2216000 docs, 228462 candidates
[pass 1] 25: 2218000 docs, 228664 candidates
[pass 1] 25: 2229000 docs, 229804 candidates
[pass 1] 25: 2239000 docs, 230868 candidates
[pass 1] 25: 2255000 docs, 232552 candidates
[pass 1] 25: 2258000 docs, 232831 candidates
[pass 1] 25: 2260000 docs, 233052 candidates
[pass 1] 25: 2263000 docs, 233374 candidates
[pass 1] 25: 2272000 docs, 234306 candidates
[pass 1] 25: 2273000 docs, 234419 candidates
[pass 1] 25: 2274000 docs, 234519 candidates
[pass 1] 25: 2277000 docs, 234821 candidates
[pass 1] 25: 2284000 docs, 235533 candidates
[pass 1] 25: 2311000 docs, 238327 candidates
[pass 1] 25: 2325000 docs, 239787 candidates
[pass 1] 25: 2336000 docs, 240957 candidates
[pass 1] 25: 2338000 docs, 241175 candidates
[pass 1] 25: 2341000 docs, 241514 candidates
[pass 1] 25: 2360000 docs, 243443 candidates
[pass 1] 25: 2362000 docs, 243659 candidates
[pass 1] 25: 2369000 docs, 244402 candidates
[pass 1] 25: 2377000 docs, 245181 candidates
[pass 1] 25: 2378000 docs, 245277 candidates
[pass 1] 25: 2384000 docs, 245946 candidates
[pass 1] 25: 2407000 docs, 248363 candidates
[pass 1] 25: 2411000 docs, 248774 candidates
[pass 1] 25: 2415000 docs, 249180 candidates
[pass 1] 25: 2417000 docs, 249381 candidates
[pass 1] 25: 2420000 docs, 249700 candidates
[pass 1] 25: 2431000 docs, 250805 candidates
[pass 1] 25: 2433000 docs, 251018 candidates
[pass 1] 25: 2435000 docs, 251237 candidates
[pass 1] 25: 2456000 docs, 253427 candidates
[pass 1] 25: 2477000 docs, 255633 candidates
[pass 1] 25: 2558000 docs, 263929 candidates
[pass 1] 25: 2559000 docs, 264031 candidates
[pass 1] 25: 2566000 docs, 264786 candidates
[pass 1] 25: 2599000 docs, 268182 candidates
[pass 1] 25: 2637000 docs, 272092 candidates
[pass 1] 25: 2641000 docs, 272525 candidates
[pass 1] 25: 2643000 docs, 272736 candidates
[pass 1] 25: 2649000 docs, 273395 candidates
[pass 1] 25: 2650000 docs, 273484 candidates
[pass 1] 25: 2653000 docs, 273790 candidates
[pass 1] 25: 2662000 docs, 274657 candidates
[pass 1] 25: 2663000 docs, 274757 candidates
[pass 1] 25: 2665000 docs, 274972 candidates
[pass 1] 25: 2666000 docs, 275085 candidates
[pass 1] 25: 2684000 docs, 276973 candidates
[pass 1] 25: 2686000 docs, 277183 candidates
[pass 1] 25: 2691000 docs, 277740 candidates
[pass 1] 25: 2703000 docs, 279013 candidates
[pass 1] 25: 2725000 docs, 281295 candidates
[pass 1] 25: 2747000 docs, 283516 candidates
[pass 1] 25: 2760000 docs, 284888 candidates
[pass 1] 25: 2761000 docs, 284980 candidates
[pass 1] 25: 2775000 docs, 286368 candidates
[pass 1] 25: 2795000 docs, 288482 candidates
[pass 1] 25: 2798000 docs, 288782 candidates
[pass 1] 25: 2799000 docs, 288879 candidates
[pass 1] 25: 2805000 docs, 289494 candidates
[pass 1] 25: 2812000 docs, 290177 candidates
[pass 1] 25: 2813000 docs, 290281 candidates
[pass 1] 25: 2814000 docs, 290409 candidates
[pass 1] 25: 2828000 docs, 291845 candidates
[pass 1] 25: 2832000 docs, 292255 candidates
[pass 1] 25: 2838000 docs, 292873 candidates
[pass 1] 25: 2842000 docs, 293281 candidates
[pass 1] 25: 2844000 docs, 293517 candidates
[pass 1] 25: 2847000 docs, 293845 candidates
[pass 1] 25: 2872000 docs, 296442 candidates
[pass 1] 25: 2879000 docs, 297149 candidates
[pass 1] 25: 2888000 docs, 298085 candidates
[pass 1] 25: 2890000 docs, 298291 candidates
[pass 1] 25: 2903000 docs, 299577 candidates
[pass 1] 25: 2904000 docs, 299698 candidates
[pass 1] 25: 2919000 docs, 301295 candidates
[pass 1] 25: 2960000 docs, 305580 candidates
[pass 1] 25: 2962000 docs, 305803 candidates
[pass 1] 25: 2964000 docs, 305997 candidates
[pass 1] 25: 2974000 docs, 307032 candidates
[pass 1] 25: 2981000 docs, 307813 candidates
[pass 1] 25: 2991000 docs, 308845 candidates
[pass 1] 25: 2996000 docs, 309368 candidates
[pass 1] 25: 2997000 docs, 309495 candidates
[pass 1] 25: 3014000 docs, 311243 candidates
[pass 1] 25: 3016000 docs, 311450 candidates
[pass 1] 25: 3032000 docs, 313037 candidates
[pass 1] 25: 3054000 docs, 315285 candidates
[pass 1] 25: 3060000 docs, 315885 candidates
[pass 1] 25: 3061000 docs, 315973 candidates
[pass 1] 25: 3062000 docs, 316086 candidates
[pass 1] 25: 3065000 docs, 316393 candidates
[pass 1] 25: 3076000 docs, 317530 candidates
[pass 1] 25: 3088000 docs, 318812 candidates
[pass 1] 25: 3094000 docs, 319444 candidates
[pass 1] 25: 3095000 docs, 319539 candidates
[pass 1] 25: 3097000 docs, 319756 candidates
[pass 1] 25: 3102000 docs, 320253 candidates
[pass 1] 25: 3109000 docs, 320987 candidates
[pass 1] 25: 3116000 docs, 321713 candidates
[pass 1] 25: 3126000 docs, 322723 candidates
[pass 1] 25: 3134000 docs, 323549 candidates
[pass 1] 25: 3137000 docs, 323857 candidates
[pass 1] 25: 3156000 docs, 325850 candidates
[pass 1] 25: 3178000 docs, 328091 candidates
[pass 1] 25: 3186000 docs, 328915 candidates
[pass 1] 25: 3188000 docs, 329142 candidates
[pass 1] 25: 3195000 docs, 329855 candidates
[pass 1] 25: 3196000 docs, 329968 candidates
[pass 1] 25: 3202000 docs, 330570 candidates
[pass 1] 25: 3205000 docs, 330864 candidates
[pass 1] 25: 3218000 docs, 332127 candidates
[pass 1] 25: 3235000 docs, 333953 candidates
[pass 1] 25: 3241000 docs, 334590 candidates
[pass 1] 25: 3244000 docs, 334904 candidates
[pass 1] 25: 3251000 docs, 335625 candidates
[pass 1] 25: 3253000 docs, 335839 candidates
[pass 1] 25: 3254000 docs, 335934 candidates
[pass 1] 25: 3280000 docs, 338649 candidates
[pass 1] 25: 3303000 docs, 341076 candidates
[pass 1] 25: 3304000 docs, 341208 candidates
[pass 1] 25: 3315000 docs, 342369 candidates
[pass 1] 25: 3316000 docs, 342475 candidates
[pass 1] 25: 3317000 docs, 342578 candidates
[pass 1] 25: 3323000 docs, 343192 candidates
[pass 1] 25: 3329000 docs, 343835 candidates
[pass 1] 25: 3345000 docs, 345552 candidates
[pass 1] 25: 3360000 docs, 347097 candidates
[pass 1] 25: 3373000 docs, 348447 candidates
[pass 1] 25: 3374000 docs, 348557 candidates
[pass 1] 25: 3375000 docs, 348666 candidates
[pass 1] 25: 3377000 docs, 348868 candidates
[pass 1] 25: 3382000 docs, 349363 candidates
[pass 1] 25: 3384000 docs, 349576 candidates
[pass 1] 25: 3391000 docs, 350295 candidates
[pass 1] 25: 3404000 docs, 351644 candidates
[pass 1] 25: 3427000 docs, 353980 candidates
[pass 1] 25: 3436000 docs, 354908 candidates
[pass 1] 25: 3445000 docs, 355809 candidates
[pass 1] 25: 3450000 docs, 356312 candidates
[pass 1] 25: 3467000 docs, 358075 candidates
[pass 1] 25: 3472000 docs, 358585 candidates
[pass 1] 25: 3476000 docs, 359034 candidates
[pass 1] 25: 3479000 docs, 359351 candidates
[pass 1] 25: 3482000 docs, 359657 candidates
[pass 1] 25: 3509000 docs, 362353 candidates
[pass 1] 25: 3549000 docs, 366369 candidates
[pass 1] 25: 3558000 docs, 367348 candidates
[pass 1] 25: 3584000 docs, 369921 candidates
[pass 1] 25: 3591000 docs, 370654 candidates
[pass 1] 25: 3593000 docs, 370834 candidates
[pass 1] 25: 3617000 docs, 373298 candidates
[pass 1] 25: 3620000 docs, 373619 candidates
[pass 1] 25: 3640000 docs, 375636 candidates
[pass 1] 25: 3642000 docs, 375829 candidates
[pass 1] 25: 3649000 docs, 376549 candidates
[pass 1] 25: 3658000 docs, 377445 candidates
[pass 1] 25: 3659000 docs, 377553 candidates
[pass 1] 25: 3669000 docs, 378608 candidates
[pass 1] 25: 3677000 docs, 379353 candidates
[pass 1] 25: 3705000 docs, 382284 candidates
[pass 1] 25: 3707000 docs, 382498 candidates
[pass 1] 25: 3709000 docs, 382689 candidates
[pass 1] 25: 3720000 docs, 383825 candidates
[pass 1] 25: 3722000 docs, 384032 candidates
[pass 1] 25: 3737000 docs, 385585 candidates
[pass 1] 25: 3746000 docs, 386516 candidates
[pass 1] 25: 3750000 docs, 386911 candidates
[pass 1] 25: 3755000 docs, 387435 candidates
[pass 1] 25: 3771000 docs, 389048 candidates
[pass 1] 25: 3779000 docs, 389882 candidates
[pass 1] 25: 3784000 docs, 390372 candidates
[pass 1] 25: 3789000 docs, 390896 candidates
[pass 1] 25: 3791000 docs, 391083 candidates
[pass 1] 25: 3799000 docs, 391922 candidates
[pass 1] 25: 3809000 docs, 392966 candidates
[pass 1] 25: 3813000 docs, 393400 candidates
[pass 1] 25: 3814000 docs, 393508 candidates
[pass 1] 25: 3831000 docs, 395190 candidates
[pass 1] 25: 3838000 docs, 395964 candidates
[pass 1] 25: 3839000 docs, 396066 candidates
[pass 1] 25: 3847000 docs, 396953 candidates
[pass 1] 25: 3849000 docs, 397139 candidates
[pass 1] 25: 3852000 docs, 397468 candidates
[pass 1] 25: 3853000 docs, 397575 candidates
[pass 1] 25: 3866000 docs, 398917 candidates
[pass 1] 25: 3868000 docs, 399113 candidates
[pass 1] 25: 3893000 docs, 401692 candidates
[pass 1] 25: 3895000 docs, 401920 candidates
[pass 1] 25: 3911000 docs, 403565 candidates
[pass 1] 25: 3915000 docs, 403970 candidates
[pass 1] 25: 3927000 docs, 405203 candidates
[pass 1] 25: 3946000 docs, 407134 candidates
[pass 1] 25: 3966000 docs, 409251 candidates
[pass 1] 25: 3974000 docs, 410120 candidates
[pass 1] 25: 3984000 docs, 411141 candidates
[pass 1] 25: 3995000 docs, 412305 candidates
[pass 1] 25: 3998000 docs, 412601 candidates
[pass 1] 25: 4005000 docs, 413292 candidates
[pass 1] 25: 4011000 docs, 413928 candidates
[pass 1] 25: 4018000 docs, 414691 candidates
[pass 1] 25: 4024000 docs, 415330 candidates
[pass 1] 25: 4032000 docs, 416175 candidates
[pass 1] 25: 4033000 docs, 416265 candidates
[pass 1] 25: 4037000 docs, 416653 candidates
[pass 1] 25: 4040000 docs, 416946 candidates
[pass 1] 25: 4041000 docs, 417050 candidates
[pass 1] 25: 4044000 docs, 417361 candidates
[pass 1] 25: 4051000 docs, 418055 candidates
[pass 1] 25: 4064000 docs, 419406 candidates
[pass 1] 25: 4109000 docs, 424056 candidates
[pass 1] 25: 4126000 docs, 425840 candidates
[pass 1] 25: 4151000 docs, 428405 candidates
[pass 1] 25: 4152000 docs, 428514 candidates
[pass 1] 25: 4163000 docs, 429648 candidates
[pass 1] 25: 4175000 docs, 430860 candidates
[pass 1] 25: 4178000 docs, 431172 candidates
[pass 1] 25: 4179000 docs, 431273 candidates
[pass 1] 25: 4188000 docs, 432198 candidates
[pass 1] 25: 4192000 docs, 432632 candidates
[pass 1] 25: 4194000 docs, 432830 candidates
[pass 1] 25: 4199000 docs, 433350 candidates
[pass 1] 25: 4212000 docs, 434626 candidates
[pass 1] 25: 4217000 docs, 435134 candidates
[pass 1] 25: 4237000 docs, 437141 candidates
[pass 1] 25: 4243000 docs, 437765 candidates
[pass 1] 25: 4248000 docs, 438276 candidates
[pass 1] 25: 4251000 docs, 438606 candidates
[pass 1] 25: 4259000 docs, 439392 candidates
[pass 1] 25: 4303000 docs, 443957 candidates
[pass 1] 25: 4304000 docs, 444062 candidates
[pass 1] 25: 4307000 docs, 444375 candidates
[pass 1] 25: 4313000 docs, 445029 candidates
[pass 1] 25: 4314000 docs, 445131 candidates
[pass 1] 25: 4320000 docs, 445761 candidates
[pass 1] 25: 4322000 docs, 445963 candidates
[pass 1] 25: 4324000 docs, 446179 candidates
[pass 1] 25: 4327000 docs, 446487 candidates
[pass 1] 25: 4338000 docs, 447608 candidates
[pass 1] 25: 4343000 docs, 448101 candidates
[pass 1] 25: 4349000 docs, 448734 candidates
[pass 1] 25: 4351000 docs, 448948 candidates
[pass 1] 25: 4364000 docs, 450253 candidates
[pass 1] 25: 4378000 docs, 451724 candidates
[pass 1] 25: 4391000 docs, 453149 candidates
[pass 1] 25: 4409000 docs, 455019 candidates
[pass 1] 25: 4419000 docs, 456011 candidates
[pass 1] 25: 4429000 docs, 457058 candidates
[pass 1] 25: 4438000 docs, 458006 candidates
[pass 1] 25: 4443000 docs, 458569 candidates
[pass 1] 25: 4458000 docs, 460117 candidates
[pass 1] 25: 4472000 docs, 461512 candidates
[pass 1] 25: 4484000 docs, 462760 candidates
[pass 1] 25: 4498000 docs, 464261 candidates
[pass 1] 25: 4502000 docs, 464680 candidates
[pass 1] 25: 4507000 docs, 465184 candidates
[pass 1] 25: 4508000 docs, 465301 candidates
[pass 1] 25: 4516000 docs, 466157 candidates
[pass 1] 25: 4530000 docs, 467580 candidates
[pass 1] 25: 4532000 docs, 467784 candidates
[pass 1] 25: 4533000 docs, 467874 candidates
[pass 1] 25: 4534000 docs, 467985 candidates
[pass 1] 25: 4536000 docs, 468166 candidates
[pass 1] 25: 4543000 docs, 468900 candidates
[pass 1] 25: 4552000 docs, 469829 candidates
[pass 1] 25: 4567000 docs, 471453 candidates
[pass 1] 25: 4572000 docs, 471968 candidates
[pass 1] 25: 4577000 docs, 472492 candidates
[pass 1] 25: 4580000 docs, 472799 candidates
[pass 1] 25: 4581000 docs, 472893 candidates
[pass 1] 25: 4584000 docs, 473224 candidates
[pass 1] 25: 4590000 docs, 473858 candidates
[pass 1] 25: 4594000 docs, 474265 candidates
[pass 1] 25: 4605000 docs, 475399 candidates
[pass 1] 25: 4626000 docs, 477591 candidates
[pass 1] 25: 4632000 docs, 478202 candidates
[pass 1] 25: 4646000 docs, 479650 candidates
[pass 1] 25: 4648000 docs, 479837 candidates
[pass 1] 25: 4655000 docs, 480549 candidates
[pass 1] 25: 4708000 docs, 485987 candidates
[pass 1] 25: 4713000 docs, 486548 candidates
[pass 1] 25: 4714000 docs, 486662 candidates
[pass 1] 25: 4718000 docs, 487073 candidates
[pass 1] 25: 4721000 docs, 487376 candidates
[pass 1] 25: 4722000 docs, 487466 candidates
[pass 1] 25: 4723000 docs, 487561 candidates
[pass 1] 25: 4727000 docs, 487971 candidates
[pass 1] 25: 4728000 docs, 488074 candidates
[pass 1] 25: 4737000 docs, 489034 candidates
[pass 1] 25: 4752000 docs, 490591 candidates
[pass 1] 25: 4755000 docs, 490866 candidates
[pass 1] 25: 4760000 docs, 491408 candidates
[pass 1] 25: 4761000 docs, 491500 candidates
[pass 1] 25: 4788000 docs, 494304 candidates
[pass 1] 25: 4798000 docs, 495333 candidates
[pass 1] 25: 4800000 docs, 495548 candidates
[pass 1] 25: 4808000 docs, 496366 candidates
[pass 1] 25: 4811000 docs, 496664 candidates
[pass 1] 25: 4812000 docs, 496763 candidates
[pass 1] 25: 4815000 docs, 497073 candidates
[pass 1] 25: 4819000 docs, 497512 candidates
[pass 1] 25: 4824000 docs, 498015 candidates
[pass 1] 25: 4830000 docs, 498644 candidates
[pass 1] 25: 4839000 docs, 499559 candidates
[pass 1] 25: 4844000 docs, 500084 candidates
[pass 1] 25: 4853000 docs, 501012 candidates
[pass 1] 25: 4864000 docs, 502195 candidates
[pass 1] 25: 4872000 docs, 503054 candidates
[pass 1] 25: 4873000 docs, 503171 candidates
[pass 1] 25: 4881000 docs, 504022 candidates
[pass 1] 25: 4891000 docs, 505058 candidates
[pass 1] 25: 4906000 docs, 506571 candidates
[pass 1] 25: 4917000 docs, 507639 candidates
[pass 1] 25: 4922000 docs, 508124 candidates
[pass 1] 25: 4926000 docs, 508568 candidates
[pass 1] 25: 4938000 docs, 509783 candidates
[pass 1] 25: 4943000 docs, 510263 candidates
[pass 1] 25: 4983000 docs, 514520 candidates
[pass 1] 25: 4985000 docs, 514722 candidates
[pass 1] 25: 4987000 docs, 514928 candidates
[pass 1] 25: 4990000 docs, 515235 candidates
[pass 1] 25: 4998000 docs, 516033 candidates
[pass 1] 25: 5000000 docs, 516222 candidates
[pass 1] 25: 5011000 docs, 517375 candidates
[pass 1] 25: 5020000 docs, 518305 candidates
[pass 1] 25: 5032000 docs, 519503 candidates
[pass 1] 25: 5067000 docs, 523206 candidates
[pass 1] 25: 5070000 docs, 523518 candidates
[pass 1] 25: 5071000 docs, 523628 candidates
[pass 1] 25: 5089000 docs, 525386 candidates
[pass 1] 25: 5090000 docs, 525496 candidates
[pass 1] 25: 5096000 docs, 526099 candidates
[pass 1] 25: 5102000 docs, 526684 candidates
[pass 1] 25: 5121000 docs, 528683 candidates
[pass 1] 25: 5126000 docs, 529182 candidates
[pass 1] 25: 5135000 docs, 530081 candidates
[pass 1] 25: 5139000 docs, 530494 candidates
[pass 1] 25: 5143000 docs, 530861 candidates
[pass 1] 25: 5157000 docs, 532308 candidates
[pass 1] 25: 5167000 docs, 533340 candidates
[pass 1] 25: 5172000 docs, 533880 candidates
[pass 1] 25: 5174000 docs, 534085 candidates
[pass 1] 25: 5204000 docs, 537188 candidates
[pass 1] 25: 5210000 docs, 537806 candidates
[pass 1] 25: 5214000 docs, 538239 candidates
[pass 1] 25: 5220000 docs, 538837 candidates
[pass 1] 25: 5229000 docs, 539766 candidates
[pass 1] 25: 5250000 docs, 541895 candidates
[pass 1] 25: 5261000 docs, 542961 candidates
[pass 1] 25: 5275000 docs, 544420 candidates
[pass 1] 25: 5280000 docs, 544921 candidates
[pass 1] 25: 5287000 docs, 545595 candidates
[pass 1] 25: 5291000 docs, 546012 candidates
[pass 1] 25: 5296000 docs, 546535 candidates
[pass 1] 25: 5309000 docs, 547839 candidates
[pass 1] 25: 5312000 docs, 548152 candidates
[pass 1] 25: 5316000 docs, 548571 candidates
[pass 1] 25: 5323000 docs, 549298 candidates
[pass 1] 25: 5329000 docs, 549922 candidates
[pass 1] 25: 5330000 docs, 550037 candidates
[pass 1] 25: 5337000 docs, 550799 candidates
[pass 1] 25: 5339000 docs, 551017 candidates
[pass 1] 25: 5345000 docs, 551706 candidates
[pass 1] 25: 5353000 docs, 552528 candidates
[pass 1] 25: 5358000 docs, 553049 candidates
[pass 1] 25: 5367000 docs, 554050 candidates
[pass 1] 25: 5372000 docs, 554539 candidates
[pass 1] 25: 5376000 docs, 554932 candidates
[pass 1] 25: 5377000 docs, 555027 candidates
[pass 1] 25: 5378000 docs, 555139 candidates
[pass 1] 25: 5383000 docs, 555674 candidates
[pass 1] 25: 5391000 docs, 556559 candidates
[pass 1] 25: 5404000 docs, 557849 candidates
[pass 1] 25: 5408000 docs, 558271 candidates
[pass 1] 25: 5412000 docs, 558659 candidates
[pass 1] 25: 5418000 docs, 559303 candidates
[pass 1] 25: 5438000 docs, 561387 candidates
[pass 1] 25: 5442000 docs, 561801 candidates
[pass 1] 25: 5446000 docs, 562205 candidates
[pass 1] 25: 5453000 docs, 562930 candidates
[pass 1] 25: 5455000 docs, 563125 candidates
[pass 1] 25: 5458000 docs, 563424 candidates
[pass 1] 25: 5461000 docs, 563704 candidates
[pass 1] 25: 5463000 docs, 563891 candidates
[pass 1] 25: 5498000 docs, 567479 candidates
[pass 1] 25: 5524000 docs, 570099 candidates
[pass 1] 25: 5531000 docs, 570862 candidates
[pass 1] 25: 5532000 docs, 570970 candidates
[pass 1] 25: 5538000 docs, 571581 candidates
[pass 1] 25: 5567000 docs, 574412 candidates
[pass 1] 25: 5573000 docs, 575033 candidates
[pass 1] 25: 5585000 docs, 576243 candidates
[pass 1] 25: 5591000 docs, 576859 candidates
[pass 1] 25: 5595000 docs, 577251 candidates
[pass 1] 25: 5599000 docs, 577623 candidates
[pass 1] 25: 5610000 docs, 578833 candidates
[pass 1] 25: 5625000 docs, 580363 candidates
[pass 1] 25: 5634000 docs, 581290 candidates
[pass 1] 25: 5640000 docs, 581932 candidates
[pass 1] 25: 5641000 docs, 582034 candidates
[pass 1] 25: 5654000 docs, 583368 candidates
[pass 1] 25: 5668000 docs, 584838 candidates
[pass 1] 25: 5673000 docs, 585383 candidates
[pass 1] 25: 5681000 docs, 586167 candidates
[pass 1] 25: 5682000 docs, 586284 candidates
[pass 1] 25: 5693000 docs, 587430 candidates
[pass 1] 25: 5698000 docs, 587974 candidates
[pass 1] 25: 5708000 docs, 588979 candidates
[pass 1] 25: 5715000 docs, 589687 candidates
[pass 1] 25: 5722000 docs, 590432 candidates
[pass 1] 25: 5746000 docs, 592912 candidates
[pass 1] 25: 5748000 docs, 593113 candidates
[pass 1] 25: 5752000 docs, 593507 candidates
[pass 1] 25: 5773000 docs, 595711 candidates
[pass 1] 25: 5777000 docs, 596125 candidates
[pass 1] 25: 5779000 docs, 596299 candidates
[pass 1] 25: 5783000 docs, 596716 candidates
[pass 1] 25: 5786000 docs, 597036 candidates
[pass 1] 25: 5804000 docs, 598889 candidates
[pass 1] 25: 5807000 docs, 599212 candidates
[pass 1] 25: 5824000 docs, 600981 candidates
[pass 1] 25: 5836000 docs, 602242 candidates
[pass 1] 25: 5846000 docs, 603274 candidates
[pass 1] 25: 5848000 docs, 603461 candidates
[pass 1] 25: 5856000 docs, 604283 candidates
[pass 1] 25: 5867000 docs, 605436 candidates
[pass 1] 25: 5884000 docs, 607178 candidates
[pass 1] done: 0 docs, 0 new records, yield=0.0/10K, 15749549ms
[pipeline] Flushed 10000 buffered records to store
[pipeline] Exported 0 paired records to /mnt/zfs-host/backup/projects/observer-vault/01-Projects/dataset-processor/output/paired-output.jsonl

[orchestrate] Pipeline max-passes
[orchestrate] Passes: 1, Total verb-records: 10000
  Pass 1: 0 docs, 608335 Tier-A, 0 Tier-B, 0 Tier-C, 0 records, yield=0.0/10K
