[orchestrate] Found 1 shard files
[pass 1] 21: 25000 docs, 2619 candidates
[pass 1] 21: 43000 docs, 4482 candidates
[pass 1] 21: 46000 docs, 4771 candidates
[pass 1] 21: 58000 docs, 6032 candidates
[pass 1] 21: 92000 docs, 9575 candidates
[pass 1] 21: 105000 docs, 10970 candidates
[pass 1] 21: 114000 docs, 11835 candidates
[pass 1] 21: 123000 docs, 12813 candidates
[pass 1] 21: 144000 docs, 14997 candidates
[pass 1] 21: 149000 docs, 15490 candidates
[pass 1] 21: 170000 docs, 17671 candidates
[pass 1] 21: 180000 docs, 18673 candidates
[pass 1] 21: 191000 docs, 19792 candidates
[pass 1] 21: 206000 docs, 21344 candidates
[pass 1] 21: 215000 docs, 22311 candidates
[pass 1] 21: 231000 docs, 23994 candidates
[pass 1] 21: 242000 docs, 25113 candidates
[pass 1] 21: 243000 docs, 25226 candidates
[pass 1] 21: 259000 docs, 26789 candidates
[pass 1] 21: 262000 docs, 27086 candidates
[pass 1] 21: 269000 docs, 27830 candidates
[pass 1] 21: 283000 docs, 29340 candidates
[pass 1] 21: 304000 docs, 31443 candidates
[pass 1] 21: 311000 docs, 32160 candidates
[pass 1] 21: 317000 docs, 32783 candidates
[pass 1] 21: 324000 docs, 33465 candidates
[pass 1] 21: 329000 docs, 33969 candidates
[pass 1] 21: 334000 docs, 34474 candidates
[pass 1] 21: 345000 docs, 35598 candidates
[pass 1] 21: 357000 docs, 36800 candidates
[pass 1] 21: 361000 docs, 37200 candidates
[pass 1] 21: 368000 docs, 37976 candidates
[pass 1] 21: 380000 docs, 39275 candidates
[pass 1] 21: 391000 docs, 40407 candidates
[pass 1] 21: 408000 docs, 42196 candidates
[pass 1] 21: 409000 docs, 42307 candidates
[pass 1] 21: 425000 docs, 43983 candidates
[pass 1] 21: 427000 docs, 44169 candidates
[pass 1] 21: 429000 docs, 44359 candidates
[pass 1] 21: 435000 docs, 44951 candidates
[pass 1] 21: 452000 docs, 46724 candidates
[pass 1] 21: 461000 docs, 47644 candidates
[pass 1] 21: 463000 docs, 47867 candidates
[pass 1] 21: 470000 docs, 48571 candidates
[pass 1] 21: 497000 docs, 51387 candidates
[pass 1] 21: 509000 docs, 52593 candidates
[pass 1] 21: 526000 docs, 54359 candidates
[pass 1] 21: 538000 docs, 55616 candidates
[pass 1] 21: 539000 docs, 55732 candidates
[pass 1] 21: 541000 docs, 55935 candidates
[pass 1] 21: 560000 docs, 57889 candidates
[pass 1] 21: 572000 docs, 59123 candidates
[pass 1] 21: 575000 docs, 59411 candidates
[pass 1] 21: 591000 docs, 61121 candidates
[pass 1] 21: 592000 docs, 61222 candidates
[pass 1] 21: 601000 docs, 62134 candidates
[pass 1] 21: 603000 docs, 62353 candidates
[pass 1] 21: 614000 docs, 63500 candidates
[pass 1] 21: 625000 docs, 64681 candidates
[pass 1] 21: 627000 docs, 64856 candidates
[pass 1] 21: 631000 docs, 65302 candidates
[pass 1] 21: 638000 docs, 66038 candidates
[pass 1] 21: 639000 docs, 66145 candidates
[pass 1] 21: 653000 docs, 67633 candidates
[pass 1] 21: 663000 docs, 68686 candidates
[pass 1] 21: 668000 docs, 69220 candidates
[pass 1] 21: 669000 docs, 69327 candidates
[pass 1] 21: 682000 docs, 70619 candidates
[pass 1] 21: 688000 docs, 71221 candidates
[pass 1] 21: 690000 docs, 71398 candidates
[pass 1] 21: 691000 docs, 71508 candidates
[pass 1] 21: 694000 docs, 71836 candidates
[pass 1] 21: 695000 docs, 71937 candidates
[pass 1] 21: 700000 docs, 72446 candidates
[pass 1] 21: 708000 docs, 73244 candidates
[pass 1] 21: 716000 docs, 74087 candidates
[pass 1] 21: 721000 docs, 74608 candidates
[pass 1] 21: 750000 docs, 77644 candidates
[pass 1] 21: 753000 docs, 77922 candidates
[pass 1] 21: 762000 docs, 78880 candidates
[pass 1] 21: 765000 docs, 79194 candidates
[pass 1] 21: 768000 docs, 79521 candidates
[pass 1] 21: 776000 docs, 80363 candidates
[pass 1] 21: 781000 docs, 80849 candidates
[pass 1] 21: 786000 docs, 81370 candidates
[pass 1] 21: 798000 docs, 82574 candidates
[pass 1] 21: 799000 docs, 82675 candidates
[pass 1] 21: 802000 docs, 83012 candidates
[pass 1] 21: 806000 docs, 83402 candidates
[pass 1] 21: 809000 docs, 83725 candidates
[pass 1] 21: 817000 docs, 84589 candidates
[pass 1] 21: 828000 docs, 85745 candidates
[pass 1] 21: 831000 docs, 86060 candidates
[pass 1] 21: 832000 docs, 86172 candidates
[pass 1] 21: 838000 docs, 86815 candidates
[pass 1] 21: 851000 docs, 88162 candidates
[pass 1] 21: 860000 docs, 89047 candidates
[pass 1] 21: 862000 docs, 89228 candidates
[pass 1] 21: 868000 docs, 89851 candidates
[pass 1] 21: 882000 docs, 91248 candidates
[pass 1] 21: 892000 docs, 92279 candidates
[pass 1] 21: 909000 docs, 93986 candidates
[pass 1] 21: 927000 docs, 95877 candidates
[pass 1] 21: 941000 docs, 97264 candidates
[pass 1] 21: 945000 docs, 97688 candidates
[pass 1] 21: 947000 docs, 97892 candidates
[pass 1] 21: 953000 docs, 98524 candidates
[pass 1] 21: 980000 docs, 101322 candidates
[pass 1] 21: 991000 docs, 102453 candidates
[pass 1] 21: 1002000 docs, 103632 candidates
[pass 1] 21: 1033000 docs, 106792 candidates
[pass 1] 21: 1034000 docs, 106888 candidates
[pass 1] 21: 1046000 docs, 108148 candidates
[pass 1] 21: 1047000 docs, 108260 candidates
[pass 1] 21: 1053000 docs, 108869 candidates
[pass 1] 21: 1058000 docs, 109396 candidates
[pass 1] 21: 1061000 docs, 109736 candidates
[pass 1] 21: 1073000 docs, 110960 candidates
[pass 1] 21: 1077000 docs, 111387 candidates
[pass 1] 21: 1086000 docs, 112370 candidates
[pass 1] 21: 1087000 docs, 112479 candidates
[pass 1] 21: 1090000 docs, 112776 candidates
[pass 1] 21: 1091000 docs, 112872 candidates
[pass 1] 21: 1092000 docs, 112982 candidates
[pass 1] 21: 1107000 docs, 114477 candidates
[pass 1] 21: 1119000 docs, 115696 candidates
[pass 1] 21: 1125000 docs, 116332 candidates
[pass 1] 21: 1126000 docs, 116421 candidates
[pass 1] 21: 1129000 docs, 116739 candidates
[pass 1] 21: 1132000 docs, 117032 candidates
[pass 1] 21: 1135000 docs, 117339 candidates
[pass 1] 21: 1144000 docs, 118268 candidates
[pass 1] 21: 1146000 docs, 118494 candidates
[pass 1] 21: 1148000 docs, 118732 candidates
[pass 1] 21: 1151000 docs, 119048 candidates
[pass 1] 21: 1152000 docs, 119146 candidates
[pass 1] 21: 1155000 docs, 119454 candidates
[pass 1] 21: 1160000 docs, 119992 candidates
[pass 1] 21: 1168000 docs, 120788 candidates
[pass 1] 21: 1185000 docs, 122560 candidates
[pass 1] 21: 1199000 docs, 123993 candidates
[pass 1] 21: 1200000 docs, 124103 candidates
[pass 1] 21: 1203000 docs, 124437 candidates
[pass 1] 21: 1223000 docs, 126521 candidates
[pass 1] 21: 1242000 docs, 128451 candidates
[pass 1] 21: 1273000 docs, 131564 candidates
[pass 1] 21: 1274000 docs, 131672 candidates
[pass 1] 21: 1283000 docs, 132645 candidates
[pass 1] 21: 1284000 docs, 132760 candidates
[pass 1] 21: 1315000 docs, 135934 candidates
[pass 1] 21: 1316000 docs, 136035 candidates
[pass 1] 21: 1326000 docs, 137155 candidates
[pass 1] 21: 1327000 docs, 137262 candidates
[pass 1] 21: 1331000 docs, 137672 candidates
[pass 1] 21: 1341000 docs, 138747 candidates
[pass 1] 21: 1346000 docs, 139261 candidates
[pass 1] 21: 1350000 docs, 139644 candidates
[pass 1] 21: 1353000 docs, 139970 candidates
[pass 1] 21: 1359000 docs, 140561 candidates
[pass 1] 21: 1368000 docs, 141527 candidates
[pass 1] 21: 1371000 docs, 141817 candidates
[pass 1] 21: 1378000 docs, 142516 candidates
[pass 1] 21: 1440000 docs, 148851 candidates
[pass 1] 21: 1451000 docs, 149988 candidates
[pass 1] 21: 1471000 docs, 152059 candidates
[pass 1] 21: 1483000 docs, 153241 candidates
[pass 1] 21: 1526000 docs, 157679 candidates
[pass 1] 21: 1542000 docs, 159364 candidates
[pass 1] 21: 1553000 docs, 160518 candidates
[pass 1] 21: 1555000 docs, 160718 candidates
[pass 1] 21: 1558000 docs, 161048 candidates
[pass 1] 21: 1573000 docs, 162693 candidates
[pass 1] 21: 1591000 docs, 164583 candidates
[pass 1] 21: 1595000 docs, 164962 candidates
[pass 1] 21: 1605000 docs, 166015 candidates
[pass 1] 21: 1612000 docs, 166736 candidates
[pass 1] 21: 1614000 docs, 166949 candidates
[pass 1] 21: 1617000 docs, 167262 candidates
[pass 1] 21: 1623000 docs, 167933 candidates
[pass 1] 21: 1626000 docs, 168238 candidates
[pass 1] 21: 1634000 docs, 169093 candidates
[pass 1] 21: 1641000 docs, 169790 candidates
[pass 1] 21: 1642000 docs, 169910 candidates
[pass 1] 21: 1657000 docs, 171532 candidates
[pass 1] 21: 1658000 docs, 171644 candidates
[pass 1] 21: 1664000 docs, 172260 candidates
[pass 1] 21: 1677000 docs, 173579 candidates
[pass 1] 21: 1696000 docs, 175489 candidates
[pass 1] 21: 1705000 docs, 176440 candidates
[pass 1] 21: 1708000 docs, 176746 candidates
[pass 1] 21: 1711000 docs, 177045 candidates
[pass 1] 21: 1757000 docs, 181773 candidates
[pass 1] 21: 1758000 docs, 181891 candidates
[pass 1] 21: 1785000 docs, 184705 candidates
[pass 1] 21: 1787000 docs, 184905 candidates
[pass 1] 21: 1789000 docs, 185137 candidates
[pass 1] 21: 1791000 docs, 185352 candidates
[pass 1] 21: 1821000 docs, 188457 candidates
[pass 1] 21: 1840000 docs, 190497 candidates
[pass 1] 21: 1844000 docs, 190922 candidates
[pass 1] 21: 1849000 docs, 191431 candidates
[pass 1] 21: 1854000 docs, 191986 candidates
[pass 1] 21: 1855000 docs, 192091 candidates
[pass 1] 21: 1904000 docs, 197115 candidates
[pass 1] 21: 1928000 docs, 199570 candidates
[pass 1] 21: 1929000 docs, 199672 candidates
[pass 1] 21: 1933000 docs, 200090 candidates
[pass 1] 21: 1936000 docs, 200399 candidates
[pass 1] 21: 1937000 docs, 200507 candidates
[pass 1] 21: 1946000 docs, 201430 candidates
[pass 1] 21: 1947000 docs, 201531 candidates
[pass 1] 21: 1950000 docs, 201856 candidates
[pass 1] 21: 1965000 docs, 203420 candidates
[pass 1] 21: 1984000 docs, 205360 candidates
[pass 1] 21: 1996000 docs, 206594 candidates
[pass 1] 21: 2001000 docs, 207113 candidates
[pass 1] 21: 2003000 docs, 207331 candidates
[pass 1] 21: 2009000 docs, 207938 candidates
[pass 1] 21: 2023000 docs, 209358 candidates
[pass 1] 21: 2031000 docs, 210165 candidates
[pass 1] 21: 2059000 docs, 213038 candidates
[pass 1] 21: 2065000 docs, 213666 candidates
[pass 1] 21: 2070000 docs, 214195 candidates
[pass 1] 21: 2072000 docs, 214395 candidates
[pass 1] 21: 2086000 docs, 215755 candidates
[pass 1] 21: 2091000 docs, 216270 candidates
[pass 1] 21: 2119000 docs, 219138 candidates
[pass 1] 21: 2124000 docs, 219682 candidates
[pass 1] 21: 2131000 docs, 220430 candidates
[pass 1] 21: 2150000 docs, 222417 candidates
[pass 1] 21: 2169000 docs, 224313 candidates
[pass 1] 21: 2174000 docs, 224811 candidates
[pass 1] 21: 2185000 docs, 225929 candidates
[pass 1] 21: 2199000 docs, 227343 candidates
[pass 1] 21: 2205000 docs, 227997 candidates
[pass 1] 21: 2212000 docs, 228720 candidates
[pass 1] 21: 2213000 docs, 228826 candidates
[pass 1] 21: 2218000 docs, 229303 candidates
[pass 1] 21: 2256000 docs, 233247 candidates
[pass 1] 21: 2259000 docs, 233542 candidates
[pass 1] 21: 2264000 docs, 234041 candidates
[pass 1] 21: 2269000 docs, 234600 candidates
[pass 1] 21: 2275000 docs, 235220 candidates
[pass 1] 21: 2297000 docs, 237501 candidates
[pass 1] 21: 2315000 docs, 239361 candidates
[pass 1] 21: 2321000 docs, 239950 candidates
[pass 1] 21: 2329000 docs, 240777 candidates
[pass 1] 21: 2334000 docs, 241280 candidates
[pass 1] 21: 2335000 docs, 241398 candidates
[pass 1] 21: 2343000 docs, 242197 candidates
[pass 1] 21: 2352000 docs, 243124 candidates
[pass 1] 21: 2360000 docs, 243945 candidates
[pass 1] 21: 2368000 docs, 244818 candidates
[pass 1] 21: 2374000 docs, 245439 candidates
[pass 1] 21: 2383000 docs, 246397 candidates
[pass 1] 21: 2397000 docs, 247882 candidates
[pass 1] 21: 2398000 docs, 248005 candidates
[pass 1] 21: 2405000 docs, 248739 candidates
[pass 1] 21: 2421000 docs, 250408 candidates
[pass 1] 21: 2440000 docs, 252311 candidates
[pass 1] 21: 2449000 docs, 253175 candidates
[pass 1] 21: 2456000 docs, 253890 candidates
[pass 1] 21: 2471000 docs, 255453 candidates
[pass 1] 21: 2474000 docs, 255774 candidates
[pass 1] 21: 2482000 docs, 256566 candidates
[pass 1] 21: 2503000 docs, 258684 candidates
[pass 1] 21: 2513000 docs, 259716 candidates
[pass 1] 21: 2517000 docs, 260108 candidates
[pass 1] 21: 2542000 docs, 262594 candidates
[pass 1] 21: 2555000 docs, 263974 candidates
[pass 1] 21: 2556000 docs, 264096 candidates
[pass 1] 21: 2573000 docs, 265879 candidates
[pass 1] 21: 2585000 docs, 267142 candidates
[pass 1] 21: 2586000 docs, 267259 candidates
[pass 1] 21: 2592000 docs, 267845 candidates
[pass 1] 21: 2596000 docs, 268268 candidates
[pass 1] 21: 2618000 docs, 270510 candidates
[pass 1] 21: 2620000 docs, 270707 candidates
[pass 1] 21: 2631000 docs, 271850 candidates
[pass 1] 21: 2635000 docs, 272269 candidates
[pass 1] 21: 2636000 docs, 272382 candidates
[pass 1] 21: 2656000 docs, 274387 candidates
[pass 1] 21: 2672000 docs, 276063 candidates
[pass 1] 21: 2674000 docs, 276262 candidates
[pass 1] 21: 2694000 docs, 278276 candidates
[pass 1] 21: 2706000 docs, 279534 candidates
[pass 1] 21: 2754000 docs, 284482 candidates
[pass 1] 21: 2756000 docs, 284690 candidates
[pass 1] 21: 2759000 docs, 285016 candidates
[pass 1] 21: 2769000 docs, 286056 candidates
[pass 1] 21: 2771000 docs, 286273 candidates
[pass 1] 21: 2775000 docs, 286680 candidates
[pass 1] 21: 2779000 docs, 287086 candidates
[pass 1] 21: 2807000 docs, 289966 candidates
[pass 1] 21: 2828000 docs, 292073 candidates
[pass 1] 21: 2871000 docs, 296639 candidates
[pass 1] 21: 2872000 docs, 296725 candidates
[pass 1] 21: 2877000 docs, 297198 candidates
[pass 1] 21: 2886000 docs, 298147 candidates
[pass 1] 21: 2902000 docs, 299764 candidates
[pass 1] 21: 2904000 docs, 300007 candidates
[pass 1] 21: 2906000 docs, 300226 candidates
[pass 1] 21: 2910000 docs, 300624 candidates
[pass 1] 21: 2915000 docs, 301137 candidates
[pass 1] 21: 2918000 docs, 301453 candidates
[pass 1] 21: 2920000 docs, 301660 candidates
[pass 1] 21: 2923000 docs, 301966 candidates
[pass 1] 21: 2939000 docs, 303659 candidates
[pass 1] 21: 2941000 docs, 303873 candidates
[pass 1] 21: 2947000 docs, 304481 candidates
[pass 1] 21: 2962000 docs, 306087 candidates
[pass 1] 21: 2965000 docs, 306388 candidates
[pass 1] 21: 2970000 docs, 306929 candidates
[pass 1] 21: 2986000 docs, 308528 candidates
[pass 1] 21: 2994000 docs, 309373 candidates
[pass 1] 21: 3032000 docs, 313347 candidates
[pass 1] 21: 3040000 docs, 314160 candidates
[pass 1] 21: 3050000 docs, 315156 candidates
[pass 1] 21: 3052000 docs, 315368 candidates
[pass 1] 21: 3061000 docs, 316304 candidates
[pass 1] 21: 3076000 docs, 317779 candidates
[pass 1] 21: 3086000 docs, 318807 candidates
[pass 1] 21: 3099000 docs, 320180 candidates
[pass 1] 21: 3122000 docs, 322552 candidates
[pass 1] 21: 3126000 docs, 322977 candidates
[pass 1] 21: 3127000 docs, 323064 candidates
[pass 1] 21: 3128000 docs, 323161 candidates
[pass 1] 21: 3144000 docs, 324825 candidates
[pass 1] 21: 3167000 docs, 327162 candidates
[pass 1] 21: 3168000 docs, 327271 candidates
[pass 1] 21: 3176000 docs, 328070 candidates
[pass 1] 21: 3178000 docs, 328253 candidates
[pass 1] 21: 3184000 docs, 328854 candidates
[pass 1] 21: 3221000 docs, 332677 candidates
[pass 1] 21: 3267000 docs, 337464 candidates
[pass 1] 21: 3285000 docs, 339305 candidates
[pass 1] 21: 3294000 docs, 340224 candidates
[pass 1] 21: 3298000 docs, 340651 candidates
[pass 1] 21: 3305000 docs, 341370 candidates
[pass 1] 21: 3323000 docs, 343162 candidates
[pass 1] 21: 3325000 docs, 343382 candidates
[pass 1] 21: 3330000 docs, 343928 candidates
[pass 1] 21: 3332000 docs, 344135 candidates
[pass 1] 21: 3338000 docs, 344752 candidates
[pass 1] 21: 3347000 docs, 345708 candidates
[pass 1] 21: 3364000 docs, 347418 candidates
[pass 1] 21: 3369000 docs, 347958 candidates
[pass 1] 21: 3376000 docs, 348687 candidates
[pass 1] 21: 3383000 docs, 349435 candidates
[pass 1] 21: 3385000 docs, 349656 candidates
[pass 1] 21: 3400000 docs, 351228 candidates
[pass 1] 21: 3433000 docs, 354700 candidates
[pass 1] 21: 3435000 docs, 354894 candidates
[pass 1] 21: 3441000 docs, 355543 candidates
[pass 1] 21: 3448000 docs, 356277 candidates
[pass 1] 21: 3453000 docs, 356821 candidates
[pass 1] 21: 3457000 docs, 357226 candidates
[pass 1] 21: 3461000 docs, 357643 candidates
[pass 1] 21: 3476000 docs, 359238 candidates
[pass 1] 21: 3477000 docs, 359349 candidates
[pass 1] 21: 3495000 docs, 361201 candidates
[pass 1] 21: 3498000 docs, 361502 candidates
[pass 1] 21: 3543000 docs, 366106 candidates
[pass 1] 21: 3575000 docs, 369359 candidates
[pass 1] 21: 3591000 docs, 371076 candidates
[pass 1] 21: 3592000 docs, 371181 candidates
[pass 1] 21: 3607000 docs, 372782 candidates
[pass 1] 21: 3611000 docs, 373190 candidates
[pass 1] 21: 3652000 docs, 377489 candidates
[pass 1] 21: 3653000 docs, 377589 candidates
[pass 1] 21: 3656000 docs, 377903 candidates
[pass 1] 21: 3661000 docs, 378418 candidates
[pass 1] 21: 3665000 docs, 378857 candidates
[pass 1] 21: 3674000 docs, 379790 candidates
[pass 1] 21: 3676000 docs, 379993 candidates
[pass 1] 21: 3684000 docs, 380845 candidates
[pass 1] 21: 3708000 docs, 383304 candidates
[pass 1] 21: 3710000 docs, 383530 candidates
[pass 1] 21: 3720000 docs, 384562 candidates
[pass 1] 21: 3739000 docs, 386524 candidates
[pass 1] 21: 3742000 docs, 386835 candidates
[pass 1] 21: 3747000 docs, 387357 candidates
[pass 1] 21: 3781000 docs, 390949 candidates
[pass 1] 21: 3783000 docs, 391149 candidates
[pass 1] 21: 3787000 docs, 391548 candidates
[pass 1] 21: 3792000 docs, 392020 candidates
[pass 1] 21: 3813000 docs, 394160 candidates
[pass 1] 21: 3834000 docs, 396388 candidates
[pass 1] 21: 3840000 docs, 397006 candidates
[pass 1] 21: 3869000 docs, 399963 candidates
[pass 1] 21: 3881000 docs, 401241 candidates
[pass 1] 21: 3890000 docs, 402171 candidates
[pass 1] 21: 3902000 docs, 403428 candidates
[pass 1] 21: 3908000 docs, 404011 candidates
[pass 1] 21: 3909000 docs, 404108 candidates
[pass 1] 21: 3929000 docs, 406199 candidates
[pass 1] 21: 3940000 docs, 407332 candidates
[pass 1] 21: 3944000 docs, 407749 candidates
[pass 1] 21: 3948000 docs, 408142 candidates
[pass 1] 21: 3960000 docs, 409349 candidates
[pass 1] 21: 3976000 docs, 411075 candidates
[pass 1] 21: 3979000 docs, 411367 candidates
[pass 1] 21: 3983000 docs, 411790 candidates
[pass 1] 21: 3996000 docs, 413140 candidates
[pass 1] 21: 3999000 docs, 413469 candidates
[pass 1] 21: 4006000 docs, 414145 candidates
[pass 1] 21: 4012000 docs, 414759 candidates
[pass 1] 21: 4019000 docs, 415508 candidates
[pass 1] 21: 4028000 docs, 416472 candidates
[pass 1] 21: 4034000 docs, 417096 candidates
[pass 1] 21: 4038000 docs, 417521 candidates
[pass 1] 21: 4058000 docs, 419606 candidates
[pass 1] 21: 4070000 docs, 420865 candidates
[pass 1] 21: 4093000 docs, 423204 candidates
[pass 1] 21: 4094000 docs, 423299 candidates
[pass 1] 21: 4122000 docs, 426174 candidates
[pass 1] 21: 4129000 docs, 426894 candidates
[pass 1] 21: 4155000 docs, 429520 candidates
[pass 1] 21: 4156000 docs, 429629 candidates
[pass 1] 21: 4162000 docs, 430255 candidates
[pass 1] 21: 4170000 docs, 431128 candidates
[pass 1] 21: 4190000 docs, 433233 candidates
[pass 1] 21: 4200000 docs, 434227 candidates
[pass 1] 21: 4221000 docs, 436433 candidates
[pass 1] 21: 4266000 docs, 440961 candidates
[pass 1] 21: 4270000 docs, 441366 candidates
[pass 1] 21: 4275000 docs, 441859 candidates
[pass 1] 21: 4290000 docs, 443461 candidates
[pass 1] 21: 4293000 docs, 443765 candidates
[pass 1] 21: 4326000 docs, 447097 candidates
[pass 1] 21: 4335000 docs, 448003 candidates
[pass 1] 21: 4347000 docs, 449222 candidates
[pass 1] 21: 4349000 docs, 449434 candidates
[pass 1] 21: 4350000 docs, 449546 candidates
[pass 1] 21: 4361000 docs, 450686 candidates
[pass 1] 21: 4362000 docs, 450788 candidates
[pass 1] 21: 4371000 docs, 451740 candidates
[pass 1] 21: 4385000 docs, 453158 candidates
[pass 1] 21: 4403000 docs, 455039 candidates
[pass 1] 21: 4446000 docs, 459499 candidates
[pass 1] 21: 4464000 docs, 461374 candidates
[pass 1] 21: 4479000 docs, 462896 candidates
[pass 1] 21: 4485000 docs, 463508 candidates
[pass 1] 21: 4488000 docs, 463820 candidates
[pass 1] 21: 4498000 docs, 464824 candidates
[pass 1] 21: 4499000 docs, 464903 candidates
[pass 1] 21: 4517000 docs, 466739 candidates
[pass 1] 21: 4525000 docs, 467540 candidates
[pass 1] 21: 4526000 docs, 467643 candidates
[pass 1] 21: 4530000 docs, 468057 candidates
[pass 1] 21: 4542000 docs, 469328 candidates
[pass 1] 21: 4563000 docs, 471508 candidates
[pass 1] 21: 4596000 docs, 474856 candidates
[pass 1] 21: 4605000 docs, 475749 candidates
[pass 1] 21: 4606000 docs, 475834 candidates
[pass 1] 21: 4621000 docs, 477346 candidates
[pass 1] 21: 4633000 docs, 478567 candidates
[pass 1] 21: 4639000 docs, 479130 candidates
[pass 1] 21: 4648000 docs, 480089 candidates
[pass 1] 21: 4649000 docs, 480196 candidates
[pass 1] 21: 4653000 docs, 480604 candidates
[pass 1] 21: 4658000 docs, 481107 candidates
[pass 1] 21: 4667000 docs, 482018 candidates
[pass 1] 21: 4675000 docs, 482852 candidates
[pass 1] 21: 4677000 docs, 483028 candidates
[pass 1] 21: 4678000 docs, 483142 candidates
[pass 1] 21: 4686000 docs, 483970 candidates
[pass 1] 21: 4699000 docs, 485280 candidates
[pass 1] 21: 4705000 docs, 485839 candidates
[pass 1] 21: 4715000 docs, 486897 candidates
[pass 1] 21: 4730000 docs, 488384 candidates
[pass 1] 21: 4736000 docs, 488957 candidates
[pass 1] 21: 4739000 docs, 489287 candidates
[pass 1] 21: 4740000 docs, 489392 candidates
[pass 1] 21: 4742000 docs, 489598 candidates
[pass 1] 21: 4778000 docs, 493298 candidates
[pass 1] 21: 4789000 docs, 494377 candidates
[pass 1] 21: 4805000 docs, 496063 candidates
[pass 1] 21: 4834000 docs, 499067 candidates
[pass 1] 21: 4837000 docs, 499373 candidates
[pass 1] 21: 4838000 docs, 499512 candidates
[pass 1] 21: 4842000 docs, 499957 candidates
[pass 1] 21: 4851000 docs, 500839 candidates
[pass 1] 21: 4855000 docs, 501239 candidates
[pass 1] 21: 4906000 docs, 506511 candidates
[pass 1] 21: 4909000 docs, 506817 candidates
[pass 1] 21: 4912000 docs, 507114 candidates
[pass 1] 21: 4913000 docs, 507224 candidates
[pass 1] 21: 4923000 docs, 508273 candidates
[pass 1] 21: 4925000 docs, 508490 candidates
[pass 1] 21: 4927000 docs, 508700 candidates
[pass 1] 21: 4931000 docs, 509075 candidates
[pass 1] 21: 4932000 docs, 509172 candidates
[pass 1] 21: 4941000 docs, 510054 candidates
[pass 1] 21: 4959000 docs, 511845 candidates
[pass 1] 21: 4977000 docs, 513659 candidates
[pass 1] 21: 4978000 docs, 513773 candidates
[pass 1] 21: 4982000 docs, 514187 candidates
[pass 1] 21: 4985000 docs, 514480 candidates
[pass 1] 21: 4999000 docs, 515913 candidates
[pass 1] 21: 5000000 docs, 516023 candidates
[pass 1] 21: 5008000 docs, 516844 candidates
[pass 1] 21: 5028000 docs, 518903 candidates
[pass 1] 21: 5035000 docs, 519610 candidates
[pass 1] 21: 5040000 docs, 520135 candidates
[pass 1] 21: 5041000 docs, 520240 candidates
[pass 1] 21: 5047000 docs, 520837 candidates
[pass 1] 21: 5049000 docs, 521085 candidates
[pass 1] 21: 5070000 docs, 523250 candidates
[pass 1] 21: 5076000 docs, 523860 candidates
[pass 1] 21: 5092000 docs, 525468 candidates
[pass 1] 21: 5102000 docs, 526504 candidates
[pass 1] 21: 5104000 docs, 526734 candidates
[pass 1] 21: 5109000 docs, 527203 candidates
[pass 1] 21: 5127000 docs, 529079 candidates
[pass 1] 21: 5136000 docs, 529976 candidates
[pass 1] 21: 5137000 docs, 530081 candidates
[pass 1] 21: 5144000 docs, 530767 candidates
[pass 1] 21: 5165000 docs, 532835 candidates
[pass 1] 21: 5191000 docs, 535528 candidates
[pass 1] 21: 5197000 docs, 536149 candidates
[pass 1] 21: 5199000 docs, 536367 candidates
[pass 1] 21: 5200000 docs, 536464 candidates
[pass 1] 21: 5215000 docs, 538051 candidates
[pass 1] 21: 5231000 docs, 539716 candidates
[pass 1] 21: 5234000 docs, 540031 candidates
[pass 1] 21: 5247000 docs, 541440 candidates
[pass 1] 21: 5260000 docs, 542815 candidates
[pass 1] 21: 5262000 docs, 543007 candidates
[pass 1] 21: 5266000 docs, 543385 candidates
[pass 1] 21: 5272000 docs, 544011 candidates
[pass 1] 21: 5278000 docs, 544641 candidates
[pass 1] 21: 5295000 docs, 546492 candidates
[pass 1] 21: 5309000 docs, 547968 candidates
[pass 1] 21: 5323000 docs, 549414 candidates
[pass 1] 21: 5335000 docs, 550620 candidates
[pass 1] 21: 5354000 docs, 552641 candidates
[pass 1] 21: 5361000 docs, 553339 candidates
[pass 1] 21: 5367000 docs, 553967 candidates
[pass 1] 21: 5372000 docs, 554497 candidates
[pass 1] 21: 5382000 docs, 555530 candidates
[pass 1] 21: 5384000 docs, 555735 candidates
[pass 1] 21: 5386000 docs, 555950 candidates
[pass 1] 21: 5390000 docs, 556361 candidates
[pass 1] 21: 5395000 docs, 556897 candidates
[pass 1] 21: 5399000 docs, 557268 candidates
[pass 1] 21: 5424000 docs, 559867 candidates
[pass 1] 21: 5429000 docs, 560370 candidates
[pass 1] 21: 5443000 docs, 561797 candidates
[pass 1] 21: 5452000 docs, 562691 candidates
[pass 1] 21: 5455000 docs, 562996 candidates
[pass 1] 21: 5493000 docs, 566821 candidates
[pass 1] 21: 5496000 docs, 567138 candidates
[pass 1] 21: 5501000 docs, 567635 candidates
[pass 1] 21: 5516000 docs, 569243 candidates
[pass 1] 21: 5520000 docs, 569649 candidates
[pass 1] 21: 5541000 docs, 571802 candidates
[pass 1] 21: 5543000 docs, 571997 candidates
[pass 1] 21: 5552000 docs, 572974 candidates
[pass 1] 21: 5579000 docs, 575695 candidates
[pass 1] 21: 5593000 docs, 577205 candidates
[pass 1] 21: 5604000 docs, 578335 candidates
[pass 1] 21: 5610000 docs, 578959 candidates
[pass 1] 21: 5626000 docs, 580574 candidates
[pass 1] 21: 5627000 docs, 580679 candidates
[pass 1] 21: 5639000 docs, 581900 candidates
[pass 1] 21: 5662000 docs, 584245 candidates
[pass 1] 21: 5674000 docs, 585430 candidates
[pass 1] 21: 5689000 docs, 586980 candidates
[pass 1] 21: 5697000 docs, 587802 candidates
[pass 1] 21: 5706000 docs, 588763 candidates
[pass 1] 21: 5711000 docs, 589297 candidates
[pass 1] 21: 5714000 docs, 589603 candidates
[pass 1] 21: 5729000 docs, 591167 candidates
[pass 1] 21: 5738000 docs, 592109 candidates
[pass 1] 21: 5741000 docs, 592401 candidates
[pass 1] 21: 5749000 docs, 593222 candidates
[pass 1] 21: 5755000 docs, 593853 candidates
[pass 1] 21: 5758000 docs, 594159 candidates
[pass 1] 21: 5762000 docs, 594564 candidates
[pass 1] 21: 5783000 docs, 596739 candidates
[pass 1] 21: 5789000 docs, 597342 candidates
[pass 1] 21: 5792000 docs, 597627 candidates
[pass 1] 21: 5794000 docs, 597842 candidates
[pass 1] 21: 5795000 docs, 597934 candidates
[pass 1] 21: 5806000 docs, 599050 candidates
[pass 1] 21: 5813000 docs, 599750 candidates
[pass 1] 21: 5826000 docs, 601058 candidates
[pass 1] 21: 5840000 docs, 602526 candidates
[pass 1] 21: 5857000 docs, 604329 candidates
[pass 1] 21: 5890000 docs, 607780 candidates
[pass 1] done: 0 docs, 0 new records, yield=0.0/10K, 15888587ms
[pipeline] Flushed 10000 buffered records to store
[pipeline] Exported 0 paired records to /mnt/zfs-host/backup/projects/observer-vault/01-Projects/dataset-processor/output/paired-output.jsonl

[orchestrate] Pipeline max-passes
[orchestrate] Passes: 1, Total verb-records: 10000
  Pass 1: 0 docs, 608944 Tier-A, 0 Tier-B, 0 Tier-C, 0 records, yield=0.0/10K
