[orchestrate] Found 1 shard files
[pass 1] 05: 3000 docs, 329 candidates
[pass 1] 05: 15000 docs, 1587 candidates
[pass 1] 05: 36000 docs, 3707 candidates
[pass 1] 05: 47000 docs, 4854 candidates
[pass 1] 05: 58000 docs, 5987 candidates
[pass 1] 05: 60000 docs, 6184 candidates
[pass 1] 05: 67000 docs, 6957 candidates
[pass 1] 05: 83000 docs, 8633 candidates
[pass 1] 05: 94000 docs, 9713 candidates
[pass 1] 05: 111000 docs, 11520 candidates
[pass 1] 05: 116000 docs, 12037 candidates
[pass 1] 05: 125000 docs, 12940 candidates
[pass 1] 05: 131000 docs, 13575 candidates
[pass 1] 05: 132000 docs, 13692 candidates
[pass 1] 05: 136000 docs, 14086 candidates
[pass 1] 05: 147000 docs, 15151 candidates
[pass 1] 05: 159000 docs, 16430 candidates
[pass 1] 05: 163000 docs, 16809 candidates
[pass 1] 05: 164000 docs, 16921 candidates
[pass 1] 05: 197000 docs, 20273 candidates
[pass 1] 05: 200000 docs, 20576 candidates
[pass 1] 05: 209000 docs, 21473 candidates
[pass 1] 05: 225000 docs, 23183 candidates
[pass 1] 05: 260000 docs, 26690 candidates
[pass 1] 05: 279000 docs, 28631 candidates
[pass 1] 05: 288000 docs, 29514 candidates
[pass 1] 05: 292000 docs, 29918 candidates
[pass 1] 05: 314000 docs, 32278 candidates
[pass 1] 05: 323000 docs, 33230 candidates
[pass 1] 05: 333000 docs, 34239 candidates
[pass 1] 05: 356000 docs, 36594 candidates
[pass 1] 05: 358000 docs, 36801 candidates
[pass 1] 05: 359000 docs, 36899 candidates
[pass 1] 05: 363000 docs, 37319 candidates
[pass 1] 05: 379000 docs, 38996 candidates
[pass 1] 05: 385000 docs, 39598 candidates
[pass 1] 05: 392000 docs, 40275 candidates
[pass 1] 05: 410000 docs, 42156 candidates
[pass 1] 05: 412000 docs, 42344 candidates
[pass 1] 05: 413000 docs, 42444 candidates
[pass 1] 05: 425000 docs, 43671 candidates
[pass 1] 05: 427000 docs, 43885 candidates
[pass 1] 05: 436000 docs, 44774 candidates
[pass 1] 05: 437000 docs, 44885 candidates
[pass 1] 05: 449000 docs, 46128 candidates
[pass 1] 05: 459000 docs, 47139 candidates
[pass 1] 05: 468000 docs, 48042 candidates
[pass 1] 05: 488000 docs, 50171 candidates
[pass 1] 05: 491000 docs, 50476 candidates
[pass 1] 05: 506000 docs, 52006 candidates
[pass 1] 05: 510000 docs, 52409 candidates
[pass 1] 05: 511000 docs, 52516 candidates
[pass 1] 05: 541000 docs, 55793 candidates
[pass 1] 05: 547000 docs, 56438 candidates
[pass 1] 05: 560000 docs, 57809 candidates
[pass 1] 05: 562000 docs, 58013 candidates
[pass 1] 05: 566000 docs, 58421 candidates
[pass 1] 05: 570000 docs, 58836 candidates
[pass 1] 05: 581000 docs, 59990 candidates
[pass 1] 05: 595000 docs, 61468 candidates
[pass 1] 05: 607000 docs, 62659 candidates
[pass 1] 05: 611000 docs, 63082 candidates
[pass 1] 05: 612000 docs, 63175 candidates
[pass 1] 05: 624000 docs, 64396 candidates
[pass 1] 05: 632000 docs, 65284 candidates
[pass 1] 05: 649000 docs, 67031 candidates
[pass 1] 05: 657000 docs, 67880 candidates
[pass 1] 05: 680000 docs, 70276 candidates
[pass 1] 05: 682000 docs, 70493 candidates
[pass 1] 05: 690000 docs, 71297 candidates
[pass 1] 05: 712000 docs, 73613 candidates
[pass 1] 05: 718000 docs, 74199 candidates
[pass 1] 05: 732000 docs, 75632 candidates
[pass 1] 05: 737000 docs, 76191 candidates
[pass 1] 05: 740000 docs, 76507 candidates
[pass 1] 05: 766000 docs, 79278 candidates
[pass 1] 05: 768000 docs, 79468 candidates
[pass 1] 05: 776000 docs, 80329 candidates
[pass 1] 05: 811000 docs, 84003 candidates
[pass 1] 05: 812000 docs, 84089 candidates
[pass 1] 05: 835000 docs, 86465 candidates
[pass 1] 05: 843000 docs, 87277 candidates
[pass 1] 05: 861000 docs, 89150 candidates
[pass 1] 05: 896000 docs, 92783 candidates
[pass 1] 05: 900000 docs, 93216 candidates
[pass 1] 05: 910000 docs, 94262 candidates
[pass 1] 05: 916000 docs, 94911 candidates
[pass 1] 05: 922000 docs, 95574 candidates
[pass 1] 05: 923000 docs, 95678 candidates
[pass 1] 05: 925000 docs, 95868 candidates
[pass 1] 05: 932000 docs, 96581 candidates
[pass 1] 05: 933000 docs, 96664 candidates
[pass 1] 05: 963000 docs, 99776 candidates
[pass 1] 05: 986000 docs, 102191 candidates
[pass 1] 05: 996000 docs, 103213 candidates
[pass 1] 05: 997000 docs, 103311 candidates
[pass 1] 05: 1003000 docs, 103927 candidates
[pass 1] 05: 1005000 docs, 104141 candidates
[pass 1] 05: 1006000 docs, 104243 candidates
[pass 1] 05: 1007000 docs, 104350 candidates
[pass 1] 05: 1017000 docs, 105435 candidates
[pass 1] 05: 1022000 docs, 105931 candidates
[pass 1] 05: 1033000 docs, 107026 candidates
[pass 1] 05: 1056000 docs, 109466 candidates
[pass 1] 05: 1060000 docs, 109868 candidates
[pass 1] 05: 1065000 docs, 110382 candidates
[pass 1] 05: 1075000 docs, 111421 candidates
[pass 1] 05: 1079000 docs, 111846 candidates
[pass 1] 05: 1094000 docs, 113409 candidates
[pass 1] 05: 1097000 docs, 113747 candidates
[pass 1] 05: 1104000 docs, 114455 candidates
[pass 1] 05: 1107000 docs, 114754 candidates
[pass 1] 05: 1112000 docs, 115270 candidates
[pass 1] 05: 1120000 docs, 116080 candidates
[pass 1] 05: 1125000 docs, 116621 candidates
[pass 1] 05: 1130000 docs, 117123 candidates
[pass 1] 05: 1138000 docs, 117944 candidates
[pass 1] 05: 1139000 docs, 118040 candidates
[pass 1] 05: 1162000 docs, 120446 candidates
[pass 1] 05: 1180000 docs, 122328 candidates
[pass 1] 05: 1202000 docs, 124665 candidates
[pass 1] 05: 1214000 docs, 125915 candidates
[pass 1] 05: 1217000 docs, 126249 candidates
[pass 1] 05: 1222000 docs, 126767 candidates
[pass 1] 05: 1227000 docs, 127288 candidates
[pass 1] 05: 1235000 docs, 128099 candidates
[pass 1] 05: 1236000 docs, 128196 candidates
[pass 1] 05: 1262000 docs, 130855 candidates
[pass 1] 05: 1285000 docs, 133177 candidates
[pass 1] 05: 1308000 docs, 135462 candidates
[pass 1] 05: 1311000 docs, 135767 candidates
[pass 1] 05: 1326000 docs, 137339 candidates
[pass 1] 05: 1332000 docs, 137960 candidates
[pass 1] 05: 1333000 docs, 138060 candidates
[pass 1] 05: 1336000 docs, 138372 candidates
[pass 1] 05: 1339000 docs, 138702 candidates
[pass 1] 05: 1340000 docs, 138794 candidates
[pass 1] 05: 1346000 docs, 139420 candidates
[pass 1] 05: 1356000 docs, 140464 candidates
[pass 1] 05: 1372000 docs, 142109 candidates
[pass 1] 05: 1378000 docs, 142715 candidates
[pass 1] 05: 1380000 docs, 142919 candidates
[pass 1] 05: 1381000 docs, 143020 candidates
[pass 1] 05: 1395000 docs, 144519 candidates
[pass 1] 05: 1397000 docs, 144723 candidates
[pass 1] 05: 1405000 docs, 145570 candidates
[pass 1] 05: 1409000 docs, 146004 candidates
[pass 1] 05: 1415000 docs, 146588 candidates
[pass 1] 05: 1417000 docs, 146807 candidates
[pass 1] 05: 1430000 docs, 148106 candidates
[pass 1] 05: 1435000 docs, 148659 candidates
[pass 1] 05: 1451000 docs, 150273 candidates
[pass 1] 05: 1452000 docs, 150382 candidates
[pass 1] 05: 1462000 docs, 151477 candidates
[pass 1] 05: 1469000 docs, 152241 candidates
[pass 1] 05: 1475000 docs, 152829 candidates
[pass 1] 05: 1478000 docs, 153149 candidates
[pass 1] 05: 1486000 docs, 153943 candidates
[pass 1] 05: 1503000 docs, 155713 candidates
[pass 1] 05: 1505000 docs, 155908 candidates
[pass 1] 05: 1522000 docs, 157657 candidates
[pass 1] 05: 1529000 docs, 158391 candidates
[pass 1] 05: 1536000 docs, 159110 candidates
[pass 1] 05: 1540000 docs, 159529 candidates
[pass 1] 05: 1542000 docs, 159738 candidates
[pass 1] 05: 1546000 docs, 160168 candidates
[pass 1] 05: 1581000 docs, 163785 candidates
[pass 1] 05: 1631000 docs, 168913 candidates
[pass 1] 05: 1637000 docs, 169533 candidates
[pass 1] 05: 1641000 docs, 169917 candidates
[pass 1] 05: 1652000 docs, 171038 candidates
[pass 1] 05: 1664000 docs, 172250 candidates
[pass 1] 05: 1686000 docs, 174547 candidates
[pass 1] 05: 1696000 docs, 175624 candidates
[pass 1] 05: 1701000 docs, 176151 candidates
[pass 1] 05: 1711000 docs, 177135 candidates
[pass 1] 05: 1713000 docs, 177340 candidates
[pass 1] 05: 1715000 docs, 177550 candidates
[pass 1] 05: 1720000 docs, 178027 candidates
[pass 1] 05: 1722000 docs, 178218 candidates
[pass 1] 05: 1736000 docs, 179722 candidates
[pass 1] 05: 1738000 docs, 179931 candidates
[pass 1] 05: 1746000 docs, 180756 candidates
[pass 1] 05: 1749000 docs, 181060 candidates
[pass 1] 05: 1750000 docs, 181184 candidates
[pass 1] 05: 1767000 docs, 182923 candidates
[pass 1] 05: 1770000 docs, 183242 candidates
[pass 1] 05: 1773000 docs, 183560 candidates
[pass 1] 05: 1776000 docs, 183898 candidates
[pass 1] 05: 1791000 docs, 185457 candidates
[pass 1] 05: 1795000 docs, 185858 candidates
[pass 1] 05: 1800000 docs, 186394 candidates
[pass 1] 05: 1803000 docs, 186705 candidates
[pass 1] 05: 1821000 docs, 188566 candidates
[pass 1] 05: 1838000 docs, 190294 candidates
[pass 1] 05: 1852000 docs, 191723 candidates
[pass 1] 05: 1875000 docs, 194063 candidates
[pass 1] 05: 1877000 docs, 194270 candidates
[pass 1] 05: 1885000 docs, 195033 candidates
[pass 1] 05: 1886000 docs, 195148 candidates
[pass 1] 05: 1889000 docs, 195455 candidates
[pass 1] 05: 1896000 docs, 196161 candidates
[pass 1] 05: 1897000 docs, 196278 candidates
[pass 1] 05: 1898000 docs, 196369 candidates
[pass 1] 05: 1908000 docs, 197395 candidates
[pass 1] 05: 1921000 docs, 198748 candidates
[pass 1] 05: 1953000 docs, 202048 candidates
[pass 1] 05: 1957000 docs, 202438 candidates
[pass 1] 05: 1967000 docs, 203484 candidates
[pass 1] 05: 1970000 docs, 203751 candidates
[pass 1] 05: 1991000 docs, 205947 candidates
[pass 1] 05: 2006000 docs, 207532 candidates
[pass 1] 05: 2027000 docs, 209752 candidates
[pass 1] 05: 2030000 docs, 210036 candidates
[pass 1] 05: 2042000 docs, 211171 candidates
[pass 1] 05: 2051000 docs, 212084 candidates
[pass 1] 05: 2066000 docs, 213597 candidates
[pass 1] 05: 2068000 docs, 213818 candidates
[pass 1] 05: 2072000 docs, 214228 candidates
[pass 1] 05: 2078000 docs, 214862 candidates
[pass 1] 05: 2092000 docs, 216277 candidates
[pass 1] 05: 2105000 docs, 217621 candidates
[pass 1] 05: 2108000 docs, 217907 candidates
[pass 1] 05: 2110000 docs, 218113 candidates
[pass 1] 05: 2124000 docs, 219561 candidates
[pass 1] 05: 2138000 docs, 221008 candidates
[pass 1] 05: 2144000 docs, 221601 candidates
[pass 1] 05: 2159000 docs, 223149 candidates
[pass 1] 05: 2167000 docs, 223996 candidates
[pass 1] 05: 2188000 docs, 226092 candidates
[pass 1] 05: 2193000 docs, 226576 candidates
[pass 1] 05: 2207000 docs, 228004 candidates
[pass 1] 05: 2208000 docs, 228111 candidates
[pass 1] 05: 2221000 docs, 229418 candidates
[pass 1] 05: 2227000 docs, 230057 candidates
[pass 1] 05: 2228000 docs, 230153 candidates
[pass 1] 05: 2235000 docs, 230884 candidates
[pass 1] 05: 2238000 docs, 231191 candidates
[pass 1] 05: 2240000 docs, 231424 candidates
[pass 1] 05: 2242000 docs, 231631 candidates
[pass 1] 05: 2251000 docs, 232572 candidates
[pass 1] 05: 2252000 docs, 232681 candidates
[pass 1] 05: 2258000 docs, 233277 candidates
[pass 1] 05: 2268000 docs, 234311 candidates
[pass 1] 05: 2274000 docs, 234916 candidates
[pass 1] 05: 2280000 docs, 235553 candidates
[pass 1] 05: 2291000 docs, 236651 candidates
[pass 1] 05: 2306000 docs, 238222 candidates
[pass 1] 05: 2307000 docs, 238318 candidates
[pass 1] 05: 2312000 docs, 238810 candidates
[pass 1] 05: 2366000 docs, 244453 candidates
[pass 1] 05: 2375000 docs, 245400 candidates
[pass 1] 05: 2386000 docs, 246529 candidates
[pass 1] 05: 2389000 docs, 246819 candidates
[pass 1] 05: 2395000 docs, 247440 candidates
[pass 1] 05: 2400000 docs, 247937 candidates
[pass 1] 05: 2416000 docs, 249566 candidates
[pass 1] 05: 2424000 docs, 250358 candidates
[pass 1] 05: 2426000 docs, 250577 candidates
[pass 1] 05: 2429000 docs, 250896 candidates
[pass 1] 05: 2437000 docs, 251712 candidates
[pass 1] 05: 2447000 docs, 252754 candidates
[pass 1] 05: 2458000 docs, 253887 candidates
[pass 1] 05: 2459000 docs, 253987 candidates
[pass 1] 05: 2465000 docs, 254613 candidates
[pass 1] 05: 2482000 docs, 256355 candidates
[pass 1] 05: 2487000 docs, 256873 candidates
[pass 1] 05: 2491000 docs, 257249 candidates
[pass 1] 05: 2494000 docs, 257568 candidates
[pass 1] 05: 2495000 docs, 257674 candidates
[pass 1] 05: 2496000 docs, 257784 candidates
[pass 1] 05: 2503000 docs, 258452 candidates
[pass 1] 05: 2505000 docs, 258656 candidates
[pass 1] 05: 2507000 docs, 258847 candidates
[pass 1] 05: 2513000 docs, 259468 candidates
[pass 1] 05: 2516000 docs, 259779 candidates
[pass 1] 05: 2518000 docs, 260001 candidates
[pass 1] 05: 2536000 docs, 261800 candidates
[pass 1] 05: 2547000 docs, 262973 candidates
[pass 1] 05: 2554000 docs, 263705 candidates
[pass 1] 05: 2561000 docs, 264407 candidates
[pass 1] 05: 2568000 docs, 265159 candidates
[pass 1] 05: 2573000 docs, 265713 candidates
[pass 1] 05: 2597000 docs, 268247 candidates
[pass 1] 05: 2604000 docs, 269002 candidates
[pass 1] 05: 2606000 docs, 269188 candidates
[pass 1] 05: 2621000 docs, 270738 candidates
[pass 1] 05: 2623000 docs, 270953 candidates
[pass 1] 05: 2624000 docs, 271060 candidates
[pass 1] 05: 2638000 docs, 272559 candidates
[pass 1] 05: 2639000 docs, 272664 candidates
[pass 1] 05: 2641000 docs, 272888 candidates
[pass 1] 05: 2652000 docs, 274007 candidates
[pass 1] 05: 2682000 docs, 277067 candidates
[pass 1] 05: 2689000 docs, 277749 candidates
[pass 1] 05: 2705000 docs, 279417 candidates
[pass 1] 05: 2706000 docs, 279515 candidates
[pass 1] 05: 2708000 docs, 279704 candidates
[pass 1] 05: 2719000 docs, 280813 candidates
[pass 1] 05: 2721000 docs, 281028 candidates
[pass 1] 05: 2728000 docs, 281739 candidates
[pass 1] 05: 2750000 docs, 283978 candidates
[pass 1] 05: 2758000 docs, 284790 candidates
[pass 1] 05: 2780000 docs, 287076 candidates
[pass 1] 05: 2796000 docs, 288735 candidates
[pass 1] 05: 2817000 docs, 290862 candidates
[pass 1] 05: 2822000 docs, 291368 candidates
[pass 1] 05: 2824000 docs, 291576 candidates
[pass 1] 05: 2831000 docs, 292314 candidates
[pass 1] 05: 2844000 docs, 293694 candidates
[pass 1] 05: 2850000 docs, 294321 candidates
[pass 1] 05: 2857000 docs, 295036 candidates
[pass 1] 05: 2869000 docs, 296276 candidates
[pass 1] 05: 2874000 docs, 296794 candidates
[pass 1] 05: 2891000 docs, 298578 candidates
[pass 1] 05: 2892000 docs, 298690 candidates
[pass 1] 05: 2906000 docs, 300119 candidates
[pass 1] 05: 2909000 docs, 300424 candidates
[pass 1] 05: 2919000 docs, 301476 candidates
[pass 1] 05: 2921000 docs, 301696 candidates
[pass 1] 05: 2928000 docs, 302407 candidates
[pass 1] 05: 2931000 docs, 302694 candidates
[pass 1] 05: 2934000 docs, 303010 candidates
[pass 1] 05: 2941000 docs, 303706 candidates
[pass 1] 05: 2945000 docs, 304097 candidates
[pass 1] 05: 2948000 docs, 304419 candidates
[pass 1] 05: 2959000 docs, 305595 candidates
[pass 1] 05: 2962000 docs, 305864 candidates
[pass 1] 05: 2965000 docs, 306182 candidates
[pass 1] 05: 2977000 docs, 307424 candidates
[pass 1] 05: 2996000 docs, 309305 candidates
[pass 1] 05: 2998000 docs, 309520 candidates
[pass 1] 05: 3001000 docs, 309835 candidates
[pass 1] 05: 3012000 docs, 310993 candidates
[pass 1] 05: 3016000 docs, 311398 candidates
[pass 1] 05: 3031000 docs, 312902 candidates
[pass 1] 05: 3046000 docs, 314444 candidates
[pass 1] 05: 3049000 docs, 314774 candidates
[pass 1] 05: 3057000 docs, 315600 candidates
[pass 1] 05: 3064000 docs, 316364 candidates
[pass 1] 05: 3080000 docs, 317995 candidates
[pass 1] 05: 3084000 docs, 318400 candidates
[pass 1] 05: 3105000 docs, 320599 candidates
[pass 1] 05: 3115000 docs, 321616 candidates
[pass 1] 05: 3122000 docs, 322367 candidates
[pass 1] 05: 3131000 docs, 323324 candidates
[pass 1] 05: 3136000 docs, 323831 candidates
[pass 1] 05: 3154000 docs, 325690 candidates
[pass 1] 05: 3155000 docs, 325799 candidates
[pass 1] 05: 3157000 docs, 325978 candidates
[pass 1] 05: 3158000 docs, 326075 candidates
[pass 1] 05: 3165000 docs, 326735 candidates
[pass 1] 05: 3185000 docs, 328800 candidates
[pass 1] 05: 3192000 docs, 329476 candidates
[pass 1] 05: 3201000 docs, 330396 candidates
[pass 1] 05: 3205000 docs, 330803 candidates
[pass 1] 05: 3219000 docs, 332204 candidates
[pass 1] 05: 3234000 docs, 333740 candidates
[pass 1] 05: 3242000 docs, 334541 candidates
[pass 1] 05: 3259000 docs, 336268 candidates
[pass 1] 05: 3273000 docs, 337701 candidates
[pass 1] 05: 3283000 docs, 338688 candidates
[pass 1] 05: 3285000 docs, 338872 candidates
[pass 1] 05: 3292000 docs, 339600 candidates
[pass 1] 05: 3321000 docs, 342559 candidates
[pass 1] 05: 3323000 docs, 342777 candidates
[pass 1] 05: 3345000 docs, 345082 candidates
[pass 1] 05: 3346000 docs, 345176 candidates
[pass 1] 05: 3348000 docs, 345392 candidates
[pass 1] 05: 3349000 docs, 345503 candidates
[pass 1] 05: 3351000 docs, 345704 candidates
[pass 1] 05: 3367000 docs, 347326 candidates
[pass 1] 05: 3371000 docs, 347728 candidates
[pass 1] 05: 3377000 docs, 348345 candidates
[pass 1] 05: 3387000 docs, 349409 candidates
[pass 1] 05: 3394000 docs, 350106 candidates
[pass 1] 05: 3395000 docs, 350204 candidates
[pass 1] 05: 3408000 docs, 351556 candidates
[pass 1] 05: 3410000 docs, 351759 candidates
[pass 1] 05: 3415000 docs, 352257 candidates
[pass 1] 05: 3422000 docs, 352939 candidates
[pass 1] 05: 3435000 docs, 354276 candidates
[pass 1] 05: 3436000 docs, 354373 candidates
[pass 1] 05: 3467000 docs, 357468 candidates
[pass 1] 05: 3469000 docs, 357669 candidates
[pass 1] 05: 3471000 docs, 357868 candidates
[pass 1] 05: 3473000 docs, 358059 candidates
[pass 1] 05: 3474000 docs, 358150 candidates
[pass 1] 05: 3475000 docs, 358223 candidates
[pass 1] 05: 3492000 docs, 360014 candidates
[pass 1] 05: 3499000 docs, 360813 candidates
[pass 1] 05: 3507000 docs, 361636 candidates
[pass 1] 05: 3509000 docs, 361860 candidates
[pass 1] 05: 3510000 docs, 361962 candidates
[pass 1] 05: 3516000 docs, 362566 candidates
[pass 1] 05: 3517000 docs, 362669 candidates
[pass 1] 05: 3522000 docs, 363151 candidates
[pass 1] 05: 3526000 docs, 363561 candidates
[pass 1] 05: 3539000 docs, 364935 candidates
[pass 1] 05: 3544000 docs, 365455 candidates
[pass 1] 05: 3571000 docs, 368300 candidates
[pass 1] 05: 3587000 docs, 369952 candidates
[pass 1] 05: 3591000 docs, 370334 candidates
[pass 1] 05: 3598000 docs, 370999 candidates
[pass 1] 05: 3600000 docs, 371206 candidates
[pass 1] 05: 3603000 docs, 371525 candidates
[pass 1] 05: 3610000 docs, 372230 candidates
[pass 1] 05: 3624000 docs, 373679 candidates
[pass 1] 05: 3627000 docs, 373976 candidates
[pass 1] 05: 3628000 docs, 374080 candidates
[pass 1] 05: 3630000 docs, 374283 candidates
[pass 1] 05: 3631000 docs, 374373 candidates
[pass 1] 05: 3636000 docs, 374897 candidates
[pass 1] 05: 3650000 docs, 376310 candidates
[pass 1] 05: 3653000 docs, 376630 candidates
[pass 1] 05: 3657000 docs, 377063 candidates
[pass 1] 05: 3661000 docs, 377512 candidates
[pass 1] 05: 3668000 docs, 378226 candidates
[pass 1] 05: 3669000 docs, 378335 candidates
[pass 1] 05: 3671000 docs, 378536 candidates
[pass 1] 05: 3687000 docs, 380185 candidates
[pass 1] 05: 3698000 docs, 381268 candidates
[pass 1] 05: 3712000 docs, 382670 candidates
[pass 1] 05: 3724000 docs, 383891 candidates
[pass 1] 05: 3730000 docs, 384520 candidates
[pass 1] 05: 3731000 docs, 384624 candidates
[pass 1] 05: 3733000 docs, 384836 candidates
[pass 1] 05: 3734000 docs, 384941 candidates
[pass 1] 05: 3739000 docs, 385489 candidates
[pass 1] 05: 3749000 docs, 386539 candidates
[pass 1] 05: 3758000 docs, 387463 candidates
[pass 1] 05: 3759000 docs, 387575 candidates
[pass 1] 05: 3761000 docs, 387796 candidates
[pass 1] 05: 3774000 docs, 389147 candidates
[pass 1] 05: 3788000 docs, 390642 candidates
[pass 1] 05: 3796000 docs, 391453 candidates
[pass 1] 05: 3800000 docs, 391866 candidates
[pass 1] 05: 3802000 docs, 392082 candidates
[pass 1] 05: 3808000 docs, 392711 candidates
[pass 1] 05: 3821000 docs, 394047 candidates
[pass 1] 05: 3831000 docs, 395111 candidates
[pass 1] 05: 3845000 docs, 396580 candidates
[pass 1] 05: 3850000 docs, 397072 candidates
[pass 1] 05: 3857000 docs, 397814 candidates
[pass 1] 05: 3863000 docs, 398382 candidates
[pass 1] 05: 3874000 docs, 399526 candidates
[pass 1] 05: 3879000 docs, 400037 candidates
[pass 1] 05: 3880000 docs, 400149 candidates
[pass 1] 05: 3888000 docs, 400969 candidates
[pass 1] 05: 3891000 docs, 401265 candidates
[pass 1] 05: 3904000 docs, 402566 candidates
[pass 1] 05: 3917000 docs, 403980 candidates
[pass 1] 05: 3922000 docs, 404505 candidates
[pass 1] 05: 3923000 docs, 404623 candidates
[pass 1] 05: 3927000 docs, 405038 candidates
[pass 1] 05: 3935000 docs, 405885 candidates
[pass 1] 05: 3982000 docs, 410657 candidates
[pass 1] 05: 3992000 docs, 411683 candidates
[pass 1] 05: 3999000 docs, 412427 candidates
[pass 1] 05: 4001000 docs, 412644 candidates
[pass 1] 05: 4006000 docs, 413176 candidates
[pass 1] 05: 4032000 docs, 415845 candidates
[pass 1] 05: 4034000 docs, 416046 candidates
[pass 1] 05: 4056000 docs, 418352 candidates
[pass 1] 05: 4074000 docs, 420219 candidates
[pass 1] 05: 4079000 docs, 420731 candidates
[pass 1] 05: 4080000 docs, 420846 candidates
[pass 1] 05: 4085000 docs, 421335 candidates
[pass 1] 05: 4087000 docs, 421538 candidates
[pass 1] 05: 4096000 docs, 422503 candidates
[pass 1] 05: 4097000 docs, 422610 candidates
[pass 1] 05: 4099000 docs, 422808 candidates
[pass 1] 05: 4100000 docs, 422913 candidates
[pass 1] 05: 4105000 docs, 423427 candidates
[pass 1] 05: 4118000 docs, 424785 candidates
[pass 1] 05: 4134000 docs, 426461 candidates
[pass 1] 05: 4147000 docs, 427823 candidates
[pass 1] 05: 4149000 docs, 428039 candidates
[pass 1] 05: 4155000 docs, 428683 candidates
[pass 1] 05: 4163000 docs, 429534 candidates
[pass 1] 05: 4195000 docs, 432819 candidates
[pass 1] 05: 4206000 docs, 433958 candidates
[pass 1] 05: 4207000 docs, 434063 candidates
[pass 1] 05: 4208000 docs, 434163 candidates
[pass 1] 05: 4218000 docs, 435200 candidates
[pass 1] 05: 4220000 docs, 435415 candidates
[pass 1] 05: 4232000 docs, 436642 candidates
[pass 1] 05: 4260000 docs, 439625 candidates
[pass 1] 05: 4268000 docs, 440459 candidates
[pass 1] 05: 4271000 docs, 440777 candidates
[pass 1] 05: 4276000 docs, 441278 candidates
[pass 1] 05: 4287000 docs, 442379 candidates
[pass 1] 05: 4321000 docs, 445864 candidates
[pass 1] 05: 4324000 docs, 446175 candidates
[pass 1] 05: 4334000 docs, 447243 candidates
[pass 1] 05: 4337000 docs, 447545 candidates
[pass 1] 05: 4343000 docs, 448190 candidates
[pass 1] 05: 4366000 docs, 450625 candidates
[pass 1] 05: 4370000 docs, 451067 candidates
[pass 1] 05: 4380000 docs, 452137 candidates
[pass 1] 05: 4382000 docs, 452359 candidates
[pass 1] 05: 4415000 docs, 455768 candidates
[pass 1] 05: 4416000 docs, 455872 candidates
[pass 1] 05: 4421000 docs, 456355 candidates
[pass 1] 05: 4441000 docs, 458522 candidates
[pass 1] 05: 4457000 docs, 460184 candidates
[pass 1] 05: 4480000 docs, 462594 candidates
[pass 1] 05: 4512000 docs, 465863 candidates
[pass 1] 05: 4514000 docs, 466079 candidates
[pass 1] 05: 4517000 docs, 466375 candidates
[pass 1] 05: 4550000 docs, 469715 candidates
[pass 1] 05: 4552000 docs, 469915 candidates
[pass 1] 05: 4576000 docs, 472421 candidates
[pass 1] 05: 4579000 docs, 472712 candidates
[pass 1] 05: 4592000 docs, 474106 candidates
[pass 1] 05: 4600000 docs, 474959 candidates
[pass 1] 05: 4602000 docs, 475188 candidates
[pass 1] 05: 4617000 docs, 476709 candidates
[pass 1] 05: 4622000 docs, 477211 candidates
[pass 1] 05: 4631000 docs, 478161 candidates
[pass 1] 05: 4633000 docs, 478381 candidates
[pass 1] 05: 4639000 docs, 479002 candidates
[pass 1] 05: 4640000 docs, 479091 candidates
[pass 1] 05: 4652000 docs, 480309 candidates
[pass 1] 05: 4653000 docs, 480419 candidates
[pass 1] 05: 4660000 docs, 481106 candidates
[pass 1] 05: 4665000 docs, 481633 candidates
[pass 1] 05: 4669000 docs, 482047 candidates
[pass 1] 05: 4670000 docs, 482166 candidates
[pass 1] 05: 4684000 docs, 483591 candidates
[pass 1] 05: 4707000 docs, 486025 candidates
[pass 1] 05: 4719000 docs, 487263 candidates
[pass 1] 05: 4727000 docs, 488084 candidates
[pass 1] 05: 4733000 docs, 488695 candidates
[pass 1] 05: 4749000 docs, 490311 candidates
[pass 1] 05: 4757000 docs, 491149 candidates
[pass 1] 05: 4761000 docs, 491563 candidates
[pass 1] 05: 4791000 docs, 494688 candidates
[pass 1] 05: 4792000 docs, 494800 candidates
[pass 1] 05: 4798000 docs, 495421 candidates
[pass 1] 05: 4822000 docs, 497933 candidates
[pass 1] 05: 4830000 docs, 498785 candidates
[pass 1] 05: 4833000 docs, 499064 candidates
[pass 1] 05: 4849000 docs, 500745 candidates
[pass 1] 05: 4852000 docs, 501073 candidates
[pass 1] 05: 4863000 docs, 502169 candidates
[pass 1] 05: 4867000 docs, 502590 candidates
[pass 1] 05: 4881000 docs, 504097 candidates
[pass 1] 05: 4899000 docs, 505974 candidates
[pass 1] 05: 4916000 docs, 507690 candidates
[pass 1] 05: 4923000 docs, 508411 candidates
[pass 1] 05: 4925000 docs, 508627 candidates
[pass 1] 05: 4929000 docs, 509026 candidates
[pass 1] 05: 4934000 docs, 509553 candidates
[pass 1] 05: 4945000 docs, 510624 candidates
[pass 1] 05: 4946000 docs, 510727 candidates
[pass 1] 05: 4960000 docs, 512161 candidates
[pass 1] 05: 4987000 docs, 514934 candidates
[pass 1] 05: 4991000 docs, 515331 candidates
[pass 1] 05: 4993000 docs, 515549 candidates
[pass 1] 05: 5003000 docs, 516589 candidates
[pass 1] 05: 5005000 docs, 516785 candidates
[pass 1] 05: 5009000 docs, 517186 candidates
[pass 1] 05: 5016000 docs, 517928 candidates
[pass 1] 05: 5017000 docs, 518015 candidates
[pass 1] 05: 5021000 docs, 518444 candidates
[pass 1] 05: 5028000 docs, 519144 candidates
[pass 1] 05: 5038000 docs, 520201 candidates
[pass 1] 05: 5047000 docs, 521141 candidates
[pass 1] 05: 5062000 docs, 522698 candidates
[pass 1] 05: 5075000 docs, 524057 candidates
[pass 1] 05: 5083000 docs, 524896 candidates
[pass 1] 05: 5093000 docs, 525985 candidates
[pass 1] 05: 5115000 docs, 528205 candidates
[pass 1] 05: 5121000 docs, 528861 candidates
[pass 1] 05: 5127000 docs, 529483 candidates
[pass 1] 05: 5138000 docs, 530644 candidates
[pass 1] 05: 5139000 docs, 530747 candidates
[pass 1] 05: 5147000 docs, 531608 candidates
[pass 1] 05: 5152000 docs, 532155 candidates
[pass 1] 05: 5173000 docs, 534395 candidates
[pass 1] 05: 5184000 docs, 535508 candidates
[pass 1] 05: 5186000 docs, 535716 candidates
[pass 1] 05: 5188000 docs, 535918 candidates
[pass 1] 05: 5203000 docs, 537411 candidates
[pass 1] 05: 5204000 docs, 537537 candidates
[pass 1] 05: 5214000 docs, 538524 candidates
[pass 1] 05: 5227000 docs, 539895 candidates
[pass 1] 05: 5239000 docs, 541191 candidates
[pass 1] 05: 5253000 docs, 542600 candidates
[pass 1] 05: 5254000 docs, 542691 candidates
[pass 1] 05: 5255000 docs, 542772 candidates
[pass 1] 05: 5262000 docs, 543519 candidates
[pass 1] 05: 5267000 docs, 544017 candidates
[pass 1] 05: 5270000 docs, 544328 candidates
[pass 1] 05: 5280000 docs, 545353 candidates
[pass 1] 05: 5284000 docs, 545778 candidates
[pass 1] 05: 5300000 docs, 547474 candidates
[pass 1] 05: 5305000 docs, 547982 candidates
[pass 1] 05: 5306000 docs, 548086 candidates
[pass 1] 05: 5309000 docs, 548407 candidates
[pass 1] 05: 5317000 docs, 549220 candidates
[pass 1] 05: 5319000 docs, 549417 candidates
[pass 1] 05: 5334000 docs, 550948 candidates
[pass 1] 05: 5338000 docs, 551381 candidates
[pass 1] 05: 5348000 docs, 552437 candidates
[pass 1] 05: 5356000 docs, 553254 candidates
[pass 1] 05: 5370000 docs, 554665 candidates
[pass 1] 05: 5419000 docs, 559544 candidates
[pass 1] 05: 5420000 docs, 559651 candidates
[pass 1] 05: 5424000 docs, 560083 candidates
[pass 1] 05: 5429000 docs, 560596 candidates
[pass 1] 05: 5437000 docs, 561418 candidates
[pass 1] 05: 5443000 docs, 562050 candidates
[pass 1] 05: 5445000 docs, 562234 candidates
[pass 1] 05: 5454000 docs, 563221 candidates
[pass 1] 05: 5476000 docs, 565591 candidates
[pass 1] 05: 5503000 docs, 568463 candidates
[pass 1] 05: 5534000 docs, 571698 candidates
[pass 1] 05: 5541000 docs, 572445 candidates
[pass 1] 05: 5543000 docs, 572634 candidates
[pass 1] 05: 5553000 docs, 573663 candidates
[pass 1] 05: 5558000 docs, 574189 candidates
[pass 1] 05: 5563000 docs, 574697 candidates
[pass 1] 05: 5565000 docs, 574889 candidates
[pass 1] 05: 5576000 docs, 576072 candidates
[pass 1] 05: 5578000 docs, 576292 candidates
[pass 1] 05: 5585000 docs, 576995 candidates
[pass 1] 05: 5617000 docs, 580276 candidates
[pass 1] 05: 5626000 docs, 581180 candidates
[pass 1] 05: 5640000 docs, 582626 candidates
[pass 1] 05: 5658000 docs, 584454 candidates
[pass 1] 05: 5663000 docs, 584968 candidates
[pass 1] 05: 5667000 docs, 585396 candidates
[pass 1] 05: 5685000 docs, 587199 candidates
[pass 1] 05: 5696000 docs, 588326 candidates
[pass 1] 05: 5706000 docs, 589361 candidates
[pass 1] 05: 5714000 docs, 590211 candidates
[pass 1] 05: 5715000 docs, 590310 candidates
[pass 1] 05: 5729000 docs, 591783 candidates
[pass 1] 05: 5732000 docs, 592087 candidates
[pass 1] 05: 5740000 docs, 592917 candidates
[pass 1] 05: 5742000 docs, 593106 candidates
[pass 1] 05: 5772000 docs, 596165 candidates
[pass 1] 05: 5792000 docs, 598301 candidates
[pass 1] 05: 5797000 docs, 598814 candidates
[pass 1] 05: 5807000 docs, 599848 candidates
[pass 1] 05: 5808000 docs, 599950 candidates
[pass 1] 05: 5825000 docs, 601665 candidates
[pass 1] 05: 5834000 docs, 602621 candidates
[pass 1] 05: 5848000 docs, 604036 candidates
[pass 1] 05: 5852000 docs, 604454 candidates
[pass 1] 05: 5856000 docs, 604879 candidates
[pass 1] 05: 5875000 docs, 606849 candidates
[pass 1] 05: 5893000 docs, 608682 candidates
[pass 1] done: 0 docs, 0 new records, yield=0.0/10K, 15286654ms
[pipeline] Flushed 10000 buffered records to store
[pipeline] Exported 0 paired records to /mnt/zfs-host/backup/projects/observer-vault/01-Projects/dataset-processor/output/paired-output.jsonl

[orchestrate] Pipeline max-passes
[orchestrate] Passes: 1, Total verb-records: 10000
  Pass 1: 0 docs, 609092 Tier-A, 0 Tier-B, 0 Tier-C, 0 records, yield=0.0/10K
