[orchestrate] Found 1 shard files
[pass 1] 10: 23000 docs, 2431 candidates
[pass 1] 10: 38000 docs, 3944 candidates
[pass 1] 10: 59000 docs, 6059 candidates
[pass 1] 10: 72000 docs, 7384 candidates
[pass 1] 10: 76000 docs, 7774 candidates
[pass 1] 10: 84000 docs, 8609 candidates
[pass 1] 10: 100000 docs, 10294 candidates
[pass 1] 10: 105000 docs, 10813 candidates
[pass 1] 10: 106000 docs, 10928 candidates
[pass 1] 10: 108000 docs, 11130 candidates
[pass 1] 10: 112000 docs, 11528 candidates
[pass 1] 10: 113000 docs, 11655 candidates
[pass 1] 10: 122000 docs, 12581 candidates
[pass 1] 10: 132000 docs, 13617 candidates
[pass 1] 10: 134000 docs, 13830 candidates
[pass 1] 10: 139000 docs, 14360 candidates
[pass 1] 10: 144000 docs, 14858 candidates
[pass 1] 10: 151000 docs, 15562 candidates
[pass 1] 10: 168000 docs, 17327 candidates
[pass 1] 10: 189000 docs, 19492 candidates
[pass 1] 10: 206000 docs, 21192 candidates
[pass 1] 10: 211000 docs, 21770 candidates
[pass 1] 10: 220000 docs, 22753 candidates
[pass 1] 10: 224000 docs, 23175 candidates
[pass 1] 10: 256000 docs, 26516 candidates
[pass 1] 10: 276000 docs, 28581 candidates
[pass 1] 10: 287000 docs, 29736 candidates
[pass 1] 10: 293000 docs, 30346 candidates
[pass 1] 10: 308000 docs, 31927 candidates
[pass 1] 10: 319000 docs, 33091 candidates
[pass 1] 10: 325000 docs, 33728 candidates
[pass 1] 10: 350000 docs, 36379 candidates
[pass 1] 10: 351000 docs, 36473 candidates
[pass 1] 10: 352000 docs, 36587 candidates
[pass 1] 10: 353000 docs, 36679 candidates
[pass 1] 10: 354000 docs, 36787 candidates
[pass 1] 10: 366000 docs, 38029 candidates
[pass 1] 10: 368000 docs, 38237 candidates
[pass 1] 10: 372000 docs, 38647 candidates
[pass 1] 10: 389000 docs, 40399 candidates
[pass 1] 10: 393000 docs, 40797 candidates
[pass 1] 10: 396000 docs, 41145 candidates
[pass 1] 10: 400000 docs, 41531 candidates
[pass 1] 10: 405000 docs, 42054 candidates
[pass 1] 10: 427000 docs, 44350 candidates
[pass 1] 10: 430000 docs, 44663 candidates
[pass 1] 10: 435000 docs, 45158 candidates
[pass 1] 10: 444000 docs, 46123 candidates
[pass 1] 10: 458000 docs, 47537 candidates
[pass 1] 10: 461000 docs, 47857 candidates
[pass 1] 10: 462000 docs, 47950 candidates
[pass 1] 10: 463000 docs, 48065 candidates
[pass 1] 10: 486000 docs, 50468 candidates
[pass 1] 10: 488000 docs, 50708 candidates
[pass 1] 10: 502000 docs, 52112 candidates
[pass 1] 10: 516000 docs, 53548 candidates
[pass 1] 10: 521000 docs, 54075 candidates
[pass 1] 10: 525000 docs, 54471 candidates
[pass 1] 10: 528000 docs, 54793 candidates
[pass 1] 10: 531000 docs, 55105 candidates
[pass 1] 10: 551000 docs, 57210 candidates
[pass 1] 10: 557000 docs, 57816 candidates
[pass 1] 10: 559000 docs, 58027 candidates
[pass 1] 10: 570000 docs, 59188 candidates
[pass 1] 10: 571000 docs, 59290 candidates
[pass 1] 10: 586000 docs, 60765 candidates
[pass 1] 10: 587000 docs, 60873 candidates
[pass 1] 10: 588000 docs, 60978 candidates
[pass 1] 10: 590000 docs, 61190 candidates
[pass 1] 10: 619000 docs, 64237 candidates
[pass 1] 10: 632000 docs, 65563 candidates
[pass 1] 10: 642000 docs, 66576 candidates
[pass 1] 10: 644000 docs, 66788 candidates
[pass 1] 10: 645000 docs, 66886 candidates
[pass 1] 10: 647000 docs, 67083 candidates
[pass 1] 10: 648000 docs, 67192 candidates
[pass 1] 10: 649000 docs, 67290 candidates
[pass 1] 10: 665000 docs, 68972 candidates
[pass 1] 10: 674000 docs, 69925 candidates
[pass 1] 10: 685000 docs, 71078 candidates
[pass 1] 10: 699000 docs, 72523 candidates
[pass 1] 10: 704000 docs, 73049 candidates
[pass 1] 10: 713000 docs, 73996 candidates
[pass 1] 10: 717000 docs, 74455 candidates
[pass 1] 10: 725000 docs, 75301 candidates
[pass 1] 10: 729000 docs, 75713 candidates
[pass 1] 10: 753000 docs, 78148 candidates
[pass 1] 10: 763000 docs, 79145 candidates
[pass 1] 10: 765000 docs, 79381 candidates
[pass 1] 10: 767000 docs, 79564 candidates
[pass 1] 10: 779000 docs, 80801 candidates
[pass 1] 10: 806000 docs, 83567 candidates
[pass 1] 10: 809000 docs, 83844 candidates
[pass 1] 10: 819000 docs, 84897 candidates
[pass 1] 10: 823000 docs, 85304 candidates
[pass 1] 10: 834000 docs, 86434 candidates
[pass 1] 10: 836000 docs, 86618 candidates
[pass 1] 10: 867000 docs, 89816 candidates
[pass 1] 10: 868000 docs, 89914 candidates
[pass 1] 10: 880000 docs, 91207 candidates
[pass 1] 10: 897000 docs, 92933 candidates
[pass 1] 10: 902000 docs, 93451 candidates
[pass 1] 10: 909000 docs, 94153 candidates
[pass 1] 10: 910000 docs, 94271 candidates
[pass 1] 10: 912000 docs, 94490 candidates
[pass 1] 10: 924000 docs, 95725 candidates
[pass 1] 10: 939000 docs, 97251 candidates
[pass 1] 10: 962000 docs, 99622 candidates
[pass 1] 10: 963000 docs, 99726 candidates
[pass 1] 10: 973000 docs, 100753 candidates
[pass 1] 10: 979000 docs, 101383 candidates
[pass 1] 10: 999000 docs, 103463 candidates
[pass 1] 10: 1015000 docs, 105084 candidates
[pass 1] 10: 1019000 docs, 105474 candidates
[pass 1] 10: 1023000 docs, 105896 candidates
[pass 1] 10: 1043000 docs, 107953 candidates
[pass 1] 10: 1061000 docs, 109869 candidates
[pass 1] 10: 1063000 docs, 110077 candidates
[pass 1] 10: 1076000 docs, 111422 candidates
[pass 1] 10: 1083000 docs, 112122 candidates
[pass 1] 10: 1085000 docs, 112355 candidates
[pass 1] 10: 1096000 docs, 113500 candidates
[pass 1] 10: 1114000 docs, 115359 candidates
[pass 1] 10: 1117000 docs, 115672 candidates
[pass 1] 10: 1130000 docs, 116987 candidates
[pass 1] 10: 1138000 docs, 117811 candidates
[pass 1] 10: 1157000 docs, 119739 candidates
[pass 1] 10: 1168000 docs, 120863 candidates
[pass 1] 10: 1197000 docs, 123840 candidates
[pass 1] 10: 1198000 docs, 123938 candidates
[pass 1] 10: 1201000 docs, 124241 candidates
[pass 1] 10: 1202000 docs, 124333 candidates
[pass 1] 10: 1204000 docs, 124575 candidates
[pass 1] 10: 1227000 docs, 126929 candidates
[pass 1] 10: 1243000 docs, 128605 candidates
[pass 1] 10: 1246000 docs, 128936 candidates
[pass 1] 10: 1250000 docs, 129309 candidates
[pass 1] 10: 1262000 docs, 130532 candidates
[pass 1] 10: 1264000 docs, 130768 candidates
[pass 1] 10: 1301000 docs, 134612 candidates
[pass 1] 10: 1302000 docs, 134713 candidates
[pass 1] 10: 1305000 docs, 135056 candidates
[pass 1] 10: 1311000 docs, 135699 candidates
[pass 1] 10: 1312000 docs, 135803 candidates
[pass 1] 10: 1313000 docs, 135894 candidates
[pass 1] 10: 1322000 docs, 136804 candidates
[pass 1] 10: 1331000 docs, 137696 candidates
[pass 1] 10: 1341000 docs, 138773 candidates
[pass 1] 10: 1344000 docs, 139079 candidates
[pass 1] 10: 1366000 docs, 141380 candidates
[pass 1] 10: 1370000 docs, 141790 candidates
[pass 1] 10: 1385000 docs, 143246 candidates
[pass 1] 10: 1397000 docs, 144465 candidates
[pass 1] 10: 1398000 docs, 144572 candidates
[pass 1] 10: 1399000 docs, 144689 candidates
[pass 1] 10: 1437000 docs, 148621 candidates
[pass 1] 10: 1460000 docs, 151027 candidates
[pass 1] 10: 1474000 docs, 152463 candidates
[pass 1] 10: 1486000 docs, 153727 candidates
[pass 1] 10: 1492000 docs, 154346 candidates
[pass 1] 10: 1518000 docs, 157025 candidates
[pass 1] 10: 1519000 docs, 157126 candidates
[pass 1] 10: 1536000 docs, 158852 candidates
[pass 1] 10: 1539000 docs, 159168 candidates
[pass 1] 10: 1552000 docs, 160516 candidates
[pass 1] 10: 1578000 docs, 163253 candidates
[pass 1] 10: 1585000 docs, 163903 candidates
[pass 1] 10: 1588000 docs, 164184 candidates
[pass 1] 10: 1590000 docs, 164382 candidates
[pass 1] 10: 1591000 docs, 164485 candidates
[pass 1] 10: 1593000 docs, 164699 candidates
[pass 1] 10: 1613000 docs, 166743 candidates
[pass 1] 10: 1631000 docs, 168605 candidates
[pass 1] 10: 1642000 docs, 169768 candidates
[pass 1] 10: 1644000 docs, 169958 candidates
[pass 1] 10: 1657000 docs, 171269 candidates
[pass 1] 10: 1661000 docs, 171716 candidates
[pass 1] 10: 1666000 docs, 172244 candidates
[pass 1] 10: 1674000 docs, 173075 candidates
[pass 1] 10: 1676000 docs, 173276 candidates
[pass 1] 10: 1681000 docs, 173820 candidates
[pass 1] 10: 1683000 docs, 174019 candidates
[pass 1] 10: 1688000 docs, 174529 candidates
[pass 1] 10: 1690000 docs, 174744 candidates
[pass 1] 10: 1704000 docs, 176239 candidates
[pass 1] 10: 1719000 docs, 177844 candidates
[pass 1] 10: 1721000 docs, 178023 candidates
[pass 1] 10: 1722000 docs, 178126 candidates
[pass 1] 10: 1732000 docs, 179184 candidates
[pass 1] 10: 1740000 docs, 179982 candidates
[pass 1] 10: 1743000 docs, 180286 candidates
[pass 1] 10: 1750000 docs, 181024 candidates
[pass 1] 10: 1754000 docs, 181408 candidates
[pass 1] 10: 1800000 docs, 186128 candidates
[pass 1] 10: 1858000 docs, 192203 candidates
[pass 1] 10: 1863000 docs, 192710 candidates
[pass 1] 10: 1868000 docs, 193247 candidates
[pass 1] 10: 1878000 docs, 194289 candidates
[pass 1] 10: 1884000 docs, 194895 candidates
[pass 1] 10: 1912000 docs, 197758 candidates
[pass 1] 10: 1933000 docs, 199954 candidates
[pass 1] 10: 1939000 docs, 200589 candidates
[pass 1] 10: 1949000 docs, 201670 candidates
[pass 1] 10: 1951000 docs, 201873 candidates
[pass 1] 10: 1975000 docs, 204420 candidates
[pass 1] 10: 1988000 docs, 205802 candidates
[pass 1] 10: 2000000 docs, 207070 candidates
[pass 1] 10: 2007000 docs, 207789 candidates
[pass 1] 10: 2014000 docs, 208485 candidates
[pass 1] 10: 2015000 docs, 208587 candidates
[pass 1] 10: 2016000 docs, 208691 candidates
[pass 1] 10: 2019000 docs, 208975 candidates
[pass 1] 10: 2028000 docs, 209893 candidates
[pass 1] 10: 2035000 docs, 210576 candidates
[pass 1] 10: 2047000 docs, 211806 candidates
[pass 1] 10: 2053000 docs, 212428 candidates
[pass 1] 10: 2054000 docs, 212517 candidates
[pass 1] 10: 2067000 docs, 213803 candidates
[pass 1] 10: 2090000 docs, 216199 candidates
[pass 1] 10: 2091000 docs, 216298 candidates
[pass 1] 10: 2097000 docs, 216926 candidates
[pass 1] 10: 2103000 docs, 217541 candidates
[pass 1] 10: 2111000 docs, 218387 candidates
[pass 1] 10: 2131000 docs, 220371 candidates
[pass 1] 10: 2137000 docs, 220946 candidates
[pass 1] 10: 2138000 docs, 221070 candidates
[pass 1] 10: 2152000 docs, 222518 candidates
[pass 1] 10: 2159000 docs, 223234 candidates
[pass 1] 10: 2171000 docs, 224494 candidates
[pass 1] 10: 2179000 docs, 225323 candidates
[pass 1] 10: 2183000 docs, 225730 candidates
[pass 1] 10: 2198000 docs, 227231 candidates
[pass 1] 10: 2220000 docs, 229434 candidates
[pass 1] 10: 2229000 docs, 230332 candidates
[pass 1] 10: 2248000 docs, 232331 candidates
[pass 1] 10: 2253000 docs, 232844 candidates
[pass 1] 10: 2260000 docs, 233572 candidates
[pass 1] 10: 2263000 docs, 233896 candidates
[pass 1] 10: 2265000 docs, 234133 candidates
[pass 1] 10: 2278000 docs, 235442 candidates
[pass 1] 10: 2301000 docs, 237864 candidates
[pass 1] 10: 2306000 docs, 238352 candidates
[pass 1] 10: 2311000 docs, 238888 candidates
[pass 1] 10: 2317000 docs, 239483 candidates
[pass 1] 10: 2328000 docs, 240560 candidates
[pass 1] 10: 2331000 docs, 240868 candidates
[pass 1] 10: 2332000 docs, 240980 candidates
[pass 1] 10: 2335000 docs, 241282 candidates
[pass 1] 10: 2344000 docs, 242180 candidates
[pass 1] 10: 2346000 docs, 242400 candidates
[pass 1] 10: 2347000 docs, 242472 candidates
[pass 1] 10: 2388000 docs, 246767 candidates
[pass 1] 10: 2395000 docs, 247462 candidates
[pass 1] 10: 2415000 docs, 249516 candidates
[pass 1] 10: 2419000 docs, 249956 candidates
[pass 1] 10: 2457000 docs, 253904 candidates
[pass 1] 10: 2460000 docs, 254212 candidates
[pass 1] 10: 2464000 docs, 254605 candidates
[pass 1] 10: 2468000 docs, 254990 candidates
[pass 1] 10: 2474000 docs, 255634 candidates
[pass 1] 10: 2478000 docs, 256089 candidates
[pass 1] 10: 2479000 docs, 256191 candidates
[pass 1] 10: 2484000 docs, 256734 candidates
[pass 1] 10: 2496000 docs, 257998 candidates
[pass 1] 10: 2502000 docs, 258630 candidates
[pass 1] 10: 2511000 docs, 259569 candidates
[pass 1] 10: 2518000 docs, 260314 candidates
[pass 1] 10: 2544000 docs, 263073 candidates
[pass 1] 10: 2548000 docs, 263506 candidates
[pass 1] 10: 2551000 docs, 263797 candidates
[pass 1] 10: 2562000 docs, 264984 candidates
[pass 1] 10: 2563000 docs, 265094 candidates
[pass 1] 10: 2568000 docs, 265630 candidates
[pass 1] 10: 2606000 docs, 269490 candidates
[pass 1] 10: 2621000 docs, 271041 candidates
[pass 1] 10: 2625000 docs, 271449 candidates
[pass 1] 10: 2639000 docs, 272862 candidates
[pass 1] 10: 2649000 docs, 273835 candidates
[pass 1] 10: 2650000 docs, 273928 candidates
[pass 1] 10: 2657000 docs, 274624 candidates
[pass 1] 10: 2659000 docs, 274835 candidates
[pass 1] 10: 2669000 docs, 275890 candidates
[pass 1] 10: 2677000 docs, 276731 candidates
[pass 1] 10: 2678000 docs, 276833 candidates
[pass 1] 10: 2683000 docs, 277343 candidates
[pass 1] 10: 2687000 docs, 277776 candidates
[pass 1] 10: 2690000 docs, 278096 candidates
[pass 1] 10: 2698000 docs, 278918 candidates
[pass 1] 10: 2706000 docs, 279759 candidates
[pass 1] 10: 2728000 docs, 282029 candidates
[pass 1] 10: 2731000 docs, 282290 candidates
[pass 1] 10: 2738000 docs, 282986 candidates
[pass 1] 10: 2749000 docs, 284161 candidates
[pass 1] 10: 2754000 docs, 284673 candidates
[pass 1] 10: 2771000 docs, 286458 candidates
[pass 1] 10: 2774000 docs, 286798 candidates
[pass 1] 10: 2803000 docs, 289701 candidates
[pass 1] 10: 2804000 docs, 289803 candidates
[pass 1] 10: 2808000 docs, 290184 candidates
[pass 1] 10: 2825000 docs, 291972 candidates
[pass 1] 10: 2826000 docs, 292056 candidates
[pass 1] 10: 2831000 docs, 292549 candidates
[pass 1] 10: 2854000 docs, 294858 candidates
[pass 1] 10: 2876000 docs, 297106 candidates
[pass 1] 10: 2888000 docs, 298338 candidates
[pass 1] 10: 2897000 docs, 299256 candidates
[pass 1] 10: 2902000 docs, 299765 candidates
[pass 1] 10: 2905000 docs, 300080 candidates
[pass 1] 10: 2912000 docs, 300848 candidates
[pass 1] 10: 2918000 docs, 301461 candidates
[pass 1] 10: 2928000 docs, 302475 candidates
[pass 1] 10: 2934000 docs, 303084 candidates
[pass 1] 10: 2936000 docs, 303294 candidates
[pass 1] 10: 2939000 docs, 303596 candidates
[pass 1] 10: 2944000 docs, 304148 candidates
[pass 1] 10: 2947000 docs, 304500 candidates
[pass 1] 10: 2951000 docs, 304964 candidates
[pass 1] 10: 2953000 docs, 305170 candidates
[pass 1] 10: 2957000 docs, 305580 candidates
[pass 1] 10: 2964000 docs, 306315 candidates
[pass 1] 10: 2970000 docs, 306908 candidates
[pass 1] 10: 2989000 docs, 308891 candidates
[pass 1] 10: 3002000 docs, 310285 candidates
[pass 1] 10: 3008000 docs, 310905 candidates
[pass 1] 10: 3012000 docs, 311313 candidates
[pass 1] 10: 3013000 docs, 311423 candidates
[pass 1] 10: 3020000 docs, 312157 candidates
[pass 1] 10: 3028000 docs, 312966 candidates
[pass 1] 10: 3056000 docs, 315875 candidates
[pass 1] 10: 3067000 docs, 317024 candidates
[pass 1] 10: 3074000 docs, 317761 candidates
[pass 1] 10: 3090000 docs, 319384 candidates
[pass 1] 10: 3099000 docs, 320354 candidates
[pass 1] 10: 3102000 docs, 320634 candidates
[pass 1] 10: 3131000 docs, 323656 candidates
[pass 1] 10: 3134000 docs, 323967 candidates
[pass 1] 10: 3146000 docs, 325211 candidates
[pass 1] 10: 3149000 docs, 325543 candidates
[pass 1] 10: 3175000 docs, 328253 candidates
[pass 1] 10: 3193000 docs, 330137 candidates
[pass 1] 10: 3221000 docs, 333045 candidates
[pass 1] 10: 3225000 docs, 333446 candidates
[pass 1] 10: 3230000 docs, 333978 candidates
[pass 1] 10: 3233000 docs, 334316 candidates
[pass 1] 10: 3234000 docs, 334424 candidates
[pass 1] 10: 3246000 docs, 335730 candidates
[pass 1] 10: 3249000 docs, 336035 candidates
[pass 1] 10: 3255000 docs, 336678 candidates
[pass 1] 10: 3260000 docs, 337210 candidates
[pass 1] 10: 3266000 docs, 337853 candidates
[pass 1] 10: 3279000 docs, 339207 candidates
[pass 1] 10: 3302000 docs, 341551 candidates
[pass 1] 10: 3337000 docs, 345215 candidates
[pass 1] 10: 3346000 docs, 346117 candidates
[pass 1] 10: 3376000 docs, 349102 candidates
[pass 1] 10: 3383000 docs, 349855 candidates
[pass 1] 10: 3385000 docs, 350073 candidates
[pass 1] 10: 3387000 docs, 350261 candidates
[pass 1] 10: 3393000 docs, 350874 candidates
[pass 1] 10: 3409000 docs, 352473 candidates
[pass 1] 10: 3410000 docs, 352560 candidates
[pass 1] 10: 3414000 docs, 353010 candidates
[pass 1] 10: 3427000 docs, 354369 candidates
[pass 1] 10: 3443000 docs, 356058 candidates
[pass 1] 10: 3471000 docs, 358906 candidates
[pass 1] 10: 3472000 docs, 359011 candidates
[pass 1] 10: 3482000 docs, 360054 candidates
[pass 1] 10: 3507000 docs, 362573 candidates
[pass 1] 10: 3511000 docs, 362951 candidates
[pass 1] 10: 3512000 docs, 363051 candidates
[pass 1] 10: 3513000 docs, 363164 candidates
[pass 1] 10: 3518000 docs, 363703 candidates
[pass 1] 10: 3521000 docs, 364036 candidates
[pass 1] 10: 3537000 docs, 365667 candidates
[pass 1] 10: 3542000 docs, 366185 candidates
[pass 1] 10: 3545000 docs, 366488 candidates
[pass 1] 10: 3558000 docs, 367778 candidates
[pass 1] 10: 3560000 docs, 367998 candidates
[pass 1] 10: 3569000 docs, 368931 candidates
[pass 1] 10: 3574000 docs, 369450 candidates
[pass 1] 10: 3602000 docs, 372381 candidates
[pass 1] 10: 3622000 docs, 374423 candidates
[pass 1] 10: 3636000 docs, 375864 candidates
[pass 1] 10: 3637000 docs, 375965 candidates
[pass 1] 10: 3638000 docs, 376077 candidates
[pass 1] 10: 3644000 docs, 376686 candidates
[pass 1] 10: 3657000 docs, 378063 candidates
[pass 1] 10: 3663000 docs, 378654 candidates
[pass 1] 10: 3664000 docs, 378752 candidates
[pass 1] 10: 3667000 docs, 379045 candidates
[pass 1] 10: 3669000 docs, 379264 candidates
[pass 1] 10: 3675000 docs, 379931 candidates
[pass 1] 10: 3686000 docs, 381066 candidates
[pass 1] 10: 3694000 docs, 381879 candidates
[pass 1] 10: 3697000 docs, 382191 candidates
[pass 1] 10: 3701000 docs, 382565 candidates
[pass 1] 10: 3703000 docs, 382769 candidates
[pass 1] 10: 3704000 docs, 382871 candidates
[pass 1] 10: 3714000 docs, 383928 candidates
[pass 1] 10: 3715000 docs, 384029 candidates
[pass 1] 10: 3718000 docs, 384339 candidates
[pass 1] 10: 3722000 docs, 384778 candidates
[pass 1] 10: 3726000 docs, 385194 candidates
[pass 1] 10: 3766000 docs, 389222 candidates
[pass 1] 10: 3773000 docs, 389995 candidates
[pass 1] 10: 3786000 docs, 391369 candidates
[pass 1] 10: 3797000 docs, 392517 candidates
[pass 1] 10: 3800000 docs, 392797 candidates
[pass 1] 10: 3815000 docs, 394351 candidates
[pass 1] 10: 3841000 docs, 397020 candidates
[pass 1] 10: 3864000 docs, 399356 candidates
[pass 1] 10: 3865000 docs, 399465 candidates
[pass 1] 10: 3875000 docs, 400461 candidates
[pass 1] 10: 3901000 docs, 403162 candidates
[pass 1] 10: 3902000 docs, 403283 candidates
[pass 1] 10: 3931000 docs, 406269 candidates
[pass 1] 10: 3933000 docs, 406477 candidates
[pass 1] 10: 3937000 docs, 406873 candidates
[pass 1] 10: 3946000 docs, 407786 candidates
[pass 1] 10: 3950000 docs, 408186 candidates
[pass 1] 10: 3959000 docs, 409119 candidates
[pass 1] 10: 3960000 docs, 409225 candidates
[pass 1] 10: 3972000 docs, 410486 candidates
[pass 1] 10: 3973000 docs, 410605 candidates
[pass 1] 10: 3983000 docs, 411648 candidates
[pass 1] 10: 3996000 docs, 412980 candidates
[pass 1] 10: 4004000 docs, 413795 candidates
[pass 1] 10: 4005000 docs, 413898 candidates
[pass 1] 10: 4014000 docs, 414827 candidates
[pass 1] 10: 4020000 docs, 415460 candidates
[pass 1] 10: 4022000 docs, 415649 candidates
[pass 1] 10: 4026000 docs, 416061 candidates
[pass 1] 10: 4047000 docs, 418186 candidates
[pass 1] 10: 4048000 docs, 418297 candidates
[pass 1] 10: 4063000 docs, 419825 candidates
[pass 1] 10: 4077000 docs, 421208 candidates
[pass 1] 10: 4083000 docs, 421783 candidates
[pass 1] 10: 4086000 docs, 422064 candidates
[pass 1] 10: 4093000 docs, 422763 candidates
[pass 1] 10: 4097000 docs, 423177 candidates
[pass 1] 10: 4109000 docs, 424454 candidates
[pass 1] 10: 4110000 docs, 424550 candidates
[pass 1] 10: 4113000 docs, 424870 candidates
[pass 1] 10: 4117000 docs, 425290 candidates
[pass 1] 10: 4134000 docs, 427069 candidates
[pass 1] 10: 4137000 docs, 427361 candidates
[pass 1] 10: 4138000 docs, 427489 candidates
[pass 1] 10: 4147000 docs, 428399 candidates
[pass 1] 10: 4152000 docs, 428917 candidates
[pass 1] 10: 4156000 docs, 429340 candidates
[pass 1] 10: 4171000 docs, 430855 candidates
[pass 1] 10: 4175000 docs, 431263 candidates
[pass 1] 10: 4197000 docs, 433495 candidates
[pass 1] 10: 4202000 docs, 434038 candidates
[pass 1] 10: 4207000 docs, 434583 candidates
[pass 1] 10: 4208000 docs, 434681 candidates
[pass 1] 10: 4219000 docs, 435821 candidates
[pass 1] 10: 4222000 docs, 436136 candidates
[pass 1] 10: 4243000 docs, 438297 candidates
[pass 1] 10: 4247000 docs, 438666 candidates
[pass 1] 10: 4299000 docs, 444025 candidates
[pass 1] 10: 4302000 docs, 444322 candidates
[pass 1] 10: 4304000 docs, 444524 candidates
[pass 1] 10: 4312000 docs, 445297 candidates
[pass 1] 10: 4334000 docs, 447540 candidates
[pass 1] 10: 4356000 docs, 449823 candidates
[pass 1] 10: 4366000 docs, 450870 candidates
[pass 1] 10: 4369000 docs, 451201 candidates
[pass 1] 10: 4373000 docs, 451605 candidates
[pass 1] 10: 4375000 docs, 451797 candidates
[pass 1] 10: 4389000 docs, 453233 candidates
[pass 1] 10: 4391000 docs, 453435 candidates
[pass 1] 10: 4409000 docs, 455293 candidates
[pass 1] 10: 4410000 docs, 455383 candidates
[pass 1] 10: 4420000 docs, 456433 candidates
[pass 1] 10: 4422000 docs, 456623 candidates
[pass 1] 10: 4428000 docs, 457201 candidates
[pass 1] 10: 4435000 docs, 457901 candidates
[pass 1] 10: 4463000 docs, 460607 candidates
[pass 1] 10: 4467000 docs, 461025 candidates
[pass 1] 10: 4477000 docs, 462098 candidates
[pass 1] 10: 4482000 docs, 462654 candidates
[pass 1] 10: 4485000 docs, 462946 candidates
[pass 1] 10: 4492000 docs, 463679 candidates
[pass 1] 10: 4494000 docs, 463882 candidates
[pass 1] 10: 4508000 docs, 465352 candidates
[pass 1] 10: 4532000 docs, 467817 candidates
[pass 1] 10: 4537000 docs, 468320 candidates
[pass 1] 10: 4546000 docs, 469207 candidates
[pass 1] 10: 4547000 docs, 469312 candidates
[pass 1] 10: 4557000 docs, 470337 candidates
[pass 1] 10: 4571000 docs, 471749 candidates
[pass 1] 10: 4588000 docs, 473518 candidates
[pass 1] 10: 4596000 docs, 474357 candidates
[pass 1] 10: 4599000 docs, 474644 candidates
[pass 1] 10: 4601000 docs, 474836 candidates
[pass 1] 10: 4608000 docs, 475589 candidates
[pass 1] 10: 4612000 docs, 475991 candidates
[pass 1] 10: 4616000 docs, 476445 candidates
[pass 1] 10: 4620000 docs, 476822 candidates
[pass 1] 10: 4621000 docs, 476929 candidates
[pass 1] 10: 4627000 docs, 477548 candidates
[pass 1] 10: 4636000 docs, 478466 candidates
[pass 1] 10: 4655000 docs, 480445 candidates
[pass 1] 10: 4658000 docs, 480771 candidates
[pass 1] 10: 4666000 docs, 481610 candidates
[pass 1] 10: 4667000 docs, 481731 candidates
[pass 1] 10: 4672000 docs, 482208 candidates
[pass 1] 10: 4674000 docs, 482400 candidates
[pass 1] 10: 4689000 docs, 483971 candidates
[pass 1] 10: 4690000 docs, 484076 candidates
[pass 1] 10: 4693000 docs, 484378 candidates
[pass 1] 10: 4694000 docs, 484487 candidates
[pass 1] 10: 4695000 docs, 484608 candidates
[pass 1] 10: 4697000 docs, 484830 candidates
[pass 1] 10: 4700000 docs, 485161 candidates
[pass 1] 10: 4706000 docs, 485780 candidates
[pass 1] 10: 4707000 docs, 485879 candidates
[pass 1] 10: 4708000 docs, 485999 candidates
[pass 1] 10: 4715000 docs, 486740 candidates
[pass 1] 10: 4733000 docs, 488619 candidates
[pass 1] 10: 4738000 docs, 489184 candidates
[pass 1] 10: 4743000 docs, 489650 candidates
[pass 1] 10: 4777000 docs, 493093 candidates
[pass 1] 10: 4785000 docs, 493905 candidates
[pass 1] 10: 4790000 docs, 494388 candidates
[pass 1] 10: 4804000 docs, 495841 candidates
[pass 1] 10: 4805000 docs, 495935 candidates
[pass 1] 10: 4815000 docs, 496955 candidates
[pass 1] 10: 4826000 docs, 498038 candidates
[pass 1] 10: 4865000 docs, 502189 candidates
[pass 1] 10: 4887000 docs, 504392 candidates
[pass 1] 10: 4904000 docs, 506171 candidates
[pass 1] 10: 4905000 docs, 506269 candidates
[pass 1] 10: 4911000 docs, 506880 candidates
[pass 1] 10: 4937000 docs, 509614 candidates
[pass 1] 10: 4960000 docs, 511986 candidates
[pass 1] 10: 4962000 docs, 512189 candidates
[pass 1] 10: 4969000 docs, 512834 candidates
[pass 1] 10: 4972000 docs, 513128 candidates
[pass 1] 10: 4973000 docs, 513228 candidates
[pass 1] 10: 4975000 docs, 513408 candidates
[pass 1] 10: 4983000 docs, 514180 candidates
[pass 1] 10: 4989000 docs, 514784 candidates
[pass 1] 10: 5005000 docs, 516496 candidates
[pass 1] 10: 5034000 docs, 519508 candidates
[pass 1] 10: 5050000 docs, 521152 candidates
[pass 1] 10: 5055000 docs, 521665 candidates
[pass 1] 10: 5060000 docs, 522142 candidates
[pass 1] 10: 5075000 docs, 523683 candidates
[pass 1] 10: 5090000 docs, 525221 candidates
[pass 1] 10: 5100000 docs, 526264 candidates
[pass 1] 10: 5105000 docs, 526759 candidates
[pass 1] 10: 5106000 docs, 526864 candidates
[pass 1] 10: 5110000 docs, 527283 candidates
[pass 1] 10: 5112000 docs, 527486 candidates
[pass 1] 10: 5115000 docs, 527799 candidates
[pass 1] 10: 5119000 docs, 528211 candidates
[pass 1] 10: 5135000 docs, 529800 candidates
[pass 1] 10: 5142000 docs, 530520 candidates
[pass 1] 10: 5165000 docs, 532864 candidates
[pass 1] 10: 5180000 docs, 534431 candidates
[pass 1] 10: 5181000 docs, 534549 candidates
[pass 1] 10: 5184000 docs, 534854 candidates
[pass 1] 10: 5212000 docs, 537710 candidates
[pass 1] 10: 5237000 docs, 540300 candidates
[pass 1] 10: 5286000 docs, 545266 candidates
[pass 1] 10: 5290000 docs, 545671 candidates
[pass 1] 10: 5305000 docs, 547190 candidates
[pass 1] 10: 5306000 docs, 547289 candidates
[pass 1] 10: 5318000 docs, 548617 candidates
[pass 1] 10: 5324000 docs, 549210 candidates
[pass 1] 10: 5344000 docs, 551284 candidates
[pass 1] 10: 5348000 docs, 551680 candidates
[pass 1] 10: 5356000 docs, 552501 candidates
[pass 1] 10: 5361000 docs, 553039 candidates
[pass 1] 10: 5362000 docs, 553164 candidates
[pass 1] 10: 5373000 docs, 554245 candidates
[pass 1] 10: 5374000 docs, 554356 candidates
[pass 1] 10: 5388000 docs, 555753 candidates
[pass 1] 10: 5410000 docs, 557991 candidates
[pass 1] 10: 5413000 docs, 558324 candidates
[pass 1] 10: 5423000 docs, 559367 candidates
[pass 1] 10: 5426000 docs, 559678 candidates
[pass 1] 10: 5432000 docs, 560268 candidates
[pass 1] 10: 5437000 docs, 560794 candidates
[pass 1] 10: 5451000 docs, 562236 candidates
[pass 1] 10: 5467000 docs, 563896 candidates
[pass 1] 10: 5468000 docs, 564016 candidates
[pass 1] 10: 5469000 docs, 564126 candidates
[pass 1] 10: 5474000 docs, 564665 candidates
[pass 1] 10: 5495000 docs, 566907 candidates
[pass 1] 10: 5497000 docs, 567116 candidates
[pass 1] 10: 5522000 docs, 569641 candidates
[pass 1] 10: 5523000 docs, 569744 candidates
[pass 1] 10: 5535000 docs, 571030 candidates
[pass 1] 10: 5544000 docs, 571950 candidates
[pass 1] 10: 5548000 docs, 572385 candidates
[pass 1] 10: 5607000 docs, 578319 candidates
[pass 1] 10: 5609000 docs, 578548 candidates
[pass 1] 10: 5639000 docs, 581687 candidates
[pass 1] 10: 5659000 docs, 583681 candidates
[pass 1] 10: 5668000 docs, 584607 candidates
[pass 1] 10: 5698000 docs, 587854 candidates
[pass 1] 10: 5704000 docs, 588477 candidates
[pass 1] 10: 5710000 docs, 589108 candidates
[pass 1] 10: 5718000 docs, 589928 candidates
[pass 1] 10: 5727000 docs, 590838 candidates
[pass 1] 10: 5731000 docs, 591256 candidates
[pass 1] 10: 5736000 docs, 591806 candidates
[pass 1] 10: 5760000 docs, 594241 candidates
[pass 1] 10: 5800000 docs, 598359 candidates
[pass 1] 10: 5802000 docs, 598560 candidates
[pass 1] 10: 5806000 docs, 598976 candidates
[pass 1] 10: 5821000 docs, 600549 candidates
[pass 1] 10: 5831000 docs, 601595 candidates
[pass 1] 10: 5842000 docs, 602736 candidates
[pass 1] 10: 5844000 docs, 602957 candidates
[pass 1] 10: 5862000 docs, 604737 candidates
[pass 1] 10: 5874000 docs, 605991 candidates
[pass 1] 10: 5887000 docs, 607365 candidates
[pass 1] 10: 5888000 docs, 607472 candidates
[pass 1] 10: 5894000 docs, 608071 candidates
[pass 1] 10: 5896000 docs, 608265 candidates
[pass 1] done: 0 docs, 0 new records, yield=0.0/10K, 15832707ms
[pipeline] Flushed 10000 buffered records to store
[pipeline] Exported 0 paired records to /mnt/zfs-host/backup/projects/observer-vault/01-Projects/dataset-processor/output/paired-output.jsonl

[orchestrate] Pipeline max-passes
[orchestrate] Passes: 1, Total verb-records: 10000
  Pass 1: 0 docs, 608937 Tier-A, 0 Tier-B, 0 Tier-C, 0 records, yield=0.0/10K
