[orchestrate] Found 1 shard files
[pass 1] 14: 6000 docs, 610 candidates
[pass 1] 14: 17000 docs, 1755 candidates
[pass 1] 14: 20000 docs, 2073 candidates
[pass 1] 14: 22000 docs, 2274 candidates
[pass 1] 14: 25000 docs, 2573 candidates
[pass 1] 14: 34000 docs, 3515 candidates
[pass 1] 14: 48000 docs, 4929 candidates
[pass 1] 14: 67000 docs, 6855 candidates
[pass 1] 14: 69000 docs, 7029 candidates
[pass 1] 14: 74000 docs, 7557 candidates
[pass 1] 14: 90000 docs, 9196 candidates
[pass 1] 14: 93000 docs, 9507 candidates
[pass 1] 14: 96000 docs, 9826 candidates
[pass 1] 14: 98000 docs, 10054 candidates
[pass 1] 14: 100000 docs, 10267 candidates
[pass 1] 14: 107000 docs, 10937 candidates
[pass 1] 14: 155000 docs, 15967 candidates
[pass 1] 14: 160000 docs, 16488 candidates
[pass 1] 14: 168000 docs, 17330 candidates
[pass 1] 14: 170000 docs, 17560 candidates
[pass 1] 14: 171000 docs, 17669 candidates
[pass 1] 14: 172000 docs, 17770 candidates
[pass 1] 14: 178000 docs, 18413 candidates
[pass 1] 14: 179000 docs, 18522 candidates
[pass 1] 14: 182000 docs, 18825 candidates
[pass 1] 14: 201000 docs, 20736 candidates
[pass 1] 14: 227000 docs, 23425 candidates
[pass 1] 14: 235000 docs, 24267 candidates
[pass 1] 14: 245000 docs, 25270 candidates
[pass 1] 14: 250000 docs, 25799 candidates
[pass 1] 14: 262000 docs, 27015 candidates
[pass 1] 14: 278000 docs, 28645 candidates
[pass 1] 14: 296000 docs, 30478 candidates
[pass 1] 14: 299000 docs, 30798 candidates
[pass 1] 14: 302000 docs, 31090 candidates
[pass 1] 14: 309000 docs, 31773 candidates
[pass 1] 14: 317000 docs, 32606 candidates
[pass 1] 14: 328000 docs, 33770 candidates
[pass 1] 14: 333000 docs, 34290 candidates
[pass 1] 14: 350000 docs, 36001 candidates
[pass 1] 14: 353000 docs, 36289 candidates
[pass 1] 14: 356000 docs, 36621 candidates
[pass 1] 14: 362000 docs, 37254 candidates
[pass 1] 14: 368000 docs, 37921 candidates
[pass 1] 14: 371000 docs, 38250 candidates
[pass 1] 14: 373000 docs, 38469 candidates
[pass 1] 14: 382000 docs, 39415 candidates
[pass 1] 14: 385000 docs, 39746 candidates
[pass 1] 14: 394000 docs, 40645 candidates
[pass 1] 14: 395000 docs, 40752 candidates
[pass 1] 14: 407000 docs, 42006 candidates
[pass 1] 14: 428000 docs, 44158 candidates
[pass 1] 14: 431000 docs, 44480 candidates
[pass 1] 14: 439000 docs, 45298 candidates
[pass 1] 14: 440000 docs, 45398 candidates
[pass 1] 14: 446000 docs, 46033 candidates
[pass 1] 14: 447000 docs, 46149 candidates
[pass 1] 14: 454000 docs, 46874 candidates
[pass 1] 14: 457000 docs, 47180 candidates
[pass 1] 14: 464000 docs, 47851 candidates
[pass 1] 14: 486000 docs, 50095 candidates
[pass 1] 14: 487000 docs, 50202 candidates
[pass 1] 14: 488000 docs, 50304 candidates
[pass 1] 14: 490000 docs, 50510 candidates
[pass 1] 14: 491000 docs, 50612 candidates
[pass 1] 14: 496000 docs, 51127 candidates
[pass 1] 14: 502000 docs, 51731 candidates
[pass 1] 14: 511000 docs, 52641 candidates
[pass 1] 14: 555000 docs, 57243 candidates
[pass 1] 14: 581000 docs, 59922 candidates
[pass 1] 14: 610000 docs, 62850 candidates
[pass 1] 14: 615000 docs, 63346 candidates
[pass 1] 14: 629000 docs, 64769 candidates
[pass 1] 14: 647000 docs, 66606 candidates
[pass 1] 14: 655000 docs, 67433 candidates
[pass 1] 14: 663000 docs, 68267 candidates
[pass 1] 14: 678000 docs, 69729 candidates
[pass 1] 14: 679000 docs, 69824 candidates
[pass 1] 14: 689000 docs, 70867 candidates
[pass 1] 14: 703000 docs, 72317 candidates
[pass 1] 14: 720000 docs, 74082 candidates
[pass 1] 14: 722000 docs, 74302 candidates
[pass 1] 14: 747000 docs, 76863 candidates
[pass 1] 14: 761000 docs, 78253 candidates
[pass 1] 14: 782000 docs, 80362 candidates
[pass 1] 14: 784000 docs, 80583 candidates
[pass 1] 14: 785000 docs, 80698 candidates
[pass 1] 14: 790000 docs, 81218 candidates
[pass 1] 14: 806000 docs, 82942 candidates
[pass 1] 14: 822000 docs, 84631 candidates
[pass 1] 14: 834000 docs, 85812 candidates
[pass 1] 14: 839000 docs, 86348 candidates
[pass 1] 14: 843000 docs, 86787 candidates
[pass 1] 14: 850000 docs, 87512 candidates
[pass 1] 14: 859000 docs, 88388 candidates
[pass 1] 14: 860000 docs, 88486 candidates
[pass 1] 14: 883000 docs, 90843 candidates
[pass 1] 14: 893000 docs, 91898 candidates
[pass 1] 14: 902000 docs, 92840 candidates
[pass 1] 14: 924000 docs, 95073 candidates
[pass 1] 14: 939000 docs, 96626 candidates
[pass 1] 14: 951000 docs, 97857 candidates
[pass 1] 14: 957000 docs, 98496 candidates
[pass 1] 14: 961000 docs, 98942 candidates
[pass 1] 14: 983000 docs, 101293 candidates
[pass 1] 14: 992000 docs, 102248 candidates
[pass 1] 14: 1006000 docs, 103646 candidates
[pass 1] 14: 1008000 docs, 103857 candidates
[pass 1] 14: 1009000 docs, 103974 candidates
[pass 1] 14: 1012000 docs, 104259 candidates
[pass 1] 14: 1043000 docs, 107502 candidates
[pass 1] 14: 1052000 docs, 108505 candidates
[pass 1] 14: 1059000 docs, 109208 candidates
[pass 1] 14: 1062000 docs, 109538 candidates
[pass 1] 14: 1065000 docs, 109855 candidates
[pass 1] 14: 1082000 docs, 111677 candidates
[pass 1] 14: 1087000 docs, 112132 candidates
[pass 1] 14: 1098000 docs, 113229 candidates
[pass 1] 14: 1104000 docs, 113861 candidates
[pass 1] 14: 1112000 docs, 114704 candidates
[pass 1] 14: 1116000 docs, 115118 candidates
[pass 1] 14: 1127000 docs, 116247 candidates
[pass 1] 14: 1134000 docs, 116970 candidates
[pass 1] 14: 1143000 docs, 117844 candidates
[pass 1] 14: 1156000 docs, 119201 candidates
[pass 1] 14: 1164000 docs, 120032 candidates
[pass 1] 14: 1198000 docs, 123508 candidates
[pass 1] 14: 1212000 docs, 124969 candidates
[pass 1] 14: 1216000 docs, 125372 candidates
[pass 1] 14: 1226000 docs, 126383 candidates
[pass 1] 14: 1229000 docs, 126670 candidates
[pass 1] 14: 1230000 docs, 126768 candidates
[pass 1] 14: 1243000 docs, 128049 candidates
[pass 1] 14: 1248000 docs, 128535 candidates
[pass 1] 14: 1251000 docs, 128836 candidates
[pass 1] 14: 1252000 docs, 128961 candidates
[pass 1] 14: 1254000 docs, 129170 candidates
[pass 1] 14: 1264000 docs, 130230 candidates
[pass 1] 14: 1277000 docs, 131550 candidates
[pass 1] 14: 1285000 docs, 132325 candidates
[pass 1] 14: 1299000 docs, 133798 candidates
[pass 1] 14: 1312000 docs, 135113 candidates
[pass 1] 14: 1323000 docs, 136229 candidates
[pass 1] 14: 1335000 docs, 137491 candidates
[pass 1] 14: 1363000 docs, 140424 candidates
[pass 1] 14: 1377000 docs, 141897 candidates
[pass 1] 14: 1378000 docs, 141999 candidates
[pass 1] 14: 1385000 docs, 142732 candidates
[pass 1] 14: 1391000 docs, 143362 candidates
[pass 1] 14: 1425000 docs, 146923 candidates
[pass 1] 14: 1435000 docs, 147922 candidates
[pass 1] 14: 1436000 docs, 148030 candidates
[pass 1] 14: 1444000 docs, 148852 candidates
[pass 1] 14: 1454000 docs, 149887 candidates
[pass 1] 14: 1455000 docs, 149976 candidates
[pass 1] 14: 1456000 docs, 150082 candidates
[pass 1] 14: 1461000 docs, 150588 candidates
[pass 1] 14: 1462000 docs, 150701 candidates
[pass 1] 14: 1465000 docs, 151007 candidates
[pass 1] 14: 1470000 docs, 151503 candidates
[pass 1] 14: 1472000 docs, 151706 candidates
[pass 1] 14: 1482000 docs, 152740 candidates
[pass 1] 14: 1493000 docs, 153923 candidates
[pass 1] 14: 1496000 docs, 154220 candidates
[pass 1] 14: 1506000 docs, 155267 candidates
[pass 1] 14: 1520000 docs, 156696 candidates
[pass 1] 14: 1526000 docs, 157278 candidates
[pass 1] 14: 1535000 docs, 158243 candidates
[pass 1] 14: 1545000 docs, 159302 candidates
[pass 1] 14: 1566000 docs, 161482 candidates
[pass 1] 14: 1576000 docs, 162495 candidates
[pass 1] 14: 1582000 docs, 163110 candidates
[pass 1] 14: 1589000 docs, 163825 candidates
[pass 1] 14: 1651000 docs, 170231 candidates
[pass 1] 14: 1652000 docs, 170352 candidates
[pass 1] 14: 1660000 docs, 171215 candidates
[pass 1] 14: 1705000 docs, 175851 candidates
[pass 1] 14: 1706000 docs, 175967 candidates
[pass 1] 14: 1713000 docs, 176690 candidates
[pass 1] 14: 1715000 docs, 176901 candidates
[pass 1] 14: 1719000 docs, 177322 candidates
[pass 1] 14: 1725000 docs, 177933 candidates
[pass 1] 14: 1726000 docs, 178032 candidates
[pass 1] 14: 1733000 docs, 178754 candidates
[pass 1] 14: 1742000 docs, 179692 candidates
[pass 1] 14: 1747000 docs, 180204 candidates
[pass 1] 14: 1748000 docs, 180311 candidates
[pass 1] 14: 1750000 docs, 180539 candidates
[pass 1] 14: 1752000 docs, 180734 candidates
[pass 1] 14: 1784000 docs, 184088 candidates
[pass 1] 14: 1789000 docs, 184617 candidates
[pass 1] 14: 1793000 docs, 185081 candidates
[pass 1] 14: 1794000 docs, 185182 candidates
[pass 1] 14: 1795000 docs, 185287 candidates
[pass 1] 14: 1810000 docs, 186874 candidates
[pass 1] 14: 1817000 docs, 187595 candidates
[pass 1] 14: 1824000 docs, 188285 candidates
[pass 1] 14: 1825000 docs, 188407 candidates
[pass 1] 14: 1836000 docs, 189547 candidates
[pass 1] 14: 1852000 docs, 191204 candidates
[pass 1] 14: 1854000 docs, 191420 candidates
[pass 1] 14: 1857000 docs, 191701 candidates
[pass 1] 14: 1863000 docs, 192300 candidates
[pass 1] 14: 1867000 docs, 192731 candidates
[pass 1] 14: 1880000 docs, 194092 candidates
[pass 1] 14: 1881000 docs, 194207 candidates
[pass 1] 14: 1887000 docs, 194817 candidates
[pass 1] 14: 1898000 docs, 196002 candidates
[pass 1] 14: 1909000 docs, 197144 candidates
[pass 1] 14: 1918000 docs, 198128 candidates
[pass 1] 14: 1925000 docs, 198864 candidates
[pass 1] 14: 1945000 docs, 200958 candidates
[pass 1] 14: 1947000 docs, 201174 candidates
[pass 1] 14: 1983000 docs, 204802 candidates
[pass 1] 14: 1989000 docs, 205468 candidates
[pass 1] 14: 1990000 docs, 205581 candidates
[pass 1] 14: 1998000 docs, 206398 candidates
[pass 1] 14: 2002000 docs, 206809 candidates
[pass 1] 14: 2003000 docs, 206919 candidates
[pass 1] 14: 2020000 docs, 208682 candidates
[pass 1] 14: 2023000 docs, 209012 candidates
[pass 1] 14: 2026000 docs, 209357 candidates
[pass 1] 14: 2031000 docs, 209901 candidates
[pass 1] 14: 2072000 docs, 214088 candidates
[pass 1] 14: 2079000 docs, 214807 candidates
[pass 1] 14: 2086000 docs, 215504 candidates
[pass 1] 14: 2089000 docs, 215807 candidates
[pass 1] 14: 2091000 docs, 216008 candidates
[pass 1] 14: 2121000 docs, 219123 candidates
[pass 1] 14: 2129000 docs, 219903 candidates
[pass 1] 14: 2148000 docs, 221924 candidates
[pass 1] 14: 2175000 docs, 224746 candidates
[pass 1] 14: 2178000 docs, 225087 candidates
[pass 1] 14: 2190000 docs, 226290 candidates
[pass 1] 14: 2191000 docs, 226380 candidates
[pass 1] 14: 2204000 docs, 227689 candidates
[pass 1] 14: 2207000 docs, 228007 candidates
[pass 1] 14: 2217000 docs, 229009 candidates
[pass 1] 14: 2245000 docs, 231885 candidates
[pass 1] 14: 2247000 docs, 232093 candidates
[pass 1] 14: 2269000 docs, 234403 candidates
[pass 1] 14: 2270000 docs, 234514 candidates
[pass 1] 14: 2271000 docs, 234611 candidates
[pass 1] 14: 2283000 docs, 235898 candidates
[pass 1] 14: 2288000 docs, 236409 candidates
[pass 1] 14: 2289000 docs, 236506 candidates
[pass 1] 14: 2295000 docs, 237121 candidates
[pass 1] 14: 2311000 docs, 238800 candidates
[pass 1] 14: 2325000 docs, 240216 candidates
[pass 1] 14: 2341000 docs, 241814 candidates
[pass 1] 14: 2343000 docs, 242008 candidates
[pass 1] 14: 2363000 docs, 244085 candidates
[pass 1] 14: 2386000 docs, 246414 candidates
[pass 1] 14: 2391000 docs, 246912 candidates
[pass 1] 14: 2393000 docs, 247131 candidates
[pass 1] 14: 2405000 docs, 248431 candidates
[pass 1] 14: 2412000 docs, 249184 candidates
[pass 1] 14: 2414000 docs, 249415 candidates
[pass 1] 14: 2430000 docs, 251036 candidates
[pass 1] 14: 2438000 docs, 251855 candidates
[pass 1] 14: 2471000 docs, 255271 candidates
[pass 1] 14: 2506000 docs, 258876 candidates
[pass 1] 14: 2510000 docs, 259279 candidates
[pass 1] 14: 2512000 docs, 259496 candidates
[pass 1] 14: 2514000 docs, 259691 candidates
[pass 1] 14: 2535000 docs, 261905 candidates
[pass 1] 14: 2548000 docs, 263242 candidates
[pass 1] 14: 2552000 docs, 263668 candidates
[pass 1] 14: 2555000 docs, 263999 candidates
[pass 1] 14: 2559000 docs, 264383 candidates
[pass 1] 14: 2565000 docs, 265024 candidates
[pass 1] 14: 2567000 docs, 265235 candidates
[pass 1] 14: 2615000 docs, 270125 candidates
[pass 1] 14: 2637000 docs, 272436 candidates
[pass 1] 14: 2643000 docs, 273067 candidates
[pass 1] 14: 2650000 docs, 273775 candidates
[pass 1] 14: 2704000 docs, 279229 candidates
[pass 1] 14: 2711000 docs, 279994 candidates
[pass 1] 14: 2715000 docs, 280390 candidates
[pass 1] 14: 2720000 docs, 280922 candidates
[pass 1] 14: 2737000 docs, 282699 candidates
[pass 1] 14: 2741000 docs, 283092 candidates
[pass 1] 14: 2749000 docs, 283917 candidates
[pass 1] 14: 2756000 docs, 284604 candidates
[pass 1] 14: 2765000 docs, 285528 candidates
[pass 1] 14: 2773000 docs, 286379 candidates
[pass 1] 14: 2782000 docs, 287280 candidates
[pass 1] 14: 2796000 docs, 288757 candidates
[pass 1] 14: 2808000 docs, 290039 candidates
[pass 1] 14: 2811000 docs, 290355 candidates
[pass 1] 14: 2815000 docs, 290780 candidates
[pass 1] 14: 2823000 docs, 291625 candidates
[pass 1] 14: 2854000 docs, 294719 candidates
[pass 1] 14: 2856000 docs, 294934 candidates
[pass 1] 14: 2864000 docs, 295779 candidates
[pass 1] 14: 2907000 docs, 300315 candidates
[pass 1] 14: 2916000 docs, 301298 candidates
[pass 1] 14: 2933000 docs, 303081 candidates
[pass 1] 14: 2950000 docs, 304808 candidates
[pass 1] 14: 2959000 docs, 305729 candidates
[pass 1] 14: 2960000 docs, 305837 candidates
[pass 1] 14: 2961000 docs, 305928 candidates
[pass 1] 14: 2969000 docs, 306816 candidates
[pass 1] 14: 2995000 docs, 309559 candidates
[pass 1] 14: 2996000 docs, 309674 candidates
[pass 1] 14: 3000000 docs, 310063 candidates
[pass 1] 14: 3005000 docs, 310530 candidates
[pass 1] 14: 3045000 docs, 314709 candidates
[pass 1] 14: 3048000 docs, 315051 candidates
[pass 1] 14: 3054000 docs, 315692 candidates
[pass 1] 14: 3059000 docs, 316202 candidates
[pass 1] 14: 3060000 docs, 316317 candidates
[pass 1] 14: 3061000 docs, 316427 candidates
[pass 1] 14: 3072000 docs, 317583 candidates
[pass 1] 14: 3084000 docs, 318850 candidates
[pass 1] 14: 3085000 docs, 318967 candidates
[pass 1] 14: 3103000 docs, 320832 candidates
[pass 1] 14: 3108000 docs, 321359 candidates
[pass 1] 14: 3113000 docs, 321872 candidates
[pass 1] 14: 3153000 docs, 325864 candidates
[pass 1] 14: 3157000 docs, 326245 candidates
[pass 1] 14: 3161000 docs, 326642 candidates
[pass 1] 14: 3164000 docs, 326966 candidates
[pass 1] 14: 3189000 docs, 329577 candidates
[pass 1] 14: 3196000 docs, 330322 candidates
[pass 1] 14: 3203000 docs, 331047 candidates
[pass 1] 14: 3227000 docs, 333590 candidates
[pass 1] 14: 3229000 docs, 333806 candidates
[pass 1] 14: 3230000 docs, 333892 candidates
[pass 1] 14: 3235000 docs, 334420 candidates
[pass 1] 14: 3240000 docs, 334906 candidates
[pass 1] 14: 3256000 docs, 336585 candidates
[pass 1] 14: 3262000 docs, 337200 candidates
[pass 1] 14: 3283000 docs, 339333 candidates
[pass 1] 14: 3286000 docs, 339649 candidates
[pass 1] 14: 3296000 docs, 340628 candidates
[pass 1] 14: 3298000 docs, 340821 candidates
[pass 1] 14: 3318000 docs, 342861 candidates
[pass 1] 14: 3319000 docs, 342963 candidates
[pass 1] 14: 3328000 docs, 343857 candidates
[pass 1] 14: 3344000 docs, 345497 candidates
[pass 1] 14: 3353000 docs, 346418 candidates
[pass 1] 14: 3366000 docs, 347743 candidates
[pass 1] 14: 3367000 docs, 347867 candidates
[pass 1] 14: 3370000 docs, 348149 candidates
[pass 1] 14: 3383000 docs, 349560 candidates
[pass 1] 14: 3403000 docs, 351622 candidates
[pass 1] 14: 3409000 docs, 352240 candidates
[pass 1] 14: 3412000 docs, 352589 candidates
[pass 1] 14: 3422000 docs, 353640 candidates
[pass 1] 14: 3424000 docs, 353843 candidates
[pass 1] 14: 3428000 docs, 354215 candidates
[pass 1] 14: 3433000 docs, 354744 candidates
[pass 1] 14: 3438000 docs, 355239 candidates
[pass 1] 14: 3455000 docs, 356976 candidates
[pass 1] 14: 3466000 docs, 358206 candidates
[pass 1] 14: 3472000 docs, 358766 candidates
[pass 1] 14: 3473000 docs, 358874 candidates
[pass 1] 14: 3497000 docs, 361344 candidates
[pass 1] 14: 3498000 docs, 361443 candidates
[pass 1] 14: 3500000 docs, 361659 candidates
[pass 1] 14: 3502000 docs, 361880 candidates
[pass 1] 14: 3508000 docs, 362489 candidates
[pass 1] 14: 3530000 docs, 364766 candidates
[pass 1] 14: 3532000 docs, 364988 candidates
[pass 1] 14: 3538000 docs, 365626 candidates
[pass 1] 14: 3543000 docs, 366124 candidates
[pass 1] 14: 3549000 docs, 366730 candidates
[pass 1] 14: 3553000 docs, 367170 candidates
[pass 1] 14: 3561000 docs, 367982 candidates
[pass 1] 14: 3562000 docs, 368089 candidates
[pass 1] 14: 3618000 docs, 373869 candidates
[pass 1] 14: 3624000 docs, 374464 candidates
[pass 1] 14: 3626000 docs, 374667 candidates
[pass 1] 14: 3635000 docs, 375588 candidates
[pass 1] 14: 3636000 docs, 375705 candidates
[pass 1] 14: 3657000 docs, 377862 candidates
[pass 1] 14: 3658000 docs, 377974 candidates
[pass 1] 14: 3663000 docs, 378491 candidates
[pass 1] 14: 3683000 docs, 380569 candidates
[pass 1] 14: 3684000 docs, 380668 candidates
[pass 1] 14: 3685000 docs, 380776 candidates
[pass 1] 14: 3700000 docs, 382329 candidates
[pass 1] 14: 3701000 docs, 382432 candidates
[pass 1] 14: 3706000 docs, 382930 candidates
[pass 1] 14: 3719000 docs, 384260 candidates
[pass 1] 14: 3742000 docs, 386591 candidates
[pass 1] 14: 3746000 docs, 387012 candidates
[pass 1] 14: 3748000 docs, 387217 candidates
[pass 1] 14: 3754000 docs, 387804 candidates
[pass 1] 14: 3767000 docs, 389128 candidates
[pass 1] 14: 3801000 docs, 392630 candidates
[pass 1] 14: 3818000 docs, 394378 candidates
[pass 1] 14: 3833000 docs, 395928 candidates
[pass 1] 14: 3840000 docs, 396637 candidates
[pass 1] 14: 3850000 docs, 397681 candidates
[pass 1] 14: 3861000 docs, 398812 candidates
[pass 1] 14: 3864000 docs, 399128 candidates
[pass 1] 14: 3870000 docs, 399755 candidates
[pass 1] 14: 3888000 docs, 401603 candidates
[pass 1] 14: 3889000 docs, 401712 candidates
[pass 1] 14: 3890000 docs, 401811 candidates
[pass 1] 14: 3897000 docs, 402521 candidates
[pass 1] 14: 3924000 docs, 405349 candidates
[pass 1] 14: 3931000 docs, 406071 candidates
[pass 1] 14: 3944000 docs, 407352 candidates
[pass 1] 14: 3974000 docs, 410399 candidates
[pass 1] 14: 3975000 docs, 410490 candidates
[pass 1] 14: 3993000 docs, 412340 candidates
[pass 1] 14: 4003000 docs, 413382 candidates
[pass 1] 14: 4006000 docs, 413683 candidates
[pass 1] 14: 4012000 docs, 414295 candidates
[pass 1] 14: 4014000 docs, 414471 candidates
[pass 1] 14: 4019000 docs, 414964 candidates
[pass 1] 14: 4026000 docs, 415693 candidates
[pass 1] 14: 4029000 docs, 416004 candidates
[pass 1] 14: 4039000 docs, 417063 candidates
[pass 1] 14: 4054000 docs, 418644 candidates
[pass 1] 14: 4077000 docs, 421034 candidates
[pass 1] 14: 4082000 docs, 421534 candidates
[pass 1] 14: 4084000 docs, 421722 candidates
[pass 1] 14: 4086000 docs, 421930 candidates
[pass 1] 14: 4097000 docs, 423061 candidates
[pass 1] 14: 4110000 docs, 424398 candidates
[pass 1] 14: 4131000 docs, 426628 candidates
[pass 1] 14: 4143000 docs, 427881 candidates
[pass 1] 14: 4166000 docs, 430262 candidates
[pass 1] 14: 4170000 docs, 430679 candidates
[pass 1] 14: 4208000 docs, 434628 candidates
[pass 1] 14: 4211000 docs, 434926 candidates
[pass 1] 14: 4215000 docs, 435341 candidates
[pass 1] 14: 4236000 docs, 437586 candidates
[pass 1] 14: 4255000 docs, 439483 candidates
[pass 1] 14: 4261000 docs, 440101 candidates
[pass 1] 14: 4296000 docs, 443711 candidates
[pass 1] 14: 4330000 docs, 447135 candidates
[pass 1] 14: 4333000 docs, 447421 candidates
[pass 1] 14: 4344000 docs, 448567 candidates
[pass 1] 14: 4349000 docs, 449080 candidates
[pass 1] 14: 4354000 docs, 449605 candidates
[pass 1] 14: 4358000 docs, 450024 candidates
[pass 1] 14: 4370000 docs, 451268 candidates
[pass 1] 14: 4379000 docs, 452244 candidates
[pass 1] 14: 4382000 docs, 452572 candidates
[pass 1] 14: 4385000 docs, 452871 candidates
[pass 1] 14: 4395000 docs, 453956 candidates
[pass 1] 14: 4396000 docs, 454047 candidates
[pass 1] 14: 4428000 docs, 457299 candidates
[pass 1] 14: 4444000 docs, 458949 candidates
[pass 1] 14: 4480000 docs, 462692 candidates
[pass 1] 14: 4498000 docs, 464492 candidates
[pass 1] 14: 4500000 docs, 464692 candidates
[pass 1] 14: 4507000 docs, 465414 candidates
[pass 1] 14: 4510000 docs, 465732 candidates
[pass 1] 14: 4511000 docs, 465841 candidates
[pass 1] 14: 4551000 docs, 469944 candidates
[pass 1] 14: 4558000 docs, 470702 candidates
[pass 1] 14: 4567000 docs, 471621 candidates
[pass 1] 14: 4568000 docs, 471721 candidates
[pass 1] 14: 4573000 docs, 472184 candidates
[pass 1] 14: 4582000 docs, 473098 candidates
[pass 1] 14: 4583000 docs, 473209 candidates
[pass 1] 14: 4586000 docs, 473498 candidates
[pass 1] 14: 4591000 docs, 473975 candidates
[pass 1] 14: 4601000 docs, 475024 candidates
[pass 1] 14: 4624000 docs, 477363 candidates
[pass 1] 14: 4629000 docs, 477901 candidates
[pass 1] 14: 4648000 docs, 479928 candidates
[pass 1] 14: 4669000 docs, 482135 candidates
[pass 1] 14: 4670000 docs, 482233 candidates
[pass 1] 14: 4690000 docs, 484271 candidates
[pass 1] 14: 4694000 docs, 484723 candidates
[pass 1] 14: 4705000 docs, 485815 candidates
[pass 1] 14: 4720000 docs, 487363 candidates
[pass 1] 14: 4723000 docs, 487665 candidates
[pass 1] 14: 4786000 docs, 494240 candidates
[pass 1] 14: 4788000 docs, 494460 candidates
[pass 1] 14: 4808000 docs, 496559 candidates
[pass 1] 14: 4822000 docs, 498023 candidates
[pass 1] 14: 4823000 docs, 498126 candidates
[pass 1] 14: 4824000 docs, 498231 candidates
[pass 1] 14: 4843000 docs, 500250 candidates
[pass 1] 14: 4849000 docs, 500848 candidates
[pass 1] 14: 4857000 docs, 501680 candidates
[pass 1] 14: 4860000 docs, 501981 candidates
[pass 1] 14: 4862000 docs, 502178 candidates
[pass 1] 14: 4870000 docs, 503010 candidates
[pass 1] 14: 4880000 docs, 503952 candidates
[pass 1] 14: 4882000 docs, 504164 candidates
[pass 1] 14: 4887000 docs, 504679 candidates
[pass 1] 14: 4892000 docs, 505183 candidates
[pass 1] 14: 4914000 docs, 507449 candidates
[pass 1] 14: 4917000 docs, 507740 candidates
[pass 1] 14: 4924000 docs, 508422 candidates
[pass 1] 14: 4929000 docs, 508967 candidates
[pass 1] 14: 4953000 docs, 511445 candidates
[pass 1] 14: 4958000 docs, 511962 candidates
[pass 1] 14: 4963000 docs, 512498 candidates
[pass 1] 14: 4972000 docs, 513415 candidates
[pass 1] 14: 4973000 docs, 513527 candidates
[pass 1] 14: 4974000 docs, 513634 candidates
[pass 1] 14: 5013000 docs, 517662 candidates
[pass 1] 14: 5043000 docs, 520759 candidates
[pass 1] 14: 5057000 docs, 522169 candidates
[pass 1] 14: 5059000 docs, 522362 candidates
[pass 1] 14: 5075000 docs, 524007 candidates
[pass 1] 14: 5086000 docs, 525139 candidates
[pass 1] 14: 5090000 docs, 525564 candidates
[pass 1] 14: 5093000 docs, 525876 candidates
[pass 1] 14: 5094000 docs, 525999 candidates
[pass 1] 14: 5115000 docs, 528224 candidates
[pass 1] 14: 5127000 docs, 529449 candidates
[pass 1] 14: 5147000 docs, 531536 candidates
[pass 1] 14: 5150000 docs, 531845 candidates
[pass 1] 14: 5156000 docs, 532437 candidates
[pass 1] 14: 5164000 docs, 533270 candidates
[pass 1] 14: 5174000 docs, 534267 candidates
[pass 1] 14: 5182000 docs, 535071 candidates
[pass 1] 14: 5186000 docs, 535487 candidates
[pass 1] 14: 5194000 docs, 536350 candidates
[pass 1] 14: 5197000 docs, 536675 candidates
[pass 1] 14: 5207000 docs, 537755 candidates
[pass 1] 14: 5228000 docs, 539876 candidates
[pass 1] 14: 5238000 docs, 540932 candidates
[pass 1] 14: 5248000 docs, 541910 candidates
[pass 1] 14: 5251000 docs, 542212 candidates
[pass 1] 14: 5271000 docs, 544257 candidates
[pass 1] 14: 5278000 docs, 544971 candidates
[pass 1] 14: 5287000 docs, 545911 candidates
[pass 1] 14: 5290000 docs, 546185 candidates
[pass 1] 14: 5298000 docs, 547029 candidates
[pass 1] 14: 5313000 docs, 548593 candidates
[pass 1] 14: 5318000 docs, 549132 candidates
[pass 1] 14: 5320000 docs, 549353 candidates
[pass 1] 14: 5343000 docs, 551736 candidates
[pass 1] 14: 5346000 docs, 552047 candidates
[pass 1] 14: 5367000 docs, 554251 candidates
[pass 1] 14: 5368000 docs, 554363 candidates
[pass 1] 14: 5371000 docs, 554660 candidates
[pass 1] 14: 5373000 docs, 554867 candidates
[pass 1] 14: 5380000 docs, 555588 candidates
[pass 1] 14: 5394000 docs, 557020 candidates
[pass 1] 14: 5397000 docs, 557334 candidates
[pass 1] 14: 5413000 docs, 558951 candidates
[pass 1] 14: 5416000 docs, 559259 candidates
[pass 1] 14: 5431000 docs, 560816 candidates
[pass 1] 14: 5434000 docs, 561124 candidates
[pass 1] 14: 5440000 docs, 561752 candidates
[pass 1] 14: 5448000 docs, 562595 candidates
[pass 1] 14: 5450000 docs, 562779 candidates
[pass 1] 14: 5452000 docs, 562973 candidates
[pass 1] 14: 5465000 docs, 564286 candidates
[pass 1] 14: 5478000 docs, 565563 candidates
[pass 1] 14: 5487000 docs, 566518 candidates
[pass 1] 14: 5496000 docs, 567429 candidates
[pass 1] 14: 5508000 docs, 568678 candidates
[pass 1] 14: 5513000 docs, 569179 candidates
[pass 1] 14: 5514000 docs, 569280 candidates
[pass 1] 14: 5517000 docs, 569610 candidates
[pass 1] 14: 5518000 docs, 569729 candidates
[pass 1] 14: 5560000 docs, 574133 candidates
[pass 1] 14: 5579000 docs, 576043 candidates
[pass 1] 14: 5583000 docs, 576446 candidates
[pass 1] 14: 5585000 docs, 576670 candidates
[pass 1] 14: 5593000 docs, 577521 candidates
[pass 1] 14: 5610000 docs, 579299 candidates
[pass 1] 14: 5612000 docs, 579497 candidates
[pass 1] 14: 5615000 docs, 579757 candidates
[pass 1] 14: 5627000 docs, 580977 candidates
[pass 1] 14: 5631000 docs, 581376 candidates
[pass 1] 14: 5646000 docs, 582879 candidates
[pass 1] 14: 5651000 docs, 583371 candidates
[pass 1] 14: 5664000 docs, 584701 candidates
[pass 1] 14: 5669000 docs, 585224 candidates
[pass 1] 14: 5708000 docs, 589197 candidates
[pass 1] 14: 5729000 docs, 591352 candidates
[pass 1] 14: 5733000 docs, 591768 candidates
[pass 1] 14: 5753000 docs, 593754 candidates
[pass 1] 14: 5766000 docs, 595174 candidates
[pass 1] 14: 5771000 docs, 595702 candidates
[pass 1] 14: 5774000 docs, 595985 candidates
[pass 1] 14: 5781000 docs, 596711 candidates
[pass 1] 14: 5797000 docs, 598334 candidates
[pass 1] 14: 5798000 docs, 598432 candidates
[pass 1] 14: 5800000 docs, 598619 candidates
[pass 1] 14: 5804000 docs, 599043 candidates
[pass 1] 14: 5805000 docs, 599150 candidates
[pass 1] 14: 5808000 docs, 599450 candidates
[pass 1] 14: 5823000 docs, 600996 candidates
[pass 1] 14: 5838000 docs, 602499 candidates
[pass 1] 14: 5849000 docs, 603600 candidates
[pass 1] 14: 5860000 docs, 604727 candidates
[pass 1] 14: 5879000 docs, 606699 candidates
[pass 1] 14: 5884000 docs, 607201 candidates
[pass 1] 14: 5885000 docs, 607303 candidates
[pass 1] 14: 5892000 docs, 608051 candidates
[pass 1] done: 0 docs, 0 new records, yield=0.0/10K, 16630937ms
[pipeline] Flushed 10000 buffered records to store
[pipeline] Exported 0 paired records to /mnt/zfs-host/backup/projects/observer-vault/01-Projects/dataset-processor/output/paired-output.jsonl

[orchestrate] Pipeline max-passes
[orchestrate] Passes: 1, Total verb-records: 10000
  Pass 1: 0 docs, 608695 Tier-A, 0 Tier-B, 0 Tier-C, 0 records, yield=0.0/10K
