[orchestrate] Found 1 shard files
[pass 1] 20: 6000 docs, 631 candidates
[pass 1] 20: 11000 docs, 1156 candidates
[pass 1] 20: 12000 docs, 1257 candidates
[pass 1] 20: 16000 docs, 1682 candidates
[pass 1] 20: 30000 docs, 3088 candidates
[pass 1] 20: 53000 docs, 5514 candidates
[pass 1] 20: 78000 docs, 8165 candidates
[pass 1] 20: 81000 docs, 8481 candidates
[pass 1] 20: 107000 docs, 11085 candidates
[pass 1] 20: 110000 docs, 11390 candidates
[pass 1] 20: 113000 docs, 11680 candidates
[pass 1] 20: 129000 docs, 13316 candidates
[pass 1] 20: 137000 docs, 14161 candidates
[pass 1] 20: 158000 docs, 16330 candidates
[pass 1] 20: 160000 docs, 16517 candidates
[pass 1] 20: 161000 docs, 16620 candidates
[pass 1] 20: 166000 docs, 17118 candidates
[pass 1] 20: 167000 docs, 17224 candidates
[pass 1] 20: 168000 docs, 17310 candidates
[pass 1] 20: 175000 docs, 18041 candidates
[pass 1] 20: 187000 docs, 19242 candidates
[pass 1] 20: 188000 docs, 19347 candidates
[pass 1] 20: 191000 docs, 19634 candidates
[pass 1] 20: 194000 docs, 19945 candidates
[pass 1] 20: 197000 docs, 20253 candidates
[pass 1] 20: 198000 docs, 20349 candidates
[pass 1] 20: 204000 docs, 20975 candidates
[pass 1] 20: 215000 docs, 22051 candidates
[pass 1] 20: 217000 docs, 22273 candidates
[pass 1] 20: 233000 docs, 23954 candidates
[pass 1] 20: 259000 docs, 26644 candidates
[pass 1] 20: 268000 docs, 27598 candidates
[pass 1] 20: 282000 docs, 29052 candidates
[pass 1] 20: 296000 docs, 30537 candidates
[pass 1] 20: 312000 docs, 32172 candidates
[pass 1] 20: 331000 docs, 34178 candidates
[pass 1] 20: 360000 docs, 37150 candidates
[pass 1] 20: 371000 docs, 38306 candidates
[pass 1] 20: 375000 docs, 38746 candidates
[pass 1] 20: 377000 docs, 38960 candidates
[pass 1] 20: 380000 docs, 39252 candidates
[pass 1] 20: 389000 docs, 40204 candidates
[pass 1] 20: 390000 docs, 40301 candidates
[pass 1] 20: 398000 docs, 41112 candidates
[pass 1] 20: 413000 docs, 42689 candidates
[pass 1] 20: 454000 docs, 46906 candidates
[pass 1] 20: 469000 docs, 48503 candidates
[pass 1] 20: 471000 docs, 48717 candidates
[pass 1] 20: 480000 docs, 49621 candidates
[pass 1] 20: 519000 docs, 53701 candidates
[pass 1] 20: 526000 docs, 54433 candidates
[pass 1] 20: 540000 docs, 55889 candidates
[pass 1] 20: 541000 docs, 56002 candidates
[pass 1] 20: 568000 docs, 58845 candidates
[pass 1] 20: 578000 docs, 59862 candidates
[pass 1] 20: 585000 docs, 60567 candidates
[pass 1] 20: 593000 docs, 61399 candidates
[pass 1] 20: 605000 docs, 62609 candidates
[pass 1] 20: 608000 docs, 62925 candidates
[pass 1] 20: 616000 docs, 63720 candidates
[pass 1] 20: 623000 docs, 64482 candidates
[pass 1] 20: 628000 docs, 65051 candidates
[pass 1] 20: 651000 docs, 67322 candidates
[pass 1] 20: 661000 docs, 68405 candidates
[pass 1] 20: 662000 docs, 68497 candidates
[pass 1] 20: 684000 docs, 70793 candidates
[pass 1] 20: 690000 docs, 71416 candidates
[pass 1] 20: 706000 docs, 73098 candidates
[pass 1] 20: 708000 docs, 73302 candidates
[pass 1] 20: 731000 docs, 75695 candidates
[pass 1] 20: 741000 docs, 76669 candidates
[pass 1] 20: 744000 docs, 76985 candidates
[pass 1] 20: 784000 docs, 81159 candidates
[pass 1] 20: 790000 docs, 81822 candidates
[pass 1] 20: 795000 docs, 82327 candidates
[pass 1] 20: 797000 docs, 82516 candidates
[pass 1] 20: 798000 docs, 82619 candidates
[pass 1] 20: 800000 docs, 82825 candidates
[pass 1] 20: 806000 docs, 83479 candidates
[pass 1] 20: 827000 docs, 85638 candidates
[pass 1] 20: 843000 docs, 87280 candidates
[pass 1] 20: 849000 docs, 87884 candidates
[pass 1] 20: 871000 docs, 90100 candidates
[pass 1] 20: 873000 docs, 90296 candidates
[pass 1] 20: 875000 docs, 90510 candidates
[pass 1] 20: 880000 docs, 91035 candidates
[pass 1] 20: 887000 docs, 91744 candidates
[pass 1] 20: 890000 docs, 92050 candidates
[pass 1] 20: 910000 docs, 94078 candidates
[pass 1] 20: 919000 docs, 94958 candidates
[pass 1] 20: 923000 docs, 95373 candidates
[pass 1] 20: 924000 docs, 95477 candidates
[pass 1] 20: 926000 docs, 95677 candidates
[pass 1] 20: 927000 docs, 95768 candidates
[pass 1] 20: 949000 docs, 97974 candidates
[pass 1] 20: 964000 docs, 99491 candidates
[pass 1] 20: 967000 docs, 99813 candidates
[pass 1] 20: 974000 docs, 100521 candidates
[pass 1] 20: 976000 docs, 100728 candidates
[pass 1] 20: 991000 docs, 102302 candidates
[pass 1] 20: 1001000 docs, 103358 candidates
[pass 1] 20: 1020000 docs, 105324 candidates
[pass 1] 20: 1025000 docs, 105850 candidates
[pass 1] 20: 1037000 docs, 107088 candidates
[pass 1] 20: 1040000 docs, 107399 candidates
[pass 1] 20: 1058000 docs, 109274 candidates
[pass 1] 20: 1062000 docs, 109687 candidates
[pass 1] 20: 1082000 docs, 111751 candidates
[pass 1] 20: 1087000 docs, 112220 candidates
[pass 1] 20: 1111000 docs, 114681 candidates
[pass 1] 20: 1119000 docs, 115507 candidates
[pass 1] 20: 1139000 docs, 117617 candidates
[pass 1] 20: 1142000 docs, 117921 candidates
[pass 1] 20: 1144000 docs, 118115 candidates
[pass 1] 20: 1154000 docs, 119105 candidates
[pass 1] 20: 1158000 docs, 119546 candidates
[pass 1] 20: 1167000 docs, 120479 candidates
[pass 1] 20: 1168000 docs, 120598 candidates
[pass 1] 20: 1175000 docs, 121313 candidates
[pass 1] 20: 1191000 docs, 122972 candidates
[pass 1] 20: 1195000 docs, 123380 candidates
[pass 1] 20: 1199000 docs, 123802 candidates
[pass 1] 20: 1200000 docs, 123900 candidates
[pass 1] 20: 1213000 docs, 125224 candidates
[pass 1] 20: 1218000 docs, 125747 candidates
[pass 1] 20: 1246000 docs, 128673 candidates
[pass 1] 20: 1258000 docs, 129930 candidates
[pass 1] 20: 1276000 docs, 131775 candidates
[pass 1] 20: 1299000 docs, 134098 candidates
[pass 1] 20: 1302000 docs, 134407 candidates
[pass 1] 20: 1305000 docs, 134746 candidates
[pass 1] 20: 1310000 docs, 135279 candidates
[pass 1] 20: 1317000 docs, 135965 candidates
[pass 1] 20: 1320000 docs, 136286 candidates
[pass 1] 20: 1327000 docs, 136969 candidates
[pass 1] 20: 1339000 docs, 138161 candidates
[pass 1] 20: 1343000 docs, 138561 candidates
[pass 1] 20: 1352000 docs, 139444 candidates
[pass 1] 20: 1375000 docs, 141784 candidates
[pass 1] 20: 1376000 docs, 141889 candidates
[pass 1] 20: 1379000 docs, 142208 candidates
[pass 1] 20: 1380000 docs, 142322 candidates
[pass 1] 20: 1406000 docs, 144956 candidates
[pass 1] 20: 1429000 docs, 147329 candidates
[pass 1] 20: 1430000 docs, 147438 candidates
[pass 1] 20: 1437000 docs, 148131 candidates
[pass 1] 20: 1454000 docs, 149938 candidates
[pass 1] 20: 1459000 docs, 150462 candidates
[pass 1] 20: 1463000 docs, 150869 candidates
[pass 1] 20: 1484000 docs, 153032 candidates
[pass 1] 20: 1488000 docs, 153425 candidates
[pass 1] 20: 1505000 docs, 155128 candidates
[pass 1] 20: 1506000 docs, 155239 candidates
[pass 1] 20: 1507000 docs, 155334 candidates
[pass 1] 20: 1522000 docs, 156879 candidates
[pass 1] 20: 1535000 docs, 158250 candidates
[pass 1] 20: 1541000 docs, 158871 candidates
[pass 1] 20: 1543000 docs, 159055 candidates
[pass 1] 20: 1557000 docs, 160543 candidates
[pass 1] 20: 1558000 docs, 160636 candidates
[pass 1] 20: 1568000 docs, 161656 candidates
[pass 1] 20: 1586000 docs, 163496 candidates
[pass 1] 20: 1593000 docs, 164207 candidates
[pass 1] 20: 1596000 docs, 164508 candidates
[pass 1] 20: 1623000 docs, 167245 candidates
[pass 1] 20: 1640000 docs, 168949 candidates
[pass 1] 20: 1641000 docs, 169054 candidates
[pass 1] 20: 1669000 docs, 171880 candidates
[pass 1] 20: 1678000 docs, 172782 candidates
[pass 1] 20: 1680000 docs, 172980 candidates
[pass 1] 20: 1688000 docs, 173809 candidates
[pass 1] 20: 1705000 docs, 175497 candidates
[pass 1] 20: 1720000 docs, 176998 candidates
[pass 1] 20: 1748000 docs, 179833 candidates
[pass 1] 20: 1766000 docs, 181636 candidates
[pass 1] 20: 1784000 docs, 183536 candidates
[pass 1] 20: 1798000 docs, 184959 candidates
[pass 1] 20: 1804000 docs, 185590 candidates
[pass 1] 20: 1809000 docs, 186098 candidates
[pass 1] 20: 1823000 docs, 187553 candidates
[pass 1] 20: 1836000 docs, 188891 candidates
[pass 1] 20: 1841000 docs, 189388 candidates
[pass 1] 20: 1847000 docs, 190047 candidates
[pass 1] 20: 1857000 docs, 191115 candidates
[pass 1] 20: 1861000 docs, 191525 candidates
[pass 1] 20: 1862000 docs, 191626 candidates
[pass 1] 20: 1864000 docs, 191838 candidates
[pass 1] 20: 1878000 docs, 193255 candidates
[pass 1] 20: 1891000 docs, 194627 candidates
[pass 1] 20: 1893000 docs, 194831 candidates
[pass 1] 20: 1896000 docs, 195128 candidates
[pass 1] 20: 1902000 docs, 195750 candidates
[pass 1] 20: 1909000 docs, 196464 candidates
[pass 1] 20: 1936000 docs, 199291 candidates
[pass 1] 20: 1949000 docs, 200633 candidates
[pass 1] 20: 1958000 docs, 201593 candidates
[pass 1] 20: 1975000 docs, 203335 candidates
[pass 1] 20: 1984000 docs, 204216 candidates
[pass 1] 20: 2008000 docs, 206623 candidates
[pass 1] 20: 2012000 docs, 207041 candidates
[pass 1] 20: 2019000 docs, 207769 candidates
[pass 1] 20: 2026000 docs, 208488 candidates
[pass 1] 20: 2040000 docs, 209943 candidates
[pass 1] 20: 2043000 docs, 210259 candidates
[pass 1] 20: 2050000 docs, 211008 candidates
[pass 1] 20: 2063000 docs, 212361 candidates
[pass 1] 20: 2071000 docs, 213231 candidates
[pass 1] 20: 2075000 docs, 213628 candidates
[pass 1] 20: 2077000 docs, 213835 candidates
[pass 1] 20: 2096000 docs, 215768 candidates
[pass 1] 20: 2098000 docs, 215968 candidates
[pass 1] 20: 2104000 docs, 216591 candidates
[pass 1] 20: 2109000 docs, 217142 candidates
[pass 1] 20: 2125000 docs, 218805 candidates
[pass 1] 20: 2127000 docs, 219019 candidates
[pass 1] 20: 2128000 docs, 219138 candidates
[pass 1] 20: 2133000 docs, 219657 candidates
[pass 1] 20: 2141000 docs, 220470 candidates
[pass 1] 20: 2142000 docs, 220574 candidates
[pass 1] 20: 2185000 docs, 224992 candidates
[pass 1] 20: 2196000 docs, 226058 candidates
[pass 1] 20: 2202000 docs, 226685 candidates
[pass 1] 20: 2206000 docs, 227112 candidates
[pass 1] 20: 2208000 docs, 227285 candidates
[pass 1] 20: 2210000 docs, 227500 candidates
[pass 1] 20: 2214000 docs, 227906 candidates
[pass 1] 20: 2219000 docs, 228437 candidates
[pass 1] 20: 2246000 docs, 231149 candidates
[pass 1] 20: 2257000 docs, 232277 candidates
[pass 1] 20: 2276000 docs, 234226 candidates
[pass 1] 20: 2283000 docs, 234919 candidates
[pass 1] 20: 2299000 docs, 236541 candidates
[pass 1] 20: 2301000 docs, 236753 candidates
[pass 1] 20: 2307000 docs, 237361 candidates
[pass 1] 20: 2308000 docs, 237462 candidates
[pass 1] 20: 2309000 docs, 237557 candidates
[pass 1] 20: 2314000 docs, 238064 candidates
[pass 1] 20: 2320000 docs, 238698 candidates
[pass 1] 20: 2323000 docs, 239000 candidates
[pass 1] 20: 2358000 docs, 242675 candidates
[pass 1] 20: 2375000 docs, 244384 candidates
[pass 1] 20: 2382000 docs, 245087 candidates
[pass 1] 20: 2389000 docs, 245810 candidates
[pass 1] 20: 2404000 docs, 247431 candidates
[pass 1] 20: 2414000 docs, 248427 candidates
[pass 1] 20: 2429000 docs, 249912 candidates
[pass 1] 20: 2447000 docs, 251788 candidates
[pass 1] 20: 2462000 docs, 253373 candidates
[pass 1] 20: 2474000 docs, 254575 candidates
[pass 1] 20: 2479000 docs, 255077 candidates
[pass 1] 20: 2495000 docs, 256705 candidates
[pass 1] 20: 2501000 docs, 257331 candidates
[pass 1] 20: 2528000 docs, 260139 candidates
[pass 1] 20: 2529000 docs, 260250 candidates
[pass 1] 20: 2531000 docs, 260443 candidates
[pass 1] 20: 2557000 docs, 263127 candidates
[pass 1] 20: 2569000 docs, 264335 candidates
[pass 1] 20: 2574000 docs, 264843 candidates
[pass 1] 20: 2591000 docs, 266545 candidates
[pass 1] 20: 2600000 docs, 267493 candidates
[pass 1] 20: 2644000 docs, 272011 candidates
[pass 1] 20: 2645000 docs, 272121 candidates
[pass 1] 20: 2676000 docs, 275401 candidates
[pass 1] 20: 2698000 docs, 277757 candidates
[pass 1] 20: 2720000 docs, 279987 candidates
[pass 1] 20: 2722000 docs, 280203 candidates
[pass 1] 20: 2723000 docs, 280311 candidates
[pass 1] 20: 2733000 docs, 281335 candidates
[pass 1] 20: 2737000 docs, 281722 candidates
[pass 1] 20: 2742000 docs, 282260 candidates
[pass 1] 20: 2748000 docs, 282884 candidates
[pass 1] 20: 2759000 docs, 284018 candidates
[pass 1] 20: 2769000 docs, 285059 candidates
[pass 1] 20: 2780000 docs, 286174 candidates
[pass 1] 20: 2782000 docs, 286391 candidates
[pass 1] 20: 2784000 docs, 286602 candidates
[pass 1] 20: 2796000 docs, 287819 candidates
[pass 1] 20: 2803000 docs, 288513 candidates
[pass 1] 20: 2807000 docs, 288918 candidates
[pass 1] 20: 2822000 docs, 290440 candidates
[pass 1] 20: 2825000 docs, 290760 candidates
[pass 1] 20: 2827000 docs, 290963 candidates
[pass 1] 20: 2835000 docs, 291801 candidates
[pass 1] 20: 2837000 docs, 292034 candidates
[pass 1] 20: 2841000 docs, 292449 candidates
[pass 1] 20: 2845000 docs, 292873 candidates
[pass 1] 20: 2846000 docs, 292981 candidates
[pass 1] 20: 2850000 docs, 293387 candidates
[pass 1] 20: 2886000 docs, 297167 candidates
[pass 1] 20: 2901000 docs, 298665 candidates
[pass 1] 20: 2910000 docs, 299592 candidates
[pass 1] 20: 2934000 docs, 302048 candidates
[pass 1] 20: 2935000 docs, 302165 candidates
[pass 1] 20: 2952000 docs, 303955 candidates
[pass 1] 20: 2972000 docs, 306056 candidates
[pass 1] 20: 2974000 docs, 306273 candidates
[pass 1] 20: 2976000 docs, 306472 candidates
[pass 1] 20: 2977000 docs, 306583 candidates
[pass 1] 20: 2978000 docs, 306693 candidates
[pass 1] 20: 2983000 docs, 307196 candidates
[pass 1] 20: 2994000 docs, 308306 candidates
[pass 1] 20: 3011000 docs, 309999 candidates
[pass 1] 20: 3018000 docs, 310733 candidates
[pass 1] 20: 3021000 docs, 311051 candidates
[pass 1] 20: 3028000 docs, 311777 candidates
[pass 1] 20: 3029000 docs, 311905 candidates
[pass 1] 20: 3038000 docs, 312809 candidates
[pass 1] 20: 3049000 docs, 313929 candidates
[pass 1] 20: 3054000 docs, 314443 candidates
[pass 1] 20: 3075000 docs, 316583 candidates
[pass 1] 20: 3078000 docs, 316898 candidates
[pass 1] 20: 3096000 docs, 318812 candidates
[pass 1] 20: 3112000 docs, 320414 candidates
[pass 1] 20: 3120000 docs, 321229 candidates
[pass 1] 20: 3124000 docs, 321632 candidates
[pass 1] 20: 3144000 docs, 323682 candidates
[pass 1] 20: 3145000 docs, 323787 candidates
[pass 1] 20: 3155000 docs, 324853 candidates
[pass 1] 20: 3163000 docs, 325702 candidates
[pass 1] 20: 3185000 docs, 327968 candidates
[pass 1] 20: 3188000 docs, 328281 candidates
[pass 1] 20: 3191000 docs, 328591 candidates
[pass 1] 20: 3196000 docs, 329117 candidates
[pass 1] 20: 3204000 docs, 329903 candidates
[pass 1] 20: 3218000 docs, 331355 candidates
[pass 1] 20: 3221000 docs, 331647 candidates
[pass 1] 20: 3269000 docs, 336653 candidates
[pass 1] 20: 3276000 docs, 337346 candidates
[pass 1] 20: 3288000 docs, 338590 candidates
[pass 1] 20: 3294000 docs, 339226 candidates
[pass 1] 20: 3330000 docs, 342936 candidates
[pass 1] 20: 3331000 docs, 343047 candidates
[pass 1] 20: 3353000 docs, 345314 candidates
[pass 1] 20: 3363000 docs, 346289 candidates
[pass 1] 20: 3385000 docs, 348572 candidates
[pass 1] 20: 3389000 docs, 348987 candidates
[pass 1] 20: 3412000 docs, 351323 candidates
[pass 1] 20: 3430000 docs, 353229 candidates
[pass 1] 20: 3455000 docs, 355891 candidates
[pass 1] 20: 3466000 docs, 357021 candidates
[pass 1] 20: 3489000 docs, 359311 candidates
[pass 1] 20: 3491000 docs, 359526 candidates
[pass 1] 20: 3499000 docs, 360338 candidates
[pass 1] 20: 3502000 docs, 360669 candidates
[pass 1] 20: 3518000 docs, 362302 candidates
[pass 1] 20: 3519000 docs, 362407 candidates
[pass 1] 20: 3520000 docs, 362518 candidates
[pass 1] 20: 3543000 docs, 364883 candidates
[pass 1] 20: 3546000 docs, 365217 candidates
[pass 1] 20: 3552000 docs, 365832 candidates
[pass 1] 20: 3568000 docs, 367478 candidates
[pass 1] 20: 3574000 docs, 368056 candidates
[pass 1] 20: 3601000 docs, 370791 candidates
[pass 1] 20: 3631000 docs, 373909 candidates
[pass 1] 20: 3632000 docs, 374036 candidates
[pass 1] 20: 3636000 docs, 374465 candidates
[pass 1] 20: 3642000 docs, 375069 candidates
[pass 1] 20: 3644000 docs, 375280 candidates
[pass 1] 20: 3660000 docs, 376867 candidates
[pass 1] 20: 3667000 docs, 377592 candidates
[pass 1] 20: 3671000 docs, 377992 candidates
[pass 1] 20: 3676000 docs, 378523 candidates
[pass 1] 20: 3679000 docs, 378827 candidates
[pass 1] 20: 3682000 docs, 379145 candidates
[pass 1] 20: 3691000 docs, 380116 candidates
[pass 1] 20: 3711000 docs, 382157 candidates
[pass 1] 20: 3713000 docs, 382355 candidates
[pass 1] 20: 3726000 docs, 383676 candidates
[pass 1] 20: 3732000 docs, 384321 candidates
[pass 1] 20: 3737000 docs, 384808 candidates
[pass 1] 20: 3738000 docs, 384910 candidates
[pass 1] 20: 3746000 docs, 385735 candidates
[pass 1] 20: 3749000 docs, 386033 candidates
[pass 1] 20: 3762000 docs, 387342 candidates
[pass 1] 20: 3764000 docs, 387540 candidates
[pass 1] 20: 3769000 docs, 388033 candidates
[pass 1] 20: 3777000 docs, 388852 candidates
[pass 1] 20: 3783000 docs, 389482 candidates
[pass 1] 20: 3846000 docs, 395966 candidates
[pass 1] 20: 3847000 docs, 396068 candidates
[pass 1] 20: 3858000 docs, 397206 candidates
[pass 1] 20: 3863000 docs, 397742 candidates
[pass 1] 20: 3875000 docs, 399013 candidates
[pass 1] 20: 3880000 docs, 399550 candidates
[pass 1] 20: 3902000 docs, 401781 candidates
[pass 1] 20: 3906000 docs, 402197 candidates
[pass 1] 20: 3910000 docs, 402641 candidates
[pass 1] 20: 3918000 docs, 403451 candidates
[pass 1] 20: 3937000 docs, 405433 candidates
[pass 1] 20: 3941000 docs, 405889 candidates
[pass 1] 20: 3943000 docs, 406107 candidates
[pass 1] 20: 3957000 docs, 407559 candidates
[pass 1] 20: 3961000 docs, 407978 candidates
[pass 1] 20: 3968000 docs, 408677 candidates
[pass 1] 20: 3972000 docs, 409087 candidates
[pass 1] 20: 3988000 docs, 410810 candidates
[pass 1] 20: 3990000 docs, 411029 candidates
[pass 1] 20: 3995000 docs, 411542 candidates
[pass 1] 20: 4000000 docs, 412065 candidates
[pass 1] 20: 4004000 docs, 412488 candidates
[pass 1] 20: 4016000 docs, 413687 candidates
[pass 1] 20: 4042000 docs, 416273 candidates
[pass 1] 20: 4048000 docs, 416884 candidates
[pass 1] 20: 4072000 docs, 419387 candidates
[pass 1] 20: 4080000 docs, 420273 candidates
[pass 1] 20: 4096000 docs, 421907 candidates
[pass 1] 20: 4118000 docs, 424255 candidates
[pass 1] 20: 4127000 docs, 425193 candidates
[pass 1] 20: 4129000 docs, 425396 candidates
[pass 1] 20: 4140000 docs, 426574 candidates
[pass 1] 20: 4155000 docs, 428188 candidates
[pass 1] 20: 4157000 docs, 428384 candidates
[pass 1] 20: 4158000 docs, 428488 candidates
[pass 1] 20: 4160000 docs, 428675 candidates
[pass 1] 20: 4161000 docs, 428769 candidates
[pass 1] 20: 4174000 docs, 430142 candidates
[pass 1] 20: 4182000 docs, 430923 candidates
[pass 1] 20: 4187000 docs, 431424 candidates
[pass 1] 20: 4189000 docs, 431633 candidates
[pass 1] 20: 4194000 docs, 432127 candidates
[pass 1] 20: 4215000 docs, 434316 candidates
[pass 1] 20: 4252000 docs, 438111 candidates
[pass 1] 20: 4257000 docs, 438627 candidates
[pass 1] 20: 4261000 docs, 439015 candidates
[pass 1] 20: 4269000 docs, 439860 candidates
[pass 1] 20: 4276000 docs, 440588 candidates
[pass 1] 20: 4309000 docs, 443903 candidates
[pass 1] 20: 4322000 docs, 445185 candidates
[pass 1] 20: 4328000 docs, 445844 candidates
[pass 1] 20: 4334000 docs, 446445 candidates
[pass 1] 20: 4337000 docs, 446788 candidates
[pass 1] 20: 4339000 docs, 447018 candidates
[pass 1] 20: 4341000 docs, 447215 candidates
[pass 1] 20: 4345000 docs, 447609 candidates
[pass 1] 20: 4356000 docs, 448745 candidates
[pass 1] 20: 4380000 docs, 451336 candidates
[pass 1] 20: 4381000 docs, 451450 candidates
[pass 1] 20: 4383000 docs, 451668 candidates
[pass 1] 20: 4391000 docs, 452500 candidates
[pass 1] 20: 4403000 docs, 453724 candidates
[pass 1] 20: 4422000 docs, 455698 candidates
[pass 1] 20: 4428000 docs, 456327 candidates
[pass 1] 20: 4432000 docs, 456748 candidates
[pass 1] 20: 4434000 docs, 456960 candidates
[pass 1] 20: 4439000 docs, 457484 candidates
[pass 1] 20: 4446000 docs, 458241 candidates
[pass 1] 20: 4451000 docs, 458796 candidates
[pass 1] 20: 4453000 docs, 459004 candidates
[pass 1] 20: 4477000 docs, 461454 candidates
[pass 1] 20: 4483000 docs, 462059 candidates
[pass 1] 20: 4524000 docs, 466260 candidates
[pass 1] 20: 4530000 docs, 466891 candidates
[pass 1] 20: 4537000 docs, 467596 candidates
[pass 1] 20: 4546000 docs, 468514 candidates
[pass 1] 20: 4569000 docs, 470915 candidates
[pass 1] 20: 4573000 docs, 471330 candidates
[pass 1] 20: 4603000 docs, 474484 candidates
[pass 1] 20: 4610000 docs, 475244 candidates
[pass 1] 20: 4620000 docs, 476280 candidates
[pass 1] 20: 4629000 docs, 477134 candidates
[pass 1] 20: 4655000 docs, 479810 candidates
[pass 1] 20: 4659000 docs, 480197 candidates
[pass 1] 20: 4679000 docs, 482250 candidates
[pass 1] 20: 4681000 docs, 482447 candidates
[pass 1] 20: 4691000 docs, 483476 candidates
[pass 1] 20: 4702000 docs, 484601 candidates
[pass 1] 20: 4722000 docs, 486613 candidates
[pass 1] 20: 4723000 docs, 486716 candidates
[pass 1] 20: 4728000 docs, 487238 candidates
[pass 1] 20: 4730000 docs, 487451 candidates
[pass 1] 20: 4736000 docs, 488075 candidates
[pass 1] 20: 4748000 docs, 489296 candidates
[pass 1] 20: 4751000 docs, 489603 candidates
[pass 1] 20: 4752000 docs, 489726 candidates
[pass 1] 20: 4776000 docs, 492211 candidates
[pass 1] 20: 4789000 docs, 493513 candidates
[pass 1] 20: 4795000 docs, 494151 candidates
[pass 1] 20: 4799000 docs, 494571 candidates
[pass 1] 20: 4805000 docs, 495171 candidates
[pass 1] 20: 4819000 docs, 496640 candidates
[pass 1] 20: 4826000 docs, 497380 candidates
[pass 1] 20: 4830000 docs, 497804 candidates
[pass 1] 20: 4831000 docs, 497910 candidates
[pass 1] 20: 4843000 docs, 499149 candidates
[pass 1] 20: 4853000 docs, 500206 candidates
[pass 1] 20: 4856000 docs, 500520 candidates
[pass 1] 20: 4860000 docs, 500938 candidates
[pass 1] 20: 4872000 docs, 502126 candidates
[pass 1] 20: 4886000 docs, 503559 candidates
[pass 1] 20: 4920000 docs, 507080 candidates
[pass 1] 20: 4928000 docs, 507906 candidates
[pass 1] 20: 4947000 docs, 509853 candidates
[pass 1] 20: 4950000 docs, 510165 candidates
[pass 1] 20: 4951000 docs, 510249 candidates
[pass 1] 20: 4954000 docs, 510537 candidates
[pass 1] 20: 4962000 docs, 511410 candidates
[pass 1] 20: 4966000 docs, 511821 candidates
[pass 1] 20: 4971000 docs, 512332 candidates
[pass 1] 20: 4986000 docs, 513916 candidates
[pass 1] 20: 4994000 docs, 514752 candidates
[pass 1] 20: 4999000 docs, 515290 candidates
[pass 1] 20: 5004000 docs, 515799 candidates
[pass 1] 20: 5014000 docs, 516851 candidates
[pass 1] 20: 5017000 docs, 517169 candidates
[pass 1] 20: 5020000 docs, 517475 candidates
[pass 1] 20: 5024000 docs, 517900 candidates
[pass 1] 20: 5027000 docs, 518194 candidates
[pass 1] 20: 5035000 docs, 518990 candidates
[pass 1] 20: 5036000 docs, 519087 candidates
[pass 1] 20: 5041000 docs, 519623 candidates
[pass 1] 20: 5068000 docs, 522400 candidates
[pass 1] 20: 5073000 docs, 522890 candidates
[pass 1] 20: 5078000 docs, 523416 candidates
[pass 1] 20: 5083000 docs, 523935 candidates
[pass 1] 20: 5089000 docs, 524528 candidates
[pass 1] 20: 5095000 docs, 525143 candidates
[pass 1] 20: 5100000 docs, 525684 candidates
[pass 1] 20: 5110000 docs, 526713 candidates
[pass 1] 20: 5114000 docs, 527129 candidates
[pass 1] 20: 5123000 docs, 528106 candidates
[pass 1] 20: 5134000 docs, 529207 candidates
[pass 1] 20: 5148000 docs, 530665 candidates
[pass 1] 20: 5152000 docs, 531066 candidates
[pass 1] 20: 5160000 docs, 531906 candidates
[pass 1] 20: 5167000 docs, 532606 candidates
[pass 1] 20: 5173000 docs, 533248 candidates
[pass 1] 20: 5182000 docs, 534170 candidates
[pass 1] 20: 5185000 docs, 534501 candidates
[pass 1] 20: 5189000 docs, 534918 candidates
[pass 1] 20: 5199000 docs, 535913 candidates
[pass 1] 20: 5202000 docs, 536239 candidates
[pass 1] 20: 5204000 docs, 536420 candidates
[pass 1] 20: 5223000 docs, 538398 candidates
[pass 1] 20: 5226000 docs, 538720 candidates
[pass 1] 20: 5228000 docs, 538947 candidates
[pass 1] 20: 5235000 docs, 539673 candidates
[pass 1] 20: 5242000 docs, 540401 candidates
[pass 1] 20: 5245000 docs, 540732 candidates
[pass 1] 20: 5253000 docs, 541542 candidates
[pass 1] 20: 5255000 docs, 541745 candidates
[pass 1] 20: 5266000 docs, 542840 candidates
[pass 1] 20: 5295000 docs, 545817 candidates
[pass 1] 20: 5312000 docs, 547509 candidates
[pass 1] 20: 5315000 docs, 547809 candidates
[pass 1] 20: 5320000 docs, 548350 candidates
[pass 1] 20: 5321000 docs, 548468 candidates
[pass 1] 20: 5332000 docs, 549634 candidates
[pass 1] 20: 5334000 docs, 549830 candidates
[pass 1] 20: 5339000 docs, 550363 candidates
[pass 1] 20: 5348000 docs, 551272 candidates
[pass 1] 20: 5349000 docs, 551373 candidates
[pass 1] 20: 5353000 docs, 551774 candidates
[pass 1] 20: 5357000 docs, 552177 candidates
[pass 1] 20: 5375000 docs, 553982 candidates
[pass 1] 20: 5380000 docs, 554526 candidates
[pass 1] 20: 5391000 docs, 555659 candidates
[pass 1] 20: 5411000 docs, 557712 candidates
[pass 1] 20: 5425000 docs, 559183 candidates
[pass 1] 20: 5430000 docs, 559702 candidates
[pass 1] 20: 5438000 docs, 560497 candidates
[pass 1] 20: 5441000 docs, 560812 candidates
[pass 1] 20: 5459000 docs, 562658 candidates
[pass 1] 20: 5468000 docs, 563527 candidates
[pass 1] 20: 5469000 docs, 563624 candidates
[pass 1] 20: 5473000 docs, 564051 candidates
[pass 1] 20: 5476000 docs, 564374 candidates
[pass 1] 20: 5478000 docs, 564587 candidates
[pass 1] 20: 5485000 docs, 565305 candidates
[pass 1] 20: 5497000 docs, 566489 candidates
[pass 1] 20: 5500000 docs, 566798 candidates
[pass 1] 20: 5504000 docs, 567208 candidates
[pass 1] 20: 5513000 docs, 568114 candidates
[pass 1] 20: 5521000 docs, 568938 candidates
[pass 1] 20: 5532000 docs, 570057 candidates
[pass 1] 20: 5549000 docs, 571800 candidates
[pass 1] 20: 5551000 docs, 572007 candidates
[pass 1] 20: 5557000 docs, 572606 candidates
[pass 1] 20: 5561000 docs, 573027 candidates
[pass 1] 20: 5567000 docs, 573642 candidates
[pass 1] 20: 5580000 docs, 575033 candidates
[pass 1] 20: 5587000 docs, 575797 candidates
[pass 1] 20: 5598000 docs, 576936 candidates
[pass 1] 20: 5600000 docs, 577141 candidates
[pass 1] 20: 5607000 docs, 577851 candidates
[pass 1] 20: 5611000 docs, 578270 candidates
[pass 1] 20: 5623000 docs, 579550 candidates
[pass 1] 20: 5625000 docs, 579774 candidates
[pass 1] 20: 5626000 docs, 579882 candidates
[pass 1] 20: 5637000 docs, 580997 candidates
[pass 1] 20: 5642000 docs, 581529 candidates
[pass 1] 20: 5649000 docs, 582253 candidates
[pass 1] 20: 5664000 docs, 583758 candidates
[pass 1] 20: 5666000 docs, 583965 candidates
[pass 1] 20: 5692000 docs, 586629 candidates
[pass 1] 20: 5695000 docs, 586933 candidates
[pass 1] 20: 5714000 docs, 588909 candidates
[pass 1] 20: 5730000 docs, 590543 candidates
[pass 1] 20: 5757000 docs, 593325 candidates
[pass 1] 20: 5762000 docs, 593789 candidates
[pass 1] 20: 5779000 docs, 595524 candidates
[pass 1] 20: 5780000 docs, 595619 candidates
[pass 1] 20: 5785000 docs, 596121 candidates
[pass 1] 20: 5787000 docs, 596340 candidates
[pass 1] 20: 5801000 docs, 597778 candidates
[pass 1] 20: 5849000 docs, 602790 candidates
[pass 1] 20: 5853000 docs, 603206 candidates
[pass 1] 20: 5859000 docs, 603826 candidates
[pass 1] 20: 5874000 docs, 605398 candidates
[pass 1] 20: 5879000 docs, 605932 candidates
[pass 1] 20: 5884000 docs, 606420 candidates
[pass 1] 20: 5896000 docs, 607667 candidates
[pass 1] 20: 5897000 docs, 607777 candidates
[pass 1] done: 0 docs, 0 new records, yield=0.0/10K, 15991293ms
[pipeline] Flushed 10000 buffered records to store
[pipeline] Exported 0 paired records to /mnt/zfs-host/backup/projects/observer-vault/01-Projects/dataset-processor/output/paired-output.jsonl

[orchestrate] Pipeline max-passes
[orchestrate] Passes: 1, Total verb-records: 10000
  Pass 1: 0 docs, 608099 Tier-A, 0 Tier-B, 0 Tier-C, 0 records, yield=0.0/10K
