[orchestrate] Found 1 shard files
[pass 1] 11: 37000 docs, 3925 candidates
[pass 1] 11: 40000 docs, 4246 candidates
[pass 1] 11: 48000 docs, 5062 candidates
[pass 1] 11: 60000 docs, 6256 candidates
[pass 1] 11: 61000 docs, 6360 candidates
[pass 1] 11: 85000 docs, 8805 candidates
[pass 1] 11: 100000 docs, 10303 candidates
[pass 1] 11: 112000 docs, 11484 candidates
[pass 1] 11: 115000 docs, 11779 candidates
[pass 1] 11: 134000 docs, 13730 candidates
[pass 1] 11: 136000 docs, 13958 candidates
[pass 1] 11: 137000 docs, 14043 candidates
[pass 1] 11: 166000 docs, 16962 candidates
[pass 1] 11: 185000 docs, 18878 candidates
[pass 1] 11: 191000 docs, 19475 candidates
[pass 1] 11: 220000 docs, 22501 candidates
[pass 1] 11: 224000 docs, 22928 candidates
[pass 1] 11: 226000 docs, 23121 candidates
[pass 1] 11: 231000 docs, 23673 candidates
[pass 1] 11: 238000 docs, 24392 candidates
[pass 1] 11: 248000 docs, 25478 candidates
[pass 1] 11: 251000 docs, 25764 candidates
[pass 1] 11: 257000 docs, 26420 candidates
[pass 1] 11: 300000 docs, 30822 candidates
[pass 1] 11: 302000 docs, 31047 candidates
[pass 1] 11: 313000 docs, 32166 candidates
[pass 1] 11: 315000 docs, 32360 candidates
[pass 1] 11: 330000 docs, 33911 candidates
[pass 1] 11: 339000 docs, 34808 candidates
[pass 1] 11: 341000 docs, 35010 candidates
[pass 1] 11: 346000 docs, 35513 candidates
[pass 1] 11: 376000 docs, 38604 candidates
[pass 1] 11: 377000 docs, 38735 candidates
[pass 1] 11: 392000 docs, 40282 candidates
[pass 1] 11: 398000 docs, 40911 candidates
[pass 1] 11: 404000 docs, 41547 candidates
[pass 1] 11: 411000 docs, 42240 candidates
[pass 1] 11: 412000 docs, 42329 candidates
[pass 1] 11: 426000 docs, 43801 candidates
[pass 1] 11: 427000 docs, 43908 candidates
[pass 1] 11: 435000 docs, 44733 candidates
[pass 1] 11: 440000 docs, 45234 candidates
[pass 1] 11: 442000 docs, 45452 candidates
[pass 1] 11: 459000 docs, 47187 candidates
[pass 1] 11: 493000 docs, 50681 candidates
[pass 1] 11: 506000 docs, 51997 candidates
[pass 1] 11: 510000 docs, 52400 candidates
[pass 1] 11: 514000 docs, 52791 candidates
[pass 1] 11: 519000 docs, 53275 candidates
[pass 1] 11: 527000 docs, 54130 candidates
[pass 1] 11: 530000 docs, 54456 candidates
[pass 1] 11: 535000 docs, 54942 candidates
[pass 1] 11: 538000 docs, 55265 candidates
[pass 1] 11: 543000 docs, 55807 candidates
[pass 1] 11: 550000 docs, 56557 candidates
[pass 1] 11: 554000 docs, 57006 candidates
[pass 1] 11: 562000 docs, 57842 candidates
[pass 1] 11: 564000 docs, 58042 candidates
[pass 1] 11: 571000 docs, 58762 candidates
[pass 1] 11: 604000 docs, 62128 candidates
[pass 1] 11: 619000 docs, 63686 candidates
[pass 1] 11: 628000 docs, 64711 candidates
[pass 1] 11: 641000 docs, 66083 candidates
[pass 1] 11: 643000 docs, 66314 candidates
[pass 1] 11: 647000 docs, 66711 candidates
[pass 1] 11: 654000 docs, 67458 candidates
[pass 1] 11: 662000 docs, 68310 candidates
[pass 1] 11: 679000 docs, 70068 candidates
[pass 1] 11: 681000 docs, 70262 candidates
[pass 1] 11: 684000 docs, 70566 candidates
[pass 1] 11: 697000 docs, 71937 candidates
[pass 1] 11: 699000 docs, 72126 candidates
[pass 1] 11: 708000 docs, 73113 candidates
[pass 1] 11: 717000 docs, 74027 candidates
[pass 1] 11: 718000 docs, 74147 candidates
[pass 1] 11: 741000 docs, 76473 candidates
[pass 1] 11: 746000 docs, 76948 candidates
[pass 1] 11: 750000 docs, 77371 candidates
[pass 1] 11: 751000 docs, 77468 candidates
[pass 1] 11: 753000 docs, 77673 candidates
[pass 1] 11: 755000 docs, 77886 candidates
[pass 1] 11: 759000 docs, 78319 candidates
[pass 1] 11: 769000 docs, 79289 candidates
[pass 1] 11: 796000 docs, 82039 candidates
[pass 1] 11: 811000 docs, 83616 candidates
[pass 1] 11: 816000 docs, 84120 candidates
[pass 1] 11: 821000 docs, 84634 candidates
[pass 1] 11: 829000 docs, 85478 candidates
[pass 1] 11: 833000 docs, 85888 candidates
[pass 1] 11: 861000 docs, 88764 candidates
[pass 1] 11: 874000 docs, 90064 candidates
[pass 1] 11: 880000 docs, 90699 candidates
[pass 1] 11: 883000 docs, 91025 candidates
[pass 1] 11: 889000 docs, 91660 candidates
[pass 1] 11: 895000 docs, 92292 candidates
[pass 1] 11: 902000 docs, 92984 candidates
[pass 1] 11: 909000 docs, 93714 candidates
[pass 1] 11: 913000 docs, 94145 candidates
[pass 1] 11: 923000 docs, 95206 candidates
[pass 1] 11: 934000 docs, 96367 candidates
[pass 1] 11: 941000 docs, 97099 candidates
[pass 1] 11: 950000 docs, 98013 candidates
[pass 1] 11: 954000 docs, 98416 candidates
[pass 1] 11: 963000 docs, 99315 candidates
[pass 1] 11: 964000 docs, 99419 candidates
[pass 1] 11: 969000 docs, 99956 candidates
[pass 1] 11: 981000 docs, 101249 candidates
[pass 1] 11: 983000 docs, 101438 candidates
[pass 1] 11: 1018000 docs, 104985 candidates
[pass 1] 11: 1028000 docs, 105998 candidates
[pass 1] 11: 1030000 docs, 106217 candidates
[pass 1] 11: 1043000 docs, 107578 candidates
[pass 1] 11: 1045000 docs, 107755 candidates
[pass 1] 11: 1047000 docs, 107974 candidates
[pass 1] 11: 1052000 docs, 108511 candidates
[pass 1] 11: 1068000 docs, 110162 candidates
[pass 1] 11: 1075000 docs, 110932 candidates
[pass 1] 11: 1086000 docs, 112064 candidates
[pass 1] 11: 1087000 docs, 112176 candidates
[pass 1] 11: 1095000 docs, 112986 candidates
[pass 1] 11: 1109000 docs, 114464 candidates
[pass 1] 11: 1123000 docs, 115939 candidates
[pass 1] 11: 1126000 docs, 116253 candidates
[pass 1] 11: 1129000 docs, 116530 candidates
[pass 1] 11: 1138000 docs, 117452 candidates
[pass 1] 11: 1140000 docs, 117659 candidates
[pass 1] 11: 1146000 docs, 118317 candidates
[pass 1] 11: 1149000 docs, 118616 candidates
[pass 1] 11: 1192000 docs, 122959 candidates
[pass 1] 11: 1204000 docs, 124195 candidates
[pass 1] 11: 1210000 docs, 124819 candidates
[pass 1] 11: 1222000 docs, 125999 candidates
[pass 1] 11: 1223000 docs, 126111 candidates
[pass 1] 11: 1242000 docs, 128032 candidates
[pass 1] 11: 1246000 docs, 128436 candidates
[pass 1] 11: 1250000 docs, 128834 candidates
[pass 1] 11: 1257000 docs, 129510 candidates
[pass 1] 11: 1261000 docs, 129882 candidates
[pass 1] 11: 1265000 docs, 130290 candidates
[pass 1] 11: 1292000 docs, 133111 candidates
[pass 1] 11: 1309000 docs, 134888 candidates
[pass 1] 11: 1310000 docs, 134986 candidates
[pass 1] 11: 1325000 docs, 136463 candidates
[pass 1] 11: 1328000 docs, 136791 candidates
[pass 1] 11: 1329000 docs, 136904 candidates
[pass 1] 11: 1331000 docs, 137124 candidates
[pass 1] 11: 1332000 docs, 137239 candidates
[pass 1] 11: 1334000 docs, 137461 candidates
[pass 1] 11: 1343000 docs, 138406 candidates
[pass 1] 11: 1345000 docs, 138613 candidates
[pass 1] 11: 1347000 docs, 138833 candidates
[pass 1] 11: 1376000 docs, 141891 candidates
[pass 1] 11: 1383000 docs, 142672 candidates
[pass 1] 11: 1384000 docs, 142767 candidates
[pass 1] 11: 1391000 docs, 143487 candidates
[pass 1] 11: 1399000 docs, 144320 candidates
[pass 1] 11: 1403000 docs, 144725 candidates
[pass 1] 11: 1425000 docs, 147000 candidates
[pass 1] 11: 1427000 docs, 147216 candidates
[pass 1] 11: 1429000 docs, 147422 candidates
[pass 1] 11: 1439000 docs, 148433 candidates
[pass 1] 11: 1454000 docs, 150028 candidates
[pass 1] 11: 1494000 docs, 154067 candidates
[pass 1] 11: 1497000 docs, 154385 candidates
[pass 1] 11: 1510000 docs, 155733 candidates
[pass 1] 11: 1511000 docs, 155837 candidates
[pass 1] 11: 1528000 docs, 157605 candidates
[pass 1] 11: 1534000 docs, 158247 candidates
[pass 1] 11: 1549000 docs, 159817 candidates
[pass 1] 11: 1562000 docs, 161140 candidates
[pass 1] 11: 1566000 docs, 161521 candidates
[pass 1] 11: 1571000 docs, 162048 candidates
[pass 1] 11: 1573000 docs, 162241 candidates
[pass 1] 11: 1597000 docs, 164676 candidates
[pass 1] 11: 1599000 docs, 164881 candidates
[pass 1] 11: 1601000 docs, 165104 candidates
[pass 1] 11: 1608000 docs, 165851 candidates
[pass 1] 11: 1638000 docs, 168855 candidates
[pass 1] 11: 1648000 docs, 169875 candidates
[pass 1] 11: 1669000 docs, 172096 candidates
[pass 1] 11: 1672000 docs, 172437 candidates
[pass 1] 11: 1717000 docs, 177050 candidates
[pass 1] 11: 1719000 docs, 177249 candidates
[pass 1] 11: 1725000 docs, 177865 candidates
[pass 1] 11: 1738000 docs, 179168 candidates
[pass 1] 11: 1753000 docs, 180660 candidates
[pass 1] 11: 1762000 docs, 181559 candidates
[pass 1] 11: 1769000 docs, 182235 candidates
[pass 1] 11: 1772000 docs, 182546 candidates
[pass 1] 11: 1802000 docs, 185670 candidates
[pass 1] 11: 1806000 docs, 186105 candidates
[pass 1] 11: 1812000 docs, 186745 candidates
[pass 1] 11: 1824000 docs, 187965 candidates
[pass 1] 11: 1862000 docs, 191844 candidates
[pass 1] 11: 1866000 docs, 192276 candidates
[pass 1] 11: 1884000 docs, 194123 candidates
[pass 1] 11: 1885000 docs, 194244 candidates
[pass 1] 11: 1888000 docs, 194560 candidates
[pass 1] 11: 1892000 docs, 194946 candidates
[pass 1] 11: 1894000 docs, 195134 candidates
[pass 1] 11: 1899000 docs, 195649 candidates
[pass 1] 11: 1902000 docs, 195948 candidates
[pass 1] 11: 1917000 docs, 197447 candidates
[pass 1] 11: 1928000 docs, 198533 candidates
[pass 1] 11: 1929000 docs, 198634 candidates
[pass 1] 11: 1939000 docs, 199682 candidates
[pass 1] 11: 1954000 docs, 201287 candidates
[pass 1] 11: 1962000 docs, 202083 candidates
[pass 1] 11: 1965000 docs, 202384 candidates
[pass 1] 11: 1975000 docs, 203409 candidates
[pass 1] 11: 1982000 docs, 204092 candidates
[pass 1] 11: 1992000 docs, 205167 candidates
[pass 1] 11: 2006000 docs, 206641 candidates
[pass 1] 11: 2037000 docs, 209771 candidates
[pass 1] 11: 2040000 docs, 210095 candidates
[pass 1] 11: 2050000 docs, 211121 candidates
[pass 1] 11: 2083000 docs, 214483 candidates
[pass 1] 11: 2090000 docs, 215210 candidates
[pass 1] 11: 2106000 docs, 216819 candidates
[pass 1] 11: 2115000 docs, 217706 candidates
[pass 1] 11: 2124000 docs, 218661 candidates
[pass 1] 11: 2146000 docs, 220993 candidates
[pass 1] 11: 2155000 docs, 221941 candidates
[pass 1] 11: 2163000 docs, 222747 candidates
[pass 1] 11: 2181000 docs, 224653 candidates
[pass 1] 11: 2198000 docs, 226431 candidates
[pass 1] 11: 2208000 docs, 227437 candidates
[pass 1] 11: 2211000 docs, 227753 candidates
[pass 1] 11: 2215000 docs, 228159 candidates
[pass 1] 11: 2217000 docs, 228354 candidates
[pass 1] 11: 2253000 docs, 231970 candidates
[pass 1] 11: 2257000 docs, 232376 candidates
[pass 1] 11: 2261000 docs, 232777 candidates
[pass 1] 11: 2267000 docs, 233412 candidates
[pass 1] 11: 2272000 docs, 233937 candidates
[pass 1] 11: 2274000 docs, 234141 candidates
[pass 1] 11: 2281000 docs, 234834 candidates
[pass 1] 11: 2285000 docs, 235220 candidates
[pass 1] 11: 2298000 docs, 236543 candidates
[pass 1] 11: 2304000 docs, 237167 candidates
[pass 1] 11: 2306000 docs, 237370 candidates
[pass 1] 11: 2308000 docs, 237569 candidates
[pass 1] 11: 2320000 docs, 238756 candidates
[pass 1] 11: 2329000 docs, 239722 candidates
[pass 1] 11: 2333000 docs, 240171 candidates
[pass 1] 11: 2344000 docs, 241363 candidates
[pass 1] 11: 2357000 docs, 242731 candidates
[pass 1] 11: 2361000 docs, 243169 candidates
[pass 1] 11: 2370000 docs, 244094 candidates
[pass 1] 11: 2372000 docs, 244285 candidates
[pass 1] 11: 2379000 docs, 245032 candidates
[pass 1] 11: 2382000 docs, 245346 candidates
[pass 1] 11: 2386000 docs, 245757 candidates
[pass 1] 11: 2391000 docs, 246265 candidates
[pass 1] 11: 2395000 docs, 246692 candidates
[pass 1] 11: 2397000 docs, 246927 candidates
[pass 1] 11: 2406000 docs, 247814 candidates
[pass 1] 11: 2411000 docs, 248336 candidates
[pass 1] 11: 2414000 docs, 248649 candidates
[pass 1] 11: 2416000 docs, 248872 candidates
[pass 1] 11: 2420000 docs, 249270 candidates
[pass 1] 11: 2424000 docs, 249663 candidates
[pass 1] 11: 2431000 docs, 250380 candidates
[pass 1] 11: 2432000 docs, 250479 candidates
[pass 1] 11: 2447000 docs, 252051 candidates
[pass 1] 11: 2466000 docs, 254106 candidates
[pass 1] 11: 2474000 docs, 254914 candidates
[pass 1] 11: 2499000 docs, 257474 candidates
[pass 1] 11: 2501000 docs, 257674 candidates
[pass 1] 11: 2503000 docs, 257903 candidates
[pass 1] 11: 2505000 docs, 258111 candidates
[pass 1] 11: 2511000 docs, 258790 candidates
[pass 1] 11: 2526000 docs, 260336 candidates
[pass 1] 11: 2530000 docs, 260778 candidates
[pass 1] 11: 2531000 docs, 260862 candidates
[pass 1] 11: 2547000 docs, 262490 candidates
[pass 1] 11: 2551000 docs, 262916 candidates
[pass 1] 11: 2569000 docs, 264775 candidates
[pass 1] 11: 2571000 docs, 264982 candidates
[pass 1] 11: 2573000 docs, 265199 candidates
[pass 1] 11: 2583000 docs, 266216 candidates
[pass 1] 11: 2584000 docs, 266307 candidates
[pass 1] 11: 2621000 docs, 270155 candidates
[pass 1] 11: 2630000 docs, 271060 candidates
[pass 1] 11: 2638000 docs, 271909 candidates
[pass 1] 11: 2641000 docs, 272223 candidates
[pass 1] 11: 2644000 docs, 272533 candidates
[pass 1] 11: 2652000 docs, 273367 candidates
[pass 1] 11: 2655000 docs, 273680 candidates
[pass 1] 11: 2658000 docs, 274009 candidates
[pass 1] 11: 2670000 docs, 275259 candidates
[pass 1] 11: 2692000 docs, 277490 candidates
[pass 1] 11: 2698000 docs, 278142 candidates
[pass 1] 11: 2700000 docs, 278349 candidates
[pass 1] 11: 2716000 docs, 279971 candidates
[pass 1] 11: 2725000 docs, 280875 candidates
[pass 1] 11: 2731000 docs, 281503 candidates
[pass 1] 11: 2732000 docs, 281611 candidates
[pass 1] 11: 2746000 docs, 283061 candidates
[pass 1] 11: 2749000 docs, 283386 candidates
[pass 1] 11: 2760000 docs, 284524 candidates
[pass 1] 11: 2766000 docs, 285158 candidates
[pass 1] 11: 2771000 docs, 285694 candidates
[pass 1] 11: 2772000 docs, 285790 candidates
[pass 1] 11: 2775000 docs, 286105 candidates
[pass 1] 11: 2787000 docs, 287296 candidates
[pass 1] 11: 2789000 docs, 287506 candidates
[pass 1] 11: 2795000 docs, 288139 candidates
[pass 1] 11: 2808000 docs, 289485 candidates
[pass 1] 11: 2835000 docs, 292251 candidates
[pass 1] 11: 2850000 docs, 293758 candidates
[pass 1] 11: 2853000 docs, 294089 candidates
[pass 1] 11: 2858000 docs, 294616 candidates
[pass 1] 11: 2873000 docs, 296149 candidates
[pass 1] 11: 2887000 docs, 297620 candidates
[pass 1] 11: 2892000 docs, 298158 candidates
[pass 1] 11: 2894000 docs, 298371 candidates
[pass 1] 11: 2895000 docs, 298483 candidates
[pass 1] 11: 2897000 docs, 298687 candidates
[pass 1] 11: 2904000 docs, 299370 candidates
[pass 1] 11: 2915000 docs, 300505 candidates
[pass 1] 11: 2931000 docs, 302193 candidates
[pass 1] 11: 2956000 docs, 304779 candidates
[pass 1] 11: 2989000 docs, 308158 candidates
[pass 1] 11: 2992000 docs, 308503 candidates
[pass 1] 11: 2995000 docs, 308812 candidates
[pass 1] 11: 2997000 docs, 309014 candidates
[pass 1] 11: 3030000 docs, 312383 candidates
[pass 1] 11: 3034000 docs, 312801 candidates
[pass 1] 11: 3037000 docs, 313085 candidates
[pass 1] 11: 3041000 docs, 313501 candidates
[pass 1] 11: 3045000 docs, 313894 candidates
[pass 1] 11: 3066000 docs, 316040 candidates
[pass 1] 11: 3069000 docs, 316328 candidates
[pass 1] 11: 3088000 docs, 318220 candidates
[pass 1] 11: 3125000 docs, 322049 candidates
[pass 1] 11: 3127000 docs, 322268 candidates
[pass 1] 11: 3134000 docs, 322957 candidates
[pass 1] 11: 3135000 docs, 323069 candidates
[pass 1] 11: 3161000 docs, 325791 candidates
[pass 1] 11: 3162000 docs, 325893 candidates
[pass 1] 11: 3164000 docs, 326093 candidates
[pass 1] 11: 3165000 docs, 326196 candidates
[pass 1] 11: 3171000 docs, 326792 candidates
[pass 1] 11: 3182000 docs, 327943 candidates
[pass 1] 11: 3187000 docs, 328484 candidates
[pass 1] 11: 3195000 docs, 329323 candidates
[pass 1] 11: 3198000 docs, 329630 candidates
[pass 1] 11: 3199000 docs, 329735 candidates
[pass 1] 11: 3207000 docs, 330591 candidates
[pass 1] 11: 3213000 docs, 331208 candidates
[pass 1] 11: 3215000 docs, 331414 candidates
[pass 1] 11: 3220000 docs, 331929 candidates
[pass 1] 11: 3227000 docs, 332647 candidates
[pass 1] 11: 3233000 docs, 333225 candidates
[pass 1] 11: 3241000 docs, 334080 candidates
[pass 1] 11: 3273000 docs, 337272 candidates
[pass 1] 11: 3287000 docs, 338764 candidates
[pass 1] 11: 3288000 docs, 338874 candidates
[pass 1] 11: 3291000 docs, 339192 candidates
[pass 1] 11: 3313000 docs, 341483 candidates
[pass 1] 11: 3321000 docs, 342296 candidates
[pass 1] 11: 3323000 docs, 342517 candidates
[pass 1] 11: 3336000 docs, 343861 candidates
[pass 1] 11: 3339000 docs, 344165 candidates
[pass 1] 11: 3343000 docs, 344558 candidates
[pass 1] 11: 3364000 docs, 346723 candidates
[pass 1] 11: 3372000 docs, 347500 candidates
[pass 1] 11: 3382000 docs, 348514 candidates
[pass 1] 11: 3390000 docs, 349341 candidates
[pass 1] 11: 3393000 docs, 349632 candidates
[pass 1] 11: 3406000 docs, 350979 candidates
[pass 1] 11: 3416000 docs, 352017 candidates
[pass 1] 11: 3424000 docs, 352793 candidates
[pass 1] 11: 3437000 docs, 354172 candidates
[pass 1] 11: 3456000 docs, 356075 candidates
[pass 1] 11: 3461000 docs, 356641 candidates
[pass 1] 11: 3463000 docs, 356861 candidates
[pass 1] 11: 3474000 docs, 358015 candidates
[pass 1] 11: 3492000 docs, 359866 candidates
[pass 1] 11: 3505000 docs, 361188 candidates
[pass 1] 11: 3512000 docs, 361937 candidates
[pass 1] 11: 3519000 docs, 362632 candidates
[pass 1] 11: 3530000 docs, 363751 candidates
[pass 1] 11: 3540000 docs, 364687 candidates
[pass 1] 11: 3542000 docs, 364885 candidates
[pass 1] 11: 3549000 docs, 365658 candidates
[pass 1] 11: 3576000 docs, 368424 candidates
[pass 1] 11: 3577000 docs, 368518 candidates
[pass 1] 11: 3584000 docs, 369220 candidates
[pass 1] 11: 3605000 docs, 371356 candidates
[pass 1] 11: 3643000 docs, 375242 candidates
[pass 1] 11: 3656000 docs, 376583 candidates
[pass 1] 11: 3675000 docs, 378643 candidates
[pass 1] 11: 3681000 docs, 379249 candidates
[pass 1] 11: 3683000 docs, 379424 candidates
[pass 1] 11: 3695000 docs, 380633 candidates
[pass 1] 11: 3715000 docs, 382615 candidates
[pass 1] 11: 3720000 docs, 383118 candidates
[pass 1] 11: 3745000 docs, 385684 candidates
[pass 1] 11: 3749000 docs, 386117 candidates
[pass 1] 11: 3753000 docs, 386544 candidates
[pass 1] 11: 3762000 docs, 387435 candidates
[pass 1] 11: 3769000 docs, 388132 candidates
[pass 1] 11: 3779000 docs, 389124 candidates
[pass 1] 11: 3790000 docs, 390316 candidates
[pass 1] 11: 3799000 docs, 391285 candidates
[pass 1] 11: 3802000 docs, 391580 candidates
[pass 1] 11: 3803000 docs, 391673 candidates
[pass 1] 11: 3806000 docs, 391984 candidates
[pass 1] 11: 3810000 docs, 392429 candidates
[pass 1] 11: 3839000 docs, 395361 candidates
[pass 1] 11: 3842000 docs, 395673 candidates
[pass 1] 11: 3843000 docs, 395781 candidates
[pass 1] 11: 3845000 docs, 395994 candidates
[pass 1] 11: 3853000 docs, 396846 candidates
[pass 1] 11: 3867000 docs, 398323 candidates
[pass 1] 11: 3877000 docs, 399319 candidates
[pass 1] 11: 3896000 docs, 401252 candidates
[pass 1] 11: 3906000 docs, 402324 candidates
[pass 1] 11: 3910000 docs, 402736 candidates
[pass 1] 11: 3911000 docs, 402856 candidates
[pass 1] 11: 3916000 docs, 403361 candidates
[pass 1] 11: 3919000 docs, 403670 candidates
[pass 1] 11: 3921000 docs, 403877 candidates
[pass 1] 11: 3922000 docs, 403999 candidates
[pass 1] 11: 3924000 docs, 404237 candidates
[pass 1] 11: 3929000 docs, 404717 candidates
[pass 1] 11: 3935000 docs, 405317 candidates
[pass 1] 11: 3945000 docs, 406325 candidates
[pass 1] 11: 3949000 docs, 406754 candidates
[pass 1] 11: 3951000 docs, 406979 candidates
[pass 1] 11: 3958000 docs, 407669 candidates
[pass 1] 11: 3968000 docs, 408725 candidates
[pass 1] 11: 3976000 docs, 409534 candidates
[pass 1] 11: 3979000 docs, 409840 candidates
[pass 1] 11: 3982000 docs, 410157 candidates
[pass 1] 11: 3989000 docs, 410902 candidates
[pass 1] 11: 4007000 docs, 412818 candidates
[pass 1] 11: 4015000 docs, 413630 candidates
[pass 1] 11: 4037000 docs, 415982 candidates
[pass 1] 11: 4050000 docs, 417345 candidates
[pass 1] 11: 4059000 docs, 418264 candidates
[pass 1] 11: 4061000 docs, 418481 candidates
[pass 1] 11: 4070000 docs, 419418 candidates
[pass 1] 11: 4071000 docs, 419536 candidates
[pass 1] 11: 4075000 docs, 419932 candidates
[pass 1] 11: 4079000 docs, 420340 candidates
[pass 1] 11: 4085000 docs, 420960 candidates
[pass 1] 11: 4092000 docs, 421703 candidates
[pass 1] 11: 4094000 docs, 421905 candidates
[pass 1] 11: 4096000 docs, 422116 candidates
[pass 1] 11: 4122000 docs, 424803 candidates
[pass 1] 11: 4123000 docs, 424918 candidates
[pass 1] 11: 4124000 docs, 425011 candidates
[pass 1] 11: 4135000 docs, 426151 candidates
[pass 1] 11: 4138000 docs, 426463 candidates
[pass 1] 11: 4152000 docs, 427862 candidates
[pass 1] 11: 4160000 docs, 428692 candidates
[pass 1] 11: 4163000 docs, 428991 candidates
[pass 1] 11: 4173000 docs, 430049 candidates
[pass 1] 11: 4189000 docs, 431592 candidates
[pass 1] 11: 4192000 docs, 431906 candidates
[pass 1] 11: 4200000 docs, 432687 candidates
[pass 1] 11: 4209000 docs, 433631 candidates
[pass 1] 11: 4212000 docs, 433940 candidates
[pass 1] 11: 4217000 docs, 434464 candidates
[pass 1] 11: 4229000 docs, 435694 candidates
[pass 1] 11: 4233000 docs, 436096 candidates
[pass 1] 11: 4236000 docs, 436412 candidates
[pass 1] 11: 4244000 docs, 437219 candidates
[pass 1] 11: 4250000 docs, 437823 candidates
[pass 1] 11: 4258000 docs, 438683 candidates
[pass 1] 11: 4266000 docs, 439573 candidates
[pass 1] 11: 4274000 docs, 440409 candidates
[pass 1] 11: 4282000 docs, 441235 candidates
[pass 1] 11: 4320000 docs, 445151 candidates
[pass 1] 11: 4340000 docs, 447212 candidates
[pass 1] 11: 4364000 docs, 449702 candidates
[pass 1] 11: 4372000 docs, 450523 candidates
[pass 1] 11: 4426000 docs, 456114 candidates
[pass 1] 11: 4429000 docs, 456418 candidates
[pass 1] 11: 4434000 docs, 456907 candidates
[pass 1] 11: 4435000 docs, 457000 candidates
[pass 1] 11: 4438000 docs, 457314 candidates
[pass 1] 11: 4451000 docs, 458674 candidates
[pass 1] 11: 4471000 docs, 460765 candidates
[pass 1] 11: 4474000 docs, 461067 candidates
[pass 1] 11: 4493000 docs, 463048 candidates
[pass 1] 11: 4510000 docs, 464834 candidates
[pass 1] 11: 4522000 docs, 466105 candidates
[pass 1] 11: 4544000 docs, 468415 candidates
[pass 1] 11: 4596000 docs, 473751 candidates
[pass 1] 11: 4599000 docs, 474044 candidates
[pass 1] 11: 4602000 docs, 474395 candidates
[pass 1] 11: 4607000 docs, 474919 candidates
[pass 1] 11: 4610000 docs, 475216 candidates
[pass 1] 11: 4618000 docs, 476015 candidates
[pass 1] 11: 4648000 docs, 479126 candidates
[pass 1] 11: 4657000 docs, 480059 candidates
[pass 1] 11: 4659000 docs, 480282 candidates
[pass 1] 11: 4660000 docs, 480379 candidates
[pass 1] 11: 4661000 docs, 480469 candidates
[pass 1] 11: 4664000 docs, 480799 candidates
[pass 1] 11: 4674000 docs, 481803 candidates
[pass 1] 11: 4686000 docs, 483085 candidates
[pass 1] 11: 4692000 docs, 483693 candidates
[pass 1] 11: 4717000 docs, 486349 candidates
[pass 1] 11: 4719000 docs, 486560 candidates
[pass 1] 11: 4724000 docs, 487093 candidates
[pass 1] 11: 4754000 docs, 490134 candidates
[pass 1] 11: 4755000 docs, 490263 candidates
[pass 1] 11: 4768000 docs, 491620 candidates
[pass 1] 11: 4775000 docs, 492322 candidates
[pass 1] 11: 4800000 docs, 494897 candidates
[pass 1] 11: 4801000 docs, 494992 candidates
[pass 1] 11: 4811000 docs, 496080 candidates
[pass 1] 11: 4819000 docs, 496896 candidates
[pass 1] 11: 4827000 docs, 497747 candidates
[pass 1] 11: 4862000 docs, 501380 candidates
[pass 1] 11: 4874000 docs, 502599 candidates
[pass 1] 11: 4898000 docs, 505022 candidates
[pass 1] 11: 4900000 docs, 505221 candidates
[pass 1] 11: 4908000 docs, 506058 candidates
[pass 1] 11: 4919000 docs, 507146 candidates
[pass 1] 11: 4920000 docs, 507245 candidates
[pass 1] 11: 4932000 docs, 508518 candidates
[pass 1] 11: 4959000 docs, 511320 candidates
[pass 1] 11: 4971000 docs, 512602 candidates
[pass 1] 11: 4977000 docs, 513242 candidates
[pass 1] 11: 4993000 docs, 514848 candidates
[pass 1] 11: 4997000 docs, 515246 candidates
[pass 1] 11: 5005000 docs, 516079 candidates
[pass 1] 11: 5011000 docs, 516720 candidates
[pass 1] 11: 5024000 docs, 518036 candidates
[pass 1] 11: 5030000 docs, 518651 candidates
[pass 1] 11: 5059000 docs, 521661 candidates
[pass 1] 11: 5068000 docs, 522591 candidates
[pass 1] 11: 5081000 docs, 523913 candidates
[pass 1] 11: 5110000 docs, 526795 candidates
[pass 1] 11: 5122000 docs, 528058 candidates
[pass 1] 11: 5129000 docs, 528778 candidates
[pass 1] 11: 5143000 docs, 530260 candidates
[pass 1] 11: 5159000 docs, 531922 candidates
[pass 1] 11: 5168000 docs, 532871 candidates
[pass 1] 11: 5200000 docs, 536178 candidates
[pass 1] 11: 5216000 docs, 537823 candidates
[pass 1] 11: 5256000 docs, 541900 candidates
[pass 1] 11: 5259000 docs, 542198 candidates
[pass 1] 11: 5262000 docs, 542509 candidates
[pass 1] 11: 5297000 docs, 546098 candidates
[pass 1] 11: 5302000 docs, 546641 candidates
[pass 1] 11: 5303000 docs, 546737 candidates
[pass 1] 11: 5305000 docs, 546933 candidates
[pass 1] 11: 5313000 docs, 547807 candidates
[pass 1] 11: 5335000 docs, 550090 candidates
[pass 1] 11: 5347000 docs, 551315 candidates
[pass 1] 11: 5364000 docs, 553114 candidates
[pass 1] 11: 5374000 docs, 554130 candidates
[pass 1] 11: 5378000 docs, 554547 candidates
[pass 1] 11: 5387000 docs, 555443 candidates
[pass 1] 11: 5429000 docs, 559879 candidates
[pass 1] 11: 5440000 docs, 561032 candidates
[pass 1] 11: 5444000 docs, 561441 candidates
[pass 1] 11: 5445000 docs, 561542 candidates
[pass 1] 11: 5452000 docs, 562292 candidates
[pass 1] 11: 5474000 docs, 564477 candidates
[pass 1] 11: 5475000 docs, 564563 candidates
[pass 1] 11: 5489000 docs, 565913 candidates
[pass 1] 11: 5494000 docs, 566423 candidates
[pass 1] 11: 5500000 docs, 567050 candidates
[pass 1] 11: 5512000 docs, 568253 candidates
[pass 1] 11: 5527000 docs, 569796 candidates
[pass 1] 11: 5548000 docs, 571983 candidates
[pass 1] 11: 5552000 docs, 572393 candidates
[pass 1] 11: 5555000 docs, 572697 candidates
[pass 1] 11: 5557000 docs, 572921 candidates
[pass 1] 11: 5560000 docs, 573216 candidates
[pass 1] 11: 5561000 docs, 573317 candidates
[pass 1] 11: 5572000 docs, 574474 candidates
[pass 1] 11: 5582000 docs, 575518 candidates
[pass 1] 11: 5596000 docs, 576995 candidates
[pass 1] 11: 5602000 docs, 577643 candidates
[pass 1] 11: 5612000 docs, 578673 candidates
[pass 1] 11: 5615000 docs, 578962 candidates
[pass 1] 11: 5624000 docs, 579906 candidates
[pass 1] 11: 5627000 docs, 580206 candidates
[pass 1] 11: 5646000 docs, 582169 candidates
[pass 1] 11: 5656000 docs, 583163 candidates
[pass 1] 11: 5664000 docs, 583968 candidates
[pass 1] 11: 5681000 docs, 585796 candidates
[pass 1] 11: 5705000 docs, 588338 candidates
[pass 1] 11: 5710000 docs, 588852 candidates
[pass 1] 11: 5713000 docs, 589154 candidates
[pass 1] 11: 5727000 docs, 590657 candidates
[pass 1] 11: 5757000 docs, 593784 candidates
[pass 1] 11: 5763000 docs, 594407 candidates
[pass 1] 11: 5802000 docs, 598360 candidates
[pass 1] 11: 5806000 docs, 598792 candidates
[pass 1] 11: 5828000 docs, 601049 candidates
[pass 1] 11: 5832000 docs, 601431 candidates
[pass 1] 11: 5833000 docs, 601545 candidates
[pass 1] 11: 5841000 docs, 602333 candidates
[pass 1] 11: 5845000 docs, 602777 candidates
[pass 1] 11: 5846000 docs, 602883 candidates
[pass 1] 11: 5850000 docs, 603349 candidates
[pass 1] 11: 5851000 docs, 603464 candidates
[pass 1] 11: 5854000 docs, 603772 candidates
[pass 1] 11: 5858000 docs, 604177 candidates
[pass 1] 11: 5859000 docs, 604280 candidates
[pass 1] 11: 5882000 docs, 606672 candidates
[pass 1] done: 0 docs, 0 new records, yield=0.0/10K, 16133658ms
[pipeline] Flushed 10000 buffered records to store
[pipeline] Exported 0 paired records to /mnt/zfs-host/backup/projects/observer-vault/01-Projects/dataset-processor/output/paired-output.jsonl

[orchestrate] Pipeline max-passes
[orchestrate] Passes: 1, Total verb-records: 10000
  Pass 1: 0 docs, 608075 Tier-A, 0 Tier-B, 0 Tier-C, 0 records, yield=0.0/10K
