[orchestrate] Found 1 shard files
[pass 1] 02: 5000 docs, 502 candidates
[pass 1] 02: 32000 docs, 3307 candidates
[pass 1] 02: 37000 docs, 3809 candidates
[pass 1] 02: 52000 docs, 5396 candidates
[pass 1] 02: 60000 docs, 6236 candidates
[pass 1] 02: 62000 docs, 6457 candidates
[pass 1] 02: 63000 docs, 6558 candidates
[pass 1] 02: 73000 docs, 7608 candidates
[pass 1] 02: 76000 docs, 7906 candidates
[pass 1] 02: 83000 docs, 8623 candidates
[pass 1] 02: 91000 docs, 9474 candidates
[pass 1] 02: 99000 docs, 10347 candidates
[pass 1] 02: 111000 docs, 11567 candidates
[pass 1] 02: 117000 docs, 12209 candidates
[pass 1] 02: 121000 docs, 12637 candidates
[pass 1] 02: 129000 docs, 13458 candidates
[pass 1] 02: 132000 docs, 13779 candidates
[pass 1] 02: 133000 docs, 13889 candidates
[pass 1] 02: 135000 docs, 14096 candidates
[pass 1] 02: 138000 docs, 14391 candidates
[pass 1] 02: 140000 docs, 14643 candidates
[pass 1] 02: 151000 docs, 15748 candidates
[pass 1] 02: 154000 docs, 16054 candidates
[pass 1] 02: 168000 docs, 17528 candidates
[pass 1] 02: 180000 docs, 18781 candidates
[pass 1] 02: 187000 docs, 19552 candidates
[pass 1] 02: 191000 docs, 19979 candidates
[pass 1] 02: 194000 docs, 20309 candidates
[pass 1] 02: 195000 docs, 20422 candidates
[pass 1] 02: 203000 docs, 21227 candidates
[pass 1] 02: 208000 docs, 21775 candidates
[pass 1] 02: 230000 docs, 24014 candidates
[pass 1] 02: 240000 docs, 25024 candidates
[pass 1] 02: 245000 docs, 25517 candidates
[pass 1] 02: 250000 docs, 26032 candidates
[pass 1] 02: 272000 docs, 28308 candidates
[pass 1] 02: 277000 docs, 28802 candidates
[pass 1] 02: 279000 docs, 29017 candidates
[pass 1] 02: 281000 docs, 29225 candidates
[pass 1] 02: 282000 docs, 29334 candidates
[pass 1] 02: 287000 docs, 29860 candidates
[pass 1] 02: 299000 docs, 31126 candidates
[pass 1] 02: 305000 docs, 31741 candidates
[pass 1] 02: 315000 docs, 32798 candidates
[pass 1] 02: 325000 docs, 33918 candidates
[pass 1] 02: 330000 docs, 34441 candidates
[pass 1] 02: 333000 docs, 34734 candidates
[pass 1] 02: 343000 docs, 35744 candidates
[pass 1] 02: 373000 docs, 38868 candidates
[pass 1] 02: 380000 docs, 39614 candidates
[pass 1] 02: 392000 docs, 40857 candidates
[pass 1] 02: 411000 docs, 42769 candidates
[pass 1] 02: 416000 docs, 43263 candidates
[pass 1] 02: 424000 docs, 44098 candidates
[pass 1] 02: 428000 docs, 44497 candidates
[pass 1] 02: 436000 docs, 45307 candidates
[pass 1] 02: 464000 docs, 48189 candidates
[pass 1] 02: 473000 docs, 49091 candidates
[pass 1] 02: 475000 docs, 49294 candidates
[pass 1] 02: 493000 docs, 51131 candidates
[pass 1] 02: 507000 docs, 52504 candidates
[pass 1] 02: 510000 docs, 52819 candidates
[pass 1] 02: 517000 docs, 53554 candidates
[pass 1] 02: 529000 docs, 54805 candidates
[pass 1] 02: 537000 docs, 55633 candidates
[pass 1] 02: 542000 docs, 56118 candidates
[pass 1] 02: 543000 docs, 56228 candidates
[pass 1] 02: 544000 docs, 56336 candidates
[pass 1] 02: 547000 docs, 56642 candidates
[pass 1] 02: 550000 docs, 56941 candidates
[pass 1] 02: 582000 docs, 60186 candidates
[pass 1] 02: 588000 docs, 60814 candidates
[pass 1] 02: 602000 docs, 62218 candidates
[pass 1] 02: 619000 docs, 63953 candidates
[pass 1] 02: 631000 docs, 65225 candidates
[pass 1] 02: 653000 docs, 67471 candidates
[pass 1] 02: 657000 docs, 67876 candidates
[pass 1] 02: 660000 docs, 68192 candidates
[pass 1] 02: 662000 docs, 68387 candidates
[pass 1] 02: 663000 docs, 68506 candidates
[pass 1] 02: 678000 docs, 70081 candidates
[pass 1] 02: 692000 docs, 71492 candidates
[pass 1] 02: 698000 docs, 72117 candidates
[pass 1] 02: 701000 docs, 72414 candidates
[pass 1] 02: 714000 docs, 73811 candidates
[pass 1] 02: 721000 docs, 74599 candidates
[pass 1] 02: 728000 docs, 75370 candidates
[pass 1] 02: 732000 docs, 75781 candidates
[pass 1] 02: 744000 docs, 77013 candidates
[pass 1] 02: 757000 docs, 78414 candidates
[pass 1] 02: 780000 docs, 80772 candidates
[pass 1] 02: 781000 docs, 80875 candidates
[pass 1] 02: 788000 docs, 81614 candidates
[pass 1] 02: 789000 docs, 81710 candidates
[pass 1] 02: 794000 docs, 82226 candidates
[pass 1] 02: 799000 docs, 82704 candidates
[pass 1] 02: 807000 docs, 83543 candidates
[pass 1] 02: 828000 docs, 85682 candidates
[pass 1] 02: 836000 docs, 86517 candidates
[pass 1] 02: 872000 docs, 90254 candidates
[pass 1] 02: 873000 docs, 90368 candidates
[pass 1] 02: 874000 docs, 90466 candidates
[pass 1] 02: 876000 docs, 90679 candidates
[pass 1] 02: 878000 docs, 90893 candidates
[pass 1] 02: 904000 docs, 93447 candidates
[pass 1] 02: 906000 docs, 93636 candidates
[pass 1] 02: 929000 docs, 95977 candidates
[pass 1] 02: 932000 docs, 96284 candidates
[pass 1] 02: 1002000 docs, 103549 candidates
[pass 1] 02: 1017000 docs, 105034 candidates
[pass 1] 02: 1038000 docs, 107183 candidates
[pass 1] 02: 1043000 docs, 107725 candidates
[pass 1] 02: 1052000 docs, 108664 candidates
[pass 1] 02: 1057000 docs, 109179 candidates
[pass 1] 02: 1064000 docs, 109929 candidates
[pass 1] 02: 1068000 docs, 110317 candidates
[pass 1] 02: 1070000 docs, 110509 candidates
[pass 1] 02: 1082000 docs, 111826 candidates
[pass 1] 02: 1083000 docs, 111933 candidates
[pass 1] 02: 1085000 docs, 112136 candidates
[pass 1] 02: 1114000 docs, 115192 candidates
[pass 1] 02: 1126000 docs, 116465 candidates
[pass 1] 02: 1139000 docs, 117791 candidates
[pass 1] 02: 1155000 docs, 119423 candidates
[pass 1] 02: 1163000 docs, 120289 candidates
[pass 1] 02: 1177000 docs, 121689 candidates
[pass 1] 02: 1184000 docs, 122419 candidates
[pass 1] 02: 1196000 docs, 123623 candidates
[pass 1] 02: 1203000 docs, 124326 candidates
[pass 1] 02: 1211000 docs, 125180 candidates
[pass 1] 02: 1220000 docs, 126108 candidates
[pass 1] 02: 1239000 docs, 128026 candidates
[pass 1] 02: 1240000 docs, 128125 candidates
[pass 1] 02: 1256000 docs, 129771 candidates
[pass 1] 02: 1257000 docs, 129873 candidates
[pass 1] 02: 1262000 docs, 130397 candidates
[pass 1] 02: 1275000 docs, 131718 candidates
[pass 1] 02: 1285000 docs, 132789 candidates
[pass 1] 02: 1311000 docs, 135503 candidates
[pass 1] 02: 1313000 docs, 135700 candidates
[pass 1] 02: 1322000 docs, 136674 candidates
[pass 1] 02: 1331000 docs, 137636 candidates
[pass 1] 02: 1334000 docs, 137952 candidates
[pass 1] 02: 1349000 docs, 139472 candidates
[pass 1] 02: 1405000 docs, 145261 candidates
[pass 1] 02: 1407000 docs, 145482 candidates
[pass 1] 02: 1408000 docs, 145590 candidates
[pass 1] 02: 1428000 docs, 147643 candidates
[pass 1] 02: 1431000 docs, 147978 candidates
[pass 1] 02: 1440000 docs, 148909 candidates
[pass 1] 02: 1448000 docs, 149748 candidates
[pass 1] 02: 1461000 docs, 151081 candidates
[pass 1] 02: 1477000 docs, 152732 candidates
[pass 1] 02: 1516000 docs, 156761 candidates
[pass 1] 02: 1518000 docs, 156956 candidates
[pass 1] 02: 1519000 docs, 157064 candidates
[pass 1] 02: 1534000 docs, 158608 candidates
[pass 1] 02: 1540000 docs, 159233 candidates
[pass 1] 02: 1565000 docs, 161863 candidates
[pass 1] 02: 1579000 docs, 163301 candidates
[pass 1] 02: 1580000 docs, 163405 candidates
[pass 1] 02: 1583000 docs, 163737 candidates
[pass 1] 02: 1587000 docs, 164136 candidates
[pass 1] 02: 1599000 docs, 165381 candidates
[pass 1] 02: 1600000 docs, 165468 candidates
[pass 1] 02: 1608000 docs, 166351 candidates
[pass 1] 02: 1618000 docs, 167299 candidates
[pass 1] 02: 1626000 docs, 168179 candidates
[pass 1] 02: 1633000 docs, 168938 candidates
[pass 1] 02: 1659000 docs, 171673 candidates
[pass 1] 02: 1663000 docs, 172069 candidates
[pass 1] 02: 1668000 docs, 172598 candidates
[pass 1] 02: 1671000 docs, 172910 candidates
[pass 1] 02: 1675000 docs, 173365 candidates
[pass 1] 02: 1678000 docs, 173685 candidates
[pass 1] 02: 1696000 docs, 175525 candidates
[pass 1] 02: 1726000 docs, 178657 candidates
[pass 1] 02: 1734000 docs, 179478 candidates
[pass 1] 02: 1739000 docs, 179993 candidates
[pass 1] 02: 1751000 docs, 181251 candidates
[pass 1] 02: 1754000 docs, 181572 candidates
[pass 1] 02: 1763000 docs, 182463 candidates
[pass 1] 02: 1766000 docs, 182794 candidates
[pass 1] 02: 1779000 docs, 184140 candidates
[pass 1] 02: 1787000 docs, 184987 candidates
[pass 1] 02: 1793000 docs, 185613 candidates
[pass 1] 02: 1794000 docs, 185723 candidates
[pass 1] 02: 1811000 docs, 187429 candidates
[pass 1] 02: 1821000 docs, 188410 candidates
[pass 1] 02: 1831000 docs, 189404 candidates
[pass 1] 02: 1852000 docs, 191577 candidates
[pass 1] 02: 1858000 docs, 192207 candidates
[pass 1] 02: 1863000 docs, 192697 candidates
[pass 1] 02: 1867000 docs, 193118 candidates
[pass 1] 02: 1879000 docs, 194313 candidates
[pass 1] 02: 1887000 docs, 195077 candidates
[pass 1] 02: 1892000 docs, 195569 candidates
[pass 1] 02: 1902000 docs, 196588 candidates
[pass 1] 02: 1905000 docs, 196896 candidates
[pass 1] 02: 1912000 docs, 197598 candidates
[pass 1] 02: 1921000 docs, 198563 candidates
[pass 1] 02: 1942000 docs, 200722 candidates
[pass 1] 02: 1948000 docs, 201341 candidates
[pass 1] 02: 1950000 docs, 201539 candidates
[pass 1] 02: 1952000 docs, 201737 candidates
[pass 1] 02: 1960000 docs, 202546 candidates
[pass 1] 02: 1963000 docs, 202866 candidates
[pass 1] 02: 1985000 docs, 205090 candidates
[pass 1] 02: 1996000 docs, 206237 candidates
[pass 1] 02: 2008000 docs, 207505 candidates
[pass 1] 02: 2045000 docs, 211366 candidates
[pass 1] 02: 2058000 docs, 212615 candidates
[pass 1] 02: 2066000 docs, 213437 candidates
[pass 1] 02: 2091000 docs, 216018 candidates
[pass 1] 02: 2095000 docs, 216433 candidates
[pass 1] 02: 2099000 docs, 216867 candidates
[pass 1] 02: 2101000 docs, 217080 candidates
[pass 1] 02: 2102000 docs, 217170 candidates
[pass 1] 02: 2110000 docs, 218007 candidates
[pass 1] 02: 2120000 docs, 219049 candidates
[pass 1] 02: 2123000 docs, 219371 candidates
[pass 1] 02: 2134000 docs, 220509 candidates
[pass 1] 02: 2167000 docs, 223788 candidates
[pass 1] 02: 2178000 docs, 224962 candidates
[pass 1] 02: 2207000 docs, 227868 candidates
[pass 1] 02: 2211000 docs, 228285 candidates
[pass 1] 02: 2219000 docs, 229086 candidates
[pass 1] 02: 2221000 docs, 229314 candidates
[pass 1] 02: 2234000 docs, 230659 candidates
[pass 1] 02: 2271000 docs, 234450 candidates
[pass 1] 02: 2277000 docs, 235054 candidates
[pass 1] 02: 2279000 docs, 235264 candidates
[pass 1] 02: 2289000 docs, 236239 candidates
[pass 1] 02: 2292000 docs, 236573 candidates
[pass 1] 02: 2315000 docs, 238875 candidates
[pass 1] 02: 2316000 docs, 238979 candidates
[pass 1] 02: 2321000 docs, 239464 candidates
[pass 1] 02: 2322000 docs, 239560 candidates
[pass 1] 02: 2323000 docs, 239671 candidates
[pass 1] 02: 2333000 docs, 240723 candidates
[pass 1] 02: 2353000 docs, 242764 candidates
[pass 1] 02: 2360000 docs, 243480 candidates
[pass 1] 02: 2365000 docs, 244010 candidates
[pass 1] 02: 2366000 docs, 244114 candidates
[pass 1] 02: 2374000 docs, 244953 candidates
[pass 1] 02: 2377000 docs, 245250 candidates
[pass 1] 02: 2379000 docs, 245465 candidates
[pass 1] 02: 2392000 docs, 246838 candidates
[pass 1] 02: 2403000 docs, 247932 candidates
[pass 1] 02: 2404000 docs, 248037 candidates
[pass 1] 02: 2419000 docs, 249644 candidates
[pass 1] 02: 2441000 docs, 251911 candidates
[pass 1] 02: 2454000 docs, 253211 candidates
[pass 1] 02: 2473000 docs, 255160 candidates
[pass 1] 02: 2479000 docs, 255738 candidates
[pass 1] 02: 2507000 docs, 258680 candidates
[pass 1] 02: 2544000 docs, 262601 candidates
[pass 1] 02: 2554000 docs, 263603 candidates
[pass 1] 02: 2557000 docs, 263947 candidates
[pass 1] 02: 2564000 docs, 264683 candidates
[pass 1] 02: 2574000 docs, 265748 candidates
[pass 1] 02: 2579000 docs, 266240 candidates
[pass 1] 02: 2583000 docs, 266630 candidates
[pass 1] 02: 2587000 docs, 267039 candidates
[pass 1] 02: 2589000 docs, 267250 candidates
[pass 1] 02: 2600000 docs, 268382 candidates
[pass 1] 02: 2610000 docs, 269438 candidates
[pass 1] 02: 2614000 docs, 269822 candidates
[pass 1] 02: 2615000 docs, 269929 candidates
[pass 1] 02: 2619000 docs, 270333 candidates
[pass 1] 02: 2622000 docs, 270645 candidates
[pass 1] 02: 2627000 docs, 271162 candidates
[pass 1] 02: 2628000 docs, 271282 candidates
[pass 1] 02: 2674000 docs, 276015 candidates
[pass 1] 02: 2681000 docs, 276704 candidates
[pass 1] 02: 2688000 docs, 277419 candidates
[pass 1] 02: 2702000 docs, 278810 candidates
[pass 1] 02: 2706000 docs, 279231 candidates
[pass 1] 02: 2718000 docs, 280427 candidates
[pass 1] 02: 2747000 docs, 283410 candidates
[pass 1] 02: 2754000 docs, 284148 candidates
[pass 1] 02: 2756000 docs, 284366 candidates
[pass 1] 02: 2762000 docs, 285009 candidates
[pass 1] 02: 2765000 docs, 285326 candidates
[pass 1] 02: 2768000 docs, 285666 candidates
[pass 1] 02: 2813000 docs, 290321 candidates
[pass 1] 02: 2815000 docs, 290509 candidates
[pass 1] 02: 2817000 docs, 290736 candidates
[pass 1] 02: 2819000 docs, 290943 candidates
[pass 1] 02: 2825000 docs, 291553 candidates
[pass 1] 02: 2839000 docs, 292969 candidates
[pass 1] 02: 2851000 docs, 294277 candidates
[pass 1] 02: 2871000 docs, 296368 candidates
[pass 1] 02: 2875000 docs, 296780 candidates
[pass 1] 02: 2876000 docs, 296886 candidates
[pass 1] 02: 2908000 docs, 300109 candidates
[pass 1] 02: 2912000 docs, 300507 candidates
[pass 1] 02: 2917000 docs, 300989 candidates
[pass 1] 02: 2926000 docs, 301919 candidates
[pass 1] 02: 2962000 docs, 305664 candidates
[pass 1] 02: 2966000 docs, 306085 candidates
[pass 1] 02: 2980000 docs, 307533 candidates
[pass 1] 02: 2990000 docs, 308581 candidates
[pass 1] 02: 2995000 docs, 309106 candidates
[pass 1] 02: 2999000 docs, 309530 candidates
[pass 1] 02: 3004000 docs, 310057 candidates
[pass 1] 02: 3005000 docs, 310169 candidates
[pass 1] 02: 3014000 docs, 311067 candidates
[pass 1] 02: 3023000 docs, 311984 candidates
[pass 1] 02: 3041000 docs, 313818 candidates
[pass 1] 02: 3057000 docs, 315501 candidates
[pass 1] 02: 3111000 docs, 321126 candidates
[pass 1] 02: 3125000 docs, 322643 candidates
[pass 1] 02: 3131000 docs, 323275 candidates
[pass 1] 02: 3135000 docs, 323709 candidates
[pass 1] 02: 3161000 docs, 326397 candidates
[pass 1] 02: 3163000 docs, 326601 candidates
[pass 1] 02: 3166000 docs, 326894 candidates
[pass 1] 02: 3195000 docs, 329922 candidates
[pass 1] 02: 3203000 docs, 330731 candidates
[pass 1] 02: 3204000 docs, 330842 candidates
[pass 1] 02: 3207000 docs, 331165 candidates
[pass 1] 02: 3223000 docs, 332747 candidates
[pass 1] 02: 3227000 docs, 333153 candidates
[pass 1] 02: 3232000 docs, 333702 candidates
[pass 1] 02: 3240000 docs, 334508 candidates
[pass 1] 02: 3250000 docs, 335504 candidates
[pass 1] 02: 3251000 docs, 335596 candidates
[pass 1] 02: 3252000 docs, 335713 candidates
[pass 1] 02: 3296000 docs, 340224 candidates
[pass 1] 02: 3310000 docs, 341728 candidates
[pass 1] 02: 3322000 docs, 342977 candidates
[pass 1] 02: 3329000 docs, 343683 candidates
[pass 1] 02: 3330000 docs, 343779 candidates
[pass 1] 02: 3333000 docs, 344077 candidates
[pass 1] 02: 3358000 docs, 346641 candidates
[pass 1] 02: 3369000 docs, 347774 candidates
[pass 1] 02: 3373000 docs, 348208 candidates
[pass 1] 02: 3389000 docs, 349873 candidates
[pass 1] 02: 3393000 docs, 350296 candidates
[pass 1] 02: 3397000 docs, 350678 candidates
[pass 1] 02: 3402000 docs, 351183 candidates
[pass 1] 02: 3414000 docs, 352447 candidates
[pass 1] 02: 3433000 docs, 354403 candidates
[pass 1] 02: 3436000 docs, 354722 candidates
[pass 1] 02: 3458000 docs, 357008 candidates
[pass 1] 02: 3475000 docs, 358688 candidates
[pass 1] 02: 3505000 docs, 361805 candidates
[pass 1] 02: 3511000 docs, 362474 candidates
[pass 1] 02: 3512000 docs, 362594 candidates
[pass 1] 02: 3528000 docs, 364256 candidates
[pass 1] 02: 3530000 docs, 364463 candidates
[pass 1] 02: 3541000 docs, 365586 candidates
[pass 1] 02: 3543000 docs, 365808 candidates
[pass 1] 02: 3545000 docs, 366003 candidates
[pass 1] 02: 3549000 docs, 366433 candidates
[pass 1] 02: 3559000 docs, 367475 candidates
[pass 1] 02: 3575000 docs, 369125 candidates
[pass 1] 02: 3577000 docs, 369316 candidates
[pass 1] 02: 3587000 docs, 370350 candidates
[pass 1] 02: 3592000 docs, 370883 candidates
[pass 1] 02: 3605000 docs, 372227 candidates
[pass 1] 02: 3608000 docs, 372526 candidates
[pass 1] 02: 3611000 docs, 372837 candidates
[pass 1] 02: 3626000 docs, 374369 candidates
[pass 1] 02: 3637000 docs, 375491 candidates
[pass 1] 02: 3638000 docs, 375606 candidates
[pass 1] 02: 3649000 docs, 376764 candidates
[pass 1] 02: 3650000 docs, 376866 candidates
[pass 1] 02: 3659000 docs, 377805 candidates
[pass 1] 02: 3661000 docs, 378007 candidates
[pass 1] 02: 3667000 docs, 378617 candidates
[pass 1] 02: 3707000 docs, 382742 candidates
[pass 1] 02: 3719000 docs, 383983 candidates
[pass 1] 02: 3724000 docs, 384490 candidates
[pass 1] 02: 3734000 docs, 385490 candidates
[pass 1] 02: 3736000 docs, 385701 candidates
[pass 1] 02: 3745000 docs, 386611 candidates
[pass 1] 02: 3754000 docs, 387536 candidates
[pass 1] 02: 3760000 docs, 388124 candidates
[pass 1] 02: 3764000 docs, 388551 candidates
[pass 1] 02: 3773000 docs, 389520 candidates
[pass 1] 02: 3782000 docs, 390444 candidates
[pass 1] 02: 3783000 docs, 390551 candidates
[pass 1] 02: 3787000 docs, 390931 candidates
[pass 1] 02: 3797000 docs, 391958 candidates
[pass 1] 02: 3807000 docs, 392953 candidates
[pass 1] 02: 3808000 docs, 393053 candidates
[pass 1] 02: 3816000 docs, 393899 candidates
[pass 1] 02: 3859000 docs, 398359 candidates
[pass 1] 02: 3876000 docs, 400159 candidates
[pass 1] 02: 3885000 docs, 401059 candidates
[pass 1] 02: 3886000 docs, 401158 candidates
[pass 1] 02: 3901000 docs, 402672 candidates
[pass 1] 02: 3902000 docs, 402780 candidates
[pass 1] 02: 3911000 docs, 403720 candidates
[pass 1] 02: 3952000 docs, 407959 candidates
[pass 1] 02: 4006000 docs, 413439 candidates
[pass 1] 02: 4015000 docs, 414363 candidates
[pass 1] 02: 4027000 docs, 415662 candidates
[pass 1] 02: 4029000 docs, 415858 candidates
[pass 1] 02: 4033000 docs, 416262 candidates
[pass 1] 02: 4036000 docs, 416562 candidates
[pass 1] 02: 4052000 docs, 418223 candidates
[pass 1] 02: 4061000 docs, 419145 candidates
[pass 1] 02: 4063000 docs, 419352 candidates
[pass 1] 02: 4068000 docs, 419887 candidates
[pass 1] 02: 4075000 docs, 420645 candidates
[pass 1] 02: 4081000 docs, 421259 candidates
[pass 1] 02: 4087000 docs, 421919 candidates
[pass 1] 02: 4105000 docs, 423905 candidates
[pass 1] 02: 4124000 docs, 425813 candidates
[pass 1] 02: 4133000 docs, 426716 candidates
[pass 1] 02: 4139000 docs, 427337 candidates
[pass 1] 02: 4145000 docs, 427986 candidates
[pass 1] 02: 4163000 docs, 429848 candidates
[pass 1] 02: 4175000 docs, 431127 candidates
[pass 1] 02: 4185000 docs, 432149 candidates
[pass 1] 02: 4190000 docs, 432665 candidates
[pass 1] 02: 4192000 docs, 432873 candidates
[pass 1] 02: 4194000 docs, 433084 candidates
[pass 1] 02: 4214000 docs, 435110 candidates
[pass 1] 02: 4219000 docs, 435629 candidates
[pass 1] 02: 4221000 docs, 435834 candidates
[pass 1] 02: 4236000 docs, 437435 candidates
[pass 1] 02: 4247000 docs, 438569 candidates
[pass 1] 02: 4261000 docs, 439985 candidates
[pass 1] 02: 4273000 docs, 441224 candidates
[pass 1] 02: 4275000 docs, 441410 candidates
[pass 1] 02: 4285000 docs, 442433 candidates
[pass 1] 02: 4292000 docs, 443184 candidates
[pass 1] 02: 4312000 docs, 445221 candidates
[pass 1] 02: 4315000 docs, 445554 candidates
[pass 1] 02: 4317000 docs, 445780 candidates
[pass 1] 02: 4318000 docs, 445882 candidates
[pass 1] 02: 4328000 docs, 446927 candidates
[pass 1] 02: 4347000 docs, 448902 candidates
[pass 1] 02: 4357000 docs, 449890 candidates
[pass 1] 02: 4363000 docs, 450522 candidates
[pass 1] 02: 4366000 docs, 450814 candidates
[pass 1] 02: 4384000 docs, 452766 candidates
[pass 1] 02: 4385000 docs, 452875 candidates
[pass 1] 02: 4393000 docs, 453707 candidates
[pass 1] 02: 4427000 docs, 457246 candidates
[pass 1] 02: 4452000 docs, 459751 candidates
[pass 1] 02: 4454000 docs, 459951 candidates
[pass 1] 02: 4456000 docs, 460151 candidates
[pass 1] 02: 4458000 docs, 460384 candidates
[pass 1] 02: 4468000 docs, 461356 candidates
[pass 1] 02: 4534000 docs, 468105 candidates
[pass 1] 02: 4538000 docs, 468505 candidates
[pass 1] 02: 4566000 docs, 471346 candidates
[pass 1] 02: 4567000 docs, 471446 candidates
[pass 1] 02: 4586000 docs, 473464 candidates
[pass 1] 02: 4593000 docs, 474207 candidates
[pass 1] 02: 4599000 docs, 474847 candidates
[pass 1] 02: 4602000 docs, 475170 candidates
[pass 1] 02: 4621000 docs, 477075 candidates
[pass 1] 02: 4629000 docs, 477888 candidates
[pass 1] 02: 4648000 docs, 479775 candidates
[pass 1] 02: 4673000 docs, 482351 candidates
[pass 1] 02: 4688000 docs, 483888 candidates
[pass 1] 02: 4695000 docs, 484642 candidates
[pass 1] 02: 4714000 docs, 486630 candidates
[pass 1] 02: 4715000 docs, 486741 candidates
[pass 1] 02: 4735000 docs, 488835 candidates
[pass 1] 02: 4749000 docs, 490306 candidates
[pass 1] 02: 4826000 docs, 498179 candidates
[pass 1] 02: 4832000 docs, 498814 candidates
[pass 1] 02: 4886000 docs, 504346 candidates
[pass 1] 02: 4928000 docs, 508754 candidates
[pass 1] 02: 4932000 docs, 509180 candidates
[pass 1] 02: 4937000 docs, 509720 candidates
[pass 1] 02: 4943000 docs, 510314 candidates
[pass 1] 02: 4958000 docs, 511866 candidates
[pass 1] 02: 4973000 docs, 513487 candidates
[pass 1] 02: 4978000 docs, 514039 candidates
[pass 1] 02: 4979000 docs, 514140 candidates
[pass 1] 02: 4987000 docs, 514941 candidates
[pass 1] 02: 5000000 docs, 516327 candidates
[pass 1] 02: 5006000 docs, 516961 candidates
[pass 1] 02: 5011000 docs, 517505 candidates
[pass 1] 02: 5028000 docs, 519322 candidates
[pass 1] 02: 5044000 docs, 521016 candidates
[pass 1] 02: 5056000 docs, 522230 candidates
[pass 1] 02: 5066000 docs, 523255 candidates
[pass 1] 02: 5079000 docs, 524638 candidates
[pass 1] 02: 5082000 docs, 524937 candidates
[pass 1] 02: 5092000 docs, 525990 candidates
[pass 1] 02: 5097000 docs, 526561 candidates
[pass 1] 02: 5099000 docs, 526758 candidates
[pass 1] 02: 5107000 docs, 527566 candidates
[pass 1] 02: 5117000 docs, 528601 candidates
[pass 1] 02: 5122000 docs, 529109 candidates
[pass 1] 02: 5123000 docs, 529197 candidates
[pass 1] 02: 5127000 docs, 529589 candidates
[pass 1] 02: 5133000 docs, 530204 candidates
[pass 1] 02: 5142000 docs, 531124 candidates
[pass 1] 02: 5144000 docs, 531341 candidates
[pass 1] 02: 5150000 docs, 531963 candidates
[pass 1] 02: 5164000 docs, 533406 candidates
[pass 1] 02: 5186000 docs, 535699 candidates
[pass 1] 02: 5193000 docs, 536459 candidates
[pass 1] 02: 5196000 docs, 536774 candidates
[pass 1] 02: 5205000 docs, 537732 candidates
[pass 1] 02: 5208000 docs, 538050 candidates
[pass 1] 02: 5227000 docs, 540106 candidates
[pass 1] 02: 5228000 docs, 540203 candidates
[pass 1] 02: 5231000 docs, 540531 candidates
[pass 1] 02: 5236000 docs, 541054 candidates
[pass 1] 02: 5237000 docs, 541157 candidates
[pass 1] 02: 5252000 docs, 542762 candidates
[pass 1] 02: 5264000 docs, 543953 candidates
[pass 1] 02: 5266000 docs, 544147 candidates
[pass 1] 02: 5269000 docs, 544468 candidates
[pass 1] 02: 5274000 docs, 544937 candidates
[pass 1] 02: 5289000 docs, 546524 candidates
[pass 1] 02: 5297000 docs, 547349 candidates
[pass 1] 02: 5305000 docs, 548170 candidates
[pass 1] 02: 5325000 docs, 550303 candidates
[pass 1] 02: 5339000 docs, 551736 candidates
[pass 1] 02: 5372000 docs, 555146 candidates
[pass 1] 02: 5382000 docs, 556221 candidates
[pass 1] 02: 5384000 docs, 556444 candidates
[pass 1] 02: 5385000 docs, 556538 candidates
[pass 1] 02: 5396000 docs, 557680 candidates
[pass 1] 02: 5411000 docs, 559210 candidates
[pass 1] 02: 5421000 docs, 560206 candidates
[pass 1] 02: 5430000 docs, 561123 candidates
[pass 1] 02: 5447000 docs, 562886 candidates
[pass 1] 02: 5450000 docs, 563200 candidates
[pass 1] 02: 5459000 docs, 564095 candidates
[pass 1] 02: 5461000 docs, 564300 candidates
[pass 1] 02: 5478000 docs, 566089 candidates
[pass 1] 02: 5487000 docs, 566975 candidates
[pass 1] 02: 5495000 docs, 567749 candidates
[pass 1] 02: 5504000 docs, 568637 candidates
[pass 1] 02: 5523000 docs, 570617 candidates
[pass 1] 02: 5530000 docs, 571367 candidates
[pass 1] 02: 5537000 docs, 572069 candidates
[pass 1] 02: 5541000 docs, 572450 candidates
[pass 1] 02: 5568000 docs, 575208 candidates
[pass 1] 02: 5577000 docs, 576119 candidates
[pass 1] 02: 5588000 docs, 577288 candidates
[pass 1] 02: 5595000 docs, 578015 candidates
[pass 1] 02: 5610000 docs, 579598 candidates
[pass 1] 02: 5623000 docs, 580892 candidates
[pass 1] 02: 5627000 docs, 581284 candidates
[pass 1] 02: 5633000 docs, 581879 candidates
[pass 1] 02: 5637000 docs, 582287 candidates
[pass 1] 02: 5638000 docs, 582394 candidates
[pass 1] 02: 5643000 docs, 582898 candidates
[pass 1] 02: 5658000 docs, 584393 candidates
[pass 1] 02: 5660000 docs, 584606 candidates
[pass 1] 02: 5665000 docs, 585101 candidates
[pass 1] 02: 5675000 docs, 586124 candidates
[pass 1] 02: 5679000 docs, 586538 candidates
[pass 1] 02: 5693000 docs, 587995 candidates
[pass 1] 02: 5696000 docs, 588304 candidates
[pass 1] 02: 5741000 docs, 592854 candidates
[pass 1] 02: 5742000 docs, 592968 candidates
[pass 1] 02: 5746000 docs, 593390 candidates
[pass 1] 02: 5764000 docs, 595240 candidates
[pass 1] 02: 5773000 docs, 596164 candidates
[pass 1] 02: 5783000 docs, 597176 candidates
[pass 1] 02: 5791000 docs, 597986 candidates
[pass 1] 02: 5795000 docs, 598388 candidates
[pass 1] 02: 5796000 docs, 598487 candidates
[pass 1] 02: 5798000 docs, 598669 candidates
[pass 1] 02: 5801000 docs, 598972 candidates
[pass 1] 02: 5803000 docs, 599183 candidates
[pass 1] 02: 5840000 docs, 603017 candidates
[pass 1] 02: 5841000 docs, 603107 candidates
[pass 1] 02: 5853000 docs, 604381 candidates
[pass 1] 02: 5854000 docs, 604493 candidates
[pass 1] 02: 5867000 docs, 605883 candidates
[pass 1] 02: 5871000 docs, 606290 candidates
[pass 1] 02: 5883000 docs, 607541 candidates
[pass 1] done: 0 docs, 0 new records, yield=0.0/10K, 15115921ms
[pipeline] Flushed 10000 buffered records to store
[pipeline] Exported 0 paired records to /mnt/zfs-host/backup/projects/observer-vault/01-Projects/dataset-processor/output/paired-output.jsonl

[orchestrate] Pipeline max-passes
[orchestrate] Passes: 1, Total verb-records: 10000
  Pass 1: 0 docs, 609465 Tier-A, 0 Tier-B, 0 Tier-C, 0 records, yield=0.0/10K
