[orchestrate] Found 1 shard files
[pass 1] 24: 10000 docs, 1000 candidates
[pass 1] 24: 15000 docs, 1518 candidates
[pass 1] 24: 17000 docs, 1752 candidates
[pass 1] 24: 26000 docs, 2697 candidates
[pass 1] 24: 29000 docs, 2994 candidates
[pass 1] 24: 35000 docs, 3614 candidates
[pass 1] 24: 51000 docs, 5230 candidates
[pass 1] 24: 63000 docs, 6449 candidates
[pass 1] 24: 64000 docs, 6544 candidates
[pass 1] 24: 76000 docs, 7812 candidates
[pass 1] 24: 107000 docs, 11022 candidates
[pass 1] 24: 115000 docs, 11873 candidates
[pass 1] 24: 127000 docs, 13010 candidates
[pass 1] 24: 130000 docs, 13313 candidates
[pass 1] 24: 141000 docs, 14425 candidates
[pass 1] 24: 145000 docs, 14807 candidates
[pass 1] 24: 148000 docs, 15111 candidates
[pass 1] 24: 155000 docs, 15823 candidates
[pass 1] 24: 171000 docs, 17467 candidates
[pass 1] 24: 173000 docs, 17670 candidates
[pass 1] 24: 174000 docs, 17775 candidates
[pass 1] 24: 176000 docs, 17988 candidates
[pass 1] 24: 179000 docs, 18352 candidates
[pass 1] 24: 187000 docs, 19210 candidates
[pass 1] 24: 188000 docs, 19321 candidates
[pass 1] 24: 198000 docs, 20364 candidates
[pass 1] 24: 199000 docs, 20477 candidates
[pass 1] 24: 206000 docs, 21207 candidates
[pass 1] 24: 208000 docs, 21447 candidates
[pass 1] 24: 215000 docs, 22182 candidates
[pass 1] 24: 236000 docs, 24468 candidates
[pass 1] 24: 249000 docs, 25802 candidates
[pass 1] 24: 251000 docs, 26009 candidates
[pass 1] 24: 253000 docs, 26200 candidates
[pass 1] 24: 265000 docs, 27485 candidates
[pass 1] 24: 268000 docs, 27837 candidates
[pass 1] 24: 276000 docs, 28648 candidates
[pass 1] 24: 277000 docs, 28746 candidates
[pass 1] 24: 296000 docs, 30706 candidates
[pass 1] 24: 299000 docs, 30996 candidates
[pass 1] 24: 300000 docs, 31098 candidates
[pass 1] 24: 307000 docs, 31839 candidates
[pass 1] 24: 312000 docs, 32374 candidates
[pass 1] 24: 321000 docs, 33287 candidates
[pass 1] 24: 328000 docs, 33987 candidates
[pass 1] 24: 333000 docs, 34518 candidates
[pass 1] 24: 342000 docs, 35432 candidates
[pass 1] 24: 349000 docs, 36104 candidates
[pass 1] 24: 363000 docs, 37553 candidates
[pass 1] 24: 370000 docs, 38246 candidates
[pass 1] 24: 377000 docs, 38992 candidates
[pass 1] 24: 390000 docs, 40310 candidates
[pass 1] 24: 394000 docs, 40717 candidates
[pass 1] 24: 399000 docs, 41253 candidates
[pass 1] 24: 406000 docs, 41954 candidates
[pass 1] 24: 411000 docs, 42490 candidates
[pass 1] 24: 456000 docs, 47136 candidates
[pass 1] 24: 468000 docs, 48397 candidates
[pass 1] 24: 470000 docs, 48588 candidates
[pass 1] 24: 482000 docs, 49810 candidates
[pass 1] 24: 485000 docs, 50116 candidates
[pass 1] 24: 486000 docs, 50222 candidates
[pass 1] 24: 502000 docs, 51866 candidates
[pass 1] 24: 507000 docs, 52421 candidates
[pass 1] 24: 508000 docs, 52537 candidates
[pass 1] 24: 518000 docs, 53567 candidates
[pass 1] 24: 519000 docs, 53668 candidates
[pass 1] 24: 521000 docs, 53864 candidates
[pass 1] 24: 535000 docs, 55388 candidates
[pass 1] 24: 539000 docs, 55767 candidates
[pass 1] 24: 541000 docs, 55990 candidates
[pass 1] 24: 542000 docs, 56086 candidates
[pass 1] 24: 546000 docs, 56501 candidates
[pass 1] 24: 555000 docs, 57401 candidates
[pass 1] 24: 556000 docs, 57492 candidates
[pass 1] 24: 558000 docs, 57677 candidates
[pass 1] 24: 596000 docs, 61691 candidates
[pass 1] 24: 598000 docs, 61912 candidates
[pass 1] 24: 607000 docs, 62829 candidates
[pass 1] 24: 628000 docs, 65018 candidates
[pass 1] 24: 633000 docs, 65532 candidates
[pass 1] 24: 640000 docs, 66224 candidates
[pass 1] 24: 641000 docs, 66335 candidates
[pass 1] 24: 648000 docs, 67044 candidates
[pass 1] 24: 654000 docs, 67625 candidates
[pass 1] 24: 666000 docs, 68879 candidates
[pass 1] 24: 670000 docs, 69301 candidates
[pass 1] 24: 680000 docs, 70360 candidates
[pass 1] 24: 708000 docs, 73275 candidates
[pass 1] 24: 727000 docs, 75256 candidates
[pass 1] 24: 746000 docs, 77226 candidates
[pass 1] 24: 750000 docs, 77666 candidates
[pass 1] 24: 764000 docs, 79146 candidates
[pass 1] 24: 769000 docs, 79669 candidates
[pass 1] 24: 782000 docs, 81000 candidates
[pass 1] 24: 789000 docs, 81717 candidates
[pass 1] 24: 801000 docs, 82941 candidates
[pass 1] 24: 810000 docs, 83831 candidates
[pass 1] 24: 811000 docs, 83927 candidates
[pass 1] 24: 834000 docs, 86235 candidates
[pass 1] 24: 838000 docs, 86650 candidates
[pass 1] 24: 857000 docs, 88557 candidates
[pass 1] 24: 872000 docs, 90138 candidates
[pass 1] 24: 874000 docs, 90384 candidates
[pass 1] 24: 875000 docs, 90496 candidates
[pass 1] 24: 898000 docs, 92908 candidates
[pass 1] 24: 901000 docs, 93212 candidates
[pass 1] 24: 927000 docs, 95937 candidates
[pass 1] 24: 941000 docs, 97347 candidates
[pass 1] 24: 948000 docs, 98048 candidates
[pass 1] 24: 950000 docs, 98243 candidates
[pass 1] 24: 955000 docs, 98778 candidates
[pass 1] 24: 963000 docs, 99615 candidates
[pass 1] 24: 975000 docs, 100854 candidates
[pass 1] 24: 983000 docs, 101640 candidates
[pass 1] 24: 985000 docs, 101849 candidates
[pass 1] 24: 1011000 docs, 104465 candidates
[pass 1] 24: 1014000 docs, 104770 candidates
[pass 1] 24: 1019000 docs, 105286 candidates
[pass 1] 24: 1020000 docs, 105389 candidates
[pass 1] 24: 1023000 docs, 105717 candidates
[pass 1] 24: 1039000 docs, 107419 candidates
[pass 1] 24: 1059000 docs, 109434 candidates
[pass 1] 24: 1075000 docs, 111084 candidates
[pass 1] 24: 1085000 docs, 112117 candidates
[pass 1] 24: 1102000 docs, 113873 candidates
[pass 1] 24: 1110000 docs, 114693 candidates
[pass 1] 24: 1136000 docs, 117378 candidates
[pass 1] 24: 1137000 docs, 117486 candidates
[pass 1] 24: 1143000 docs, 118103 candidates
[pass 1] 24: 1181000 docs, 121946 candidates
[pass 1] 24: 1182000 docs, 122050 candidates
[pass 1] 24: 1190000 docs, 122872 candidates
[pass 1] 24: 1196000 docs, 123459 candidates
[pass 1] 24: 1211000 docs, 125024 candidates
[pass 1] 24: 1214000 docs, 125343 candidates
[pass 1] 24: 1221000 docs, 126075 candidates
[pass 1] 24: 1226000 docs, 126574 candidates
[pass 1] 24: 1234000 docs, 127330 candidates
[pass 1] 24: 1251000 docs, 129077 candidates
[pass 1] 24: 1254000 docs, 129370 candidates
[pass 1] 24: 1297000 docs, 133835 candidates
[pass 1] 24: 1302000 docs, 134358 candidates
[pass 1] 24: 1305000 docs, 134661 candidates
[pass 1] 24: 1318000 docs, 135961 candidates
[pass 1] 24: 1327000 docs, 136886 candidates
[pass 1] 24: 1358000 docs, 140043 candidates
[pass 1] 24: 1362000 docs, 140429 candidates
[pass 1] 24: 1365000 docs, 140724 candidates
[pass 1] 24: 1373000 docs, 141573 candidates
[pass 1] 24: 1374000 docs, 141672 candidates
[pass 1] 24: 1388000 docs, 143140 candidates
[pass 1] 24: 1399000 docs, 144292 candidates
[pass 1] 24: 1407000 docs, 145093 candidates
[pass 1] 24: 1422000 docs, 146732 candidates
[pass 1] 24: 1439000 docs, 148497 candidates
[pass 1] 24: 1442000 docs, 148840 candidates
[pass 1] 24: 1447000 docs, 149365 candidates
[pass 1] 24: 1451000 docs, 149793 candidates
[pass 1] 24: 1460000 docs, 150721 candidates
[pass 1] 24: 1474000 docs, 152132 candidates
[pass 1] 24: 1475000 docs, 152239 candidates
[pass 1] 24: 1477000 docs, 152464 candidates
[pass 1] 24: 1487000 docs, 153423 candidates
[pass 1] 24: 1492000 docs, 153959 candidates
[pass 1] 24: 1495000 docs, 154276 candidates
[pass 1] 24: 1508000 docs, 155574 candidates
[pass 1] 24: 1523000 docs, 157119 candidates
[pass 1] 24: 1524000 docs, 157219 candidates
[pass 1] 24: 1527000 docs, 157518 candidates
[pass 1] 24: 1545000 docs, 159402 candidates
[pass 1] 24: 1561000 docs, 161048 candidates
[pass 1] 24: 1562000 docs, 161160 candidates
[pass 1] 24: 1582000 docs, 163244 candidates
[pass 1] 24: 1583000 docs, 163337 candidates
[pass 1] 24: 1584000 docs, 163425 candidates
[pass 1] 24: 1588000 docs, 163827 candidates
[pass 1] 24: 1591000 docs, 164144 candidates
[pass 1] 24: 1598000 docs, 164873 candidates
[pass 1] 24: 1599000 docs, 164961 candidates
[pass 1] 24: 1600000 docs, 165071 candidates
[pass 1] 24: 1604000 docs, 165490 candidates
[pass 1] 24: 1608000 docs, 165893 candidates
[pass 1] 24: 1609000 docs, 165996 candidates
[pass 1] 24: 1617000 docs, 166836 candidates
[pass 1] 24: 1642000 docs, 169366 candidates
[pass 1] 24: 1653000 docs, 170531 candidates
[pass 1] 24: 1659000 docs, 171154 candidates
[pass 1] 24: 1680000 docs, 173276 candidates
[pass 1] 24: 1681000 docs, 173377 candidates
[pass 1] 24: 1684000 docs, 173694 candidates
[pass 1] 24: 1704000 docs, 175724 candidates
[pass 1] 24: 1709000 docs, 176181 candidates
[pass 1] 24: 1710000 docs, 176268 candidates
[pass 1] 24: 1711000 docs, 176376 candidates
[pass 1] 24: 1715000 docs, 176793 candidates
[pass 1] 24: 1737000 docs, 179087 candidates
[pass 1] 24: 1746000 docs, 180043 candidates
[pass 1] 24: 1747000 docs, 180174 candidates
[pass 1] 24: 1754000 docs, 180936 candidates
[pass 1] 24: 1762000 docs, 181790 candidates
[pass 1] 24: 1768000 docs, 182432 candidates
[pass 1] 24: 1790000 docs, 184722 candidates
[pass 1] 24: 1825000 docs, 188282 candidates
[pass 1] 24: 1829000 docs, 188673 candidates
[pass 1] 24: 1845000 docs, 190327 candidates
[pass 1] 24: 1852000 docs, 191079 candidates
[pass 1] 24: 1869000 docs, 192838 candidates
[pass 1] 24: 1888000 docs, 194763 candidates
[pass 1] 24: 1889000 docs, 194872 candidates
[pass 1] 24: 1893000 docs, 195276 candidates
[pass 1] 24: 1914000 docs, 197455 candidates
[pass 1] 24: 1915000 docs, 197579 candidates
[pass 1] 24: 1938000 docs, 199899 candidates
[pass 1] 24: 1939000 docs, 199997 candidates
[pass 1] 24: 1942000 docs, 200308 candidates
[pass 1] 24: 1957000 docs, 201856 candidates
[pass 1] 24: 1963000 docs, 202482 candidates
[pass 1] 24: 1988000 docs, 204947 candidates
[pass 1] 24: 2004000 docs, 206657 candidates
[pass 1] 24: 2023000 docs, 208599 candidates
[pass 1] 24: 2031000 docs, 209411 candidates
[pass 1] 24: 2039000 docs, 210233 candidates
[pass 1] 24: 2044000 docs, 210765 candidates
[pass 1] 24: 2066000 docs, 213027 candidates
[pass 1] 24: 2068000 docs, 213231 candidates
[pass 1] 24: 2075000 docs, 213898 candidates
[pass 1] 24: 2080000 docs, 214443 candidates
[pass 1] 24: 2089000 docs, 215343 candidates
[pass 1] 24: 2094000 docs, 215852 candidates
[pass 1] 24: 2096000 docs, 216065 candidates
[pass 1] 24: 2105000 docs, 217023 candidates
[pass 1] 24: 2109000 docs, 217445 candidates
[pass 1] 24: 2110000 docs, 217570 candidates
[pass 1] 24: 2132000 docs, 219827 candidates
[pass 1] 24: 2134000 docs, 220023 candidates
[pass 1] 24: 2135000 docs, 220114 candidates
[pass 1] 24: 2154000 docs, 222087 candidates
[pass 1] 24: 2156000 docs, 222307 candidates
[pass 1] 24: 2170000 docs, 223712 candidates
[pass 1] 24: 2196000 docs, 226357 candidates
[pass 1] 24: 2198000 docs, 226547 candidates
[pass 1] 24: 2205000 docs, 227261 candidates
[pass 1] 24: 2211000 docs, 227862 candidates
[pass 1] 24: 2216000 docs, 228374 candidates
[pass 1] 24: 2234000 docs, 230214 candidates
[pass 1] 24: 2236000 docs, 230433 candidates
[pass 1] 24: 2247000 docs, 231515 candidates
[pass 1] 24: 2248000 docs, 231628 candidates
[pass 1] 24: 2251000 docs, 231953 candidates
[pass 1] 24: 2270000 docs, 233815 candidates
[pass 1] 24: 2288000 docs, 235674 candidates
[pass 1] 24: 2297000 docs, 236496 candidates
[pass 1] 24: 2315000 docs, 238346 candidates
[pass 1] 24: 2316000 docs, 238458 candidates
[pass 1] 24: 2327000 docs, 239578 candidates
[pass 1] 24: 2341000 docs, 241008 candidates
[pass 1] 24: 2349000 docs, 241858 candidates
[pass 1] 24: 2350000 docs, 241951 candidates
[pass 1] 24: 2355000 docs, 242461 candidates
[pass 1] 24: 2357000 docs, 242676 candidates
[pass 1] 24: 2370000 docs, 243996 candidates
[pass 1] 24: 2372000 docs, 244210 candidates
[pass 1] 24: 2375000 docs, 244539 candidates
[pass 1] 24: 2387000 docs, 245831 candidates
[pass 1] 24: 2391000 docs, 246266 candidates
[pass 1] 24: 2397000 docs, 246870 candidates
[pass 1] 24: 2407000 docs, 247922 candidates
[pass 1] 24: 2413000 docs, 248551 candidates
[pass 1] 24: 2432000 docs, 250555 candidates
[pass 1] 24: 2446000 docs, 251973 candidates
[pass 1] 24: 2465000 docs, 253915 candidates
[pass 1] 24: 2500000 docs, 257564 candidates
[pass 1] 24: 2510000 docs, 258613 candidates
[pass 1] 24: 2517000 docs, 259320 candidates
[pass 1] 24: 2519000 docs, 259532 candidates
[pass 1] 24: 2541000 docs, 261808 candidates
[pass 1] 24: 2565000 docs, 264307 candidates
[pass 1] 24: 2570000 docs, 264859 candidates
[pass 1] 24: 2581000 docs, 265985 candidates
[pass 1] 24: 2582000 docs, 266091 candidates
[pass 1] 24: 2587000 docs, 266594 candidates
[pass 1] 24: 2588000 docs, 266710 candidates
[pass 1] 24: 2593000 docs, 267204 candidates
[pass 1] 24: 2595000 docs, 267421 candidates
[pass 1] 24: 2608000 docs, 268725 candidates
[pass 1] 24: 2631000 docs, 271139 candidates
[pass 1] 24: 2644000 docs, 272532 candidates
[pass 1] 24: 2645000 docs, 272633 candidates
[pass 1] 24: 2661000 docs, 274314 candidates
[pass 1] 24: 2671000 docs, 275312 candidates
[pass 1] 24: 2698000 docs, 278087 candidates
[pass 1] 24: 2709000 docs, 279221 candidates
[pass 1] 24: 2710000 docs, 279323 candidates
[pass 1] 24: 2713000 docs, 279641 candidates
[pass 1] 24: 2715000 docs, 279859 candidates
[pass 1] 24: 2721000 docs, 280480 candidates
[pass 1] 24: 2737000 docs, 282128 candidates
[pass 1] 24: 2746000 docs, 283102 candidates
[pass 1] 24: 2749000 docs, 283412 candidates
[pass 1] 24: 2756000 docs, 284144 candidates
[pass 1] 24: 2771000 docs, 285692 candidates
[pass 1] 24: 2789000 docs, 287523 candidates
[pass 1] 24: 2827000 docs, 291491 candidates
[pass 1] 24: 2828000 docs, 291615 candidates
[pass 1] 24: 2848000 docs, 293654 candidates
[pass 1] 24: 2888000 docs, 297770 candidates
[pass 1] 24: 2893000 docs, 298306 candidates
[pass 1] 24: 2902000 docs, 299220 candidates
[pass 1] 24: 2918000 docs, 300855 candidates
[pass 1] 24: 2921000 docs, 301189 candidates
[pass 1] 24: 2923000 docs, 301381 candidates
[pass 1] 24: 2932000 docs, 302316 candidates
[pass 1] 24: 2934000 docs, 302535 candidates
[pass 1] 24: 2935000 docs, 302639 candidates
[pass 1] 24: 2936000 docs, 302742 candidates
[pass 1] 24: 3001000 docs, 309422 candidates
[pass 1] 24: 3029000 docs, 312293 candidates
[pass 1] 24: 3034000 docs, 312807 candidates
[pass 1] 24: 3036000 docs, 313049 candidates
[pass 1] 24: 3044000 docs, 313858 candidates
[pass 1] 24: 3047000 docs, 314172 candidates
[pass 1] 24: 3051000 docs, 314572 candidates
[pass 1] 24: 3075000 docs, 317084 candidates
[pass 1] 24: 3094000 docs, 319122 candidates
[pass 1] 24: 3101000 docs, 319869 candidates
[pass 1] 24: 3118000 docs, 321598 candidates
[pass 1] 24: 3142000 docs, 324022 candidates
[pass 1] 24: 3144000 docs, 324243 candidates
[pass 1] 24: 3149000 docs, 324781 candidates
[pass 1] 24: 3152000 docs, 325077 candidates
[pass 1] 24: 3156000 docs, 325484 candidates
[pass 1] 24: 3169000 docs, 326798 candidates
[pass 1] 24: 3194000 docs, 329346 candidates
[pass 1] 24: 3203000 docs, 330293 candidates
[pass 1] 24: 3213000 docs, 331334 candidates
[pass 1] 24: 3230000 docs, 333106 candidates
[pass 1] 24: 3264000 docs, 336605 candidates
[pass 1] 24: 3300000 docs, 340330 candidates
[pass 1] 24: 3306000 docs, 340975 candidates
[pass 1] 24: 3316000 docs, 342051 candidates
[pass 1] 24: 3332000 docs, 343694 candidates
[pass 1] 24: 3336000 docs, 344083 candidates
[pass 1] 24: 3344000 docs, 344911 candidates
[pass 1] 24: 3352000 docs, 345766 candidates
[pass 1] 24: 3358000 docs, 346373 candidates
[pass 1] 24: 3363000 docs, 346861 candidates
[pass 1] 24: 3364000 docs, 346966 candidates
[pass 1] 24: 3377000 docs, 348295 candidates
[pass 1] 24: 3380000 docs, 348616 candidates
[pass 1] 24: 3383000 docs, 348920 candidates
[pass 1] 24: 3392000 docs, 349879 candidates
[pass 1] 24: 3397000 docs, 350394 candidates
[pass 1] 24: 3398000 docs, 350491 candidates
[pass 1] 24: 3423000 docs, 353055 candidates
[pass 1] 24: 3438000 docs, 354637 candidates
[pass 1] 24: 3458000 docs, 356727 candidates
[pass 1] 24: 3478000 docs, 358787 candidates
[pass 1] 24: 3483000 docs, 359310 candidates
[pass 1] 24: 3495000 docs, 360532 candidates
[pass 1] 24: 3525000 docs, 363714 candidates
[pass 1] 24: 3530000 docs, 364222 candidates
[pass 1] 24: 3547000 docs, 365936 candidates
[pass 1] 24: 3548000 docs, 366044 candidates
[pass 1] 24: 3556000 docs, 366844 candidates
[pass 1] 24: 3561000 docs, 367367 candidates
[pass 1] 24: 3575000 docs, 368824 candidates
[pass 1] 24: 3581000 docs, 369419 candidates
[pass 1] 24: 3609000 docs, 372327 candidates
[pass 1] 24: 3610000 docs, 372424 candidates
[pass 1] 24: 3611000 docs, 372521 candidates
[pass 1] 24: 3618000 docs, 373252 candidates
[pass 1] 24: 3619000 docs, 373337 candidates
[pass 1] 24: 3633000 docs, 374756 candidates
[pass 1] 24: 3636000 docs, 375068 candidates
[pass 1] 24: 3640000 docs, 375440 candidates
[pass 1] 24: 3648000 docs, 376330 candidates
[pass 1] 24: 3650000 docs, 376500 candidates
[pass 1] 24: 3652000 docs, 376696 candidates
[pass 1] 24: 3673000 docs, 378866 candidates
[pass 1] 24: 3678000 docs, 379364 candidates
[pass 1] 24: 3680000 docs, 379559 candidates
[pass 1] 24: 3686000 docs, 380190 candidates
[pass 1] 24: 3688000 docs, 380398 candidates
[pass 1] 24: 3722000 docs, 383772 candidates
[pass 1] 24: 3747000 docs, 386457 candidates
[pass 1] 24: 3748000 docs, 386567 candidates
[pass 1] 24: 3760000 docs, 387851 candidates
[pass 1] 24: 3775000 docs, 389425 candidates
[pass 1] 24: 3789000 docs, 390841 candidates
[pass 1] 24: 3806000 docs, 392648 candidates
[pass 1] 24: 3809000 docs, 392958 candidates
[pass 1] 24: 3812000 docs, 393269 candidates
[pass 1] 24: 3815000 docs, 393560 candidates
[pass 1] 24: 3816000 docs, 393664 candidates
[pass 1] 24: 3823000 docs, 394391 candidates
[pass 1] 24: 3831000 docs, 395221 candidates
[pass 1] 24: 3834000 docs, 395525 candidates
[pass 1] 24: 3859000 docs, 398106 candidates
[pass 1] 24: 3866000 docs, 398856 candidates
[pass 1] 24: 3871000 docs, 399339 candidates
[pass 1] 24: 3882000 docs, 400501 candidates
[pass 1] 24: 3892000 docs, 401534 candidates
[pass 1] 24: 3898000 docs, 402159 candidates
[pass 1] 24: 3906000 docs, 402951 candidates
[pass 1] 24: 3916000 docs, 403976 candidates
[pass 1] 24: 3921000 docs, 404474 candidates
[pass 1] 24: 3922000 docs, 404572 candidates
[pass 1] 24: 3927000 docs, 405115 candidates
[pass 1] 24: 3939000 docs, 406290 candidates
[pass 1] 24: 3940000 docs, 406400 candidates
[pass 1] 24: 3950000 docs, 407423 candidates
[pass 1] 24: 3958000 docs, 408205 candidates
[pass 1] 24: 3969000 docs, 409323 candidates
[pass 1] 24: 3975000 docs, 409918 candidates
[pass 1] 24: 3984000 docs, 410859 candidates
[pass 1] 24: 3986000 docs, 411051 candidates
[pass 1] 24: 4017000 docs, 414325 candidates
[pass 1] 24: 4019000 docs, 414541 candidates
[pass 1] 24: 4068000 docs, 419463 candidates
[pass 1] 24: 4076000 docs, 420242 candidates
[pass 1] 24: 4081000 docs, 420745 candidates
[pass 1] 24: 4083000 docs, 420952 candidates
[pass 1] 24: 4086000 docs, 421271 candidates
[pass 1] 24: 4087000 docs, 421364 candidates
[pass 1] 24: 4096000 docs, 422271 candidates
[pass 1] 24: 4102000 docs, 422902 candidates
[pass 1] 24: 4110000 docs, 423686 candidates
[pass 1] 24: 4119000 docs, 424651 candidates
[pass 1] 24: 4143000 docs, 427060 candidates
[pass 1] 24: 4144000 docs, 427149 candidates
[pass 1] 24: 4154000 docs, 428161 candidates
[pass 1] 24: 4163000 docs, 429058 candidates
[pass 1] 24: 4165000 docs, 429290 candidates
[pass 1] 24: 4169000 docs, 429699 candidates
[pass 1] 24: 4173000 docs, 430103 candidates
[pass 1] 24: 4191000 docs, 432035 candidates
[pass 1] 24: 4210000 docs, 433954 candidates
[pass 1] 24: 4229000 docs, 435975 candidates
[pass 1] 24: 4250000 docs, 438178 candidates
[pass 1] 24: 4253000 docs, 438492 candidates
[pass 1] 24: 4271000 docs, 440403 candidates
[pass 1] 24: 4291000 docs, 442435 candidates
[pass 1] 24: 4296000 docs, 442940 candidates
[pass 1] 24: 4325000 docs, 445979 candidates
[pass 1] 24: 4333000 docs, 446834 candidates
[pass 1] 24: 4336000 docs, 447151 candidates
[pass 1] 24: 4374000 docs, 451151 candidates
[pass 1] 24: 4389000 docs, 452697 candidates
[pass 1] 24: 4391000 docs, 452905 candidates
[pass 1] 24: 4396000 docs, 453440 candidates
[pass 1] 24: 4398000 docs, 453636 candidates
[pass 1] 24: 4430000 docs, 456910 candidates
[pass 1] 24: 4436000 docs, 457549 candidates
[pass 1] 24: 4439000 docs, 457858 candidates
[pass 1] 24: 4448000 docs, 458803 candidates
[pass 1] 24: 4452000 docs, 459252 candidates
[pass 1] 24: 4454000 docs, 459448 candidates
[pass 1] 24: 4465000 docs, 460541 candidates
[pass 1] 24: 4476000 docs, 461622 candidates
[pass 1] 24: 4487000 docs, 462742 candidates
[pass 1] 24: 4492000 docs, 463259 candidates
[pass 1] 24: 4493000 docs, 463351 candidates
[pass 1] 24: 4495000 docs, 463557 candidates
[pass 1] 24: 4496000 docs, 463647 candidates
[pass 1] 24: 4502000 docs, 464282 candidates
[pass 1] 24: 4520000 docs, 466153 candidates
[pass 1] 24: 4530000 docs, 467222 candidates
[pass 1] 24: 4533000 docs, 467531 candidates
[pass 1] 24: 4544000 docs, 468694 candidates
[pass 1] 24: 4546000 docs, 468897 candidates
[pass 1] 24: 4552000 docs, 469540 candidates
[pass 1] 24: 4554000 docs, 469758 candidates
[pass 1] 24: 4558000 docs, 470144 candidates
[pass 1] 24: 4559000 docs, 470241 candidates
[pass 1] 24: 4562000 docs, 470555 candidates
[pass 1] 24: 4585000 docs, 472996 candidates
[pass 1] 24: 4591000 docs, 473617 candidates
[pass 1] 24: 4592000 docs, 473709 candidates
[pass 1] 24: 4609000 docs, 475385 candidates
[pass 1] 24: 4625000 docs, 477018 candidates
[pass 1] 24: 4639000 docs, 478421 candidates
[pass 1] 24: 4650000 docs, 479524 candidates
[pass 1] 24: 4656000 docs, 480116 candidates
[pass 1] 24: 4659000 docs, 480413 candidates
[pass 1] 24: 4669000 docs, 481449 candidates
[pass 1] 24: 4691000 docs, 483649 candidates
[pass 1] 24: 4693000 docs, 483833 candidates
[pass 1] 24: 4696000 docs, 484127 candidates
[pass 1] 24: 4710000 docs, 485517 candidates
[pass 1] 24: 4712000 docs, 485733 candidates
[pass 1] 24: 4717000 docs, 486288 candidates
[pass 1] 24: 4726000 docs, 487194 candidates
[pass 1] 24: 4729000 docs, 487469 candidates
[pass 1] 24: 4730000 docs, 487577 candidates
[pass 1] 24: 4736000 docs, 488180 candidates
[pass 1] 24: 4770000 docs, 491615 candidates
[pass 1] 24: 4775000 docs, 492141 candidates
[pass 1] 24: 4785000 docs, 493215 candidates
[pass 1] 24: 4787000 docs, 493451 candidates
[pass 1] 24: 4797000 docs, 494413 candidates
[pass 1] 24: 4801000 docs, 494801 candidates
[pass 1] 24: 4810000 docs, 495742 candidates
[pass 1] 24: 4823000 docs, 497075 candidates
[pass 1] 24: 4834000 docs, 498196 candidates
[pass 1] 24: 4848000 docs, 499615 candidates
[pass 1] 24: 4856000 docs, 500433 candidates
[pass 1] 24: 4873000 docs, 502176 candidates
[pass 1] 24: 4875000 docs, 502373 candidates
[pass 1] 24: 4880000 docs, 502915 candidates
[pass 1] 24: 4893000 docs, 504291 candidates
[pass 1] 24: 4906000 docs, 505629 candidates
[pass 1] 24: 4907000 docs, 505750 candidates
[pass 1] 24: 4935000 docs, 508660 candidates
[pass 1] 24: 4937000 docs, 508881 candidates
[pass 1] 24: 4957000 docs, 510985 candidates
[pass 1] 24: 4958000 docs, 511089 candidates
[pass 1] 24: 4965000 docs, 511770 candidates
[pass 1] 24: 4977000 docs, 513015 candidates
[pass 1] 24: 4982000 docs, 513531 candidates
[pass 1] 24: 5003000 docs, 515685 candidates
[pass 1] 24: 5011000 docs, 516504 candidates
[pass 1] 24: 5017000 docs, 517097 candidates
[pass 1] 24: 5020000 docs, 517394 candidates
[pass 1] 24: 5024000 docs, 517771 candidates
[pass 1] 24: 5037000 docs, 519134 candidates
[pass 1] 24: 5045000 docs, 519927 candidates
[pass 1] 24: 5050000 docs, 520452 candidates
[pass 1] 24: 5051000 docs, 520552 candidates
[pass 1] 24: 5062000 docs, 521680 candidates
[pass 1] 24: 5077000 docs, 523165 candidates
[pass 1] 24: 5082000 docs, 523703 candidates
[pass 1] 24: 5083000 docs, 523802 candidates
[pass 1] 24: 5099000 docs, 525421 candidates
[pass 1] 24: 5108000 docs, 526323 candidates
[pass 1] 24: 5116000 docs, 527079 candidates
[pass 1] 24: 5137000 docs, 529264 candidates
[pass 1] 24: 5145000 docs, 530084 candidates
[pass 1] 24: 5159000 docs, 531532 candidates
[pass 1] 24: 5175000 docs, 533156 candidates
[pass 1] 24: 5181000 docs, 533764 candidates
[pass 1] 24: 5189000 docs, 534574 candidates
[pass 1] 24: 5192000 docs, 534851 candidates
[pass 1] 24: 5220000 docs, 537800 candidates
[pass 1] 24: 5236000 docs, 539438 candidates
[pass 1] 24: 5255000 docs, 541365 candidates
[pass 1] 24: 5257000 docs, 541564 candidates
[pass 1] 24: 5266000 docs, 542463 candidates
[pass 1] 24: 5280000 docs, 543901 candidates
[pass 1] 24: 5285000 docs, 544416 candidates
[pass 1] 24: 5287000 docs, 544595 candidates
[pass 1] 24: 5291000 docs, 545004 candidates
[pass 1] 24: 5292000 docs, 545122 candidates
[pass 1] 24: 5293000 docs, 545225 candidates
[pass 1] 24: 5297000 docs, 545640 candidates
[pass 1] 24: 5316000 docs, 547614 candidates
[pass 1] 24: 5322000 docs, 548254 candidates
[pass 1] 24: 5323000 docs, 548362 candidates
[pass 1] 24: 5350000 docs, 551159 candidates
[pass 1] 24: 5357000 docs, 551904 candidates
[pass 1] 24: 5362000 docs, 552427 candidates
[pass 1] 24: 5371000 docs, 553363 candidates
[pass 1] 24: 5372000 docs, 553481 candidates
[pass 1] 24: 5374000 docs, 553696 candidates
[pass 1] 24: 5384000 docs, 554690 candidates
[pass 1] 24: 5401000 docs, 556481 candidates
[pass 1] 24: 5404000 docs, 556799 candidates
[pass 1] 24: 5417000 docs, 558171 candidates
[pass 1] 24: 5427000 docs, 559186 candidates
[pass 1] 24: 5451000 docs, 561583 candidates
[pass 1] 24: 5455000 docs, 561978 candidates
[pass 1] 24: 5458000 docs, 562271 candidates
[pass 1] 24: 5467000 docs, 563186 candidates
[pass 1] 24: 5486000 docs, 565105 candidates
[pass 1] 24: 5494000 docs, 565890 candidates
[pass 1] 24: 5519000 docs, 568513 candidates
[pass 1] 24: 5520000 docs, 568619 candidates
[pass 1] 24: 5560000 docs, 572601 candidates
[pass 1] 24: 5563000 docs, 572904 candidates
[pass 1] 24: 5580000 docs, 574597 candidates
[pass 1] 24: 5581000 docs, 574693 candidates
[pass 1] 24: 5585000 docs, 575104 candidates
[pass 1] 24: 5592000 docs, 575837 candidates
[pass 1] 24: 5612000 docs, 577857 candidates
[pass 1] 24: 5621000 docs, 578801 candidates
[pass 1] 24: 5629000 docs, 579629 candidates
[pass 1] 24: 5664000 docs, 583230 candidates
[pass 1] 24: 5668000 docs, 583657 candidates
[pass 1] 24: 5676000 docs, 584466 candidates
[pass 1] 24: 5729000 docs, 589936 candidates
[pass 1] 24: 5738000 docs, 590885 candidates
[pass 1] 24: 5741000 docs, 591188 candidates
[pass 1] 24: 5763000 docs, 593441 candidates
[pass 1] 24: 5765000 docs, 593671 candidates
[pass 1] 24: 5797000 docs, 597023 candidates
[pass 1] 24: 5798000 docs, 597138 candidates
[pass 1] 24: 5799000 docs, 597267 candidates
[pass 1] 24: 5811000 docs, 598488 candidates
[pass 1] 24: 5830000 docs, 600486 candidates
[pass 1] 24: 5838000 docs, 601331 candidates
[pass 1] 24: 5840000 docs, 601537 candidates
[pass 1] 24: 5843000 docs, 601859 candidates
[pass 1] 24: 5848000 docs, 602365 candidates
[pass 1] 24: 5861000 docs, 603621 candidates
[pass 1] 24: 5873000 docs, 604830 candidates
[pass 1] 24: 5884000 docs, 605969 candidates
[pass 1] 24: 5888000 docs, 606377 candidates
[pass 1] 24: 5893000 docs, 606896 candidates
[pass 1] done: 0 docs, 0 new records, yield=0.0/10K, 16042963ms
[pipeline] Flushed 10000 buffered records to store
[pipeline] Exported 0 paired records to /mnt/zfs-host/backup/projects/observer-vault/01-Projects/dataset-processor/output/paired-output.jsonl

[orchestrate] Pipeline max-passes
[orchestrate] Passes: 1, Total verb-records: 10000
  Pass 1: 0 docs, 607534 Tier-A, 0 Tier-B, 0 Tier-C, 0 records, yield=0.0/10K
