[orchestrate] Found 1 shard files
[pass 1] 15: 4000 docs, 415 candidates
[pass 1] 15: 8000 docs, 821 candidates
[pass 1] 15: 15000 docs, 1554 candidates
[pass 1] 15: 24000 docs, 2489 candidates
[pass 1] 15: 44000 docs, 4534 candidates
[pass 1] 15: 50000 docs, 5145 candidates
[pass 1] 15: 61000 docs, 6280 candidates
[pass 1] 15: 64000 docs, 6595 candidates
[pass 1] 15: 75000 docs, 7636 candidates
[pass 1] 15: 79000 docs, 8069 candidates
[pass 1] 15: 80000 docs, 8177 candidates
[pass 1] 15: 98000 docs, 10102 candidates
[pass 1] 15: 108000 docs, 11130 candidates
[pass 1] 15: 109000 docs, 11236 candidates
[pass 1] 15: 130000 docs, 13470 candidates
[pass 1] 15: 132000 docs, 13689 candidates
[pass 1] 15: 138000 docs, 14347 candidates
[pass 1] 15: 143000 docs, 14876 candidates
[pass 1] 15: 148000 docs, 15413 candidates
[pass 1] 15: 171000 docs, 17768 candidates
[pass 1] 15: 175000 docs, 18189 candidates
[pass 1] 15: 178000 docs, 18510 candidates
[pass 1] 15: 180000 docs, 18727 candidates
[pass 1] 15: 191000 docs, 19839 candidates
[pass 1] 15: 216000 docs, 22439 candidates
[pass 1] 15: 228000 docs, 23634 candidates
[pass 1] 15: 243000 docs, 25240 candidates
[pass 1] 15: 245000 docs, 25430 candidates
[pass 1] 15: 251000 docs, 26108 candidates
[pass 1] 15: 266000 docs, 27685 candidates
[pass 1] 15: 294000 docs, 30653 candidates
[pass 1] 15: 297000 docs, 30963 candidates
[pass 1] 15: 311000 docs, 32436 candidates
[pass 1] 15: 312000 docs, 32556 candidates
[pass 1] 15: 315000 docs, 32876 candidates
[pass 1] 15: 317000 docs, 33113 candidates
[pass 1] 15: 327000 docs, 34183 candidates
[pass 1] 15: 330000 docs, 34494 candidates
[pass 1] 15: 337000 docs, 35206 candidates
[pass 1] 15: 339000 docs, 35417 candidates
[pass 1] 15: 342000 docs, 35734 candidates
[pass 1] 15: 348000 docs, 36375 candidates
[pass 1] 15: 357000 docs, 37316 candidates
[pass 1] 15: 362000 docs, 37893 candidates
[pass 1] 15: 367000 docs, 38416 candidates
[pass 1] 15: 368000 docs, 38523 candidates
[pass 1] 15: 392000 docs, 40932 candidates
[pass 1] 15: 399000 docs, 41693 candidates
[pass 1] 15: 401000 docs, 41882 candidates
[pass 1] 15: 404000 docs, 42186 candidates
[pass 1] 15: 413000 docs, 43124 candidates
[pass 1] 15: 420000 docs, 43846 candidates
[pass 1] 15: 423000 docs, 44165 candidates
[pass 1] 15: 430000 docs, 44832 candidates
[pass 1] 15: 441000 docs, 45981 candidates
[pass 1] 15: 442000 docs, 46078 candidates
[pass 1] 15: 455000 docs, 47444 candidates
[pass 1] 15: 456000 docs, 47545 candidates
[pass 1] 15: 458000 docs, 47745 candidates
[pass 1] 15: 462000 docs, 48156 candidates
[pass 1] 15: 476000 docs, 49604 candidates
[pass 1] 15: 505000 docs, 52588 candidates
[pass 1] 15: 529000 docs, 55027 candidates
[pass 1] 15: 533000 docs, 55427 candidates
[pass 1] 15: 535000 docs, 55620 candidates
[pass 1] 15: 536000 docs, 55713 candidates
[pass 1] 15: 555000 docs, 57685 candidates
[pass 1] 15: 556000 docs, 57785 candidates
[pass 1] 15: 557000 docs, 57888 candidates
[pass 1] 15: 570000 docs, 59213 candidates
[pass 1] 15: 576000 docs, 59806 candidates
[pass 1] 15: 578000 docs, 60006 candidates
[pass 1] 15: 581000 docs, 60291 candidates
[pass 1] 15: 586000 docs, 60814 candidates
[pass 1] 15: 620000 docs, 64405 candidates
[pass 1] 15: 627000 docs, 65104 candidates
[pass 1] 15: 629000 docs, 65312 candidates
[pass 1] 15: 638000 docs, 66254 candidates
[pass 1] 15: 647000 docs, 67142 candidates
[pass 1] 15: 650000 docs, 67448 candidates
[pass 1] 15: 657000 docs, 68172 candidates
[pass 1] 15: 662000 docs, 68665 candidates
[pass 1] 15: 668000 docs, 69274 candidates
[pass 1] 15: 671000 docs, 69551 candidates
[pass 1] 15: 687000 docs, 71229 candidates
[pass 1] 15: 690000 docs, 71544 candidates
[pass 1] 15: 698000 docs, 72378 candidates
[pass 1] 15: 710000 docs, 73640 candidates
[pass 1] 15: 713000 docs, 73928 candidates
[pass 1] 15: 725000 docs, 75157 candidates
[pass 1] 15: 742000 docs, 76948 candidates
[pass 1] 15: 752000 docs, 77943 candidates
[pass 1] 15: 768000 docs, 79581 candidates
[pass 1] 15: 771000 docs, 79885 candidates
[pass 1] 15: 777000 docs, 80513 candidates
[pass 1] 15: 818000 docs, 84704 candidates
[pass 1] 15: 821000 docs, 84997 candidates
[pass 1] 15: 828000 docs, 85728 candidates
[pass 1] 15: 835000 docs, 86470 candidates
[pass 1] 15: 841000 docs, 87117 candidates
[pass 1] 15: 844000 docs, 87399 candidates
[pass 1] 15: 853000 docs, 88345 candidates
[pass 1] 15: 858000 docs, 88882 candidates
[pass 1] 15: 893000 docs, 92448 candidates
[pass 1] 15: 903000 docs, 93523 candidates
[pass 1] 15: 905000 docs, 93736 candidates
[pass 1] 15: 929000 docs, 96215 candidates
[pass 1] 15: 931000 docs, 96422 candidates
[pass 1] 15: 943000 docs, 97653 candidates
[pass 1] 15: 944000 docs, 97770 candidates
[pass 1] 15: 965000 docs, 99961 candidates
[pass 1] 15: 987000 docs, 102223 candidates
[pass 1] 15: 1002000 docs, 103810 candidates
[pass 1] 15: 1004000 docs, 104020 candidates
[pass 1] 15: 1012000 docs, 104853 candidates
[pass 1] 15: 1041000 docs, 107862 candidates
[pass 1] 15: 1055000 docs, 109378 candidates
[pass 1] 15: 1062000 docs, 110125 candidates
[pass 1] 15: 1064000 docs, 110327 candidates
[pass 1] 15: 1066000 docs, 110534 candidates
[pass 1] 15: 1080000 docs, 111981 candidates
[pass 1] 15: 1093000 docs, 113335 candidates
[pass 1] 15: 1094000 docs, 113432 candidates
[pass 1] 15: 1096000 docs, 113632 candidates
[pass 1] 15: 1097000 docs, 113729 candidates
[pass 1] 15: 1107000 docs, 114756 candidates
[pass 1] 15: 1121000 docs, 116218 candidates
[pass 1] 15: 1123000 docs, 116447 candidates
[pass 1] 15: 1125000 docs, 116641 candidates
[pass 1] 15: 1126000 docs, 116741 candidates
[pass 1] 15: 1138000 docs, 117940 candidates
[pass 1] 15: 1159000 docs, 120120 candidates
[pass 1] 15: 1164000 docs, 120660 candidates
[pass 1] 15: 1173000 docs, 121566 candidates
[pass 1] 15: 1181000 docs, 122401 candidates
[pass 1] 15: 1184000 docs, 122710 candidates
[pass 1] 15: 1209000 docs, 125308 candidates
[pass 1] 15: 1228000 docs, 127305 candidates
[pass 1] 15: 1237000 docs, 128217 candidates
[pass 1] 15: 1245000 docs, 129055 candidates
[pass 1] 15: 1246000 docs, 129161 candidates
[pass 1] 15: 1252000 docs, 129755 candidates
[pass 1] 15: 1255000 docs, 130067 candidates
[pass 1] 15: 1258000 docs, 130371 candidates
[pass 1] 15: 1259000 docs, 130483 candidates
[pass 1] 15: 1260000 docs, 130583 candidates
[pass 1] 15: 1266000 docs, 131221 candidates
[pass 1] 15: 1268000 docs, 131432 candidates
[pass 1] 15: 1269000 docs, 131557 candidates
[pass 1] 15: 1308000 docs, 135575 candidates
[pass 1] 15: 1320000 docs, 136809 candidates
[pass 1] 15: 1331000 docs, 137937 candidates
[pass 1] 15: 1357000 docs, 140647 candidates
[pass 1] 15: 1359000 docs, 140841 candidates
[pass 1] 15: 1373000 docs, 142226 candidates
[pass 1] 15: 1381000 docs, 143026 candidates
[pass 1] 15: 1385000 docs, 143444 candidates
[pass 1] 15: 1388000 docs, 143731 candidates
[pass 1] 15: 1389000 docs, 143831 candidates
[pass 1] 15: 1398000 docs, 144772 candidates
[pass 1] 15: 1401000 docs, 145080 candidates
[pass 1] 15: 1407000 docs, 145736 candidates
[pass 1] 15: 1408000 docs, 145840 candidates
[pass 1] 15: 1422000 docs, 147302 candidates
[pass 1] 15: 1425000 docs, 147609 candidates
[pass 1] 15: 1431000 docs, 148185 candidates
[pass 1] 15: 1449000 docs, 149997 candidates
[pass 1] 15: 1451000 docs, 150234 candidates
[pass 1] 15: 1452000 docs, 150329 candidates
[pass 1] 15: 1477000 docs, 152942 candidates
[pass 1] 15: 1482000 docs, 153474 candidates
[pass 1] 15: 1489000 docs, 154204 candidates
[pass 1] 15: 1533000 docs, 158719 candidates
[pass 1] 15: 1549000 docs, 160381 candidates
[pass 1] 15: 1556000 docs, 161107 candidates
[pass 1] 15: 1572000 docs, 162738 candidates
[pass 1] 15: 1590000 docs, 164528 candidates
[pass 1] 15: 1599000 docs, 165479 candidates
[pass 1] 15: 1606000 docs, 166209 candidates
[pass 1] 15: 1616000 docs, 167172 candidates
[pass 1] 15: 1617000 docs, 167258 candidates
[pass 1] 15: 1618000 docs, 167360 candidates
[pass 1] 15: 1626000 docs, 168185 candidates
[pass 1] 15: 1635000 docs, 169131 candidates
[pass 1] 15: 1639000 docs, 169536 candidates
[pass 1] 15: 1645000 docs, 170164 candidates
[pass 1] 15: 1647000 docs, 170381 candidates
[pass 1] 15: 1651000 docs, 170816 candidates
[pass 1] 15: 1658000 docs, 171552 candidates
[pass 1] 15: 1663000 docs, 172061 candidates
[pass 1] 15: 1666000 docs, 172375 candidates
[pass 1] 15: 1679000 docs, 173666 candidates
[pass 1] 15: 1686000 docs, 174419 candidates
[pass 1] 15: 1694000 docs, 175258 candidates
[pass 1] 15: 1711000 docs, 176994 candidates
[pass 1] 15: 1719000 docs, 177816 candidates
[pass 1] 15: 1726000 docs, 178492 candidates
[pass 1] 15: 1737000 docs, 179575 candidates
[pass 1] 15: 1749000 docs, 180783 candidates
[pass 1] 15: 1753000 docs, 181167 candidates
[pass 1] 15: 1755000 docs, 181347 candidates
[pass 1] 15: 1759000 docs, 181798 candidates
[pass 1] 15: 1772000 docs, 183120 candidates
[pass 1] 15: 1792000 docs, 185231 candidates
[pass 1] 15: 1798000 docs, 185860 candidates
[pass 1] 15: 1805000 docs, 186590 candidates
[pass 1] 15: 1806000 docs, 186701 candidates
[pass 1] 15: 1823000 docs, 188486 candidates
[pass 1] 15: 1830000 docs, 189247 candidates
[pass 1] 15: 1834000 docs, 189690 candidates
[pass 1] 15: 1847000 docs, 191112 candidates
[pass 1] 15: 1848000 docs, 191238 candidates
[pass 1] 15: 1853000 docs, 191736 candidates
[pass 1] 15: 1877000 docs, 194257 candidates
[pass 1] 15: 1880000 docs, 194585 candidates
[pass 1] 15: 1889000 docs, 195545 candidates
[pass 1] 15: 1897000 docs, 196358 candidates
[pass 1] 15: 1904000 docs, 197116 candidates
[pass 1] 15: 1905000 docs, 197221 candidates
[pass 1] 15: 1909000 docs, 197631 candidates
[pass 1] 15: 1916000 docs, 198403 candidates
[pass 1] 15: 1918000 docs, 198601 candidates
[pass 1] 15: 1923000 docs, 199141 candidates
[pass 1] 15: 1951000 docs, 202016 candidates
[pass 1] 15: 1969000 docs, 203842 candidates
[pass 1] 15: 1971000 docs, 204043 candidates
[pass 1] 15: 1991000 docs, 206093 candidates
[pass 1] 15: 2006000 docs, 207617 candidates
[pass 1] 15: 2022000 docs, 209260 candidates
[pass 1] 15: 2026000 docs, 209698 candidates
[pass 1] 15: 2034000 docs, 210466 candidates
[pass 1] 15: 2045000 docs, 211582 candidates
[pass 1] 15: 2058000 docs, 212888 candidates
[pass 1] 15: 2067000 docs, 213860 candidates
[pass 1] 15: 2077000 docs, 214906 candidates
[pass 1] 15: 2078000 docs, 215007 candidates
[pass 1] 15: 2092000 docs, 216475 candidates
[pass 1] 15: 2093000 docs, 216578 candidates
[pass 1] 15: 2100000 docs, 217331 candidates
[pass 1] 15: 2103000 docs, 217654 candidates
[pass 1] 15: 2116000 docs, 218941 candidates
[pass 1] 15: 2136000 docs, 220968 candidates
[pass 1] 15: 2160000 docs, 223448 candidates
[pass 1] 15: 2165000 docs, 223964 candidates
[pass 1] 15: 2184000 docs, 225896 candidates
[pass 1] 15: 2195000 docs, 227015 candidates
[pass 1] 15: 2222000 docs, 229847 candidates
[pass 1] 15: 2223000 docs, 229966 candidates
[pass 1] 15: 2229000 docs, 230615 candidates
[pass 1] 15: 2234000 docs, 231147 candidates
[pass 1] 15: 2236000 docs, 231339 candidates
[pass 1] 15: 2237000 docs, 231431 candidates
[pass 1] 15: 2241000 docs, 231881 candidates
[pass 1] 15: 2262000 docs, 234065 candidates
[pass 1] 15: 2264000 docs, 234244 candidates
[pass 1] 15: 2269000 docs, 234776 candidates
[pass 1] 15: 2271000 docs, 234995 candidates
[pass 1] 15: 2274000 docs, 235281 candidates
[pass 1] 15: 2302000 docs, 238119 candidates
[pass 1] 15: 2313000 docs, 239290 candidates
[pass 1] 15: 2324000 docs, 240440 candidates
[pass 1] 15: 2331000 docs, 241194 candidates
[pass 1] 15: 2332000 docs, 241284 candidates
[pass 1] 15: 2336000 docs, 241696 candidates
[pass 1] 15: 2342000 docs, 242300 candidates
[pass 1] 15: 2364000 docs, 244550 candidates
[pass 1] 15: 2367000 docs, 244852 candidates
[pass 1] 15: 2370000 docs, 245173 candidates
[pass 1] 15: 2373000 docs, 245514 candidates
[pass 1] 15: 2401000 docs, 248431 candidates
[pass 1] 15: 2407000 docs, 249051 candidates
[pass 1] 15: 2415000 docs, 249858 candidates
[pass 1] 15: 2423000 docs, 250719 candidates
[pass 1] 15: 2436000 docs, 252035 candidates
[pass 1] 15: 2450000 docs, 253531 candidates
[pass 1] 15: 2468000 docs, 255453 candidates
[pass 1] 15: 2473000 docs, 255960 candidates
[pass 1] 15: 2479000 docs, 256611 candidates
[pass 1] 15: 2488000 docs, 257520 candidates
[pass 1] 15: 2496000 docs, 258350 candidates
[pass 1] 15: 2498000 docs, 258542 candidates
[pass 1] 15: 2499000 docs, 258649 candidates
[pass 1] 15: 2504000 docs, 259134 candidates
[pass 1] 15: 2507000 docs, 259453 candidates
[pass 1] 15: 2520000 docs, 260794 candidates
[pass 1] 15: 2529000 docs, 261723 candidates
[pass 1] 15: 2534000 docs, 262240 candidates
[pass 1] 15: 2545000 docs, 263386 candidates
[pass 1] 15: 2566000 docs, 265555 candidates
[pass 1] 15: 2572000 docs, 266173 candidates
[pass 1] 15: 2576000 docs, 266583 candidates
[pass 1] 15: 2580000 docs, 266994 candidates
[pass 1] 15: 2597000 docs, 268810 candidates
[pass 1] 15: 2598000 docs, 268907 candidates
[pass 1] 15: 2601000 docs, 269203 candidates
[pass 1] 15: 2610000 docs, 270080 candidates
[pass 1] 15: 2622000 docs, 271355 candidates
[pass 1] 15: 2632000 docs, 272355 candidates
[pass 1] 15: 2654000 docs, 274580 candidates
[pass 1] 15: 2677000 docs, 276955 candidates
[pass 1] 15: 2681000 docs, 277378 candidates
[pass 1] 15: 2686000 docs, 277923 candidates
[pass 1] 15: 2692000 docs, 278545 candidates
[pass 1] 15: 2709000 docs, 280335 candidates
[pass 1] 15: 2716000 docs, 281032 candidates
[pass 1] 15: 2726000 docs, 282064 candidates
[pass 1] 15: 2732000 docs, 282674 candidates
[pass 1] 15: 2752000 docs, 284669 candidates
[pass 1] 15: 2756000 docs, 285067 candidates
[pass 1] 15: 2760000 docs, 285496 candidates
[pass 1] 15: 2761000 docs, 285601 candidates
[pass 1] 15: 2784000 docs, 288070 candidates
[pass 1] 15: 2785000 docs, 288175 candidates
[pass 1] 15: 2807000 docs, 290419 candidates
[pass 1] 15: 2810000 docs, 290748 candidates
[pass 1] 15: 2831000 docs, 292838 candidates
[pass 1] 15: 2852000 docs, 295020 candidates
[pass 1] 15: 2860000 docs, 295877 candidates
[pass 1] 15: 2869000 docs, 296791 candidates
[pass 1] 15: 2871000 docs, 296991 candidates
[pass 1] 15: 2892000 docs, 299195 candidates
[pass 1] 15: 2897000 docs, 299669 candidates
[pass 1] 15: 2902000 docs, 300140 candidates
[pass 1] 15: 2939000 docs, 303932 candidates
[pass 1] 15: 2942000 docs, 304252 candidates
[pass 1] 15: 2953000 docs, 305356 candidates
[pass 1] 15: 2963000 docs, 306378 candidates
[pass 1] 15: 2979000 docs, 308055 candidates
[pass 1] 15: 2985000 docs, 308670 candidates
[pass 1] 15: 2993000 docs, 309495 candidates
[pass 1] 15: 2998000 docs, 309984 candidates
[pass 1] 15: 3008000 docs, 311005 candidates
[pass 1] 15: 3011000 docs, 311317 candidates
[pass 1] 15: 3033000 docs, 313592 candidates
[pass 1] 15: 3046000 docs, 314906 candidates
[pass 1] 15: 3059000 docs, 316258 candidates
[pass 1] 15: 3061000 docs, 316468 candidates
[pass 1] 15: 3077000 docs, 318124 candidates
[pass 1] 15: 3080000 docs, 318424 candidates
[pass 1] 15: 3104000 docs, 320836 candidates
[pass 1] 15: 3110000 docs, 321447 candidates
[pass 1] 15: 3120000 docs, 322482 candidates
[pass 1] 15: 3145000 docs, 325099 candidates
[pass 1] 15: 3163000 docs, 326936 candidates
[pass 1] 15: 3170000 docs, 327712 candidates
[pass 1] 15: 3194000 docs, 330183 candidates
[pass 1] 15: 3202000 docs, 331016 candidates
[pass 1] 15: 3225000 docs, 333384 candidates
[pass 1] 15: 3233000 docs, 334176 candidates
[pass 1] 15: 3253000 docs, 336228 candidates
[pass 1] 15: 3257000 docs, 336641 candidates
[pass 1] 15: 3275000 docs, 338506 candidates
[pass 1] 15: 3308000 docs, 341962 candidates
[pass 1] 15: 3328000 docs, 344059 candidates
[pass 1] 15: 3346000 docs, 345865 candidates
[pass 1] 15: 3353000 docs, 346606 candidates
[pass 1] 15: 3360000 docs, 347320 candidates
[pass 1] 15: 3363000 docs, 347599 candidates
[pass 1] 15: 3367000 docs, 348057 candidates
[pass 1] 15: 3388000 docs, 350206 candidates
[pass 1] 15: 3406000 docs, 352078 candidates
[pass 1] 15: 3408000 docs, 352292 candidates
[pass 1] 15: 3426000 docs, 354119 candidates
[pass 1] 15: 3427000 docs, 354230 candidates
[pass 1] 15: 3433000 docs, 354843 candidates
[pass 1] 15: 3436000 docs, 355145 candidates
[pass 1] 15: 3439000 docs, 355456 candidates
[pass 1] 15: 3440000 docs, 355553 candidates
[pass 1] 15: 3441000 docs, 355647 candidates
[pass 1] 15: 3443000 docs, 355855 candidates
[pass 1] 15: 3457000 docs, 357280 candidates
[pass 1] 15: 3465000 docs, 358140 candidates
[pass 1] 15: 3468000 docs, 358443 candidates
[pass 1] 15: 3490000 docs, 360763 candidates
[pass 1] 15: 3494000 docs, 361191 candidates
[pass 1] 15: 3532000 docs, 365133 candidates
[pass 1] 15: 3533000 docs, 365224 candidates
[pass 1] 15: 3535000 docs, 365434 candidates
[pass 1] 15: 3566000 docs, 368560 candidates
[pass 1] 15: 3583000 docs, 370294 candidates
[pass 1] 15: 3586000 docs, 370598 candidates
[pass 1] 15: 3613000 docs, 373408 candidates
[pass 1] 15: 3634000 docs, 375689 candidates
[pass 1] 15: 3646000 docs, 376912 candidates
[pass 1] 15: 3661000 docs, 378492 candidates
[pass 1] 15: 3683000 docs, 380732 candidates
[pass 1] 15: 3684000 docs, 380811 candidates
[pass 1] 15: 3689000 docs, 381323 candidates
[pass 1] 15: 3698000 docs, 382204 candidates
[pass 1] 15: 3727000 docs, 385134 candidates
[pass 1] 15: 3728000 docs, 385262 candidates
[pass 1] 15: 3730000 docs, 385453 candidates
[pass 1] 15: 3748000 docs, 387309 candidates
[pass 1] 15: 3752000 docs, 387726 candidates
[pass 1] 15: 3761000 docs, 388609 candidates
[pass 1] 15: 3763000 docs, 388804 candidates
[pass 1] 15: 3767000 docs, 389193 candidates
[pass 1] 15: 3773000 docs, 389851 candidates
[pass 1] 15: 3775000 docs, 390064 candidates
[pass 1] 15: 3778000 docs, 390350 candidates
[pass 1] 15: 3783000 docs, 390853 candidates
[pass 1] 15: 3804000 docs, 393001 candidates
[pass 1] 15: 3807000 docs, 393325 candidates
[pass 1] 15: 3811000 docs, 393769 candidates
[pass 1] 15: 3827000 docs, 395409 candidates
[pass 1] 15: 3838000 docs, 396574 candidates
[pass 1] 15: 3848000 docs, 397586 candidates
[pass 1] 15: 3863000 docs, 399221 candidates
[pass 1] 15: 3875000 docs, 400448 candidates
[pass 1] 15: 3877000 docs, 400660 candidates
[pass 1] 15: 3886000 docs, 401545 candidates
[pass 1] 15: 3890000 docs, 401990 candidates
[pass 1] 15: 3896000 docs, 402632 candidates
[pass 1] 15: 3897000 docs, 402719 candidates
[pass 1] 15: 3914000 docs, 404448 candidates
[pass 1] 15: 3918000 docs, 404847 candidates
[pass 1] 15: 3930000 docs, 406074 candidates
[pass 1] 15: 3935000 docs, 406579 candidates
[pass 1] 15: 3955000 docs, 408603 candidates
[pass 1] 15: 3957000 docs, 408819 candidates
[pass 1] 15: 3978000 docs, 410981 candidates
[pass 1] 15: 3980000 docs, 411187 candidates
[pass 1] 15: 3981000 docs, 411294 candidates
[pass 1] 15: 3991000 docs, 412361 candidates
[pass 1] 15: 3992000 docs, 412477 candidates
[pass 1] 15: 4001000 docs, 413415 candidates
[pass 1] 15: 4027000 docs, 416036 candidates
[pass 1] 15: 4028000 docs, 416151 candidates
[pass 1] 15: 4040000 docs, 417416 candidates
[pass 1] 15: 4045000 docs, 417925 candidates
[pass 1] 15: 4047000 docs, 418137 candidates
[pass 1] 15: 4051000 docs, 418571 candidates
[pass 1] 15: 4058000 docs, 419304 candidates
[pass 1] 15: 4073000 docs, 420876 candidates
[pass 1] 15: 4085000 docs, 422062 candidates
[pass 1] 15: 4096000 docs, 423196 candidates
[pass 1] 15: 4102000 docs, 423806 candidates
[pass 1] 15: 4106000 docs, 424216 candidates
[pass 1] 15: 4108000 docs, 424443 candidates
[pass 1] 15: 4112000 docs, 424849 candidates
[pass 1] 15: 4114000 docs, 425066 candidates
[pass 1] 15: 4127000 docs, 426443 candidates
[pass 1] 15: 4140000 docs, 427760 candidates
[pass 1] 15: 4144000 docs, 428147 candidates
[pass 1] 15: 4195000 docs, 433398 candidates
[pass 1] 15: 4196000 docs, 433486 candidates
[pass 1] 15: 4201000 docs, 434011 candidates
[pass 1] 15: 4215000 docs, 435415 candidates
[pass 1] 15: 4224000 docs, 436354 candidates
[pass 1] 15: 4226000 docs, 436573 candidates
[pass 1] 15: 4229000 docs, 436882 candidates
[pass 1] 15: 4241000 docs, 438081 candidates
[pass 1] 15: 4258000 docs, 439828 candidates
[pass 1] 15: 4274000 docs, 441498 candidates
[pass 1] 15: 4290000 docs, 443139 candidates
[pass 1] 15: 4297000 docs, 443870 candidates
[pass 1] 15: 4305000 docs, 444707 candidates
[pass 1] 15: 4311000 docs, 445342 candidates
[pass 1] 15: 4334000 docs, 447723 candidates
[pass 1] 15: 4339000 docs, 448262 candidates
[pass 1] 15: 4356000 docs, 450068 candidates
[pass 1] 15: 4359000 docs, 450383 candidates
[pass 1] 15: 4361000 docs, 450606 candidates
[pass 1] 15: 4367000 docs, 451224 candidates
[pass 1] 15: 4384000 docs, 452976 candidates
[pass 1] 15: 4394000 docs, 454080 candidates
[pass 1] 15: 4397000 docs, 454424 candidates
[pass 1] 15: 4410000 docs, 455761 candidates
[pass 1] 15: 4418000 docs, 456581 candidates
[pass 1] 15: 4421000 docs, 456859 candidates
[pass 1] 15: 4423000 docs, 457076 candidates
[pass 1] 15: 4424000 docs, 457173 candidates
[pass 1] 15: 4435000 docs, 458213 candidates
[pass 1] 15: 4436000 docs, 458330 candidates
[pass 1] 15: 4465000 docs, 461342 candidates
[pass 1] 15: 4489000 docs, 463783 candidates
[pass 1] 15: 4514000 docs, 466443 candidates
[pass 1] 15: 4517000 docs, 466741 candidates
[pass 1] 15: 4529000 docs, 468006 candidates
[pass 1] 15: 4542000 docs, 469289 candidates
[pass 1] 15: 4565000 docs, 471688 candidates
[pass 1] 15: 4569000 docs, 472086 candidates
[pass 1] 15: 4572000 docs, 472438 candidates
[pass 1] 15: 4587000 docs, 473908 candidates
[pass 1] 15: 4588000 docs, 474020 candidates
[pass 1] 15: 4589000 docs, 474107 candidates
[pass 1] 15: 4592000 docs, 474445 candidates
[pass 1] 15: 4603000 docs, 475590 candidates
[pass 1] 15: 4607000 docs, 476007 candidates
[pass 1] 15: 4624000 docs, 477745 candidates
[pass 1] 15: 4641000 docs, 479504 candidates
[pass 1] 15: 4647000 docs, 480123 candidates
[pass 1] 15: 4648000 docs, 480223 candidates
[pass 1] 15: 4652000 docs, 480659 candidates
[pass 1] 15: 4663000 docs, 481753 candidates
[pass 1] 15: 4670000 docs, 482477 candidates
[pass 1] 15: 4676000 docs, 483079 candidates
[pass 1] 15: 4686000 docs, 484165 candidates
[pass 1] 15: 4688000 docs, 484371 candidates
[pass 1] 15: 4698000 docs, 485453 candidates
[pass 1] 15: 4700000 docs, 485652 candidates
[pass 1] 15: 4719000 docs, 487564 candidates
[pass 1] 15: 4741000 docs, 489796 candidates
[pass 1] 15: 4759000 docs, 491719 candidates
[pass 1] 15: 4763000 docs, 492155 candidates
[pass 1] 15: 4772000 docs, 493097 candidates
[pass 1] 15: 4775000 docs, 493416 candidates
[pass 1] 15: 4781000 docs, 494010 candidates
[pass 1] 15: 4782000 docs, 494133 candidates
[pass 1] 15: 4787000 docs, 494607 candidates
[pass 1] 15: 4802000 docs, 496199 candidates
[pass 1] 15: 4809000 docs, 496934 candidates
[pass 1] 15: 4813000 docs, 497378 candidates
[pass 1] 15: 4815000 docs, 497596 candidates
[pass 1] 15: 4828000 docs, 498942 candidates
[pass 1] 15: 4837000 docs, 499811 candidates
[pass 1] 15: 4849000 docs, 501090 candidates
[pass 1] 15: 4877000 docs, 503951 candidates
[pass 1] 15: 4883000 docs, 504589 candidates
[pass 1] 15: 4886000 docs, 504911 candidates
[pass 1] 15: 4896000 docs, 505924 candidates
[pass 1] 15: 4899000 docs, 506241 candidates
[pass 1] 15: 4901000 docs, 506441 candidates
[pass 1] 15: 4916000 docs, 508035 candidates
[pass 1] 15: 4922000 docs, 508633 candidates
[pass 1] 15: 4954000 docs, 511986 candidates
[pass 1] 15: 4955000 docs, 512091 candidates
[pass 1] 15: 4960000 docs, 512600 candidates
[pass 1] 15: 4965000 docs, 513124 candidates
[pass 1] 15: 4981000 docs, 514796 candidates
[pass 1] 15: 4987000 docs, 515398 candidates
[pass 1] 15: 4995000 docs, 516235 candidates
[pass 1] 15: 5019000 docs, 518753 candidates
[pass 1] 15: 5027000 docs, 519583 candidates
[pass 1] 15: 5031000 docs, 520015 candidates
[pass 1] 15: 5032000 docs, 520121 candidates
[pass 1] 15: 5040000 docs, 520979 candidates
[pass 1] 15: 5045000 docs, 521546 candidates
[pass 1] 15: 5048000 docs, 521872 candidates
[pass 1] 15: 5049000 docs, 521973 candidates
[pass 1] 15: 5077000 docs, 524948 candidates
[pass 1] 15: 5107000 docs, 527913 candidates
[pass 1] 15: 5109000 docs, 528143 candidates
[pass 1] 15: 5115000 docs, 528731 candidates
[pass 1] 15: 5120000 docs, 529227 candidates
[pass 1] 15: 5122000 docs, 529448 candidates
[pass 1] 15: 5133000 docs, 530664 candidates
[pass 1] 15: 5153000 docs, 532703 candidates
[pass 1] 15: 5154000 docs, 532803 candidates
[pass 1] 15: 5161000 docs, 533534 candidates
[pass 1] 15: 5173000 docs, 534790 candidates
[pass 1] 15: 5188000 docs, 536360 candidates
[pass 1] 15: 5196000 docs, 537202 candidates
[pass 1] 15: 5201000 docs, 537718 candidates
[pass 1] 15: 5212000 docs, 538868 candidates
[pass 1] 15: 5222000 docs, 539943 candidates
[pass 1] 15: 5227000 docs, 540455 candidates
[pass 1] 15: 5231000 docs, 540845 candidates
[pass 1] 15: 5241000 docs, 541854 candidates
[pass 1] 15: 5253000 docs, 543070 candidates
[pass 1] 15: 5273000 docs, 545178 candidates
[pass 1] 15: 5296000 docs, 547541 candidates
[pass 1] 15: 5305000 docs, 548453 candidates
[pass 1] 15: 5309000 docs, 548858 candidates
[pass 1] 15: 5319000 docs, 549876 candidates
[pass 1] 15: 5324000 docs, 550378 candidates
[pass 1] 15: 5332000 docs, 551212 candidates
[pass 1] 15: 5333000 docs, 551332 candidates
[pass 1] 15: 5335000 docs, 551518 candidates
[pass 1] 15: 5343000 docs, 552304 candidates
[pass 1] 15: 5344000 docs, 552415 candidates
[pass 1] 15: 5372000 docs, 555341 candidates
[pass 1] 15: 5373000 docs, 555472 candidates
[pass 1] 15: 5374000 docs, 555577 candidates
[pass 1] 15: 5375000 docs, 555695 candidates
[pass 1] 15: 5377000 docs, 555877 candidates
[pass 1] 15: 5378000 docs, 555982 candidates
[pass 1] 15: 5383000 docs, 556476 candidates
[pass 1] 15: 5406000 docs, 558910 candidates
[pass 1] 15: 5425000 docs, 560855 candidates
[pass 1] 15: 5439000 docs, 562323 candidates
[pass 1] 15: 5451000 docs, 563610 candidates
[pass 1] 15: 5454000 docs, 563918 candidates
[pass 1] 15: 5463000 docs, 564860 candidates
[pass 1] 15: 5495000 docs, 568224 candidates
[pass 1] 15: 5518000 docs, 570645 candidates
[pass 1] 15: 5523000 docs, 571167 candidates
[pass 1] 15: 5524000 docs, 571278 candidates
[pass 1] 15: 5541000 docs, 573050 candidates
[pass 1] 15: 5548000 docs, 573793 candidates
[pass 1] 15: 5549000 docs, 573891 candidates
[pass 1] 15: 5552000 docs, 574220 candidates
[pass 1] 15: 5580000 docs, 577158 candidates
[pass 1] 15: 5583000 docs, 577464 candidates
[pass 1] 15: 5603000 docs, 579540 candidates
[pass 1] 15: 5620000 docs, 581354 candidates
[pass 1] 15: 5622000 docs, 581548 candidates
[pass 1] 15: 5642000 docs, 583625 candidates
[pass 1] 15: 5649000 docs, 584347 candidates
[pass 1] 15: 5666000 docs, 586094 candidates
[pass 1] 15: 5685000 docs, 587971 candidates
[pass 1] 15: 5698000 docs, 589397 candidates
[pass 1] 15: 5710000 docs, 590717 candidates
[pass 1] 15: 5729000 docs, 592612 candidates
[pass 1] 15: 5745000 docs, 594286 candidates
[pass 1] 15: 5747000 docs, 594519 candidates
[pass 1] 15: 5762000 docs, 596044 candidates
[pass 1] 15: 5768000 docs, 596658 candidates
[pass 1] 15: 5775000 docs, 597352 candidates
[pass 1] 15: 5783000 docs, 598174 candidates
[pass 1] 15: 5790000 docs, 598867 candidates
[pass 1] 15: 5827000 docs, 602650 candidates
[pass 1] 15: 5841000 docs, 604085 candidates
[pass 1] 15: 5847000 docs, 604721 candidates
[pass 1] 15: 5848000 docs, 604830 candidates
[pass 1] 15: 5865000 docs, 606584 candidates
[pass 1] 15: 5877000 docs, 607793 candidates
[pass 1] 15: 5879000 docs, 607985 candidates
[pass 1] 15: 5894000 docs, 609527 candidates
[pass 1] done: 0 docs, 0 new records, yield=0.0/10K, 16458737ms
[pipeline] Flushed 10000 buffered records to store
[pipeline] Exported 0 paired records to /mnt/zfs-host/backup/projects/observer-vault/01-Projects/dataset-processor/output/paired-output.jsonl

[orchestrate] Pipeline max-passes
[orchestrate] Passes: 1, Total verb-records: 10000
  Pass 1: 0 docs, 610132 Tier-A, 0 Tier-B, 0 Tier-C, 0 records, yield=0.0/10K
