[orchestrate] Found 1 shard files
[pass 1] 04: 15000 docs, 1549 candidates
[pass 1] 04: 16000 docs, 1655 candidates
[pass 1] 04: 19000 docs, 1984 candidates
[pass 1] 04: 40000 docs, 4123 candidates
[pass 1] 04: 41000 docs, 4232 candidates
[pass 1] 04: 42000 docs, 4334 candidates
[pass 1] 04: 45000 docs, 4626 candidates
[pass 1] 04: 63000 docs, 6522 candidates
[pass 1] 04: 73000 docs, 7581 candidates
[pass 1] 04: 82000 docs, 8486 candidates
[pass 1] 04: 88000 docs, 9077 candidates
[pass 1] 04: 96000 docs, 9919 candidates
[pass 1] 04: 97000 docs, 10034 candidates
[pass 1] 04: 100000 docs, 10332 candidates
[pass 1] 04: 104000 docs, 10744 candidates
[pass 1] 04: 105000 docs, 10850 candidates
[pass 1] 04: 109000 docs, 11272 candidates
[pass 1] 04: 114000 docs, 11768 candidates
[pass 1] 04: 132000 docs, 13577 candidates
[pass 1] 04: 138000 docs, 14208 candidates
[pass 1] 04: 157000 docs, 16212 candidates
[pass 1] 04: 169000 docs, 17418 candidates
[pass 1] 04: 172000 docs, 17718 candidates
[pass 1] 04: 183000 docs, 18859 candidates
[pass 1] 04: 196000 docs, 20206 candidates
[pass 1] 04: 208000 docs, 21433 candidates
[pass 1] 04: 226000 docs, 23243 candidates
[pass 1] 04: 231000 docs, 23780 candidates
[pass 1] 04: 233000 docs, 24001 candidates
[pass 1] 04: 236000 docs, 24304 candidates
[pass 1] 04: 237000 docs, 24427 candidates
[pass 1] 04: 241000 docs, 24832 candidates
[pass 1] 04: 253000 docs, 26099 candidates
[pass 1] 04: 260000 docs, 26819 candidates
[pass 1] 04: 263000 docs, 27131 candidates
[pass 1] 04: 268000 docs, 27632 candidates
[pass 1] 04: 279000 docs, 28782 candidates
[pass 1] 04: 297000 docs, 30666 candidates
[pass 1] 04: 303000 docs, 31341 candidates
[pass 1] 04: 304000 docs, 31436 candidates
[pass 1] 04: 311000 docs, 32208 candidates
[pass 1] 04: 323000 docs, 33453 candidates
[pass 1] 04: 327000 docs, 33851 candidates
[pass 1] 04: 361000 docs, 37264 candidates
[pass 1] 04: 375000 docs, 38724 candidates
[pass 1] 04: 376000 docs, 38844 candidates
[pass 1] 04: 394000 docs, 40711 candidates
[pass 1] 04: 418000 docs, 43107 candidates
[pass 1] 04: 427000 docs, 44055 candidates
[pass 1] 04: 438000 docs, 45180 candidates
[pass 1] 04: 443000 docs, 45730 candidates
[pass 1] 04: 457000 docs, 47205 candidates
[pass 1] 04: 463000 docs, 47773 candidates
[pass 1] 04: 467000 docs, 48178 candidates
[pass 1] 04: 468000 docs, 48276 candidates
[pass 1] 04: 471000 docs, 48584 candidates
[pass 1] 04: 476000 docs, 49071 candidates
[pass 1] 04: 483000 docs, 49814 candidates
[pass 1] 04: 486000 docs, 50129 candidates
[pass 1] 04: 490000 docs, 50584 candidates
[pass 1] 04: 498000 docs, 51372 candidates
[pass 1] 04: 509000 docs, 52496 candidates
[pass 1] 04: 516000 docs, 53248 candidates
[pass 1] 04: 517000 docs, 53353 candidates
[pass 1] 04: 535000 docs, 55199 candidates
[pass 1] 04: 542000 docs, 55916 candidates
[pass 1] 04: 577000 docs, 59443 candidates
[pass 1] 04: 584000 docs, 60139 candidates
[pass 1] 04: 592000 docs, 60940 candidates
[pass 1] 04: 609000 docs, 62646 candidates
[pass 1] 04: 614000 docs, 63194 candidates
[pass 1] 04: 619000 docs, 63716 candidates
[pass 1] 04: 628000 docs, 64660 candidates
[pass 1] 04: 636000 docs, 65537 candidates
[pass 1] 04: 638000 docs, 65740 candidates
[pass 1] 04: 656000 docs, 67599 candidates
[pass 1] 04: 659000 docs, 67917 candidates
[pass 1] 04: 665000 docs, 68541 candidates
[pass 1] 04: 684000 docs, 70548 candidates
[pass 1] 04: 693000 docs, 71552 candidates
[pass 1] 04: 701000 docs, 72376 candidates
[pass 1] 04: 707000 docs, 72996 candidates
[pass 1] 04: 708000 docs, 73105 candidates
[pass 1] 04: 727000 docs, 75020 candidates
[pass 1] 04: 765000 docs, 78869 candidates
[pass 1] 04: 769000 docs, 79287 candidates
[pass 1] 04: 773000 docs, 79675 candidates
[pass 1] 04: 794000 docs, 81863 candidates
[pass 1] 04: 806000 docs, 83091 candidates
[pass 1] 04: 811000 docs, 83570 candidates
[pass 1] 04: 822000 docs, 84727 candidates
[pass 1] 04: 827000 docs, 85285 candidates
[pass 1] 04: 830000 docs, 85616 candidates
[pass 1] 04: 836000 docs, 86241 candidates
[pass 1] 04: 855000 docs, 88205 candidates
[pass 1] 04: 868000 docs, 89596 candidates
[pass 1] 04: 870000 docs, 89803 candidates
[pass 1] 04: 897000 docs, 92538 candidates
[pass 1] 04: 900000 docs, 92851 candidates
[pass 1] 04: 909000 docs, 93798 candidates
[pass 1] 04: 911000 docs, 93987 candidates
[pass 1] 04: 918000 docs, 94674 candidates
[pass 1] 04: 921000 docs, 94970 candidates
[pass 1] 04: 936000 docs, 96514 candidates
[pass 1] 04: 937000 docs, 96624 candidates
[pass 1] 04: 941000 docs, 97004 candidates
[pass 1] 04: 949000 docs, 97857 candidates
[pass 1] 04: 957000 docs, 98732 candidates
[pass 1] 04: 960000 docs, 99054 candidates
[pass 1] 04: 963000 docs, 99395 candidates
[pass 1] 04: 964000 docs, 99492 candidates
[pass 1] 04: 973000 docs, 100431 candidates
[pass 1] 04: 987000 docs, 101874 candidates
[pass 1] 04: 996000 docs, 102803 candidates
[pass 1] 04: 999000 docs, 103142 candidates
[pass 1] 04: 1002000 docs, 103456 candidates
[pass 1] 04: 1021000 docs, 105373 candidates
[pass 1] 04: 1023000 docs, 105585 candidates
[pass 1] 04: 1025000 docs, 105799 candidates
[pass 1] 04: 1031000 docs, 106422 candidates
[pass 1] 04: 1042000 docs, 107517 candidates
[pass 1] 04: 1058000 docs, 109208 candidates
[pass 1] 04: 1067000 docs, 110083 candidates
[pass 1] 04: 1068000 docs, 110196 candidates
[pass 1] 04: 1081000 docs, 111531 candidates
[pass 1] 04: 1082000 docs, 111633 candidates
[pass 1] 04: 1086000 docs, 112058 candidates
[pass 1] 04: 1098000 docs, 113334 candidates
[pass 1] 04: 1100000 docs, 113524 candidates
[pass 1] 04: 1124000 docs, 116035 candidates
[pass 1] 04: 1131000 docs, 116765 candidates
[pass 1] 04: 1146000 docs, 118278 candidates
[pass 1] 04: 1169000 docs, 120616 candidates
[pass 1] 04: 1173000 docs, 121013 candidates
[pass 1] 04: 1185000 docs, 122236 candidates
[pass 1] 04: 1193000 docs, 123031 candidates
[pass 1] 04: 1196000 docs, 123324 candidates
[pass 1] 04: 1206000 docs, 124329 candidates
[pass 1] 04: 1210000 docs, 124745 candidates
[pass 1] 04: 1213000 docs, 125033 candidates
[pass 1] 04: 1214000 docs, 125141 candidates
[pass 1] 04: 1223000 docs, 126028 candidates
[pass 1] 04: 1224000 docs, 126134 candidates
[pass 1] 04: 1231000 docs, 126822 candidates
[pass 1] 04: 1249000 docs, 128672 candidates
[pass 1] 04: 1251000 docs, 128887 candidates
[pass 1] 04: 1257000 docs, 129487 candidates
[pass 1] 04: 1273000 docs, 131104 candidates
[pass 1] 04: 1274000 docs, 131214 candidates
[pass 1] 04: 1286000 docs, 132427 candidates
[pass 1] 04: 1307000 docs, 134633 candidates
[pass 1] 04: 1308000 docs, 134733 candidates
[pass 1] 04: 1310000 docs, 134935 candidates
[pass 1] 04: 1334000 docs, 137441 candidates
[pass 1] 04: 1344000 docs, 138508 candidates
[pass 1] 04: 1345000 docs, 138600 candidates
[pass 1] 04: 1351000 docs, 139209 candidates
[pass 1] 04: 1365000 docs, 140682 candidates
[pass 1] 04: 1366000 docs, 140799 candidates
[pass 1] 04: 1369000 docs, 141132 candidates
[pass 1] 04: 1370000 docs, 141236 candidates
[pass 1] 04: 1377000 docs, 141958 candidates
[pass 1] 04: 1380000 docs, 142301 candidates
[pass 1] 04: 1381000 docs, 142419 candidates
[pass 1] 04: 1399000 docs, 144189 candidates
[pass 1] 04: 1408000 docs, 145089 candidates
[pass 1] 04: 1428000 docs, 147123 candidates
[pass 1] 04: 1429000 docs, 147248 candidates
[pass 1] 04: 1431000 docs, 147444 candidates
[pass 1] 04: 1434000 docs, 147731 candidates
[pass 1] 04: 1436000 docs, 147930 candidates
[pass 1] 04: 1454000 docs, 149820 candidates
[pass 1] 04: 1456000 docs, 150054 candidates
[pass 1] 04: 1462000 docs, 150656 candidates
[pass 1] 04: 1476000 docs, 152064 candidates
[pass 1] 04: 1502000 docs, 154786 candidates
[pass 1] 04: 1505000 docs, 155101 candidates
[pass 1] 04: 1512000 docs, 155832 candidates
[pass 1] 04: 1525000 docs, 157183 candidates
[pass 1] 04: 1533000 docs, 158027 candidates
[pass 1] 04: 1540000 docs, 158738 candidates
[pass 1] 04: 1547000 docs, 159461 candidates
[pass 1] 04: 1549000 docs, 159661 candidates
[pass 1] 04: 1558000 docs, 160535 candidates
[pass 1] 04: 1570000 docs, 161737 candidates
[pass 1] 04: 1571000 docs, 161836 candidates
[pass 1] 04: 1580000 docs, 162774 candidates
[pass 1] 04: 1598000 docs, 164609 candidates
[pass 1] 04: 1600000 docs, 164821 candidates
[pass 1] 04: 1603000 docs, 165125 candidates
[pass 1] 04: 1604000 docs, 165217 candidates
[pass 1] 04: 1628000 docs, 167667 candidates
[pass 1] 04: 1648000 docs, 169736 candidates
[pass 1] 04: 1657000 docs, 170682 candidates
[pass 1] 04: 1664000 docs, 171397 candidates
[pass 1] 04: 1679000 docs, 172966 candidates
[pass 1] 04: 1685000 docs, 173561 candidates
[pass 1] 04: 1694000 docs, 174494 candidates
[pass 1] 04: 1698000 docs, 174892 candidates
[pass 1] 04: 1705000 docs, 175608 candidates
[pass 1] 04: 1715000 docs, 176641 candidates
[pass 1] 04: 1717000 docs, 176855 candidates
[pass 1] 04: 1721000 docs, 177256 candidates
[pass 1] 04: 1724000 docs, 177537 candidates
[pass 1] 04: 1734000 docs, 178583 candidates
[pass 1] 04: 1735000 docs, 178670 candidates
[pass 1] 04: 1743000 docs, 179483 candidates
[pass 1] 04: 1746000 docs, 179810 candidates
[pass 1] 04: 1772000 docs, 182506 candidates
[pass 1] 04: 1774000 docs, 182712 candidates
[pass 1] 04: 1776000 docs, 182921 candidates
[pass 1] 04: 1785000 docs, 183885 candidates
[pass 1] 04: 1792000 docs, 184573 candidates
[pass 1] 04: 1823000 docs, 187806 candidates
[pass 1] 04: 1855000 docs, 191154 candidates
[pass 1] 04: 1857000 docs, 191361 candidates
[pass 1] 04: 1869000 docs, 192577 candidates
[pass 1] 04: 1873000 docs, 193008 candidates
[pass 1] 04: 1874000 docs, 193111 candidates
[pass 1] 04: 1891000 docs, 194896 candidates
[pass 1] 04: 1899000 docs, 195726 candidates
[pass 1] 04: 1901000 docs, 195904 candidates
[pass 1] 04: 1903000 docs, 196100 candidates
[pass 1] 04: 1912000 docs, 197048 candidates
[pass 1] 04: 1929000 docs, 198907 candidates
[pass 1] 04: 1948000 docs, 200889 candidates
[pass 1] 04: 1951000 docs, 201216 candidates
[pass 1] 04: 1953000 docs, 201416 candidates
[pass 1] 04: 1966000 docs, 202756 candidates
[pass 1] 04: 1979000 docs, 204057 candidates
[pass 1] 04: 1986000 docs, 204769 candidates
[pass 1] 04: 1988000 docs, 204971 candidates
[pass 1] 04: 1996000 docs, 205808 candidates
[pass 1] 04: 2003000 docs, 206554 candidates
[pass 1] 04: 2005000 docs, 206742 candidates
[pass 1] 04: 2006000 docs, 206849 candidates
[pass 1] 04: 2010000 docs, 207278 candidates
[pass 1] 04: 2014000 docs, 207676 candidates
[pass 1] 04: 2015000 docs, 207785 candidates
[pass 1] 04: 2019000 docs, 208197 candidates
[pass 1] 04: 2035000 docs, 209785 candidates
[pass 1] 04: 2050000 docs, 211315 candidates
[pass 1] 04: 2052000 docs, 211548 candidates
[pass 1] 04: 2056000 docs, 211962 candidates
[pass 1] 04: 2062000 docs, 212596 candidates
[pass 1] 04: 2074000 docs, 213829 candidates
[pass 1] 04: 2078000 docs, 214253 candidates
[pass 1] 04: 2094000 docs, 215864 candidates
[pass 1] 04: 2136000 docs, 220293 candidates
[pass 1] 04: 2137000 docs, 220407 candidates
[pass 1] 04: 2161000 docs, 222815 candidates
[pass 1] 04: 2169000 docs, 223678 candidates
[pass 1] 04: 2171000 docs, 223862 candidates
[pass 1] 04: 2175000 docs, 224232 candidates
[pass 1] 04: 2176000 docs, 224324 candidates
[pass 1] 04: 2177000 docs, 224445 candidates
[pass 1] 04: 2186000 docs, 225403 candidates
[pass 1] 04: 2191000 docs, 225931 candidates
[pass 1] 04: 2199000 docs, 226772 candidates
[pass 1] 04: 2205000 docs, 227381 candidates
[pass 1] 04: 2215000 docs, 228439 candidates
[pass 1] 04: 2216000 docs, 228532 candidates
[pass 1] 04: 2217000 docs, 228651 candidates
[pass 1] 04: 2279000 docs, 235019 candidates
[pass 1] 04: 2285000 docs, 235636 candidates
[pass 1] 04: 2287000 docs, 235841 candidates
[pass 1] 04: 2288000 docs, 235944 candidates
[pass 1] 04: 2289000 docs, 236045 candidates
[pass 1] 04: 2291000 docs, 236226 candidates
[pass 1] 04: 2307000 docs, 237882 candidates
[pass 1] 04: 2308000 docs, 237985 candidates
[pass 1] 04: 2316000 docs, 238822 candidates
[pass 1] 04: 2321000 docs, 239358 candidates
[pass 1] 04: 2323000 docs, 239564 candidates
[pass 1] 04: 2333000 docs, 240576 candidates
[pass 1] 04: 2355000 docs, 242839 candidates
[pass 1] 04: 2366000 docs, 243997 candidates
[pass 1] 04: 2373000 docs, 244726 candidates
[pass 1] 04: 2392000 docs, 246658 candidates
[pass 1] 04: 2393000 docs, 246753 candidates
[pass 1] 04: 2401000 docs, 247566 candidates
[pass 1] 04: 2421000 docs, 249635 candidates
[pass 1] 04: 2425000 docs, 250067 candidates
[pass 1] 04: 2448000 docs, 252477 candidates
[pass 1] 04: 2449000 docs, 252581 candidates
[pass 1] 04: 2454000 docs, 253093 candidates
[pass 1] 04: 2456000 docs, 253308 candidates
[pass 1] 04: 2461000 docs, 253837 candidates
[pass 1] 04: 2464000 docs, 254156 candidates
[pass 1] 04: 2467000 docs, 254440 candidates
[pass 1] 04: 2480000 docs, 255770 candidates
[pass 1] 04: 2488000 docs, 256585 candidates
[pass 1] 04: 2495000 docs, 257316 candidates
[pass 1] 04: 2498000 docs, 257642 candidates
[pass 1] 04: 2511000 docs, 258963 candidates
[pass 1] 04: 2525000 docs, 260418 candidates
[pass 1] 04: 2535000 docs, 261455 candidates
[pass 1] 04: 2540000 docs, 261985 candidates
[pass 1] 04: 2541000 docs, 262082 candidates
[pass 1] 04: 2557000 docs, 263733 candidates
[pass 1] 04: 2559000 docs, 263923 candidates
[pass 1] 04: 2561000 docs, 264126 candidates
[pass 1] 04: 2565000 docs, 264543 candidates
[pass 1] 04: 2581000 docs, 266264 candidates
[pass 1] 04: 2586000 docs, 266804 candidates
[pass 1] 04: 2587000 docs, 266917 candidates
[pass 1] 04: 2596000 docs, 267860 candidates
[pass 1] 04: 2608000 docs, 269103 candidates
[pass 1] 04: 2635000 docs, 271894 candidates
[pass 1] 04: 2645000 docs, 272954 candidates
[pass 1] 04: 2660000 docs, 274571 candidates
[pass 1] 04: 2685000 docs, 277201 candidates
[pass 1] 04: 2694000 docs, 278095 candidates
[pass 1] 04: 2698000 docs, 278525 candidates
[pass 1] 04: 2699000 docs, 278630 candidates
[pass 1] 04: 2714000 docs, 280192 candidates
[pass 1] 04: 2745000 docs, 283311 candidates
[pass 1] 04: 2749000 docs, 283696 candidates
[pass 1] 04: 2756000 docs, 284412 candidates
[pass 1] 04: 2766000 docs, 285430 candidates
[pass 1] 04: 2768000 docs, 285664 candidates
[pass 1] 04: 2798000 docs, 288735 candidates
[pass 1] 04: 2804000 docs, 289374 candidates
[pass 1] 04: 2805000 docs, 289465 candidates
[pass 1] 04: 2819000 docs, 290932 candidates
[pass 1] 04: 2829000 docs, 291952 candidates
[pass 1] 04: 2833000 docs, 292352 candidates
[pass 1] 04: 2841000 docs, 293157 candidates
[pass 1] 04: 2886000 docs, 297825 candidates
[pass 1] 04: 2893000 docs, 298575 candidates
[pass 1] 04: 2901000 docs, 299407 candidates
[pass 1] 04: 2910000 docs, 300351 candidates
[pass 1] 04: 2913000 docs, 300669 candidates
[pass 1] 04: 2914000 docs, 300779 candidates
[pass 1] 04: 2916000 docs, 300993 candidates
[pass 1] 04: 2919000 docs, 301297 candidates
[pass 1] 04: 2924000 docs, 301812 candidates
[pass 1] 04: 2967000 docs, 306337 candidates
[pass 1] 04: 2969000 docs, 306555 candidates
[pass 1] 04: 2975000 docs, 307221 candidates
[pass 1] 04: 2991000 docs, 308856 candidates
[pass 1] 04: 3000000 docs, 309799 candidates
[pass 1] 04: 3002000 docs, 310018 candidates
[pass 1] 04: 3011000 docs, 310975 candidates
[pass 1] 04: 3018000 docs, 311714 candidates
[pass 1] 04: 3021000 docs, 312037 candidates
[pass 1] 04: 3044000 docs, 314405 candidates
[pass 1] 04: 3048000 docs, 314828 candidates
[pass 1] 04: 3112000 docs, 321559 candidates
[pass 1] 04: 3116000 docs, 321977 candidates
[pass 1] 04: 3121000 docs, 322511 candidates
[pass 1] 04: 3123000 docs, 322696 candidates
[pass 1] 04: 3124000 docs, 322810 candidates
[pass 1] 04: 3126000 docs, 323024 candidates
[pass 1] 04: 3127000 docs, 323128 candidates
[pass 1] 04: 3142000 docs, 324618 candidates
[pass 1] 04: 3161000 docs, 326599 candidates
[pass 1] 04: 3170000 docs, 327530 candidates
[pass 1] 04: 3178000 docs, 328373 candidates
[pass 1] 04: 3181000 docs, 328697 candidates
[pass 1] 04: 3185000 docs, 329095 candidates
[pass 1] 04: 3204000 docs, 331068 candidates
[pass 1] 04: 3207000 docs, 331402 candidates
[pass 1] 04: 3224000 docs, 333076 candidates
[pass 1] 04: 3232000 docs, 333916 candidates
[pass 1] 04: 3235000 docs, 334199 candidates
[pass 1] 04: 3251000 docs, 335874 candidates
[pass 1] 04: 3260000 docs, 336759 candidates
[pass 1] 04: 3266000 docs, 337371 candidates
[pass 1] 04: 3272000 docs, 337989 candidates
[pass 1] 04: 3273000 docs, 338106 candidates
[pass 1] 04: 3277000 docs, 338509 candidates
[pass 1] 04: 3278000 docs, 338611 candidates
[pass 1] 04: 3284000 docs, 339212 candidates
[pass 1] 04: 3317000 docs, 342609 candidates
[pass 1] 04: 3324000 docs, 343366 candidates
[pass 1] 04: 3332000 docs, 344154 candidates
[pass 1] 04: 3333000 docs, 344267 candidates
[pass 1] 04: 3336000 docs, 344563 candidates
[pass 1] 04: 3337000 docs, 344675 candidates
[pass 1] 04: 3349000 docs, 345933 candidates
[pass 1] 04: 3350000 docs, 346019 candidates
[pass 1] 04: 3353000 docs, 346357 candidates
[pass 1] 04: 3357000 docs, 346778 candidates
[pass 1] 04: 3358000 docs, 346895 candidates
[pass 1] 04: 3380000 docs, 349201 candidates
[pass 1] 04: 3393000 docs, 350544 candidates
[pass 1] 04: 3394000 docs, 350652 candidates
[pass 1] 04: 3405000 docs, 351801 candidates
[pass 1] 04: 3407000 docs, 352009 candidates
[pass 1] 04: 3409000 docs, 352224 candidates
[pass 1] 04: 3423000 docs, 353656 candidates
[pass 1] 04: 3432000 docs, 354587 candidates
[pass 1] 04: 3438000 docs, 355203 candidates
[pass 1] 04: 3440000 docs, 355433 candidates
[pass 1] 04: 3458000 docs, 357278 candidates
[pass 1] 04: 3465000 docs, 358050 candidates
[pass 1] 04: 3471000 docs, 358690 candidates
[pass 1] 04: 3474000 docs, 359013 candidates
[pass 1] 04: 3483000 docs, 359944 candidates
[pass 1] 04: 3485000 docs, 360143 candidates
[pass 1] 04: 3491000 docs, 360757 candidates
[pass 1] 04: 3514000 docs, 363139 candidates
[pass 1] 04: 3528000 docs, 364622 candidates
[pass 1] 04: 3533000 docs, 365152 candidates
[pass 1] 04: 3546000 docs, 366513 candidates
[pass 1] 04: 3547000 docs, 366616 candidates
[pass 1] 04: 3564000 docs, 368360 candidates
[pass 1] 04: 3578000 docs, 369779 candidates
[pass 1] 04: 3582000 docs, 370238 candidates
[pass 1] 04: 3588000 docs, 370853 candidates
[pass 1] 04: 3592000 docs, 371282 candidates
[pass 1] 04: 3601000 docs, 372178 candidates
[pass 1] 04: 3602000 docs, 372279 candidates
[pass 1] 04: 3611000 docs, 373232 candidates
[pass 1] 04: 3612000 docs, 373344 candidates
[pass 1] 04: 3614000 docs, 373535 candidates
[pass 1] 04: 3617000 docs, 373841 candidates
[pass 1] 04: 3622000 docs, 374381 candidates
[pass 1] 04: 3660000 docs, 378332 candidates
[pass 1] 04: 3679000 docs, 380235 candidates
[pass 1] 04: 3689000 docs, 381282 candidates
[pass 1] 04: 3695000 docs, 381879 candidates
[pass 1] 04: 3713000 docs, 383732 candidates
[pass 1] 04: 3715000 docs, 383966 candidates
[pass 1] 04: 3718000 docs, 384268 candidates
[pass 1] 04: 3719000 docs, 384378 candidates
[pass 1] 04: 3723000 docs, 384792 candidates
[pass 1] 04: 3727000 docs, 385217 candidates
[pass 1] 04: 3744000 docs, 386965 candidates
[pass 1] 04: 3746000 docs, 387166 candidates
[pass 1] 04: 3750000 docs, 387560 candidates
[pass 1] 04: 3758000 docs, 388375 candidates
[pass 1] 04: 3770000 docs, 389612 candidates
[pass 1] 04: 3783000 docs, 390978 candidates
[pass 1] 04: 3785000 docs, 391177 candidates
[pass 1] 04: 3790000 docs, 391703 candidates
[pass 1] 04: 3791000 docs, 391803 candidates
[pass 1] 04: 3799000 docs, 392700 candidates
[pass 1] 04: 3810000 docs, 393847 candidates
[pass 1] 04: 3814000 docs, 394264 candidates
[pass 1] 04: 3830000 docs, 395888 candidates
[pass 1] 04: 3835000 docs, 396422 candidates
[pass 1] 04: 3842000 docs, 397104 candidates
[pass 1] 04: 3852000 docs, 398146 candidates
[pass 1] 04: 3857000 docs, 398659 candidates
[pass 1] 04: 3868000 docs, 399718 candidates
[pass 1] 04: 3882000 docs, 401170 candidates
[pass 1] 04: 3898000 docs, 402802 candidates
[pass 1] 04: 3908000 docs, 403842 candidates
[pass 1] 04: 3911000 docs, 404145 candidates
[pass 1] 04: 3917000 docs, 404796 candidates
[pass 1] 04: 3934000 docs, 406555 candidates
[pass 1] 04: 3943000 docs, 407504 candidates
[pass 1] 04: 3957000 docs, 408977 candidates
[pass 1] 04: 3960000 docs, 409277 candidates
[pass 1] 04: 3971000 docs, 410425 candidates
[pass 1] 04: 4021000 docs, 415500 candidates
[pass 1] 04: 4036000 docs, 417106 candidates
[pass 1] 04: 4053000 docs, 418930 candidates
[pass 1] 04: 4056000 docs, 419231 candidates
[pass 1] 04: 4070000 docs, 420634 candidates
[pass 1] 04: 4113000 docs, 424987 candidates
[pass 1] 04: 4114000 docs, 425095 candidates
[pass 1] 04: 4127000 docs, 426476 candidates
[pass 1] 04: 4136000 docs, 427314 candidates
[pass 1] 04: 4141000 docs, 427818 candidates
[pass 1] 04: 4155000 docs, 429295 candidates
[pass 1] 04: 4165000 docs, 430275 candidates
[pass 1] 04: 4175000 docs, 431314 candidates
[pass 1] 04: 4178000 docs, 431629 candidates
[pass 1] 04: 4193000 docs, 433158 candidates
[pass 1] 04: 4206000 docs, 434544 candidates
[pass 1] 04: 4208000 docs, 434745 candidates
[pass 1] 04: 4211000 docs, 435064 candidates
[pass 1] 04: 4213000 docs, 435264 candidates
[pass 1] 04: 4230000 docs, 437051 candidates
[pass 1] 04: 4231000 docs, 437163 candidates
[pass 1] 04: 4237000 docs, 437790 candidates
[pass 1] 04: 4240000 docs, 438110 candidates
[pass 1] 04: 4243000 docs, 438449 candidates
[pass 1] 04: 4244000 docs, 438556 candidates
[pass 1] 04: 4245000 docs, 438658 candidates
[pass 1] 04: 4251000 docs, 439250 candidates
[pass 1] 04: 4252000 docs, 439349 candidates
[pass 1] 04: 4254000 docs, 439546 candidates
[pass 1] 04: 4293000 docs, 443558 candidates
[pass 1] 04: 4294000 docs, 443654 candidates
[pass 1] 04: 4301000 docs, 444383 candidates
[pass 1] 04: 4302000 docs, 444486 candidates
[pass 1] 04: 4305000 docs, 444765 candidates
[pass 1] 04: 4307000 docs, 444952 candidates
[pass 1] 04: 4312000 docs, 445459 candidates
[pass 1] 04: 4321000 docs, 446375 candidates
[pass 1] 04: 4326000 docs, 446885 candidates
[pass 1] 04: 4334000 docs, 447691 candidates
[pass 1] 04: 4337000 docs, 447998 candidates
[pass 1] 04: 4339000 docs, 448196 candidates
[pass 1] 04: 4345000 docs, 448827 candidates
[pass 1] 04: 4351000 docs, 449444 candidates
[pass 1] 04: 4353000 docs, 449658 candidates
[pass 1] 04: 4358000 docs, 450172 candidates
[pass 1] 04: 4359000 docs, 450270 candidates
[pass 1] 04: 4360000 docs, 450366 candidates
[pass 1] 04: 4362000 docs, 450563 candidates
[pass 1] 04: 4375000 docs, 451932 candidates
[pass 1] 04: 4392000 docs, 453704 candidates
[pass 1] 04: 4393000 docs, 453814 candidates
[pass 1] 04: 4401000 docs, 454629 candidates
[pass 1] 04: 4410000 docs, 455551 candidates
[pass 1] 04: 4417000 docs, 456301 candidates
[pass 1] 04: 4424000 docs, 457009 candidates
[pass 1] 04: 4436000 docs, 458231 candidates
[pass 1] 04: 4445000 docs, 459211 candidates
[pass 1] 04: 4450000 docs, 459700 candidates
[pass 1] 04: 4454000 docs, 460097 candidates
[pass 1] 04: 4466000 docs, 461323 candidates
[pass 1] 04: 4471000 docs, 461821 candidates
[pass 1] 04: 4476000 docs, 462295 candidates
[pass 1] 04: 4480000 docs, 462744 candidates
[pass 1] 04: 4486000 docs, 463388 candidates
[pass 1] 04: 4493000 docs, 464101 candidates
[pass 1] 04: 4496000 docs, 464408 candidates
[pass 1] 04: 4497000 docs, 464509 candidates
[pass 1] 04: 4503000 docs, 465173 candidates
[pass 1] 04: 4504000 docs, 465263 candidates
[pass 1] 04: 4532000 docs, 468134 candidates
[pass 1] 04: 4535000 docs, 468478 candidates
[pass 1] 04: 4545000 docs, 469516 candidates
[pass 1] 04: 4553000 docs, 470361 candidates
[pass 1] 04: 4558000 docs, 470865 candidates
[pass 1] 04: 4566000 docs, 471692 candidates
[pass 1] 04: 4573000 docs, 472437 candidates
[pass 1] 04: 4574000 docs, 472537 candidates
[pass 1] 04: 4577000 docs, 472845 candidates
[pass 1] 04: 4583000 docs, 473475 candidates
[pass 1] 04: 4599000 docs, 475145 candidates
[pass 1] 04: 4621000 docs, 477443 candidates
[pass 1] 04: 4622000 docs, 477561 candidates
[pass 1] 04: 4631000 docs, 478500 candidates
[pass 1] 04: 4642000 docs, 479681 candidates
[pass 1] 04: 4647000 docs, 480193 candidates
[pass 1] 04: 4656000 docs, 481113 candidates
[pass 1] 04: 4659000 docs, 481413 candidates
[pass 1] 04: 4664000 docs, 481921 candidates
[pass 1] 04: 4672000 docs, 482786 candidates
[pass 1] 04: 4682000 docs, 483829 candidates
[pass 1] 04: 4683000 docs, 483940 candidates
[pass 1] 04: 4693000 docs, 484992 candidates
[pass 1] 04: 4697000 docs, 485360 candidates
[pass 1] 04: 4703000 docs, 485985 candidates
[pass 1] 04: 4704000 docs, 486087 candidates
[pass 1] 04: 4711000 docs, 486807 candidates
[pass 1] 04: 4716000 docs, 487328 candidates
[pass 1] 04: 4720000 docs, 487749 candidates
[pass 1] 04: 4762000 docs, 492131 candidates
[pass 1] 04: 4765000 docs, 492418 candidates
[pass 1] 04: 4775000 docs, 493403 candidates
[pass 1] 04: 4777000 docs, 493608 candidates
[pass 1] 04: 4782000 docs, 494133 candidates
[pass 1] 04: 4783000 docs, 494251 candidates
[pass 1] 04: 4792000 docs, 495229 candidates
[pass 1] 04: 4844000 docs, 500676 candidates
[pass 1] 04: 4855000 docs, 501798 candidates
[pass 1] 04: 4856000 docs, 501905 candidates
[pass 1] 04: 4866000 docs, 502993 candidates
[pass 1] 04: 4875000 docs, 503886 candidates
[pass 1] 04: 4884000 docs, 504782 candidates
[pass 1] 04: 4902000 docs, 506679 candidates
[pass 1] 04: 4916000 docs, 508109 candidates
[pass 1] 04: 4917000 docs, 508223 candidates
[pass 1] 04: 4936000 docs, 510201 candidates
[pass 1] 04: 4946000 docs, 511269 candidates
[pass 1] 04: 4950000 docs, 511676 candidates
[pass 1] 04: 4957000 docs, 512441 candidates
[pass 1] 04: 4958000 docs, 512541 candidates
[pass 1] 04: 4961000 docs, 512844 candidates
[pass 1] 04: 4971000 docs, 513869 candidates
[pass 1] 04: 4983000 docs, 515103 candidates
[pass 1] 04: 4984000 docs, 515203 candidates
[pass 1] 04: 4987000 docs, 515497 candidates
[pass 1] 04: 4997000 docs, 516535 candidates
[pass 1] 04: 5017000 docs, 518624 candidates
[pass 1] 04: 5021000 docs, 519040 candidates
[pass 1] 04: 5027000 docs, 519661 candidates
[pass 1] 04: 5031000 docs, 520078 candidates
[pass 1] 04: 5046000 docs, 521608 candidates
[pass 1] 04: 5062000 docs, 523321 candidates
[pass 1] 04: 5064000 docs, 523519 candidates
[pass 1] 04: 5089000 docs, 526105 candidates
[pass 1] 04: 5091000 docs, 526322 candidates
[pass 1] 04: 5100000 docs, 527200 candidates
[pass 1] 04: 5105000 docs, 527748 candidates
[pass 1] 04: 5109000 docs, 528135 candidates
[pass 1] 04: 5112000 docs, 528425 candidates
[pass 1] 04: 5124000 docs, 529677 candidates
[pass 1] 04: 5126000 docs, 529857 candidates
[pass 1] 04: 5142000 docs, 531519 candidates
[pass 1] 04: 5151000 docs, 532447 candidates
[pass 1] 04: 5166000 docs, 534006 candidates
[pass 1] 04: 5174000 docs, 534796 candidates
[pass 1] 04: 5202000 docs, 537805 candidates
[pass 1] 04: 5204000 docs, 537983 candidates
[pass 1] 04: 5205000 docs, 538082 candidates
[pass 1] 04: 5223000 docs, 539879 candidates
[pass 1] 04: 5233000 docs, 540958 candidates
[pass 1] 04: 5243000 docs, 541982 candidates
[pass 1] 04: 5252000 docs, 542938 candidates
[pass 1] 04: 5262000 docs, 543928 candidates
[pass 1] 04: 5289000 docs, 546778 candidates
[pass 1] 04: 5301000 docs, 548016 candidates
[pass 1] 04: 5310000 docs, 548962 candidates
[pass 1] 04: 5324000 docs, 550383 candidates
[pass 1] 04: 5333000 docs, 551293 candidates
[pass 1] 04: 5334000 docs, 551401 candidates
[pass 1] 04: 5346000 docs, 552609 candidates
[pass 1] 04: 5359000 docs, 554012 candidates
[pass 1] 04: 5362000 docs, 554319 candidates
[pass 1] 04: 5378000 docs, 555983 candidates
[pass 1] 04: 5382000 docs, 556400 candidates
[pass 1] 04: 5385000 docs, 556739 candidates
[pass 1] 04: 5386000 docs, 556837 candidates
[pass 1] 04: 5390000 docs, 557263 candidates
[pass 1] 04: 5397000 docs, 557982 candidates
[pass 1] 04: 5405000 docs, 558848 candidates
[pass 1] 04: 5416000 docs, 560015 candidates
[pass 1] 04: 5435000 docs, 561962 candidates
[pass 1] 04: 5445000 docs, 563024 candidates
[pass 1] 04: 5454000 docs, 563949 candidates
[pass 1] 04: 5458000 docs, 564323 candidates
[pass 1] 04: 5487000 docs, 567371 candidates
[pass 1] 04: 5504000 docs, 569146 candidates
[pass 1] 04: 5505000 docs, 569247 candidates
[pass 1] 04: 5506000 docs, 569357 candidates
[pass 1] 04: 5517000 docs, 570453 candidates
[pass 1] 04: 5519000 docs, 570668 candidates
[pass 1] 04: 5521000 docs, 570867 candidates
[pass 1] 04: 5522000 docs, 570980 candidates
[pass 1] 04: 5527000 docs, 571467 candidates
[pass 1] 04: 5536000 docs, 572399 candidates
[pass 1] 04: 5540000 docs, 572792 candidates
[pass 1] 04: 5544000 docs, 573175 candidates
[pass 1] 04: 5554000 docs, 574197 candidates
[pass 1] 04: 5566000 docs, 575420 candidates
[pass 1] 04: 5571000 docs, 575941 candidates
[pass 1] 04: 5584000 docs, 577296 candidates
[pass 1] 04: 5585000 docs, 577390 candidates
[pass 1] 04: 5596000 docs, 578541 candidates
[pass 1] 04: 5606000 docs, 579587 candidates
[pass 1] 04: 5610000 docs, 579993 candidates
[pass 1] 04: 5619000 docs, 580952 candidates
[pass 1] 04: 5626000 docs, 581645 candidates
[pass 1] 04: 5630000 docs, 582062 candidates
[pass 1] 04: 5645000 docs, 583661 candidates
[pass 1] 04: 5655000 docs, 584726 candidates
[pass 1] 04: 5658000 docs, 585057 candidates
[pass 1] 04: 5714000 docs, 590904 candidates
[pass 1] 04: 5718000 docs, 591344 candidates
[pass 1] 04: 5729000 docs, 592475 candidates
[pass 1] 04: 5770000 docs, 596676 candidates
[pass 1] 04: 5773000 docs, 596999 candidates
[pass 1] 04: 5780000 docs, 597698 candidates
[pass 1] 04: 5781000 docs, 597796 candidates
[pass 1] 04: 5785000 docs, 598221 candidates
[pass 1] 04: 5799000 docs, 599679 candidates
[pass 1] 04: 5811000 docs, 600964 candidates
[pass 1] 04: 5826000 docs, 602519 candidates
[pass 1] 04: 5854000 docs, 605421 candidates
[pass 1] 04: 5863000 docs, 606416 candidates
[pass 1] 04: 5884000 docs, 608579 candidates
[pass 1] 04: 5892000 docs, 609432 candidates
[pass 1] done: 0 docs, 0 new records, yield=0.0/10K, 15353426ms
[pipeline] Flushed 10000 buffered records to store
[pipeline] Exported 0 paired records to /mnt/zfs-host/backup/projects/observer-vault/01-Projects/dataset-processor/output/paired-output.jsonl

[orchestrate] Pipeline max-passes
[orchestrate] Passes: 1, Total verb-records: 10000
  Pass 1: 0 docs, 610218 Tier-A, 0 Tier-B, 0 Tier-C, 0 records, yield=0.0/10K
