[orchestrate] Found 1 shard files
[pass 1] 06: 9000 docs, 923 candidates
[pass 1] 06: 21000 docs, 2173 candidates
[pass 1] 06: 22000 docs, 2271 candidates
[pass 1] 06: 24000 docs, 2488 candidates
[pass 1] 06: 32000 docs, 3374 candidates
[pass 1] 06: 39000 docs, 4067 candidates
[pass 1] 06: 40000 docs, 4168 candidates
[pass 1] 06: 70000 docs, 7364 candidates
[pass 1] 06: 87000 docs, 9230 candidates
[pass 1] 06: 102000 docs, 10801 candidates
[pass 1] 06: 115000 docs, 12189 candidates
[pass 1] 06: 133000 docs, 14016 candidates
[pass 1] 06: 153000 docs, 16127 candidates
[pass 1] 06: 175000 docs, 18423 candidates
[pass 1] 06: 210000 docs, 22110 candidates
[pass 1] 06: 222000 docs, 23324 candidates
[pass 1] 06: 242000 docs, 25400 candidates
[pass 1] 06: 253000 docs, 26433 candidates
[pass 1] 06: 255000 docs, 26645 candidates
[pass 1] 06: 264000 docs, 27610 candidates
[pass 1] 06: 265000 docs, 27715 candidates
[pass 1] 06: 279000 docs, 29183 candidates
[pass 1] 06: 293000 docs, 30549 candidates
[pass 1] 06: 294000 docs, 30664 candidates
[pass 1] 06: 304000 docs, 31684 candidates
[pass 1] 06: 324000 docs, 33759 candidates
[pass 1] 06: 333000 docs, 34639 candidates
[pass 1] 06: 335000 docs, 34829 candidates
[pass 1] 06: 342000 docs, 35543 candidates
[pass 1] 06: 344000 docs, 35744 candidates
[pass 1] 06: 347000 docs, 36061 candidates
[pass 1] 06: 366000 docs, 37950 candidates
[pass 1] 06: 384000 docs, 39797 candidates
[pass 1] 06: 416000 docs, 43073 candidates
[pass 1] 06: 433000 docs, 44892 candidates
[pass 1] 06: 441000 docs, 45681 candidates
[pass 1] 06: 445000 docs, 46083 candidates
[pass 1] 06: 461000 docs, 47686 candidates
[pass 1] 06: 468000 docs, 48395 candidates
[pass 1] 06: 527000 docs, 54530 candidates
[pass 1] 06: 534000 docs, 55250 candidates
[pass 1] 06: 535000 docs, 55372 candidates
[pass 1] 06: 547000 docs, 56655 candidates
[pass 1] 06: 554000 docs, 57410 candidates
[pass 1] 06: 567000 docs, 58737 candidates
[pass 1] 06: 589000 docs, 61015 candidates
[pass 1] 06: 590000 docs, 61119 candidates
[pass 1] 06: 612000 docs, 63393 candidates
[pass 1] 06: 615000 docs, 63705 candidates
[pass 1] 06: 626000 docs, 64773 candidates
[pass 1] 06: 642000 docs, 66444 candidates
[pass 1] 06: 644000 docs, 66661 candidates
[pass 1] 06: 647000 docs, 66979 candidates
[pass 1] 06: 651000 docs, 67379 candidates
[pass 1] 06: 654000 docs, 67682 candidates
[pass 1] 06: 661000 docs, 68427 candidates
[pass 1] 06: 667000 docs, 69031 candidates
[pass 1] 06: 682000 docs, 70580 candidates
[pass 1] 06: 683000 docs, 70701 candidates
[pass 1] 06: 686000 docs, 70994 candidates
[pass 1] 06: 700000 docs, 72457 candidates
[pass 1] 06: 711000 docs, 73648 candidates
[pass 1] 06: 718000 docs, 74396 candidates
[pass 1] 06: 720000 docs, 74591 candidates
[pass 1] 06: 736000 docs, 76226 candidates
[pass 1] 06: 737000 docs, 76321 candidates
[pass 1] 06: 738000 docs, 76435 candidates
[pass 1] 06: 739000 docs, 76545 candidates
[pass 1] 06: 742000 docs, 76842 candidates
[pass 1] 06: 758000 docs, 78462 candidates
[pass 1] 06: 761000 docs, 78786 candidates
[pass 1] 06: 765000 docs, 79175 candidates
[pass 1] 06: 778000 docs, 80541 candidates
[pass 1] 06: 781000 docs, 80847 candidates
[pass 1] 06: 789000 docs, 81709 candidates
[pass 1] 06: 799000 docs, 82760 candidates
[pass 1] 06: 803000 docs, 83168 candidates
[pass 1] 06: 806000 docs, 83497 candidates
[pass 1] 06: 818000 docs, 84762 candidates
[pass 1] 06: 846000 docs, 87669 candidates
[pass 1] 06: 867000 docs, 89853 candidates
[pass 1] 06: 868000 docs, 89954 candidates
[pass 1] 06: 871000 docs, 90283 candidates
[pass 1] 06: 875000 docs, 90691 candidates
[pass 1] 06: 889000 docs, 92123 candidates
[pass 1] 06: 900000 docs, 93252 candidates
[pass 1] 06: 901000 docs, 93362 candidates
[pass 1] 06: 905000 docs, 93768 candidates
[pass 1] 06: 909000 docs, 94156 candidates
[pass 1] 06: 911000 docs, 94348 candidates
[pass 1] 06: 914000 docs, 94650 candidates
[pass 1] 06: 918000 docs, 95058 candidates
[pass 1] 06: 948000 docs, 98193 candidates
[pass 1] 06: 965000 docs, 99973 candidates
[pass 1] 06: 976000 docs, 101119 candidates
[pass 1] 06: 993000 docs, 102864 candidates
[pass 1] 06: 994000 docs, 102973 candidates
[pass 1] 06: 999000 docs, 103548 candidates
[pass 1] 06: 1004000 docs, 104107 candidates
[pass 1] 06: 1015000 docs, 105253 candidates
[pass 1] 06: 1016000 docs, 105355 candidates
[pass 1] 06: 1024000 docs, 106162 candidates
[pass 1] 06: 1027000 docs, 106457 candidates
[pass 1] 06: 1028000 docs, 106546 candidates
[pass 1] 06: 1037000 docs, 107449 candidates
[pass 1] 06: 1050000 docs, 108742 candidates
[pass 1] 06: 1065000 docs, 110304 candidates
[pass 1] 06: 1086000 docs, 112448 candidates
[pass 1] 06: 1091000 docs, 112964 candidates
[pass 1] 06: 1102000 docs, 114072 candidates
[pass 1] 06: 1103000 docs, 114175 candidates
[pass 1] 06: 1111000 docs, 114927 candidates
[pass 1] 06: 1118000 docs, 115623 candidates
[pass 1] 06: 1120000 docs, 115823 candidates
[pass 1] 06: 1134000 docs, 117297 candidates
[pass 1] 06: 1155000 docs, 119470 candidates
[pass 1] 06: 1157000 docs, 119671 candidates
[pass 1] 06: 1168000 docs, 120787 candidates
[pass 1] 06: 1184000 docs, 122454 candidates
[pass 1] 06: 1188000 docs, 122859 candidates
[pass 1] 06: 1193000 docs, 123369 candidates
[pass 1] 06: 1198000 docs, 123856 candidates
[pass 1] 06: 1202000 docs, 124309 candidates
[pass 1] 06: 1206000 docs, 124723 candidates
[pass 1] 06: 1211000 docs, 125196 candidates
[pass 1] 06: 1220000 docs, 126113 candidates
[pass 1] 06: 1222000 docs, 126325 candidates
[pass 1] 06: 1223000 docs, 126420 candidates
[pass 1] 06: 1224000 docs, 126522 candidates
[pass 1] 06: 1233000 docs, 127444 candidates
[pass 1] 06: 1234000 docs, 127567 candidates
[pass 1] 06: 1235000 docs, 127674 candidates
[pass 1] 06: 1245000 docs, 128745 candidates
[pass 1] 06: 1269000 docs, 131257 candidates
[pass 1] 06: 1274000 docs, 131793 candidates
[pass 1] 06: 1282000 docs, 132637 candidates
[pass 1] 06: 1293000 docs, 133788 candidates
[pass 1] 06: 1301000 docs, 134701 candidates
[pass 1] 06: 1303000 docs, 134887 candidates
[pass 1] 06: 1305000 docs, 135081 candidates
[pass 1] 06: 1318000 docs, 136407 candidates
[pass 1] 06: 1325000 docs, 137130 candidates
[pass 1] 06: 1329000 docs, 137551 candidates
[pass 1] 06: 1338000 docs, 138520 candidates
[pass 1] 06: 1339000 docs, 138638 candidates
[pass 1] 06: 1348000 docs, 139567 candidates
[pass 1] 06: 1350000 docs, 139766 candidates
[pass 1] 06: 1370000 docs, 141778 candidates
[pass 1] 06: 1375000 docs, 142326 candidates
[pass 1] 06: 1379000 docs, 142750 candidates
[pass 1] 06: 1409000 docs, 145823 candidates
[pass 1] 06: 1412000 docs, 146116 candidates
[pass 1] 06: 1422000 docs, 147113 candidates
[pass 1] 06: 1426000 docs, 147532 candidates
[pass 1] 06: 1429000 docs, 147815 candidates
[pass 1] 06: 1438000 docs, 148759 candidates
[pass 1] 06: 1440000 docs, 148948 candidates
[pass 1] 06: 1445000 docs, 149457 candidates
[pass 1] 06: 1446000 docs, 149576 candidates
[pass 1] 06: 1466000 docs, 151612 candidates
[pass 1] 06: 1472000 docs, 152286 candidates
[pass 1] 06: 1486000 docs, 153754 candidates
[pass 1] 06: 1507000 docs, 155898 candidates
[pass 1] 06: 1563000 docs, 161801 candidates
[pass 1] 06: 1590000 docs, 164586 candidates
[pass 1] 06: 1603000 docs, 165861 candidates
[pass 1] 06: 1608000 docs, 166381 candidates
[pass 1] 06: 1625000 docs, 168094 candidates
[pass 1] 06: 1627000 docs, 168282 candidates
[pass 1] 06: 1634000 docs, 168972 candidates
[pass 1] 06: 1635000 docs, 169079 candidates
[pass 1] 06: 1636000 docs, 169176 candidates
[pass 1] 06: 1653000 docs, 170874 candidates
[pass 1] 06: 1654000 docs, 170991 candidates
[pass 1] 06: 1671000 docs, 172786 candidates
[pass 1] 06: 1672000 docs, 172908 candidates
[pass 1] 06: 1673000 docs, 173011 candidates
[pass 1] 06: 1695000 docs, 175323 candidates
[pass 1] 06: 1701000 docs, 175963 candidates
[pass 1] 06: 1703000 docs, 176157 candidates
[pass 1] 06: 1709000 docs, 176731 candidates
[pass 1] 06: 1710000 docs, 176844 candidates
[pass 1] 06: 1717000 docs, 177551 candidates
[pass 1] 06: 1720000 docs, 177865 candidates
[pass 1] 06: 1727000 docs, 178571 candidates
[pass 1] 06: 1733000 docs, 179180 candidates
[pass 1] 06: 1741000 docs, 179999 candidates
[pass 1] 06: 1751000 docs, 181067 candidates
[pass 1] 06: 1766000 docs, 182629 candidates
[pass 1] 06: 1770000 docs, 183065 candidates
[pass 1] 06: 1776000 docs, 183710 candidates
[pass 1] 06: 1778000 docs, 183902 candidates
[pass 1] 06: 1781000 docs, 184184 candidates
[pass 1] 06: 1787000 docs, 184807 candidates
[pass 1] 06: 1802000 docs, 186378 candidates
[pass 1] 06: 1804000 docs, 186576 candidates
[pass 1] 06: 1808000 docs, 186975 candidates
[pass 1] 06: 1811000 docs, 187277 candidates
[pass 1] 06: 1816000 docs, 187782 candidates
[pass 1] 06: 1828000 docs, 189045 candidates
[pass 1] 06: 1831000 docs, 189330 candidates
[pass 1] 06: 1833000 docs, 189560 candidates
[pass 1] 06: 1840000 docs, 190274 candidates
[pass 1] 06: 1841000 docs, 190386 candidates
[pass 1] 06: 1842000 docs, 190505 candidates
[pass 1] 06: 1875000 docs, 193970 candidates
[pass 1] 06: 1876000 docs, 194062 candidates
[pass 1] 06: 1878000 docs, 194266 candidates
[pass 1] 06: 1883000 docs, 194765 candidates
[pass 1] 06: 1892000 docs, 195680 candidates
[pass 1] 06: 1905000 docs, 196993 candidates
[pass 1] 06: 1910000 docs, 197472 candidates
[pass 1] 06: 1912000 docs, 197682 candidates
[pass 1] 06: 1973000 docs, 203971 candidates
[pass 1] 06: 1976000 docs, 204286 candidates
[pass 1] 06: 1979000 docs, 204570 candidates
[pass 1] 06: 2040000 docs, 210792 candidates
[pass 1] 06: 2042000 docs, 211019 candidates
[pass 1] 06: 2048000 docs, 211657 candidates
[pass 1] 06: 2065000 docs, 213326 candidates
[pass 1] 06: 2067000 docs, 213528 candidates
[pass 1] 06: 2092000 docs, 216124 candidates
[pass 1] 06: 2099000 docs, 216875 candidates
[pass 1] 06: 2102000 docs, 217172 candidates
[pass 1] 06: 2108000 docs, 217755 candidates
[pass 1] 06: 2110000 docs, 217968 candidates
[pass 1] 06: 2112000 docs, 218185 candidates
[pass 1] 06: 2124000 docs, 219402 candidates
[pass 1] 06: 2126000 docs, 219613 candidates
[pass 1] 06: 2134000 docs, 220432 candidates
[pass 1] 06: 2135000 docs, 220541 candidates
[pass 1] 06: 2146000 docs, 221678 candidates
[pass 1] 06: 2155000 docs, 222632 candidates
[pass 1] 06: 2172000 docs, 224387 candidates
[pass 1] 06: 2180000 docs, 225213 candidates
[pass 1] 06: 2205000 docs, 227809 candidates
[pass 1] 06: 2228000 docs, 230176 candidates
[pass 1] 06: 2240000 docs, 231351 candidates
[pass 1] 06: 2246000 docs, 231958 candidates
[pass 1] 06: 2247000 docs, 232042 candidates
[pass 1] 06: 2249000 docs, 232267 candidates
[pass 1] 06: 2252000 docs, 232589 candidates
[pass 1] 06: 2270000 docs, 234422 candidates
[pass 1] 06: 2283000 docs, 235854 candidates
[pass 1] 06: 2288000 docs, 236354 candidates
[pass 1] 06: 2289000 docs, 236460 candidates
[pass 1] 06: 2291000 docs, 236680 candidates
[pass 1] 06: 2293000 docs, 236903 candidates
[pass 1] 06: 2295000 docs, 237095 candidates
[pass 1] 06: 2331000 docs, 240892 candidates
[pass 1] 06: 2333000 docs, 241079 candidates
[pass 1] 06: 2340000 docs, 241819 candidates
[pass 1] 06: 2344000 docs, 242258 candidates
[pass 1] 06: 2370000 docs, 244901 candidates
[pass 1] 06: 2374000 docs, 245278 candidates
[pass 1] 06: 2385000 docs, 246426 candidates
[pass 1] 06: 2406000 docs, 248599 candidates
[pass 1] 06: 2434000 docs, 251508 candidates
[pass 1] 06: 2435000 docs, 251610 candidates
[pass 1] 06: 2442000 docs, 252346 candidates
[pass 1] 06: 2443000 docs, 252457 candidates
[pass 1] 06: 2454000 docs, 253542 candidates
[pass 1] 06: 2465000 docs, 254693 candidates
[pass 1] 06: 2470000 docs, 255203 candidates
[pass 1] 06: 2479000 docs, 256149 candidates
[pass 1] 06: 2481000 docs, 256358 candidates
[pass 1] 06: 2496000 docs, 257929 candidates
[pass 1] 06: 2505000 docs, 258806 candidates
[pass 1] 06: 2506000 docs, 258897 candidates
[pass 1] 06: 2512000 docs, 259511 candidates
[pass 1] 06: 2529000 docs, 261190 candidates
[pass 1] 06: 2537000 docs, 261998 candidates
[pass 1] 06: 2538000 docs, 262092 candidates
[pass 1] 06: 2540000 docs, 262290 candidates
[pass 1] 06: 2577000 docs, 266048 candidates
[pass 1] 06: 2592000 docs, 267603 candidates
[pass 1] 06: 2594000 docs, 267836 candidates
[pass 1] 06: 2596000 docs, 268029 candidates
[pass 1] 06: 2601000 docs, 268556 candidates
[pass 1] 06: 2605000 docs, 268996 candidates
[pass 1] 06: 2609000 docs, 269402 candidates
[pass 1] 06: 2628000 docs, 271448 candidates
[pass 1] 06: 2631000 docs, 271769 candidates
[pass 1] 06: 2642000 docs, 272867 candidates
[pass 1] 06: 2646000 docs, 273260 candidates
[pass 1] 06: 2648000 docs, 273468 candidates
[pass 1] 06: 2652000 docs, 273866 candidates
[pass 1] 06: 2678000 docs, 276519 candidates
[pass 1] 06: 2685000 docs, 277261 candidates
[pass 1] 06: 2686000 docs, 277360 candidates
[pass 1] 06: 2688000 docs, 277585 candidates
[pass 1] 06: 2691000 docs, 277901 candidates
[pass 1] 06: 2700000 docs, 278863 candidates
[pass 1] 06: 2702000 docs, 279070 candidates
[pass 1] 06: 2703000 docs, 279167 candidates
[pass 1] 06: 2712000 docs, 280074 candidates
[pass 1] 06: 2713000 docs, 280180 candidates
[pass 1] 06: 2714000 docs, 280278 candidates
[pass 1] 06: 2715000 docs, 280392 candidates
[pass 1] 06: 2716000 docs, 280491 candidates
[pass 1] 06: 2745000 docs, 283492 candidates
[pass 1] 06: 2754000 docs, 284461 candidates
[pass 1] 06: 2755000 docs, 284554 candidates
[pass 1] 06: 2764000 docs, 285443 candidates
[pass 1] 06: 2770000 docs, 286048 candidates
[pass 1] 06: 2779000 docs, 286997 candidates
[pass 1] 06: 2784000 docs, 287485 candidates
[pass 1] 06: 2790000 docs, 288086 candidates
[pass 1] 06: 2815000 docs, 290704 candidates
[pass 1] 06: 2816000 docs, 290804 candidates
[pass 1] 06: 2818000 docs, 291012 candidates
[pass 1] 06: 2824000 docs, 291625 candidates
[pass 1] 06: 2841000 docs, 293404 candidates
[pass 1] 06: 2849000 docs, 294221 candidates
[pass 1] 06: 2850000 docs, 294319 candidates
[pass 1] 06: 2866000 docs, 295908 candidates
[pass 1] 06: 2867000 docs, 296007 candidates
[pass 1] 06: 2876000 docs, 296961 candidates
[pass 1] 06: 2891000 docs, 298499 candidates
[pass 1] 06: 2901000 docs, 299557 candidates
[pass 1] 06: 2902000 docs, 299652 candidates
[pass 1] 06: 2911000 docs, 300581 candidates
[pass 1] 06: 2915000 docs, 300992 candidates
[pass 1] 06: 2939000 docs, 303509 candidates
[pass 1] 06: 2948000 docs, 304439 candidates
[pass 1] 06: 2977000 docs, 307418 candidates
[pass 1] 06: 2988000 docs, 308580 candidates
[pass 1] 06: 3003000 docs, 310108 candidates
[pass 1] 06: 3012000 docs, 310994 candidates
[pass 1] 06: 3015000 docs, 311304 candidates
[pass 1] 06: 3040000 docs, 313858 candidates
[pass 1] 06: 3041000 docs, 313948 candidates
[pass 1] 06: 3048000 docs, 314690 candidates
[pass 1] 06: 3052000 docs, 315081 candidates
[pass 1] 06: 3075000 docs, 317449 candidates
[pass 1] 06: 3082000 docs, 318143 candidates
[pass 1] 06: 3107000 docs, 320702 candidates
[pass 1] 06: 3115000 docs, 321516 candidates
[pass 1] 06: 3132000 docs, 323225 candidates
[pass 1] 06: 3138000 docs, 323864 candidates
[pass 1] 06: 3159000 docs, 326081 candidates
[pass 1] 06: 3164000 docs, 326569 candidates
[pass 1] 06: 3165000 docs, 326678 candidates
[pass 1] 06: 3173000 docs, 327421 candidates
[pass 1] 06: 3188000 docs, 328921 candidates
[pass 1] 06: 3216000 docs, 331807 candidates
[pass 1] 06: 3241000 docs, 334374 candidates
[pass 1] 06: 3255000 docs, 335851 candidates
[pass 1] 06: 3259000 docs, 336294 candidates
[pass 1] 06: 3266000 docs, 337051 candidates
[pass 1] 06: 3281000 docs, 338600 candidates
[pass 1] 06: 3288000 docs, 339306 candidates
[pass 1] 06: 3293000 docs, 339844 candidates
[pass 1] 06: 3303000 docs, 340923 candidates
[pass 1] 06: 3320000 docs, 342637 candidates
[pass 1] 06: 3327000 docs, 343357 candidates
[pass 1] 06: 3345000 docs, 345269 candidates
[pass 1] 06: 3346000 docs, 345378 candidates
[pass 1] 06: 3348000 docs, 345611 candidates
[pass 1] 06: 3356000 docs, 346429 candidates
[pass 1] 06: 3364000 docs, 347308 candidates
[pass 1] 06: 3372000 docs, 348180 candidates
[pass 1] 06: 3378000 docs, 348793 candidates
[pass 1] 06: 3383000 docs, 349297 candidates
[pass 1] 06: 3396000 docs, 350652 candidates
[pass 1] 06: 3400000 docs, 351082 candidates
[pass 1] 06: 3408000 docs, 351888 candidates
[pass 1] 06: 3419000 docs, 352997 candidates
[pass 1] 06: 3428000 docs, 353966 candidates
[pass 1] 06: 3438000 docs, 355036 candidates
[pass 1] 06: 3442000 docs, 355462 candidates
[pass 1] 06: 3452000 docs, 356513 candidates
[pass 1] 06: 3459000 docs, 357248 candidates
[pass 1] 06: 3465000 docs, 357924 candidates
[pass 1] 06: 3482000 docs, 359642 candidates
[pass 1] 06: 3488000 docs, 360286 candidates
[pass 1] 06: 3495000 docs, 361021 candidates
[pass 1] 06: 3501000 docs, 361593 candidates
[pass 1] 06: 3506000 docs, 362115 candidates
[pass 1] 06: 3515000 docs, 363039 candidates
[pass 1] 06: 3517000 docs, 363251 candidates
[pass 1] 06: 3524000 docs, 363978 candidates
[pass 1] 06: 3540000 docs, 365656 candidates
[pass 1] 06: 3541000 docs, 365757 candidates
[pass 1] 06: 3559000 docs, 367616 candidates
[pass 1] 06: 3560000 docs, 367713 candidates
[pass 1] 06: 3586000 docs, 370411 candidates
[pass 1] 06: 3595000 docs, 371386 candidates
[pass 1] 06: 3614000 docs, 373330 candidates
[pass 1] 06: 3618000 docs, 373719 candidates
[pass 1] 06: 3625000 docs, 374383 candidates
[pass 1] 06: 3628000 docs, 374706 candidates
[pass 1] 06: 3646000 docs, 376627 candidates
[pass 1] 06: 3649000 docs, 376901 candidates
[pass 1] 06: 3650000 docs, 377003 candidates
[pass 1] 06: 3656000 docs, 377589 candidates
[pass 1] 06: 3673000 docs, 379322 candidates
[pass 1] 06: 3682000 docs, 380251 candidates
[pass 1] 06: 3685000 docs, 380554 candidates
[pass 1] 06: 3686000 docs, 380652 candidates
[pass 1] 06: 3689000 docs, 381016 candidates
[pass 1] 06: 3692000 docs, 381306 candidates
[pass 1] 06: 3695000 docs, 381617 candidates
[pass 1] 06: 3697000 docs, 381807 candidates
[pass 1] 06: 3707000 docs, 382907 candidates
[pass 1] 06: 3715000 docs, 383728 candidates
[pass 1] 06: 3718000 docs, 384043 candidates
[pass 1] 06: 3733000 docs, 385624 candidates
[pass 1] 06: 3737000 docs, 386018 candidates
[pass 1] 06: 3742000 docs, 386507 candidates
[pass 1] 06: 3762000 docs, 388617 candidates
[pass 1] 06: 3768000 docs, 389210 candidates
[pass 1] 06: 3772000 docs, 389634 candidates
[pass 1] 06: 3794000 docs, 391895 candidates
[pass 1] 06: 3800000 docs, 392510 candidates
[pass 1] 06: 3804000 docs, 392941 candidates
[pass 1] 06: 3805000 docs, 393054 candidates
[pass 1] 06: 3810000 docs, 393538 candidates
[pass 1] 06: 3819000 docs, 394523 candidates
[pass 1] 06: 3820000 docs, 394636 candidates
[pass 1] 06: 3821000 docs, 394759 candidates
[pass 1] 06: 3826000 docs, 395263 candidates
[pass 1] 06: 3829000 docs, 395525 candidates
[pass 1] 06: 3852000 docs, 397976 candidates
[pass 1] 06: 3853000 docs, 398092 candidates
[pass 1] 06: 3863000 docs, 399105 candidates
[pass 1] 06: 3877000 docs, 400549 candidates
[pass 1] 06: 3882000 docs, 401105 candidates
[pass 1] 06: 3894000 docs, 402337 candidates
[pass 1] 06: 3917000 docs, 404714 candidates
[pass 1] 06: 3942000 docs, 407294 candidates
[pass 1] 06: 3943000 docs, 407383 candidates
[pass 1] 06: 3948000 docs, 407924 candidates
[pass 1] 06: 3958000 docs, 408950 candidates
[pass 1] 06: 3962000 docs, 409378 candidates
[pass 1] 06: 3974000 docs, 410630 candidates
[pass 1] 06: 3991000 docs, 412406 candidates
[pass 1] 06: 3993000 docs, 412598 candidates
[pass 1] 06: 3996000 docs, 412900 candidates
[pass 1] 06: 4004000 docs, 413714 candidates
[pass 1] 06: 4010000 docs, 414318 candidates
[pass 1] 06: 4013000 docs, 414629 candidates
[pass 1] 06: 4019000 docs, 415275 candidates
[pass 1] 06: 4040000 docs, 417420 candidates
[pass 1] 06: 4050000 docs, 418396 candidates
[pass 1] 06: 4063000 docs, 419713 candidates
[pass 1] 06: 4075000 docs, 420923 candidates
[pass 1] 06: 4090000 docs, 422440 candidates
[pass 1] 06: 4092000 docs, 422646 candidates
[pass 1] 06: 4096000 docs, 423044 candidates
[pass 1] 06: 4101000 docs, 423547 candidates
[pass 1] 06: 4102000 docs, 423640 candidates
[pass 1] 06: 4107000 docs, 424117 candidates
[pass 1] 06: 4111000 docs, 424580 candidates
[pass 1] 06: 4114000 docs, 424895 candidates
[pass 1] 06: 4115000 docs, 424992 candidates
[pass 1] 06: 4131000 docs, 426573 candidates
[pass 1] 06: 4174000 docs, 431030 candidates
[pass 1] 06: 4176000 docs, 431250 candidates
[pass 1] 06: 4179000 docs, 431548 candidates
[pass 1] 06: 4194000 docs, 433111 candidates
[pass 1] 06: 4216000 docs, 435347 candidates
[pass 1] 06: 4218000 docs, 435556 candidates
[pass 1] 06: 4228000 docs, 436569 candidates
[pass 1] 06: 4230000 docs, 436777 candidates
[pass 1] 06: 4231000 docs, 436884 candidates
[pass 1] 06: 4242000 docs, 438030 candidates
[pass 1] 06: 4246000 docs, 438460 candidates
[pass 1] 06: 4249000 docs, 438779 candidates
[pass 1] 06: 4250000 docs, 438868 candidates
[pass 1] 06: 4279000 docs, 441785 candidates
[pass 1] 06: 4290000 docs, 442976 candidates
[pass 1] 06: 4308000 docs, 444859 candidates
[pass 1] 06: 4310000 docs, 445065 candidates
[pass 1] 06: 4319000 docs, 446026 candidates
[pass 1] 06: 4321000 docs, 446246 candidates
[pass 1] 06: 4326000 docs, 446745 candidates
[pass 1] 06: 4332000 docs, 447355 candidates
[pass 1] 06: 4342000 docs, 448321 candidates
[pass 1] 06: 4357000 docs, 449870 candidates
[pass 1] 06: 4364000 docs, 450549 candidates
[pass 1] 06: 4379000 docs, 452070 candidates
[pass 1] 06: 4388000 docs, 452976 candidates
[pass 1] 06: 4392000 docs, 453387 candidates
[pass 1] 06: 4395000 docs, 453699 candidates
[pass 1] 06: 4402000 docs, 454384 candidates
[pass 1] 06: 4405000 docs, 454657 candidates
[pass 1] 06: 4416000 docs, 455764 candidates
[pass 1] 06: 4420000 docs, 456174 candidates
[pass 1] 06: 4426000 docs, 456824 candidates
[pass 1] 06: 4430000 docs, 457228 candidates
[pass 1] 06: 4432000 docs, 457432 candidates
[pass 1] 06: 4439000 docs, 458171 candidates
[pass 1] 06: 4444000 docs, 458702 candidates
[pass 1] 06: 4451000 docs, 459423 candidates
[pass 1] 06: 4454000 docs, 459752 candidates
[pass 1] 06: 4490000 docs, 463396 candidates
[pass 1] 06: 4494000 docs, 463817 candidates
[pass 1] 06: 4499000 docs, 464325 candidates
[pass 1] 06: 4505000 docs, 464947 candidates
[pass 1] 06: 4514000 docs, 465876 candidates
[pass 1] 06: 4517000 docs, 466146 candidates
[pass 1] 06: 4522000 docs, 466666 candidates
[pass 1] 06: 4523000 docs, 466775 candidates
[pass 1] 06: 4531000 docs, 467567 candidates
[pass 1] 06: 4537000 docs, 468220 candidates
[pass 1] 06: 4561000 docs, 470689 candidates
[pass 1] 06: 4579000 docs, 472602 candidates
[pass 1] 06: 4588000 docs, 473601 candidates
[pass 1] 06: 4593000 docs, 474072 candidates
[pass 1] 06: 4596000 docs, 474380 candidates
[pass 1] 06: 4630000 docs, 477974 candidates
[pass 1] 06: 4644000 docs, 479454 candidates
[pass 1] 06: 4645000 docs, 479557 candidates
[pass 1] 06: 4655000 docs, 480590 candidates
[pass 1] 06: 4657000 docs, 480798 candidates
[pass 1] 06: 4664000 docs, 481463 candidates
[pass 1] 06: 4667000 docs, 481775 candidates
[pass 1] 06: 4673000 docs, 482378 candidates
[pass 1] 06: 4687000 docs, 483845 candidates
[pass 1] 06: 4692000 docs, 484381 candidates
[pass 1] 06: 4697000 docs, 484885 candidates
[pass 1] 06: 4703000 docs, 485478 candidates
[pass 1] 06: 4706000 docs, 485786 candidates
[pass 1] 06: 4715000 docs, 486677 candidates
[pass 1] 06: 4725000 docs, 487725 candidates
[pass 1] 06: 4726000 docs, 487829 candidates
[pass 1] 06: 4740000 docs, 489341 candidates
[pass 1] 06: 4741000 docs, 489438 candidates
[pass 1] 06: 4755000 docs, 490850 candidates
[pass 1] 06: 4758000 docs, 491153 candidates
[pass 1] 06: 4759000 docs, 491250 candidates
[pass 1] 06: 4765000 docs, 491831 candidates
[pass 1] 06: 4814000 docs, 496875 candidates
[pass 1] 06: 4824000 docs, 497907 candidates
[pass 1] 06: 4830000 docs, 498503 candidates
[pass 1] 06: 4835000 docs, 499003 candidates
[pass 1] 06: 4871000 docs, 502781 candidates
[pass 1] 06: 4872000 docs, 502892 candidates
[pass 1] 06: 4877000 docs, 503436 candidates
[pass 1] 06: 4899000 docs, 505718 candidates
[pass 1] 06: 4905000 docs, 506340 candidates
[pass 1] 06: 4918000 docs, 507677 candidates
[pass 1] 06: 4920000 docs, 507890 candidates
[pass 1] 06: 4931000 docs, 509003 candidates
[pass 1] 06: 4969000 docs, 512923 candidates
[pass 1] 06: 4972000 docs, 513236 candidates
[pass 1] 06: 4984000 docs, 514479 candidates
[pass 1] 06: 5007000 docs, 516834 candidates
[pass 1] 06: 5012000 docs, 517340 candidates
[pass 1] 06: 5042000 docs, 520470 candidates
[pass 1] 06: 5065000 docs, 522780 candidates
[pass 1] 06: 5068000 docs, 523094 candidates
[pass 1] 06: 5081000 docs, 524381 candidates
[pass 1] 06: 5088000 docs, 525122 candidates
[pass 1] 06: 5106000 docs, 527008 candidates
[pass 1] 06: 5114000 docs, 527806 candidates
[pass 1] 06: 5129000 docs, 529397 candidates
[pass 1] 06: 5132000 docs, 529694 candidates
[pass 1] 06: 5133000 docs, 529807 candidates
[pass 1] 06: 5139000 docs, 530435 candidates
[pass 1] 06: 5149000 docs, 531453 candidates
[pass 1] 06: 5156000 docs, 532185 candidates
[pass 1] 06: 5173000 docs, 533939 candidates
[pass 1] 06: 5175000 docs, 534133 candidates
[pass 1] 06: 5185000 docs, 535126 candidates
[pass 1] 06: 5193000 docs, 535928 candidates
[pass 1] 06: 5199000 docs, 536532 candidates
[pass 1] 06: 5207000 docs, 537326 candidates
[pass 1] 06: 5217000 docs, 538367 candidates
[pass 1] 06: 5220000 docs, 538681 candidates
[pass 1] 06: 5230000 docs, 539685 candidates
[pass 1] 06: 5239000 docs, 540623 candidates
[pass 1] 06: 5244000 docs, 541126 candidates
[pass 1] 06: 5276000 docs, 544597 candidates
[pass 1] 06: 5277000 docs, 544708 candidates
[pass 1] 06: 5283000 docs, 545326 candidates
[pass 1] 06: 5288000 docs, 545854 candidates
[pass 1] 06: 5317000 docs, 548857 candidates
[pass 1] 06: 5322000 docs, 549352 candidates
[pass 1] 06: 5325000 docs, 549663 candidates
[pass 1] 06: 5332000 docs, 550396 candidates
[pass 1] 06: 5339000 docs, 551076 candidates
[pass 1] 06: 5341000 docs, 551309 candidates
[pass 1] 06: 5355000 docs, 552741 candidates
[pass 1] 06: 5356000 docs, 552838 candidates
[pass 1] 06: 5359000 docs, 553128 candidates
[pass 1] 06: 5363000 docs, 553534 candidates
[pass 1] 06: 5364000 docs, 553621 candidates
[pass 1] 06: 5393000 docs, 556684 candidates
[pass 1] 06: 5394000 docs, 556793 candidates
[pass 1] 06: 5397000 docs, 557116 candidates
[pass 1] 06: 5415000 docs, 558954 candidates
[pass 1] 06: 5423000 docs, 559755 candidates
[pass 1] 06: 5425000 docs, 559968 candidates
[pass 1] 06: 5439000 docs, 561369 candidates
[pass 1] 06: 5440000 docs, 561505 candidates
[pass 1] 06: 5464000 docs, 563949 candidates
[pass 1] 06: 5494000 docs, 567074 candidates
[pass 1] 06: 5502000 docs, 567868 candidates
[pass 1] 06: 5508000 docs, 568487 candidates
[pass 1] 06: 5514000 docs, 569094 candidates
[pass 1] 06: 5518000 docs, 569481 candidates
[pass 1] 06: 5532000 docs, 570949 candidates
[pass 1] 06: 5535000 docs, 571254 candidates
[pass 1] 06: 5536000 docs, 571367 candidates
[pass 1] 06: 5550000 docs, 572825 candidates
[pass 1] 06: 5563000 docs, 574156 candidates
[pass 1] 06: 5576000 docs, 575551 candidates
[pass 1] 06: 5583000 docs, 576274 candidates
[pass 1] 06: 5585000 docs, 576484 candidates
[pass 1] 06: 5593000 docs, 577283 candidates
[pass 1] 06: 5614000 docs, 579482 candidates
[pass 1] 06: 5623000 docs, 580412 candidates
[pass 1] 06: 5626000 docs, 580722 candidates
[pass 1] 06: 5650000 docs, 583180 candidates
[pass 1] 06: 5664000 docs, 584616 candidates
[pass 1] 06: 5685000 docs, 586793 candidates
[pass 1] 06: 5700000 docs, 588477 candidates
[pass 1] 06: 5710000 docs, 589531 candidates
[pass 1] 06: 5724000 docs, 590984 candidates
[pass 1] 06: 5731000 docs, 591683 candidates
[pass 1] 06: 5743000 docs, 592909 candidates
[pass 1] 06: 5757000 docs, 594336 candidates
[pass 1] 06: 5759000 docs, 594519 candidates
[pass 1] 06: 5774000 docs, 596099 candidates
[pass 1] 06: 5784000 docs, 597145 candidates
[pass 1] 06: 5802000 docs, 598967 candidates
[pass 1] 06: 5812000 docs, 599989 candidates
[pass 1] 06: 5815000 docs, 600312 candidates
[pass 1] 06: 5826000 docs, 601389 candidates
[pass 1] 06: 5831000 docs, 601912 candidates
[pass 1] 06: 5838000 docs, 602663 candidates
[pass 1] 06: 5863000 docs, 605262 candidates
[pass 1] 06: 5871000 docs, 606108 candidates
[pass 1] 06: 5879000 docs, 606915 candidates
[pass 1] 06: 5901000 docs, 609117 candidates
[pass 1] done: 0 docs, 0 new records, yield=0.0/10K, 15265239ms
[pipeline] Flushed 10000 buffered records to store
[pipeline] Exported 0 paired records to /mnt/zfs-host/backup/projects/observer-vault/01-Projects/dataset-processor/output/paired-output.jsonl

[orchestrate] Pipeline max-passes
[orchestrate] Passes: 1, Total verb-records: 10000
  Pass 1: 0 docs, 609212 Tier-A, 0 Tier-B, 0 Tier-C, 0 records, yield=0.0/10K
