[orchestrate] Found 1 shard files
[pass 1] 29: 36000 docs, 3618 candidates
[pass 1] 29: 55000 docs, 5582 candidates
[pass 1] 29: 67000 docs, 6792 candidates
[pass 1] 29: 76000 docs, 7717 candidates
[pass 1] 29: 83000 docs, 8419 candidates
[pass 1] 29: 105000 docs, 10754 candidates
[pass 1] 29: 113000 docs, 11570 candidates
[pass 1] 29: 120000 docs, 12290 candidates
[pass 1] 29: 128000 docs, 13106 candidates
[pass 1] 29: 151000 docs, 15477 candidates
[pass 1] 29: 157000 docs, 16094 candidates
[pass 1] 29: 181000 docs, 18509 candidates
[pass 1] 29: 214000 docs, 21825 candidates
[pass 1] 29: 222000 docs, 22672 candidates
[pass 1] 29: 265000 docs, 27103 candidates
[pass 1] 29: 266000 docs, 27198 candidates
[pass 1] 29: 275000 docs, 28053 candidates
[pass 1] 29: 277000 docs, 28267 candidates
[pass 1] 29: 283000 docs, 28886 candidates
[pass 1] 29: 293000 docs, 29961 candidates
[pass 1] 29: 312000 docs, 31918 candidates
[pass 1] 29: 319000 docs, 32628 candidates
[pass 1] 29: 320000 docs, 32728 candidates
[pass 1] 29: 321000 docs, 32826 candidates
[pass 1] 29: 325000 docs, 33224 candidates
[pass 1] 29: 336000 docs, 34339 candidates
[pass 1] 29: 349000 docs, 35657 candidates
[pass 1] 29: 355000 docs, 36292 candidates
[pass 1] 29: 361000 docs, 36948 candidates
[pass 1] 29: 362000 docs, 37065 candidates
[pass 1] 29: 374000 docs, 38335 candidates
[pass 1] 29: 375000 docs, 38419 candidates
[pass 1] 29: 383000 docs, 39259 candidates
[pass 1] 29: 388000 docs, 39769 candidates
[pass 1] 29: 392000 docs, 40158 candidates
[pass 1] 29: 399000 docs, 40896 candidates
[pass 1] 29: 403000 docs, 41292 candidates
[pass 1] 29: 405000 docs, 41499 candidates
[pass 1] 29: 408000 docs, 41822 candidates
[pass 1] 29: 413000 docs, 42336 candidates
[pass 1] 29: 416000 docs, 42627 candidates
[pass 1] 29: 420000 docs, 43007 candidates
[pass 1] 29: 447000 docs, 45758 candidates
[pass 1] 29: 477000 docs, 49021 candidates
[pass 1] 29: 483000 docs, 49605 candidates
[pass 1] 29: 484000 docs, 49706 candidates
[pass 1] 29: 493000 docs, 50627 candidates
[pass 1] 29: 495000 docs, 50844 candidates
[pass 1] 29: 499000 docs, 51274 candidates
[pass 1] 29: 512000 docs, 52623 candidates
[pass 1] 29: 547000 docs, 56234 candidates
[pass 1] 29: 548000 docs, 56344 candidates
[pass 1] 29: 555000 docs, 57054 candidates
[pass 1] 29: 557000 docs, 57268 candidates
[pass 1] 29: 598000 docs, 61526 candidates
[pass 1] 29: 600000 docs, 61727 candidates
[pass 1] 29: 606000 docs, 62306 candidates
[pass 1] 29: 608000 docs, 62492 candidates
[pass 1] 29: 616000 docs, 63315 candidates
[pass 1] 29: 621000 docs, 63805 candidates
[pass 1] 29: 625000 docs, 64236 candidates
[pass 1] 29: 634000 docs, 65188 candidates
[pass 1] 29: 658000 docs, 67704 candidates
[pass 1] 29: 672000 docs, 69074 candidates
[pass 1] 29: 682000 docs, 70073 candidates
[pass 1] 29: 686000 docs, 70470 candidates
[pass 1] 29: 701000 docs, 71995 candidates
[pass 1] 29: 720000 docs, 73977 candidates
[pass 1] 29: 733000 docs, 75274 candidates
[pass 1] 29: 735000 docs, 75482 candidates
[pass 1] 29: 738000 docs, 75798 candidates
[pass 1] 29: 741000 docs, 76096 candidates
[pass 1] 29: 748000 docs, 76806 candidates
[pass 1] 29: 763000 docs, 78353 candidates
[pass 1] 29: 784000 docs, 80529 candidates
[pass 1] 29: 795000 docs, 81684 candidates
[pass 1] 29: 804000 docs, 82609 candidates
[pass 1] 29: 811000 docs, 83311 candidates
[pass 1] 29: 831000 docs, 85450 candidates
[pass 1] 29: 844000 docs, 86798 candidates
[pass 1] 29: 865000 docs, 88948 candidates
[pass 1] 29: 877000 docs, 90124 candidates
[pass 1] 29: 886000 docs, 91058 candidates
[pass 1] 29: 899000 docs, 92414 candidates
[pass 1] 29: 915000 docs, 94116 candidates
[pass 1] 29: 920000 docs, 94643 candidates
[pass 1] 29: 933000 docs, 95954 candidates
[pass 1] 29: 934000 docs, 96058 candidates
[pass 1] 29: 937000 docs, 96366 candidates
[pass 1] 29: 955000 docs, 98139 candidates
[pass 1] 29: 978000 docs, 100440 candidates
[pass 1] 29: 986000 docs, 101276 candidates
[pass 1] 29: 992000 docs, 101904 candidates
[pass 1] 29: 993000 docs, 102017 candidates
[pass 1] 29: 1001000 docs, 102781 candidates
[pass 1] 29: 1041000 docs, 106908 candidates
[pass 1] 29: 1056000 docs, 108486 candidates
[pass 1] 29: 1063000 docs, 109185 candidates
[pass 1] 29: 1065000 docs, 109403 candidates
[pass 1] 29: 1076000 docs, 110582 candidates
[pass 1] 29: 1079000 docs, 110892 candidates
[pass 1] 29: 1091000 docs, 112122 candidates
[pass 1] 29: 1092000 docs, 112234 candidates
[pass 1] 29: 1094000 docs, 112449 candidates
[pass 1] 29: 1105000 docs, 113561 candidates
[pass 1] 29: 1113000 docs, 114393 candidates
[pass 1] 29: 1126000 docs, 115675 candidates
[pass 1] 29: 1130000 docs, 116119 candidates
[pass 1] 29: 1146000 docs, 117756 candidates
[pass 1] 29: 1159000 docs, 119121 candidates
[pass 1] 29: 1175000 docs, 120769 candidates
[pass 1] 29: 1184000 docs, 121617 candidates
[pass 1] 29: 1196000 docs, 122824 candidates
[pass 1] 29: 1202000 docs, 123436 candidates
[pass 1] 29: 1229000 docs, 126235 candidates
[pass 1] 29: 1241000 docs, 127449 candidates
[pass 1] 29: 1257000 docs, 129077 candidates
[pass 1] 29: 1258000 docs, 129168 candidates
[pass 1] 29: 1259000 docs, 129277 candidates
[pass 1] 29: 1265000 docs, 129872 candidates
[pass 1] 29: 1270000 docs, 130410 candidates
[pass 1] 29: 1283000 docs, 131802 candidates
[pass 1] 29: 1316000 docs, 135207 candidates
[pass 1] 29: 1326000 docs, 136217 candidates
[pass 1] 29: 1346000 docs, 138318 candidates
[pass 1] 29: 1402000 docs, 144136 candidates
[pass 1] 29: 1419000 docs, 145920 candidates
[pass 1] 29: 1422000 docs, 146267 candidates
[pass 1] 29: 1432000 docs, 147296 candidates
[pass 1] 29: 1447000 docs, 148827 candidates
[pass 1] 29: 1463000 docs, 150550 candidates
[pass 1] 29: 1485000 docs, 152802 candidates
[pass 1] 29: 1495000 docs, 153840 candidates
[pass 1] 29: 1500000 docs, 154367 candidates
[pass 1] 29: 1505000 docs, 154929 candidates
[pass 1] 29: 1510000 docs, 155419 candidates
[pass 1] 29: 1515000 docs, 155956 candidates
[pass 1] 29: 1530000 docs, 157514 candidates
[pass 1] 29: 1548000 docs, 159372 candidates
[pass 1] 29: 1554000 docs, 159958 candidates
[pass 1] 29: 1590000 docs, 163689 candidates
[pass 1] 29: 1596000 docs, 164315 candidates
[pass 1] 29: 1613000 docs, 166113 candidates
[pass 1] 29: 1614000 docs, 166228 candidates
[pass 1] 29: 1617000 docs, 166521 candidates
[pass 1] 29: 1627000 docs, 167520 candidates
[pass 1] 29: 1638000 docs, 168673 candidates
[pass 1] 29: 1647000 docs, 169608 candidates
[pass 1] 29: 1650000 docs, 169914 candidates
[pass 1] 29: 1661000 docs, 171041 candidates
[pass 1] 29: 1663000 docs, 171246 candidates
[pass 1] 29: 1678000 docs, 172750 candidates
[pass 1] 29: 1679000 docs, 172859 candidates
[pass 1] 29: 1683000 docs, 173270 candidates
[pass 1] 29: 1703000 docs, 175288 candidates
[pass 1] 29: 1709000 docs, 175929 candidates
[pass 1] 29: 1714000 docs, 176436 candidates
[pass 1] 29: 1739000 docs, 178986 candidates
[pass 1] 29: 1749000 docs, 180023 candidates
[pass 1] 29: 1752000 docs, 180370 candidates
[pass 1] 29: 1767000 docs, 181895 candidates
[pass 1] 29: 1768000 docs, 182004 candidates
[pass 1] 29: 1790000 docs, 184282 candidates
[pass 1] 29: 1794000 docs, 184676 candidates
[pass 1] 29: 1803000 docs, 185615 candidates
[pass 1] 29: 1810000 docs, 186326 candidates
[pass 1] 29: 1812000 docs, 186524 candidates
[pass 1] 29: 1816000 docs, 186907 candidates
[pass 1] 29: 1820000 docs, 187285 candidates
[pass 1] 29: 1821000 docs, 187387 candidates
[pass 1] 29: 1829000 docs, 188151 candidates
[pass 1] 29: 1830000 docs, 188253 candidates
[pass 1] 29: 1833000 docs, 188569 candidates
[pass 1] 29: 1840000 docs, 189287 candidates
[pass 1] 29: 1847000 docs, 190008 candidates
[pass 1] 29: 1863000 docs, 191655 candidates
[pass 1] 29: 1884000 docs, 193854 candidates
[pass 1] 29: 1899000 docs, 195404 candidates
[pass 1] 29: 1916000 docs, 197127 candidates
[pass 1] 29: 1923000 docs, 197827 candidates
[pass 1] 29: 1934000 docs, 198925 candidates
[pass 1] 29: 1976000 docs, 203350 candidates
[pass 1] 29: 1997000 docs, 205465 candidates
[pass 1] 29: 2002000 docs, 205959 candidates
[pass 1] 29: 2053000 docs, 211215 candidates
[pass 1] 29: 2069000 docs, 212884 candidates
[pass 1] 29: 2075000 docs, 213480 candidates
[pass 1] 29: 2083000 docs, 214287 candidates
[pass 1] 29: 2103000 docs, 216408 candidates
[pass 1] 29: 2113000 docs, 217443 candidates
[pass 1] 29: 2126000 docs, 218822 candidates
[pass 1] 29: 2132000 docs, 219446 candidates
[pass 1] 29: 2148000 docs, 221174 candidates
[pass 1] 29: 2186000 docs, 225142 candidates
[pass 1] 29: 2197000 docs, 226294 candidates
[pass 1] 29: 2202000 docs, 226801 candidates
[pass 1] 29: 2215000 docs, 228222 candidates
[pass 1] 29: 2236000 docs, 230420 candidates
[pass 1] 29: 2243000 docs, 231146 candidates
[pass 1] 29: 2251000 docs, 231934 candidates
[pass 1] 29: 2263000 docs, 233140 candidates
[pass 1] 29: 2265000 docs, 233362 candidates
[pass 1] 29: 2271000 docs, 233985 candidates
[pass 1] 29: 2279000 docs, 234814 candidates
[pass 1] 29: 2284000 docs, 235343 candidates
[pass 1] 29: 2285000 docs, 235442 candidates
[pass 1] 29: 2305000 docs, 237501 candidates
[pass 1] 29: 2332000 docs, 240211 candidates
[pass 1] 29: 2334000 docs, 240434 candidates
[pass 1] 29: 2336000 docs, 240641 candidates
[pass 1] 29: 2339000 docs, 240936 candidates
[pass 1] 29: 2340000 docs, 241046 candidates
[pass 1] 29: 2344000 docs, 241472 candidates
[pass 1] 29: 2356000 docs, 242753 candidates
[pass 1] 29: 2376000 docs, 244750 candidates
[pass 1] 29: 2378000 docs, 244976 candidates
[pass 1] 29: 2384000 docs, 245635 candidates
[pass 1] 29: 2385000 docs, 245738 candidates
[pass 1] 29: 2392000 docs, 246483 candidates
[pass 1] 29: 2394000 docs, 246692 candidates
[pass 1] 29: 2403000 docs, 247638 candidates
[pass 1] 29: 2406000 docs, 247930 candidates
[pass 1] 29: 2408000 docs, 248135 candidates
[pass 1] 29: 2410000 docs, 248344 candidates
[pass 1] 29: 2411000 docs, 248438 candidates
[pass 1] 29: 2431000 docs, 250470 candidates
[pass 1] 29: 2434000 docs, 250783 candidates
[pass 1] 29: 2449000 docs, 252313 candidates
[pass 1] 29: 2456000 docs, 253040 candidates
[pass 1] 29: 2476000 docs, 255085 candidates
[pass 1] 29: 2481000 docs, 255620 candidates
[pass 1] 29: 2484000 docs, 255937 candidates
[pass 1] 29: 2508000 docs, 258462 candidates
[pass 1] 29: 2523000 docs, 259953 candidates
[pass 1] 29: 2531000 docs, 260845 candidates
[pass 1] 29: 2535000 docs, 261234 candidates
[pass 1] 29: 2540000 docs, 261776 candidates
[pass 1] 29: 2570000 docs, 264918 candidates
[pass 1] 29: 2575000 docs, 265437 candidates
[pass 1] 29: 2581000 docs, 266052 candidates
[pass 1] 29: 2599000 docs, 267952 candidates
[pass 1] 29: 2610000 docs, 269112 candidates
[pass 1] 29: 2621000 docs, 270257 candidates
[pass 1] 29: 2629000 docs, 271063 candidates
[pass 1] 29: 2630000 docs, 271171 candidates
[pass 1] 29: 2633000 docs, 271473 candidates
[pass 1] 29: 2634000 docs, 271579 candidates
[pass 1] 29: 2640000 docs, 272204 candidates
[pass 1] 29: 2661000 docs, 274403 candidates
[pass 1] 29: 2663000 docs, 274589 candidates
[pass 1] 29: 2678000 docs, 276164 candidates
[pass 1] 29: 2700000 docs, 278491 candidates
[pass 1] 29: 2712000 docs, 279770 candidates
[pass 1] 29: 2715000 docs, 280083 candidates
[pass 1] 29: 2718000 docs, 280425 candidates
[pass 1] 29: 2727000 docs, 281360 candidates
[pass 1] 29: 2759000 docs, 284675 candidates
[pass 1] 29: 2769000 docs, 285681 candidates
[pass 1] 29: 2771000 docs, 285925 candidates
[pass 1] 29: 2775000 docs, 286352 candidates
[pass 1] 29: 2781000 docs, 286970 candidates
[pass 1] 29: 2784000 docs, 287290 candidates
[pass 1] 29: 2807000 docs, 289688 candidates
[pass 1] 29: 2809000 docs, 289879 candidates
[pass 1] 29: 2816000 docs, 290609 candidates
[pass 1] 29: 2818000 docs, 290836 candidates
[pass 1] 29: 2823000 docs, 291335 candidates
[pass 1] 29: 2826000 docs, 291644 candidates
[pass 1] 29: 2849000 docs, 294056 candidates
[pass 1] 29: 2855000 docs, 294697 candidates
[pass 1] 29: 2872000 docs, 296478 candidates
[pass 1] 29: 2884000 docs, 297706 candidates
[pass 1] 29: 2890000 docs, 298336 candidates
[pass 1] 29: 2903000 docs, 299676 candidates
[pass 1] 29: 2919000 docs, 301314 candidates
[pass 1] 29: 2927000 docs, 302137 candidates
[pass 1] 29: 2936000 docs, 303077 candidates
[pass 1] 29: 2942000 docs, 303680 candidates
[pass 1] 29: 2957000 docs, 305219 candidates
[pass 1] 29: 2960000 docs, 305531 candidates
[pass 1] 29: 2963000 docs, 305874 candidates
[pass 1] 29: 2969000 docs, 306521 candidates
[pass 1] 29: 2977000 docs, 307363 candidates
[pass 1] 29: 2984000 docs, 308096 candidates
[pass 1] 29: 2987000 docs, 308430 candidates
[pass 1] 29: 2992000 docs, 308941 candidates
[pass 1] 29: 2996000 docs, 309372 candidates
[pass 1] 29: 2999000 docs, 309686 candidates
[pass 1] 29: 3004000 docs, 310232 candidates
[pass 1] 29: 3005000 docs, 310331 candidates
[pass 1] 29: 3012000 docs, 311056 candidates
[pass 1] 29: 3019000 docs, 311823 candidates
[pass 1] 29: 3021000 docs, 312035 candidates
[pass 1] 29: 3032000 docs, 313131 candidates
[pass 1] 29: 3053000 docs, 315360 candidates
[pass 1] 29: 3057000 docs, 315774 candidates
[pass 1] 29: 3061000 docs, 316255 candidates
[pass 1] 29: 3070000 docs, 317146 candidates
[pass 1] 29: 3075000 docs, 317700 candidates
[pass 1] 29: 3111000 docs, 321444 candidates
[pass 1] 29: 3125000 docs, 322865 candidates
[pass 1] 29: 3126000 docs, 322967 candidates
[pass 1] 29: 3134000 docs, 323804 candidates
[pass 1] 29: 3140000 docs, 324448 candidates
[pass 1] 29: 3142000 docs, 324659 candidates
[pass 1] 29: 3145000 docs, 324975 candidates
[pass 1] 29: 3148000 docs, 325307 candidates
[pass 1] 29: 3152000 docs, 325741 candidates
[pass 1] 29: 3179000 docs, 328480 candidates
[pass 1] 29: 3188000 docs, 329390 candidates
[pass 1] 29: 3190000 docs, 329591 candidates
[pass 1] 29: 3197000 docs, 330298 candidates
[pass 1] 29: 3223000 docs, 332945 candidates
[pass 1] 29: 3240000 docs, 334685 candidates
[pass 1] 29: 3251000 docs, 335833 candidates
[pass 1] 29: 3256000 docs, 336348 candidates
[pass 1] 29: 3279000 docs, 338673 candidates
[pass 1] 29: 3281000 docs, 338916 candidates
[pass 1] 29: 3298000 docs, 340638 candidates
[pass 1] 29: 3307000 docs, 341531 candidates
[pass 1] 29: 3327000 docs, 343607 candidates
[pass 1] 29: 3336000 docs, 344534 candidates
[pass 1] 29: 3348000 docs, 345761 candidates
[pass 1] 29: 3356000 docs, 346587 candidates
[pass 1] 29: 3372000 docs, 348305 candidates
[pass 1] 29: 3394000 docs, 350644 candidates
[pass 1] 29: 3397000 docs, 350977 candidates
[pass 1] 29: 3405000 docs, 351791 candidates
[pass 1] 29: 3424000 docs, 353859 candidates
[pass 1] 29: 3432000 docs, 354706 candidates
[pass 1] 29: 3435000 docs, 355025 candidates
[pass 1] 29: 3455000 docs, 357086 candidates
[pass 1] 29: 3456000 docs, 357184 candidates
[pass 1] 29: 3458000 docs, 357397 candidates
[pass 1] 29: 3476000 docs, 359273 candidates
[pass 1] 29: 3485000 docs, 360226 candidates
[pass 1] 29: 3503000 docs, 362120 candidates
[pass 1] 29: 3526000 docs, 364494 candidates
[pass 1] 29: 3529000 docs, 364776 candidates
[pass 1] 29: 3563000 docs, 368212 candidates
[pass 1] 29: 3578000 docs, 369724 candidates
[pass 1] 29: 3591000 docs, 371115 candidates
[pass 1] 29: 3605000 docs, 372528 candidates
[pass 1] 29: 3612000 docs, 373233 candidates
[pass 1] 29: 3622000 docs, 374281 candidates
[pass 1] 29: 3626000 docs, 374654 candidates
[pass 1] 29: 3642000 docs, 376281 candidates
[pass 1] 29: 3649000 docs, 376989 candidates
[pass 1] 29: 3651000 docs, 377199 candidates
[pass 1] 29: 3663000 docs, 378435 candidates
[pass 1] 29: 3671000 docs, 379277 candidates
[pass 1] 29: 3692000 docs, 381442 candidates
[pass 1] 29: 3736000 docs, 385908 candidates
[pass 1] 29: 3739000 docs, 386205 candidates
[pass 1] 29: 3745000 docs, 386855 candidates
[pass 1] 29: 3749000 docs, 387273 candidates
[pass 1] 29: 3752000 docs, 387585 candidates
[pass 1] 29: 3757000 docs, 388091 candidates
[pass 1] 29: 3759000 docs, 388307 candidates
[pass 1] 29: 3762000 docs, 388629 candidates
[pass 1] 29: 3771000 docs, 389533 candidates
[pass 1] 29: 3782000 docs, 390642 candidates
[pass 1] 29: 3792000 docs, 391715 candidates
[pass 1] 29: 3800000 docs, 392541 candidates
[pass 1] 29: 3807000 docs, 393319 candidates
[pass 1] 29: 3814000 docs, 394002 candidates
[pass 1] 29: 3832000 docs, 395785 candidates
[pass 1] 29: 3838000 docs, 396424 candidates
[pass 1] 29: 3840000 docs, 396631 candidates
[pass 1] 29: 3853000 docs, 397972 candidates
[pass 1] 29: 3858000 docs, 398494 candidates
[pass 1] 29: 3873000 docs, 400074 candidates
[pass 1] 29: 3876000 docs, 400384 candidates
[pass 1] 29: 3881000 docs, 400904 candidates
[pass 1] 29: 3886000 docs, 401446 candidates
[pass 1] 29: 3888000 docs, 401639 candidates
[pass 1] 29: 3900000 docs, 402892 candidates
[pass 1] 29: 3902000 docs, 403081 candidates
[pass 1] 29: 3921000 docs, 405005 candidates
[pass 1] 29: 3928000 docs, 405771 candidates
[pass 1] 29: 3942000 docs, 407228 candidates
[pass 1] 29: 3945000 docs, 407538 candidates
[pass 1] 29: 3950000 docs, 408061 candidates
[pass 1] 29: 3959000 docs, 408984 candidates
[pass 1] 29: 3983000 docs, 411488 candidates
[pass 1] 29: 3987000 docs, 411872 candidates
[pass 1] 29: 3995000 docs, 412714 candidates
[pass 1] 29: 3997000 docs, 412923 candidates
[pass 1] 29: 4009000 docs, 414168 candidates
[pass 1] 29: 4023000 docs, 415657 candidates
[pass 1] 29: 4035000 docs, 416865 candidates
[pass 1] 29: 4039000 docs, 417276 candidates
[pass 1] 29: 4050000 docs, 418430 candidates
[pass 1] 29: 4053000 docs, 418728 candidates
[pass 1] 29: 4057000 docs, 419147 candidates
[pass 1] 29: 4058000 docs, 419269 candidates
[pass 1] 29: 4064000 docs, 419914 candidates
[pass 1] 29: 4065000 docs, 420017 candidates
[pass 1] 29: 4067000 docs, 420223 candidates
[pass 1] 29: 4091000 docs, 422708 candidates
[pass 1] 29: 4099000 docs, 423493 candidates
[pass 1] 29: 4100000 docs, 423614 candidates
[pass 1] 29: 4125000 docs, 426225 candidates
[pass 1] 29: 4137000 docs, 427459 candidates
[pass 1] 29: 4140000 docs, 427748 candidates
[pass 1] 29: 4182000 docs, 431986 candidates
[pass 1] 29: 4188000 docs, 432624 candidates
[pass 1] 29: 4227000 docs, 436649 candidates
[pass 1] 29: 4228000 docs, 436739 candidates
[pass 1] 29: 4231000 docs, 437034 candidates
[pass 1] 29: 4238000 docs, 437784 candidates
[pass 1] 29: 4255000 docs, 439478 candidates
[pass 1] 29: 4265000 docs, 440480 candidates
[pass 1] 29: 4267000 docs, 440692 candidates
[pass 1] 29: 4276000 docs, 441632 candidates
[pass 1] 29: 4294000 docs, 443452 candidates
[pass 1] 29: 4297000 docs, 443758 candidates
[pass 1] 29: 4302000 docs, 444249 candidates
[pass 1] 29: 4311000 docs, 445164 candidates
[pass 1] 29: 4324000 docs, 446497 candidates
[pass 1] 29: 4330000 docs, 447072 candidates
[pass 1] 29: 4335000 docs, 447563 candidates
[pass 1] 29: 4348000 docs, 448921 candidates
[pass 1] 29: 4358000 docs, 449976 candidates
[pass 1] 29: 4359000 docs, 450074 candidates
[pass 1] 29: 4366000 docs, 450817 candidates
[pass 1] 29: 4368000 docs, 451031 candidates
[pass 1] 29: 4371000 docs, 451332 candidates
[pass 1] 29: 4374000 docs, 451626 candidates
[pass 1] 29: 4383000 docs, 452567 candidates
[pass 1] 29: 4394000 docs, 453728 candidates
[pass 1] 29: 4398000 docs, 454144 candidates
[pass 1] 29: 4402000 docs, 454558 candidates
[pass 1] 29: 4405000 docs, 454871 candidates
[pass 1] 29: 4415000 docs, 455873 candidates
[pass 1] 29: 4436000 docs, 458004 candidates
[pass 1] 29: 4437000 docs, 458099 candidates
[pass 1] 29: 4442000 docs, 458596 candidates
[pass 1] 29: 4450000 docs, 459438 candidates
[pass 1] 29: 4456000 docs, 460035 candidates
[pass 1] 29: 4479000 docs, 462369 candidates
[pass 1] 29: 4501000 docs, 464584 candidates
[pass 1] 29: 4505000 docs, 464973 candidates
[pass 1] 29: 4511000 docs, 465593 candidates
[pass 1] 29: 4513000 docs, 465810 candidates
[pass 1] 29: 4521000 docs, 466655 candidates
[pass 1] 29: 4544000 docs, 469017 candidates
[pass 1] 29: 4566000 docs, 471234 candidates
[pass 1] 29: 4574000 docs, 472066 candidates
[pass 1] 29: 4584000 docs, 473067 candidates
[pass 1] 29: 4585000 docs, 473171 candidates
[pass 1] 29: 4596000 docs, 474252 candidates
[pass 1] 29: 4597000 docs, 474352 candidates
[pass 1] 29: 4599000 docs, 474550 candidates
[pass 1] 29: 4606000 docs, 475276 candidates
[pass 1] 29: 4624000 docs, 477119 candidates
[pass 1] 29: 4625000 docs, 477235 candidates
[pass 1] 29: 4633000 docs, 478057 candidates
[pass 1] 29: 4659000 docs, 480763 candidates
[pass 1] 29: 4688000 docs, 483716 candidates
[pass 1] 29: 4705000 docs, 485482 candidates
[pass 1] 29: 4706000 docs, 485595 candidates
[pass 1] 29: 4713000 docs, 486339 candidates
[pass 1] 29: 4715000 docs, 486539 candidates
[pass 1] 29: 4725000 docs, 487547 candidates
[pass 1] 29: 4731000 docs, 488182 candidates
[pass 1] 29: 4738000 docs, 488880 candidates
[pass 1] 29: 4744000 docs, 489507 candidates
[pass 1] 29: 4745000 docs, 489614 candidates
[pass 1] 29: 4753000 docs, 490426 candidates
[pass 1] 29: 4765000 docs, 491684 candidates
[pass 1] 29: 4779000 docs, 493122 candidates
[pass 1] 29: 4801000 docs, 495379 candidates
[pass 1] 29: 4805000 docs, 495793 candidates
[pass 1] 29: 4830000 docs, 498330 candidates
[pass 1] 29: 4831000 docs, 498434 candidates
[pass 1] 29: 4836000 docs, 498981 candidates
[pass 1] 29: 4845000 docs, 499920 candidates
[pass 1] 29: 4857000 docs, 501169 candidates
[pass 1] 29: 4863000 docs, 501786 candidates
[pass 1] 29: 4873000 docs, 502800 candidates
[pass 1] 29: 4874000 docs, 502898 candidates
[pass 1] 29: 4895000 docs, 505043 candidates
[pass 1] 29: 4901000 docs, 505627 candidates
[pass 1] 29: 4903000 docs, 505849 candidates
[pass 1] 29: 4921000 docs, 507707 candidates
[pass 1] 29: 4922000 docs, 507827 candidates
[pass 1] 29: 4947000 docs, 510392 candidates
[pass 1] 29: 4962000 docs, 511958 candidates
[pass 1] 29: 4964000 docs, 512147 candidates
[pass 1] 29: 4968000 docs, 512545 candidates
[pass 1] 29: 4983000 docs, 514073 candidates
[pass 1] 29: 4989000 docs, 514692 candidates
[pass 1] 29: 4998000 docs, 515643 candidates
[pass 1] 29: 5010000 docs, 516903 candidates
[pass 1] 29: 5019000 docs, 517825 candidates
[pass 1] 29: 5040000 docs, 520054 candidates
[pass 1] 29: 5048000 docs, 520818 candidates
[pass 1] 29: 5049000 docs, 520927 candidates
[pass 1] 29: 5072000 docs, 523265 candidates
[pass 1] 29: 5079000 docs, 524002 candidates
[pass 1] 29: 5087000 docs, 524844 candidates
[pass 1] 29: 5089000 docs, 525045 candidates
[pass 1] 29: 5095000 docs, 525613 candidates
[pass 1] 29: 5110000 docs, 527143 candidates
[pass 1] 29: 5119000 docs, 528073 candidates
[pass 1] 29: 5122000 docs, 528389 candidates
[pass 1] 29: 5124000 docs, 528598 candidates
[pass 1] 29: 5140000 docs, 530164 candidates
[pass 1] 29: 5146000 docs, 530789 candidates
[pass 1] 29: 5162000 docs, 532412 candidates
[pass 1] 29: 5176000 docs, 533819 candidates
[pass 1] 29: 5189000 docs, 535232 candidates
[pass 1] 29: 5194000 docs, 535754 candidates
[pass 1] 29: 5257000 docs, 542270 candidates
[pass 1] 29: 5293000 docs, 545982 candidates
[pass 1] 29: 5303000 docs, 547033 candidates
[pass 1] 29: 5304000 docs, 547131 candidates
[pass 1] 29: 5307000 docs, 547456 candidates
[pass 1] 29: 5313000 docs, 548064 candidates
[pass 1] 29: 5315000 docs, 548300 candidates
[pass 1] 29: 5318000 docs, 548612 candidates
[pass 1] 29: 5321000 docs, 548926 candidates
[pass 1] 29: 5337000 docs, 550539 candidates
[pass 1] 29: 5346000 docs, 551462 candidates
[pass 1] 29: 5365000 docs, 553476 candidates
[pass 1] 29: 5381000 docs, 555088 candidates
[pass 1] 29: 5395000 docs, 556528 candidates
[pass 1] 29: 5398000 docs, 556841 candidates
[pass 1] 29: 5414000 docs, 558501 candidates
[pass 1] 29: 5417000 docs, 558824 candidates
[pass 1] 29: 5433000 docs, 560487 candidates
[pass 1] 29: 5434000 docs, 560584 candidates
[pass 1] 29: 5438000 docs, 560987 candidates
[pass 1] 29: 5447000 docs, 561894 candidates
[pass 1] 29: 5465000 docs, 563759 candidates
[pass 1] 29: 5472000 docs, 564496 candidates
[pass 1] 29: 5476000 docs, 564916 candidates
[pass 1] 29: 5481000 docs, 565400 candidates
[pass 1] 29: 5483000 docs, 565617 candidates
[pass 1] 29: 5490000 docs, 566342 candidates
[pass 1] 29: 5496000 docs, 566963 candidates
[pass 1] 29: 5497000 docs, 567068 candidates
[pass 1] 29: 5504000 docs, 567775 candidates
[pass 1] 29: 5506000 docs, 567967 candidates
[pass 1] 29: 5507000 docs, 568065 candidates
[pass 1] 29: 5510000 docs, 568388 candidates
[pass 1] 29: 5524000 docs, 569802 candidates
[pass 1] 29: 5545000 docs, 572004 candidates
[pass 1] 29: 5572000 docs, 574774 candidates
[pass 1] 29: 5584000 docs, 576043 candidates
[pass 1] 29: 5593000 docs, 576933 candidates
[pass 1] 29: 5595000 docs, 577138 candidates
[pass 1] 29: 5601000 docs, 577756 candidates
[pass 1] 29: 5607000 docs, 578391 candidates
[pass 1] 29: 5616000 docs, 579356 candidates
[pass 1] 29: 5623000 docs, 580018 candidates
[pass 1] 29: 5634000 docs, 581198 candidates
[pass 1] 29: 5654000 docs, 583234 candidates
[pass 1] 29: 5656000 docs, 583460 candidates
[pass 1] 29: 5675000 docs, 585397 candidates
[pass 1] 29: 5677000 docs, 585611 candidates
[pass 1] 29: 5678000 docs, 585723 candidates
[pass 1] 29: 5700000 docs, 588018 candidates
[pass 1] 29: 5701000 docs, 588126 candidates
[pass 1] 29: 5702000 docs, 588227 candidates
[pass 1] 29: 5704000 docs, 588423 candidates
[pass 1] 29: 5706000 docs, 588650 candidates
[pass 1] 29: 5713000 docs, 589367 candidates
[pass 1] 29: 5719000 docs, 589983 candidates
[pass 1] 29: 5735000 docs, 591645 candidates
[pass 1] 29: 5736000 docs, 591750 candidates
[pass 1] 29: 5745000 docs, 592695 candidates
[pass 1] 29: 5757000 docs, 593968 candidates
[pass 1] 29: 5760000 docs, 594299 candidates
[pass 1] 29: 5768000 docs, 595128 candidates
[pass 1] 29: 5770000 docs, 595345 candidates
[pass 1] 29: 5776000 docs, 595939 candidates
[pass 1] 29: 5788000 docs, 597197 candidates
[pass 1] 29: 5794000 docs, 597758 candidates
[pass 1] 29: 5796000 docs, 597971 candidates
[pass 1] 29: 5801000 docs, 598508 candidates
[pass 1] 29: 5806000 docs, 598997 candidates
[pass 1] 29: 5811000 docs, 599530 candidates
[pass 1] 29: 5815000 docs, 599971 candidates
[pass 1] 29: 5816000 docs, 600060 candidates
[pass 1] 29: 5832000 docs, 601715 candidates
[pass 1] 29: 5834000 docs, 601930 candidates
[pass 1] 29: 5839000 docs, 602446 candidates
[pass 1] 29: 5842000 docs, 602773 candidates
[pass 1] 29: 5845000 docs, 603100 candidates
[pass 1] 29: 5856000 docs, 604269 candidates
[pass 1] 29: 5858000 docs, 604481 candidates
[pass 1] 29: 5879000 docs, 606663 candidates
[pass 1] done: 0 docs, 0 new records, yield=0.0/10K, 16000396ms
[pipeline] Flushed 10000 buffered records to store
[pipeline] Exported 0 paired records to /mnt/zfs-host/backup/projects/observer-vault/01-Projects/dataset-processor/output/paired-output.jsonl

[orchestrate] Pipeline max-passes
[orchestrate] Passes: 1, Total verb-records: 10000
  Pass 1: 0 docs, 609341 Tier-A, 0 Tier-B, 0 Tier-C, 0 records, yield=0.0/10K
