[orchestrate] Found 1 shard files
[pass 1] 01: 20000 docs, 2079 candidates
[pass 1] 01: 24000 docs, 2485 candidates
[pass 1] 01: 43000 docs, 4362 candidates
[pass 1] 01: 65000 docs, 6652 candidates
[pass 1] 01: 66000 docs, 6751 candidates
[pass 1] 01: 82000 docs, 8366 candidates
[pass 1] 01: 84000 docs, 8595 candidates
[pass 1] 01: 95000 docs, 9756 candidates
[pass 1] 01: 140000 docs, 14338 candidates
[pass 1] 01: 157000 docs, 16085 candidates
[pass 1] 01: 160000 docs, 16406 candidates
[pass 1] 01: 164000 docs, 16839 candidates
[pass 1] 01: 192000 docs, 19780 candidates
[pass 1] 01: 222000 docs, 22862 candidates
[pass 1] 01: 232000 docs, 23918 candidates
[pass 1] 01: 245000 docs, 25296 candidates
[pass 1] 01: 247000 docs, 25497 candidates
[pass 1] 01: 304000 docs, 31376 candidates
[pass 1] 01: 327000 docs, 33828 candidates
[pass 1] 01: 329000 docs, 34016 candidates
[pass 1] 01: 334000 docs, 34553 candidates
[pass 1] 01: 342000 docs, 35377 candidates
[pass 1] 01: 348000 docs, 36006 candidates
[pass 1] 01: 352000 docs, 36449 candidates
[pass 1] 01: 368000 docs, 38144 candidates
[pass 1] 01: 375000 docs, 38851 candidates
[pass 1] 01: 377000 docs, 39076 candidates
[pass 1] 01: 384000 docs, 39816 candidates
[pass 1] 01: 394000 docs, 40844 candidates
[pass 1] 01: 406000 docs, 42063 candidates
[pass 1] 01: 417000 docs, 43230 candidates
[pass 1] 01: 446000 docs, 46182 candidates
[pass 1] 01: 453000 docs, 46923 candidates
[pass 1] 01: 460000 docs, 47622 candidates
[pass 1] 01: 462000 docs, 47832 candidates
[pass 1] 01: 466000 docs, 48236 candidates
[pass 1] 01: 468000 docs, 48465 candidates
[pass 1] 01: 496000 docs, 51368 candidates
[pass 1] 01: 500000 docs, 51774 candidates
[pass 1] 01: 528000 docs, 54653 candidates
[pass 1] 01: 552000 docs, 57119 candidates
[pass 1] 01: 556000 docs, 57534 candidates
[pass 1] 01: 562000 docs, 58175 candidates
[pass 1] 01: 567000 docs, 58694 candidates
[pass 1] 01: 569000 docs, 58906 candidates
[pass 1] 01: 570000 docs, 58999 candidates
[pass 1] 01: 582000 docs, 60242 candidates
[pass 1] 01: 590000 docs, 61084 candidates
[pass 1] 01: 592000 docs, 61282 candidates
[pass 1] 01: 612000 docs, 63365 candidates
[pass 1] 01: 627000 docs, 64885 candidates
[pass 1] 01: 638000 docs, 66010 candidates
[pass 1] 01: 642000 docs, 66401 candidates
[pass 1] 01: 644000 docs, 66612 candidates
[pass 1] 01: 658000 docs, 68022 candidates
[pass 1] 01: 661000 docs, 68329 candidates
[pass 1] 01: 670000 docs, 69221 candidates
[pass 1] 01: 672000 docs, 69416 candidates
[pass 1] 01: 689000 docs, 71163 candidates
[pass 1] 01: 693000 docs, 71612 candidates
[pass 1] 01: 702000 docs, 72562 candidates
[pass 1] 01: 722000 docs, 74674 candidates
[pass 1] 01: 723000 docs, 74789 candidates
[pass 1] 01: 725000 docs, 74997 candidates
[pass 1] 01: 734000 docs, 75881 candidates
[pass 1] 01: 736000 docs, 76073 candidates
[pass 1] 01: 737000 docs, 76172 candidates
[pass 1] 01: 747000 docs, 77188 candidates
[pass 1] 01: 748000 docs, 77286 candidates
[pass 1] 01: 756000 docs, 78106 candidates
[pass 1] 01: 794000 docs, 81998 candidates
[pass 1] 01: 798000 docs, 82427 candidates
[pass 1] 01: 802000 docs, 82841 candidates
[pass 1] 01: 812000 docs, 83856 candidates
[pass 1] 01: 821000 docs, 84816 candidates
[pass 1] 01: 825000 docs, 85238 candidates
[pass 1] 01: 828000 docs, 85555 candidates
[pass 1] 01: 849000 docs, 87699 candidates
[pass 1] 01: 856000 docs, 88384 candidates
[pass 1] 01: 858000 docs, 88596 candidates
[pass 1] 01: 859000 docs, 88689 candidates
[pass 1] 01: 861000 docs, 88891 candidates
[pass 1] 01: 863000 docs, 89078 candidates
[pass 1] 01: 879000 docs, 90755 candidates
[pass 1] 01: 884000 docs, 91281 candidates
[pass 1] 01: 891000 docs, 91970 candidates
[pass 1] 01: 892000 docs, 92073 candidates
[pass 1] 01: 902000 docs, 93085 candidates
[pass 1] 01: 913000 docs, 94219 candidates
[pass 1] 01: 931000 docs, 96086 candidates
[pass 1] 01: 932000 docs, 96192 candidates
[pass 1] 01: 944000 docs, 97427 candidates
[pass 1] 01: 951000 docs, 98161 candidates
[pass 1] 01: 959000 docs, 98989 candidates
[pass 1] 01: 971000 docs, 100204 candidates
[pass 1] 01: 991000 docs, 102304 candidates
[pass 1] 01: 1030000 docs, 106353 candidates
[pass 1] 01: 1050000 docs, 108460 candidates
[pass 1] 01: 1051000 docs, 108557 candidates
[pass 1] 01: 1053000 docs, 108755 candidates
[pass 1] 01: 1072000 docs, 110700 candidates
[pass 1] 01: 1093000 docs, 112836 candidates
[pass 1] 01: 1110000 docs, 114619 candidates
[pass 1] 01: 1115000 docs, 115144 candidates
[pass 1] 01: 1118000 docs, 115459 candidates
[pass 1] 01: 1123000 docs, 115990 candidates
[pass 1] 01: 1141000 docs, 117820 candidates
[pass 1] 01: 1148000 docs, 118520 candidates
[pass 1] 01: 1159000 docs, 119610 candidates
[pass 1] 01: 1169000 docs, 120665 candidates
[pass 1] 01: 1184000 docs, 122208 candidates
[pass 1] 01: 1194000 docs, 123276 candidates
[pass 1] 01: 1198000 docs, 123708 candidates
[pass 1] 01: 1203000 docs, 124223 candidates
[pass 1] 01: 1208000 docs, 124739 candidates
[pass 1] 01: 1219000 docs, 125938 candidates
[pass 1] 01: 1220000 docs, 126045 candidates
[pass 1] 01: 1222000 docs, 126256 candidates
[pass 1] 01: 1230000 docs, 127111 candidates
[pass 1] 01: 1246000 docs, 128786 candidates
[pass 1] 01: 1256000 docs, 129818 candidates
[pass 1] 01: 1265000 docs, 130737 candidates
[pass 1] 01: 1286000 docs, 132922 candidates
[pass 1] 01: 1299000 docs, 134299 candidates
[pass 1] 01: 1304000 docs, 134839 candidates
[pass 1] 01: 1305000 docs, 134953 candidates
[pass 1] 01: 1334000 docs, 137919 candidates
[pass 1] 01: 1338000 docs, 138325 candidates
[pass 1] 01: 1347000 docs, 139262 candidates
[pass 1] 01: 1354000 docs, 139992 candidates
[pass 1] 01: 1371000 docs, 141796 candidates
[pass 1] 01: 1397000 docs, 144436 candidates
[pass 1] 01: 1413000 docs, 146075 candidates
[pass 1] 01: 1430000 docs, 147832 candidates
[pass 1] 01: 1432000 docs, 148042 candidates
[pass 1] 01: 1451000 docs, 150034 candidates
[pass 1] 01: 1469000 docs, 151934 candidates
[pass 1] 01: 1472000 docs, 152247 candidates
[pass 1] 01: 1503000 docs, 155530 candidates
[pass 1] 01: 1540000 docs, 159249 candidates
[pass 1] 01: 1566000 docs, 161933 candidates
[pass 1] 01: 1582000 docs, 163599 candidates
[pass 1] 01: 1622000 docs, 167716 candidates
[pass 1] 01: 1647000 docs, 170251 candidates
[pass 1] 01: 1652000 docs, 170750 candidates
[pass 1] 01: 1675000 docs, 173093 candidates
[pass 1] 01: 1678000 docs, 173433 candidates
[pass 1] 01: 1692000 docs, 174886 candidates
[pass 1] 01: 1694000 docs, 175090 candidates
[pass 1] 01: 1696000 docs, 175284 candidates
[pass 1] 01: 1697000 docs, 175397 candidates
[pass 1] 01: 1772000 docs, 183016 candidates
[pass 1] 01: 1779000 docs, 183728 candidates
[pass 1] 01: 1815000 docs, 187491 candidates
[pass 1] 01: 1818000 docs, 187813 candidates
[pass 1] 01: 1822000 docs, 188217 candidates
[pass 1] 01: 1830000 docs, 189050 candidates
[pass 1] 01: 1833000 docs, 189349 candidates
[pass 1] 01: 1840000 docs, 190054 candidates
[pass 1] 01: 1848000 docs, 190884 candidates
[pass 1] 01: 1850000 docs, 191093 candidates
[pass 1] 01: 1884000 docs, 194614 candidates
[pass 1] 01: 1899000 docs, 196199 candidates
[pass 1] 01: 1900000 docs, 196312 candidates
[pass 1] 01: 1902000 docs, 196539 candidates
[pass 1] 01: 1903000 docs, 196631 candidates
[pass 1] 01: 1907000 docs, 197024 candidates
[pass 1] 01: 1913000 docs, 197687 candidates
[pass 1] 01: 1925000 docs, 198923 candidates
[pass 1] 01: 1933000 docs, 199723 candidates
[pass 1] 01: 1942000 docs, 200643 candidates
[pass 1] 01: 1955000 docs, 201965 candidates
[pass 1] 01: 1959000 docs, 202373 candidates
[pass 1] 01: 1996000 docs, 206195 candidates
[pass 1] 01: 2006000 docs, 207264 candidates
[pass 1] 01: 2022000 docs, 208905 candidates
[pass 1] 01: 2024000 docs, 209111 candidates
[pass 1] 01: 2030000 docs, 209732 candidates
[pass 1] 01: 2033000 docs, 210048 candidates
[pass 1] 01: 2046000 docs, 211400 candidates
[pass 1] 01: 2052000 docs, 212022 candidates
[pass 1] 01: 2082000 docs, 215151 candidates
[pass 1] 01: 2101000 docs, 217122 candidates
[pass 1] 01: 2114000 docs, 218426 candidates
[pass 1] 01: 2121000 docs, 219166 candidates
[pass 1] 01: 2132000 docs, 220328 candidates
[pass 1] 01: 2151000 docs, 222328 candidates
[pass 1] 01: 2159000 docs, 223157 candidates
[pass 1] 01: 2165000 docs, 223796 candidates
[pass 1] 01: 2172000 docs, 224534 candidates
[pass 1] 01: 2208000 docs, 228233 candidates
[pass 1] 01: 2212000 docs, 228640 candidates
[pass 1] 01: 2224000 docs, 229854 candidates
[pass 1] 01: 2234000 docs, 230872 candidates
[pass 1] 01: 2254000 docs, 233031 candidates
[pass 1] 01: 2267000 docs, 234360 candidates
[pass 1] 01: 2300000 docs, 237788 candidates
[pass 1] 01: 2304000 docs, 238234 candidates
[pass 1] 01: 2308000 docs, 238655 candidates
[pass 1] 01: 2313000 docs, 239170 candidates
[pass 1] 01: 2386000 docs, 246869 candidates
[pass 1] 01: 2391000 docs, 247357 candidates
[pass 1] 01: 2405000 docs, 248814 candidates
[pass 1] 01: 2410000 docs, 249324 candidates
[pass 1] 01: 2413000 docs, 249588 candidates
[pass 1] 01: 2427000 docs, 250997 candidates
[pass 1] 01: 2444000 docs, 252771 candidates
[pass 1] 01: 2461000 docs, 254476 candidates
[pass 1] 01: 2472000 docs, 255602 candidates
[pass 1] 01: 2473000 docs, 255710 candidates
[pass 1] 01: 2494000 docs, 257853 candidates
[pass 1] 01: 2500000 docs, 258482 candidates
[pass 1] 01: 2513000 docs, 259885 candidates
[pass 1] 01: 2526000 docs, 261230 candidates
[pass 1] 01: 2543000 docs, 263024 candidates
[pass 1] 01: 2556000 docs, 264348 candidates
[pass 1] 01: 2567000 docs, 265457 candidates
[pass 1] 01: 2573000 docs, 266094 candidates
[pass 1] 01: 2583000 docs, 267081 candidates
[pass 1] 01: 2590000 docs, 267782 candidates
[pass 1] 01: 2595000 docs, 268305 candidates
[pass 1] 01: 2597000 docs, 268523 candidates
[pass 1] 01: 2598000 docs, 268624 candidates
[pass 1] 01: 2603000 docs, 269138 candidates
[pass 1] 01: 2606000 docs, 269444 candidates
[pass 1] 01: 2624000 docs, 271371 candidates
[pass 1] 01: 2632000 docs, 272194 candidates
[pass 1] 01: 2638000 docs, 272823 candidates
[pass 1] 01: 2650000 docs, 273996 candidates
[pass 1] 01: 2652000 docs, 274217 candidates
[pass 1] 01: 2653000 docs, 274309 candidates
[pass 1] 01: 2682000 docs, 277207 candidates
[pass 1] 01: 2687000 docs, 277734 candidates
[pass 1] 01: 2689000 docs, 277939 candidates
[pass 1] 01: 2702000 docs, 279287 candidates
[pass 1] 01: 2708000 docs, 279903 candidates
[pass 1] 01: 2709000 docs, 280011 candidates
[pass 1] 01: 2747000 docs, 283911 candidates
[pass 1] 01: 2748000 docs, 283999 candidates
[pass 1] 01: 2752000 docs, 284413 candidates
[pass 1] 01: 2760000 docs, 285218 candidates
[pass 1] 01: 2765000 docs, 285710 candidates
[pass 1] 01: 2767000 docs, 285909 candidates
[pass 1] 01: 2773000 docs, 286572 candidates
[pass 1] 01: 2823000 docs, 291752 candidates
[pass 1] 01: 2841000 docs, 293589 candidates
[pass 1] 01: 2849000 docs, 294417 candidates
[pass 1] 01: 2865000 docs, 295992 candidates
[pass 1] 01: 2872000 docs, 296707 candidates
[pass 1] 01: 2880000 docs, 297542 candidates
[pass 1] 01: 2892000 docs, 298799 candidates
[pass 1] 01: 2897000 docs, 299288 candidates
[pass 1] 01: 2908000 docs, 300398 candidates
[pass 1] 01: 2918000 docs, 301412 candidates
[pass 1] 01: 2919000 docs, 301520 candidates
[pass 1] 01: 2941000 docs, 303841 candidates
[pass 1] 01: 2949000 docs, 304629 candidates
[pass 1] 01: 2951000 docs, 304838 candidates
[pass 1] 01: 2961000 docs, 305891 candidates
[pass 1] 01: 2962000 docs, 305997 candidates
[pass 1] 01: 2973000 docs, 307149 candidates
[pass 1] 01: 2988000 docs, 308731 candidates
[pass 1] 01: 2992000 docs, 309154 candidates
[pass 1] 01: 3008000 docs, 310835 candidates
[pass 1] 01: 3010000 docs, 311044 candidates
[pass 1] 01: 3025000 docs, 312583 candidates
[pass 1] 01: 3035000 docs, 313593 candidates
[pass 1] 01: 3058000 docs, 315989 candidates
[pass 1] 01: 3074000 docs, 317653 candidates
[pass 1] 01: 3115000 docs, 321902 candidates
[pass 1] 01: 3120000 docs, 322380 candidates
[pass 1] 01: 3132000 docs, 323573 candidates
[pass 1] 01: 3133000 docs, 323671 candidates
[pass 1] 01: 3150000 docs, 325513 candidates
[pass 1] 01: 3158000 docs, 326289 candidates
[pass 1] 01: 3171000 docs, 327670 candidates
[pass 1] 01: 3193000 docs, 329919 candidates
[pass 1] 01: 3195000 docs, 330112 candidates
[pass 1] 01: 3196000 docs, 330227 candidates
[pass 1] 01: 3201000 docs, 330716 candidates
[pass 1] 01: 3214000 docs, 332057 candidates
[pass 1] 01: 3226000 docs, 333273 candidates
[pass 1] 01: 3237000 docs, 334366 candidates
[pass 1] 01: 3238000 docs, 334481 candidates
[pass 1] 01: 3242000 docs, 334895 candidates
[pass 1] 01: 3256000 docs, 336388 candidates
[pass 1] 01: 3259000 docs, 336702 candidates
[pass 1] 01: 3282000 docs, 339011 candidates
[pass 1] 01: 3285000 docs, 339311 candidates
[pass 1] 01: 3305000 docs, 341342 candidates
[pass 1] 01: 3311000 docs, 341990 candidates
[pass 1] 01: 3314000 docs, 342319 candidates
[pass 1] 01: 3357000 docs, 346829 candidates
[pass 1] 01: 3360000 docs, 347154 candidates
[pass 1] 01: 3381000 docs, 349299 candidates
[pass 1] 01: 3387000 docs, 349886 candidates
[pass 1] 01: 3399000 docs, 351118 candidates
[pass 1] 01: 3413000 docs, 352586 candidates
[pass 1] 01: 3414000 docs, 352674 candidates
[pass 1] 01: 3416000 docs, 352885 candidates
[pass 1] 01: 3428000 docs, 354136 candidates
[pass 1] 01: 3432000 docs, 354559 candidates
[pass 1] 01: 3438000 docs, 355178 candidates
[pass 1] 01: 3456000 docs, 356983 candidates
[pass 1] 01: 3471000 docs, 358551 candidates
[pass 1] 01: 3475000 docs, 358951 candidates
[pass 1] 01: 3496000 docs, 361184 candidates
[pass 1] 01: 3511000 docs, 362742 candidates
[pass 1] 01: 3530000 docs, 364748 candidates
[pass 1] 01: 3531000 docs, 364867 candidates
[pass 1] 01: 3533000 docs, 365080 candidates
[pass 1] 01: 3537000 docs, 365501 candidates
[pass 1] 01: 3574000 docs, 369277 candidates
[pass 1] 01: 3577000 docs, 369550 candidates
[pass 1] 01: 3580000 docs, 369867 candidates
[pass 1] 01: 3581000 docs, 369965 candidates
[pass 1] 01: 3585000 docs, 370400 candidates
[pass 1] 01: 3586000 docs, 370517 candidates
[pass 1] 01: 3587000 docs, 370612 candidates
[pass 1] 01: 3589000 docs, 370815 candidates
[pass 1] 01: 3594000 docs, 371338 candidates
[pass 1] 01: 3599000 docs, 371827 candidates
[pass 1] 01: 3624000 docs, 374315 candidates
[pass 1] 01: 3629000 docs, 374809 candidates
[pass 1] 01: 3636000 docs, 375537 candidates
[pass 1] 01: 3639000 docs, 375820 candidates
[pass 1] 01: 3665000 docs, 378513 candidates
[pass 1] 01: 3678000 docs, 379864 candidates
[pass 1] 01: 3680000 docs, 380057 candidates
[pass 1] 01: 3688000 docs, 380869 candidates
[pass 1] 01: 3694000 docs, 381475 candidates
[pass 1] 01: 3699000 docs, 382005 candidates
[pass 1] 01: 3700000 docs, 382126 candidates
[pass 1] 01: 3704000 docs, 382543 candidates
[pass 1] 01: 3716000 docs, 383797 candidates
[pass 1] 01: 3735000 docs, 385770 candidates
[pass 1] 01: 3743000 docs, 386552 candidates
[pass 1] 01: 3745000 docs, 386751 candidates
[pass 1] 01: 3746000 docs, 386857 candidates
[pass 1] 01: 3753000 docs, 387602 candidates
[pass 1] 01: 3756000 docs, 387930 candidates
[pass 1] 01: 3766000 docs, 388961 candidates
[pass 1] 01: 3773000 docs, 389686 candidates
[pass 1] 01: 3776000 docs, 389989 candidates
[pass 1] 01: 3777000 docs, 390100 candidates
[pass 1] 01: 3797000 docs, 392162 candidates
[pass 1] 01: 3805000 docs, 392950 candidates
[pass 1] 01: 3824000 docs, 394836 candidates
[pass 1] 01: 3825000 docs, 394941 candidates
[pass 1] 01: 3826000 docs, 395041 candidates
[pass 1] 01: 3830000 docs, 395449 candidates
[pass 1] 01: 3836000 docs, 396105 candidates
[pass 1] 01: 3842000 docs, 396740 candidates
[pass 1] 01: 3850000 docs, 397539 candidates
[pass 1] 01: 3872000 docs, 399886 candidates
[pass 1] 01: 3873000 docs, 399985 candidates
[pass 1] 01: 3880000 docs, 400732 candidates
[pass 1] 01: 3884000 docs, 401134 candidates
[pass 1] 01: 3903000 docs, 403114 candidates
[pass 1] 01: 3951000 docs, 407990 candidates
[pass 1] 01: 3955000 docs, 408405 candidates
[pass 1] 01: 3956000 docs, 408508 candidates
[pass 1] 01: 3966000 docs, 409548 candidates
[pass 1] 01: 3982000 docs, 411216 candidates
[pass 1] 01: 4039000 docs, 417084 candidates
[pass 1] 01: 4061000 docs, 419218 candidates
[pass 1] 01: 4064000 docs, 419531 candidates
[pass 1] 01: 4066000 docs, 419747 candidates
[pass 1] 01: 4077000 docs, 420882 candidates
[pass 1] 01: 4092000 docs, 422439 candidates
[pass 1] 01: 4096000 docs, 422851 candidates
[pass 1] 01: 4099000 docs, 423152 candidates
[pass 1] 01: 4103000 docs, 423565 candidates
[pass 1] 01: 4123000 docs, 425580 candidates
[pass 1] 01: 4125000 docs, 425769 candidates
[pass 1] 01: 4134000 docs, 426714 candidates
[pass 1] 01: 4136000 docs, 426933 candidates
[pass 1] 01: 4143000 docs, 427642 candidates
[pass 1] 01: 4150000 docs, 428382 candidates
[pass 1] 01: 4175000 docs, 430915 candidates
[pass 1] 01: 4186000 docs, 432117 candidates
[pass 1] 01: 4206000 docs, 434153 candidates
[pass 1] 01: 4239000 docs, 437551 candidates
[pass 1] 01: 4242000 docs, 437873 candidates
[pass 1] 01: 4252000 docs, 438903 candidates
[pass 1] 01: 4263000 docs, 440036 candidates
[pass 1] 01: 4264000 docs, 440122 candidates
[pass 1] 01: 4265000 docs, 440210 candidates
[pass 1] 01: 4268000 docs, 440541 candidates
[pass 1] 01: 4272000 docs, 440939 candidates
[pass 1] 01: 4277000 docs, 441499 candidates
[pass 1] 01: 4295000 docs, 443389 candidates
[pass 1] 01: 4298000 docs, 443705 candidates
[pass 1] 01: 4301000 docs, 444004 candidates
[pass 1] 01: 4308000 docs, 444727 candidates
[pass 1] 01: 4309000 docs, 444823 candidates
[pass 1] 01: 4310000 docs, 444919 candidates
[pass 1] 01: 4329000 docs, 446930 candidates
[pass 1] 01: 4335000 docs, 447563 candidates
[pass 1] 01: 4338000 docs, 447863 candidates
[pass 1] 01: 4345000 docs, 448571 candidates
[pass 1] 01: 4352000 docs, 449288 candidates
[pass 1] 01: 4355000 docs, 449608 candidates
[pass 1] 01: 4374000 docs, 451583 candidates
[pass 1] 01: 4375000 docs, 451682 candidates
[pass 1] 01: 4389000 docs, 453066 candidates
[pass 1] 01: 4391000 docs, 453261 candidates
[pass 1] 01: 4392000 docs, 453355 candidates
[pass 1] 01: 4405000 docs, 454683 candidates
[pass 1] 01: 4407000 docs, 454905 candidates
[pass 1] 01: 4412000 docs, 455442 candidates
[pass 1] 01: 4435000 docs, 457751 candidates
[pass 1] 01: 4443000 docs, 458554 candidates
[pass 1] 01: 4445000 docs, 458786 candidates
[pass 1] 01: 4447000 docs, 458974 candidates
[pass 1] 01: 4461000 docs, 460419 candidates
[pass 1] 01: 4469000 docs, 461262 candidates
[pass 1] 01: 4471000 docs, 461451 candidates
[pass 1] 01: 4484000 docs, 462799 candidates
[pass 1] 01: 4486000 docs, 462996 candidates
[pass 1] 01: 4501000 docs, 464555 candidates
[pass 1] 01: 4520000 docs, 466546 candidates
[pass 1] 01: 4538000 docs, 468319 candidates
[pass 1] 01: 4545000 docs, 469048 candidates
[pass 1] 01: 4554000 docs, 470016 candidates
[pass 1] 01: 4569000 docs, 471488 candidates
[pass 1] 01: 4582000 docs, 472820 candidates
[pass 1] 01: 4603000 docs, 474993 candidates
[pass 1] 01: 4610000 docs, 475731 candidates
[pass 1] 01: 4612000 docs, 475947 candidates
[pass 1] 01: 4622000 docs, 477003 candidates
[pass 1] 01: 4629000 docs, 477782 candidates
[pass 1] 01: 4658000 docs, 480782 candidates
[pass 1] 01: 4665000 docs, 481535 candidates
[pass 1] 01: 4669000 docs, 481911 candidates
[pass 1] 01: 4671000 docs, 482108 candidates
[pass 1] 01: 4682000 docs, 483265 candidates
[pass 1] 01: 4684000 docs, 483501 candidates
[pass 1] 01: 4687000 docs, 483820 candidates
[pass 1] 01: 4689000 docs, 484021 candidates
[pass 1] 01: 4706000 docs, 485752 candidates
[pass 1] 01: 4725000 docs, 487705 candidates
[pass 1] 01: 4727000 docs, 487921 candidates
[pass 1] 01: 4737000 docs, 488933 candidates
[pass 1] 01: 4741000 docs, 489320 candidates
[pass 1] 01: 4754000 docs, 490643 candidates
[pass 1] 01: 4759000 docs, 491180 candidates
[pass 1] 01: 4769000 docs, 492164 candidates
[pass 1] 01: 4774000 docs, 492688 candidates
[pass 1] 01: 4788000 docs, 494119 candidates
[pass 1] 01: 4799000 docs, 495180 candidates
[pass 1] 01: 4818000 docs, 497172 candidates
[pass 1] 01: 4824000 docs, 497776 candidates
[pass 1] 01: 4835000 docs, 498887 candidates
[pass 1] 01: 4837000 docs, 499109 candidates
[pass 1] 01: 4838000 docs, 499216 candidates
[pass 1] 01: 4863000 docs, 501765 candidates
[pass 1] 01: 4869000 docs, 502390 candidates
[pass 1] 01: 4875000 docs, 503009 candidates
[pass 1] 01: 4880000 docs, 503500 candidates
[pass 1] 01: 4886000 docs, 504104 candidates
[pass 1] 01: 4895000 docs, 505055 candidates
[pass 1] 01: 4908000 docs, 506388 candidates
[pass 1] 01: 4917000 docs, 507290 candidates
[pass 1] 01: 4921000 docs, 507684 candidates
[pass 1] 01: 4922000 docs, 507790 candidates
[pass 1] 01: 4937000 docs, 509293 candidates
[pass 1] 01: 4948000 docs, 510416 candidates
[pass 1] 01: 4951000 docs, 510736 candidates
[pass 1] 01: 4956000 docs, 511277 candidates
[pass 1] 01: 4959000 docs, 511566 candidates
[pass 1] 01: 4962000 docs, 511862 candidates
[pass 1] 01: 4964000 docs, 512061 candidates
[pass 1] 01: 4973000 docs, 513030 candidates
[pass 1] 01: 4975000 docs, 513216 candidates
[pass 1] 01: 4995000 docs, 515271 candidates
[pass 1] 01: 4996000 docs, 515388 candidates
[pass 1] 01: 4998000 docs, 515587 candidates
[pass 1] 01: 5007000 docs, 516517 candidates
[pass 1] 01: 5021000 docs, 517977 candidates
[pass 1] 01: 5024000 docs, 518304 candidates
[pass 1] 01: 5056000 docs, 521698 candidates
[pass 1] 01: 5058000 docs, 521891 candidates
[pass 1] 01: 5090000 docs, 525233 candidates
[pass 1] 01: 5100000 docs, 526259 candidates
[pass 1] 01: 5114000 docs, 527660 candidates
[pass 1] 01: 5118000 docs, 528056 candidates
[pass 1] 01: 5131000 docs, 529378 candidates
[pass 1] 01: 5132000 docs, 529480 candidates
[pass 1] 01: 5134000 docs, 529661 candidates
[pass 1] 01: 5135000 docs, 529772 candidates
[pass 1] 01: 5148000 docs, 531093 candidates
[pass 1] 01: 5154000 docs, 531721 candidates
[pass 1] 01: 5155000 docs, 531820 candidates
[pass 1] 01: 5160000 docs, 532373 candidates
[pass 1] 01: 5166000 docs, 532987 candidates
[pass 1] 01: 5171000 docs, 533518 candidates
[pass 1] 01: 5188000 docs, 535324 candidates
[pass 1] 01: 5193000 docs, 535855 candidates
[pass 1] 01: 5196000 docs, 536158 candidates
[pass 1] 01: 5200000 docs, 536553 candidates
[pass 1] 01: 5204000 docs, 536986 candidates
[pass 1] 01: 5205000 docs, 537080 candidates
[pass 1] 01: 5217000 docs, 538333 candidates
[pass 1] 01: 5218000 docs, 538450 candidates
[pass 1] 01: 5222000 docs, 538859 candidates
[pass 1] 01: 5233000 docs, 540035 candidates
[pass 1] 01: 5246000 docs, 541386 candidates
[pass 1] 01: 5247000 docs, 541475 candidates
[pass 1] 01: 5268000 docs, 543654 candidates
[pass 1] 01: 5270000 docs, 543888 candidates
[pass 1] 01: 5286000 docs, 545608 candidates
[pass 1] 01: 5306000 docs, 547661 candidates
[pass 1] 01: 5338000 docs, 550924 candidates
[pass 1] 01: 5347000 docs, 551826 candidates
[pass 1] 01: 5351000 docs, 552242 candidates
[pass 1] 01: 5357000 docs, 552867 candidates
[pass 1] 01: 5364000 docs, 553578 candidates
[pass 1] 01: 5373000 docs, 554448 candidates
[pass 1] 01: 5374000 docs, 554548 candidates
[pass 1] 01: 5377000 docs, 554853 candidates
[pass 1] 01: 5386000 docs, 555738 candidates
[pass 1] 01: 5403000 docs, 557485 candidates
[pass 1] 01: 5409000 docs, 558104 candidates
[pass 1] 01: 5414000 docs, 558601 candidates
[pass 1] 01: 5420000 docs, 559221 candidates
[pass 1] 01: 5426000 docs, 559822 candidates
[pass 1] 01: 5430000 docs, 560227 candidates
[pass 1] 01: 5470000 docs, 564328 candidates
[pass 1] 01: 5471000 docs, 564432 candidates
[pass 1] 01: 5473000 docs, 564647 candidates
[pass 1] 01: 5478000 docs, 565169 candidates
[pass 1] 01: 5484000 docs, 565771 candidates
[pass 1] 01: 5487000 docs, 566077 candidates
[pass 1] 01: 5493000 docs, 566646 candidates
[pass 1] 01: 5512000 docs, 568556 candidates
[pass 1] 01: 5515000 docs, 568858 candidates
[pass 1] 01: 5527000 docs, 570079 candidates
[pass 1] 01: 5535000 docs, 570852 candidates
[pass 1] 01: 5544000 docs, 571739 candidates
[pass 1] 01: 5560000 docs, 573393 candidates
[pass 1] 01: 5576000 docs, 575059 candidates
[pass 1] 01: 5588000 docs, 576278 candidates
[pass 1] 01: 5599000 docs, 577343 candidates
[pass 1] 01: 5608000 docs, 578280 candidates
[pass 1] 01: 5628000 docs, 580330 candidates
[pass 1] 01: 5637000 docs, 581243 candidates
[pass 1] 01: 5638000 docs, 581349 candidates
[pass 1] 01: 5666000 docs, 584282 candidates
[pass 1] 01: 5671000 docs, 584793 candidates
[pass 1] 01: 5677000 docs, 585421 candidates
[pass 1] 01: 5685000 docs, 586203 candidates
[pass 1] 01: 5716000 docs, 589385 candidates
[pass 1] 01: 5719000 docs, 589670 candidates
[pass 1] 01: 5725000 docs, 590301 candidates
[pass 1] 01: 5735000 docs, 591296 candidates
[pass 1] 01: 5737000 docs, 591521 candidates
[pass 1] 01: 5765000 docs, 594267 candidates
[pass 1] 01: 5771000 docs, 594905 candidates
[pass 1] 01: 5779000 docs, 595760 candidates
[pass 1] 01: 5786000 docs, 596473 candidates
[pass 1] 01: 5789000 docs, 596761 candidates
[pass 1] 01: 5793000 docs, 597174 candidates
[pass 1] 01: 5794000 docs, 597285 candidates
[pass 1] 01: 5799000 docs, 597803 candidates
[pass 1] 01: 5807000 docs, 598582 candidates
[pass 1] 01: 5822000 docs, 600126 candidates
[pass 1] 01: 5829000 docs, 600847 candidates
[pass 1] 01: 5849000 docs, 602864 candidates
[pass 1] 01: 5872000 docs, 605195 candidates
[pass 1] 01: 5876000 docs, 605631 candidates
[pass 1] 01: 5877000 docs, 605742 candidates
[pass 1] 01: 5882000 docs, 606271 candidates
[pass 1] 01: 5900000 docs, 608129 candidates
[pass 1] done: 0 docs, 0 new records, yield=0.0/10K, 14664480ms
[pipeline] Flushed 10000 buffered records to store
[pipeline] Exported 0 paired records to /mnt/zfs-host/backup/projects/observer-vault/01-Projects/dataset-processor/output/paired-output.jsonl

[orchestrate] Pipeline max-passes
[orchestrate] Passes: 1, Total verb-records: 10000
  Pass 1: 0 docs, 608244 Tier-A, 0 Tier-B, 0 Tier-C, 0 records, yield=0.0/10K
