[orchestrate] Found 1 shard files
[pass 1] 19: 4000 docs, 409 candidates
[pass 1] 19: 7000 docs, 707 candidates
[pass 1] 19: 11000 docs, 1137 candidates
[pass 1] 19: 17000 docs, 1758 candidates
[pass 1] 19: 19000 docs, 1944 candidates
[pass 1] 19: 24000 docs, 2488 candidates
[pass 1] 19: 31000 docs, 3180 candidates
[pass 1] 19: 33000 docs, 3375 candidates
[pass 1] 19: 51000 docs, 5186 candidates
[pass 1] 19: 68000 docs, 6966 candidates
[pass 1] 19: 73000 docs, 7511 candidates
[pass 1] 19: 76000 docs, 7810 candidates
[pass 1] 19: 80000 docs, 8255 candidates
[pass 1] 19: 91000 docs, 9445 candidates
[pass 1] 19: 95000 docs, 9844 candidates
[pass 1] 19: 103000 docs, 10704 candidates
[pass 1] 19: 106000 docs, 11052 candidates
[pass 1] 19: 107000 docs, 11163 candidates
[pass 1] 19: 114000 docs, 11860 candidates
[pass 1] 19: 118000 docs, 12306 candidates
[pass 1] 19: 126000 docs, 13181 candidates
[pass 1] 19: 131000 docs, 13661 candidates
[pass 1] 19: 147000 docs, 15267 candidates
[pass 1] 19: 179000 docs, 18546 candidates
[pass 1] 19: 188000 docs, 19463 candidates
[pass 1] 19: 190000 docs, 19674 candidates
[pass 1] 19: 191000 docs, 19765 candidates
[pass 1] 19: 209000 docs, 21666 candidates
[pass 1] 19: 229000 docs, 23710 candidates
[pass 1] 19: 231000 docs, 23905 candidates
[pass 1] 19: 241000 docs, 24921 candidates
[pass 1] 19: 243000 docs, 25142 candidates
[pass 1] 19: 250000 docs, 25879 candidates
[pass 1] 19: 251000 docs, 25973 candidates
[pass 1] 19: 266000 docs, 27470 candidates
[pass 1] 19: 271000 docs, 27978 candidates
[pass 1] 19: 299000 docs, 30875 candidates
[pass 1] 19: 303000 docs, 31316 candidates
[pass 1] 19: 304000 docs, 31439 candidates
[pass 1] 19: 308000 docs, 31834 candidates
[pass 1] 19: 311000 docs, 32180 candidates
[pass 1] 19: 312000 docs, 32283 candidates
[pass 1] 19: 323000 docs, 33445 candidates
[pass 1] 19: 324000 docs, 33555 candidates
[pass 1] 19: 329000 docs, 34084 candidates
[pass 1] 19: 338000 docs, 35008 candidates
[pass 1] 19: 358000 docs, 37064 candidates
[pass 1] 19: 375000 docs, 38824 candidates
[pass 1] 19: 387000 docs, 40079 candidates
[pass 1] 19: 401000 docs, 41536 candidates
[pass 1] 19: 416000 docs, 43105 candidates
[pass 1] 19: 422000 docs, 43744 candidates
[pass 1] 19: 427000 docs, 44282 candidates
[pass 1] 19: 430000 docs, 44599 candidates
[pass 1] 19: 442000 docs, 45850 candidates
[pass 1] 19: 446000 docs, 46275 candidates
[pass 1] 19: 454000 docs, 47090 candidates
[pass 1] 19: 478000 docs, 49540 candidates
[pass 1] 19: 479000 docs, 49628 candidates
[pass 1] 19: 487000 docs, 50457 candidates
[pass 1] 19: 511000 docs, 52988 candidates
[pass 1] 19: 516000 docs, 53501 candidates
[pass 1] 19: 518000 docs, 53693 candidates
[pass 1] 19: 529000 docs, 54778 candidates
[pass 1] 19: 554000 docs, 57350 candidates
[pass 1] 19: 564000 docs, 58374 candidates
[pass 1] 19: 572000 docs, 59210 candidates
[pass 1] 19: 585000 docs, 60575 candidates
[pass 1] 19: 587000 docs, 60767 candidates
[pass 1] 19: 590000 docs, 61074 candidates
[pass 1] 19: 604000 docs, 62479 candidates
[pass 1] 19: 614000 docs, 63522 candidates
[pass 1] 19: 617000 docs, 63823 candidates
[pass 1] 19: 618000 docs, 63902 candidates
[pass 1] 19: 637000 docs, 65881 candidates
[pass 1] 19: 645000 docs, 66703 candidates
[pass 1] 19: 648000 docs, 67029 candidates
[pass 1] 19: 673000 docs, 69615 candidates
[pass 1] 19: 675000 docs, 69819 candidates
[pass 1] 19: 692000 docs, 71534 candidates
[pass 1] 19: 725000 docs, 74888 candidates
[pass 1] 19: 732000 docs, 75575 candidates
[pass 1] 19: 739000 docs, 76290 candidates
[pass 1] 19: 756000 docs, 78021 candidates
[pass 1] 19: 762000 docs, 78635 candidates
[pass 1] 19: 764000 docs, 78846 candidates
[pass 1] 19: 778000 docs, 80283 candidates
[pass 1] 19: 783000 docs, 80784 candidates
[pass 1] 19: 798000 docs, 82268 candidates
[pass 1] 19: 805000 docs, 83007 candidates
[pass 1] 19: 816000 docs, 84155 candidates
[pass 1] 19: 831000 docs, 85706 candidates
[pass 1] 19: 836000 docs, 86225 candidates
[pass 1] 19: 838000 docs, 86423 candidates
[pass 1] 19: 849000 docs, 87547 candidates
[pass 1] 19: 860000 docs, 88664 candidates
[pass 1] 19: 885000 docs, 91249 candidates
[pass 1] 19: 894000 docs, 92129 candidates
[pass 1] 19: 907000 docs, 93460 candidates
[pass 1] 19: 908000 docs, 93570 candidates
[pass 1] 19: 924000 docs, 95276 candidates
[pass 1] 19: 927000 docs, 95576 candidates
[pass 1] 19: 939000 docs, 96907 candidates
[pass 1] 19: 966000 docs, 99735 candidates
[pass 1] 19: 968000 docs, 99913 candidates
[pass 1] 19: 969000 docs, 100010 candidates
[pass 1] 19: 972000 docs, 100316 candidates
[pass 1] 19: 975000 docs, 100640 candidates
[pass 1] 19: 992000 docs, 102452 candidates
[pass 1] 19: 993000 docs, 102552 candidates
[pass 1] 19: 999000 docs, 103164 candidates
[pass 1] 19: 1017000 docs, 105049 candidates
[pass 1] 19: 1024000 docs, 105784 candidates
[pass 1] 19: 1025000 docs, 105891 candidates
[pass 1] 19: 1046000 docs, 108053 candidates
[pass 1] 19: 1050000 docs, 108491 candidates
[pass 1] 19: 1055000 docs, 109026 candidates
[pass 1] 19: 1081000 docs, 111725 candidates
[pass 1] 19: 1091000 docs, 112833 candidates
[pass 1] 19: 1092000 docs, 112931 candidates
[pass 1] 19: 1093000 docs, 113030 candidates
[pass 1] 19: 1097000 docs, 113456 candidates
[pass 1] 19: 1102000 docs, 113949 candidates
[pass 1] 19: 1119000 docs, 115709 candidates
[pass 1] 19: 1137000 docs, 117532 candidates
[pass 1] 19: 1146000 docs, 118492 candidates
[pass 1] 19: 1150000 docs, 118881 candidates
[pass 1] 19: 1163000 docs, 120236 candidates
[pass 1] 19: 1169000 docs, 120864 candidates
[pass 1] 19: 1177000 docs, 121692 candidates
[pass 1] 19: 1191000 docs, 123186 candidates
[pass 1] 19: 1195000 docs, 123593 candidates
[pass 1] 19: 1221000 docs, 126208 candidates
[pass 1] 19: 1260000 docs, 130182 candidates
[pass 1] 19: 1289000 docs, 133160 candidates
[pass 1] 19: 1294000 docs, 133717 candidates
[pass 1] 19: 1295000 docs, 133817 candidates
[pass 1] 19: 1301000 docs, 134458 candidates
[pass 1] 19: 1319000 docs, 136332 candidates
[pass 1] 19: 1323000 docs, 136761 candidates
[pass 1] 19: 1329000 docs, 137388 candidates
[pass 1] 19: 1331000 docs, 137588 candidates
[pass 1] 19: 1332000 docs, 137693 candidates
[pass 1] 19: 1333000 docs, 137792 candidates
[pass 1] 19: 1341000 docs, 138608 candidates
[pass 1] 19: 1358000 docs, 140386 candidates
[pass 1] 19: 1370000 docs, 141599 candidates
[pass 1] 19: 1385000 docs, 143193 candidates
[pass 1] 19: 1398000 docs, 144547 candidates
[pass 1] 19: 1418000 docs, 146588 candidates
[pass 1] 19: 1429000 docs, 147691 candidates
[pass 1] 19: 1449000 docs, 149687 candidates
[pass 1] 19: 1451000 docs, 149884 candidates
[pass 1] 19: 1455000 docs, 150297 candidates
[pass 1] 19: 1465000 docs, 151294 candidates
[pass 1] 19: 1477000 docs, 152513 candidates
[pass 1] 19: 1485000 docs, 153367 candidates
[pass 1] 19: 1496000 docs, 154506 candidates
[pass 1] 19: 1500000 docs, 154920 candidates
[pass 1] 19: 1505000 docs, 155424 candidates
[pass 1] 19: 1513000 docs, 156274 candidates
[pass 1] 19: 1515000 docs, 156506 candidates
[pass 1] 19: 1526000 docs, 157642 candidates
[pass 1] 19: 1532000 docs, 158259 candidates
[pass 1] 19: 1534000 docs, 158436 candidates
[pass 1] 19: 1551000 docs, 160109 candidates
[pass 1] 19: 1554000 docs, 160417 candidates
[pass 1] 19: 1563000 docs, 161405 candidates
[pass 1] 19: 1564000 docs, 161532 candidates
[pass 1] 19: 1569000 docs, 162052 candidates
[pass 1] 19: 1572000 docs, 162365 candidates
[pass 1] 19: 1586000 docs, 163759 candidates
[pass 1] 19: 1589000 docs, 164065 candidates
[pass 1] 19: 1599000 docs, 165175 candidates
[pass 1] 19: 1600000 docs, 165273 candidates
[pass 1] 19: 1622000 docs, 167536 candidates
[pass 1] 19: 1634000 docs, 168792 candidates
[pass 1] 19: 1639000 docs, 169297 candidates
[pass 1] 19: 1644000 docs, 169827 candidates
[pass 1] 19: 1694000 docs, 174968 candidates
[pass 1] 19: 1696000 docs, 175191 candidates
[pass 1] 19: 1701000 docs, 175703 candidates
[pass 1] 19: 1730000 docs, 178646 candidates
[pass 1] 19: 1740000 docs, 179735 candidates
[pass 1] 19: 1746000 docs, 180334 candidates
[pass 1] 19: 1750000 docs, 180731 candidates
[pass 1] 19: 1751000 docs, 180848 candidates
[pass 1] 19: 1757000 docs, 181458 candidates
[pass 1] 19: 1766000 docs, 182422 candidates
[pass 1] 19: 1768000 docs, 182613 candidates
[pass 1] 19: 1769000 docs, 182702 candidates
[pass 1] 19: 1771000 docs, 182913 candidates
[pass 1] 19: 1790000 docs, 184882 candidates
[pass 1] 19: 1811000 docs, 187049 candidates
[pass 1] 19: 1841000 docs, 190210 candidates
[pass 1] 19: 1848000 docs, 190903 candidates
[pass 1] 19: 1871000 docs, 193279 candidates
[pass 1] 19: 1891000 docs, 195371 candidates
[pass 1] 19: 1901000 docs, 196394 candidates
[pass 1] 19: 1907000 docs, 197015 candidates
[pass 1] 19: 1929000 docs, 199221 candidates
[pass 1] 19: 1932000 docs, 199553 candidates
[pass 1] 19: 1935000 docs, 199838 candidates
[pass 1] 19: 1960000 docs, 202354 candidates
[pass 1] 19: 1964000 docs, 202749 candidates
[pass 1] 19: 1973000 docs, 203685 candidates
[pass 1] 19: 1983000 docs, 204749 candidates
[pass 1] 19: 1984000 docs, 204851 candidates
[pass 1] 19: 1986000 docs, 205076 candidates
[pass 1] 19: 2002000 docs, 206710 candidates
[pass 1] 19: 2003000 docs, 206835 candidates
[pass 1] 19: 2014000 docs, 207967 candidates
[pass 1] 19: 2017000 docs, 208273 candidates
[pass 1] 19: 2037000 docs, 210326 candidates
[pass 1] 19: 2051000 docs, 211832 candidates
[pass 1] 19: 2058000 docs, 212551 candidates
[pass 1] 19: 2072000 docs, 213999 candidates
[pass 1] 19: 2084000 docs, 215268 candidates
[pass 1] 19: 2094000 docs, 216273 candidates
[pass 1] 19: 2099000 docs, 216812 candidates
[pass 1] 19: 2108000 docs, 217744 candidates
[pass 1] 19: 2122000 docs, 219153 candidates
[pass 1] 19: 2133000 docs, 220315 candidates
[pass 1] 19: 2134000 docs, 220416 candidates
[pass 1] 19: 2150000 docs, 222057 candidates
[pass 1] 19: 2188000 docs, 225951 candidates
[pass 1] 19: 2192000 docs, 226369 candidates
[pass 1] 19: 2201000 docs, 227279 candidates
[pass 1] 19: 2203000 docs, 227488 candidates
[pass 1] 19: 2231000 docs, 230365 candidates
[pass 1] 19: 2244000 docs, 231672 candidates
[pass 1] 19: 2245000 docs, 231794 candidates
[pass 1] 19: 2250000 docs, 232330 candidates
[pass 1] 19: 2268000 docs, 234093 candidates
[pass 1] 19: 2271000 docs, 234416 candidates
[pass 1] 19: 2278000 docs, 235141 candidates
[pass 1] 19: 2285000 docs, 235841 candidates
[pass 1] 19: 2289000 docs, 236236 candidates
[pass 1] 19: 2295000 docs, 236869 candidates
[pass 1] 19: 2308000 docs, 238189 candidates
[pass 1] 19: 2318000 docs, 239256 candidates
[pass 1] 19: 2320000 docs, 239467 candidates
[pass 1] 19: 2329000 docs, 240447 candidates
[pass 1] 19: 2346000 docs, 242164 candidates
[pass 1] 19: 2350000 docs, 242582 candidates
[pass 1] 19: 2371000 docs, 244779 candidates
[pass 1] 19: 2374000 docs, 245100 candidates
[pass 1] 19: 2376000 docs, 245327 candidates
[pass 1] 19: 2381000 docs, 245839 candidates
[pass 1] 19: 2389000 docs, 246681 candidates
[pass 1] 19: 2396000 docs, 247412 candidates
[pass 1] 19: 2399000 docs, 247752 candidates
[pass 1] 19: 2402000 docs, 248057 candidates
[pass 1] 19: 2411000 docs, 248950 candidates
[pass 1] 19: 2418000 docs, 249611 candidates
[pass 1] 19: 2419000 docs, 249709 candidates
[pass 1] 19: 2426000 docs, 250437 candidates
[pass 1] 19: 2431000 docs, 250943 candidates
[pass 1] 19: 2445000 docs, 252363 candidates
[pass 1] 19: 2448000 docs, 252676 candidates
[pass 1] 19: 2449000 docs, 252774 candidates
[pass 1] 19: 2455000 docs, 253418 candidates
[pass 1] 19: 2462000 docs, 254174 candidates
[pass 1] 19: 2467000 docs, 254691 candidates
[pass 1] 19: 2469000 docs, 254899 candidates
[pass 1] 19: 2494000 docs, 257397 candidates
[pass 1] 19: 2496000 docs, 257569 candidates
[pass 1] 19: 2519000 docs, 259925 candidates
[pass 1] 19: 2528000 docs, 260892 candidates
[pass 1] 19: 2538000 docs, 261920 candidates
[pass 1] 19: 2553000 docs, 263447 candidates
[pass 1] 19: 2605000 docs, 268717 candidates
[pass 1] 19: 2619000 docs, 270174 candidates
[pass 1] 19: 2626000 docs, 270903 candidates
[pass 1] 19: 2628000 docs, 271107 candidates
[pass 1] 19: 2657000 docs, 274115 candidates
[pass 1] 19: 2663000 docs, 274737 candidates
[pass 1] 19: 2668000 docs, 275224 candidates
[pass 1] 19: 2683000 docs, 276777 candidates
[pass 1] 19: 2689000 docs, 277392 candidates
[pass 1] 19: 2698000 docs, 278314 candidates
[pass 1] 19: 2706000 docs, 279120 candidates
[pass 1] 19: 2708000 docs, 279325 candidates
[pass 1] 19: 2709000 docs, 279420 candidates
[pass 1] 19: 2716000 docs, 280162 candidates
[pass 1] 19: 2730000 docs, 281621 candidates
[pass 1] 19: 2745000 docs, 283201 candidates
[pass 1] 19: 2750000 docs, 283696 candidates
[pass 1] 19: 2751000 docs, 283813 candidates
[pass 1] 19: 2758000 docs, 284517 candidates
[pass 1] 19: 2761000 docs, 284804 candidates
[pass 1] 19: 2765000 docs, 285260 candidates
[pass 1] 19: 2809000 docs, 289822 candidates
[pass 1] 19: 2813000 docs, 290238 candidates
[pass 1] 19: 2829000 docs, 291929 candidates
[pass 1] 19: 2837000 docs, 292725 candidates
[pass 1] 19: 2841000 docs, 293147 candidates
[pass 1] 19: 2850000 docs, 294061 candidates
[pass 1] 19: 2860000 docs, 295137 candidates
[pass 1] 19: 2892000 docs, 298467 candidates
[pass 1] 19: 2895000 docs, 298773 candidates
[pass 1] 19: 2902000 docs, 299510 candidates
[pass 1] 19: 2903000 docs, 299628 candidates
[pass 1] 19: 2905000 docs, 299832 candidates
[pass 1] 19: 2907000 docs, 300034 candidates
[pass 1] 19: 2914000 docs, 300746 candidates
[pass 1] 19: 2924000 docs, 301769 candidates
[pass 1] 19: 2937000 docs, 303152 candidates
[pass 1] 19: 2939000 docs, 303368 candidates
[pass 1] 19: 2949000 docs, 304406 candidates
[pass 1] 19: 2951000 docs, 304619 candidates
[pass 1] 19: 3006000 docs, 310274 candidates
[pass 1] 19: 3019000 docs, 311517 candidates
[pass 1] 19: 3039000 docs, 313548 candidates
[pass 1] 19: 3040000 docs, 313637 candidates
[pass 1] 19: 3041000 docs, 313739 candidates
[pass 1] 19: 3043000 docs, 313976 candidates
[pass 1] 19: 3069000 docs, 316741 candidates
[pass 1] 19: 3081000 docs, 317961 candidates
[pass 1] 19: 3087000 docs, 318638 candidates
[pass 1] 19: 3097000 docs, 319714 candidates
[pass 1] 19: 3101000 docs, 320122 candidates
[pass 1] 19: 3105000 docs, 320541 candidates
[pass 1] 19: 3107000 docs, 320755 candidates
[pass 1] 19: 3114000 docs, 321499 candidates
[pass 1] 19: 3136000 docs, 323714 candidates
[pass 1] 19: 3164000 docs, 326607 candidates
[pass 1] 19: 3175000 docs, 327734 candidates
[pass 1] 19: 3180000 docs, 328268 candidates
[pass 1] 19: 3187000 docs, 328968 candidates
[pass 1] 19: 3195000 docs, 329772 candidates
[pass 1] 19: 3223000 docs, 332686 candidates
[pass 1] 19: 3225000 docs, 332898 candidates
[pass 1] 19: 3231000 docs, 333496 candidates
[pass 1] 19: 3244000 docs, 334863 candidates
[pass 1] 19: 3269000 docs, 337434 candidates
[pass 1] 19: 3270000 docs, 337544 candidates
[pass 1] 19: 3271000 docs, 337655 candidates
[pass 1] 19: 3273000 docs, 337883 candidates
[pass 1] 19: 3277000 docs, 338292 candidates
[pass 1] 19: 3283000 docs, 338927 candidates
[pass 1] 19: 3299000 docs, 340597 candidates
[pass 1] 19: 3306000 docs, 341311 candidates
[pass 1] 19: 3311000 docs, 341808 candidates
[pass 1] 19: 3345000 docs, 345347 candidates
[pass 1] 19: 3351000 docs, 345961 candidates
[pass 1] 19: 3352000 docs, 346067 candidates
[pass 1] 19: 3356000 docs, 346500 candidates
[pass 1] 19: 3363000 docs, 347228 candidates
[pass 1] 19: 3366000 docs, 347550 candidates
[pass 1] 19: 3369000 docs, 347867 candidates
[pass 1] 19: 3371000 docs, 348095 candidates
[pass 1] 19: 3395000 docs, 350437 candidates
[pass 1] 19: 3397000 docs, 350637 candidates
[pass 1] 19: 3403000 docs, 351293 candidates
[pass 1] 19: 3412000 docs, 352205 candidates
[pass 1] 19: 3442000 docs, 355281 candidates
[pass 1] 19: 3444000 docs, 355467 candidates
[pass 1] 19: 3447000 docs, 355782 candidates
[pass 1] 19: 3450000 docs, 356071 candidates
[pass 1] 19: 3460000 docs, 357102 candidates
[pass 1] 19: 3483000 docs, 359541 candidates
[pass 1] 19: 3491000 docs, 360354 candidates
[pass 1] 19: 3505000 docs, 361829 candidates
[pass 1] 19: 3506000 docs, 361945 candidates
[pass 1] 19: 3509000 docs, 362267 candidates
[pass 1] 19: 3512000 docs, 362582 candidates
[pass 1] 19: 3524000 docs, 363800 candidates
[pass 1] 19: 3548000 docs, 366237 candidates
[pass 1] 19: 3554000 docs, 366846 candidates
[pass 1] 19: 3567000 docs, 368160 candidates
[pass 1] 19: 3583000 docs, 369821 candidates
[pass 1] 19: 3586000 docs, 370134 candidates
[pass 1] 19: 3587000 docs, 370245 candidates
[pass 1] 19: 3593000 docs, 370819 candidates
[pass 1] 19: 3625000 docs, 374241 candidates
[pass 1] 19: 3629000 docs, 374637 candidates
[pass 1] 19: 3635000 docs, 375239 candidates
[pass 1] 19: 3639000 docs, 375669 candidates
[pass 1] 19: 3640000 docs, 375765 candidates
[pass 1] 19: 3648000 docs, 376607 candidates
[pass 1] 19: 3655000 docs, 377314 candidates
[pass 1] 19: 3666000 docs, 378453 candidates
[pass 1] 19: 3678000 docs, 379636 candidates
[pass 1] 19: 3693000 docs, 381185 candidates
[pass 1] 19: 3704000 docs, 382297 candidates
[pass 1] 19: 3713000 docs, 383247 candidates
[pass 1] 19: 3716000 docs, 383561 candidates
[pass 1] 19: 3752000 docs, 387323 candidates
[pass 1] 19: 3756000 docs, 387735 candidates
[pass 1] 19: 3766000 docs, 388676 candidates
[pass 1] 19: 3767000 docs, 388784 candidates
[pass 1] 19: 3770000 docs, 389091 candidates
[pass 1] 19: 3773000 docs, 389391 candidates
[pass 1] 19: 3783000 docs, 390432 candidates
[pass 1] 19: 3787000 docs, 390840 candidates
[pass 1] 19: 3797000 docs, 391888 candidates
[pass 1] 19: 3802000 docs, 392413 candidates
[pass 1] 19: 3806000 docs, 392836 candidates
[pass 1] 19: 3827000 docs, 394947 candidates
[pass 1] 19: 3831000 docs, 395388 candidates
[pass 1] 19: 3836000 docs, 395881 candidates
[pass 1] 19: 3847000 docs, 397031 candidates
[pass 1] 19: 3861000 docs, 398477 candidates
[pass 1] 19: 3862000 docs, 398572 candidates
[pass 1] 19: 3866000 docs, 398976 candidates
[pass 1] 19: 3868000 docs, 399175 candidates
[pass 1] 19: 3879000 docs, 400329 candidates
[pass 1] 19: 3903000 docs, 402809 candidates
[pass 1] 19: 3914000 docs, 403957 candidates
[pass 1] 19: 3945000 docs, 407137 candidates
[pass 1] 19: 3960000 docs, 408706 candidates
[pass 1] 19: 3964000 docs, 409140 candidates
[pass 1] 19: 3968000 docs, 409573 candidates
[pass 1] 19: 3980000 docs, 410829 candidates
[pass 1] 19: 3996000 docs, 412440 candidates
[pass 1] 19: 4001000 docs, 412947 candidates
[pass 1] 19: 4019000 docs, 414796 candidates
[pass 1] 19: 4027000 docs, 415647 candidates
[pass 1] 19: 4033000 docs, 416285 candidates
[pass 1] 19: 4034000 docs, 416395 candidates
[pass 1] 19: 4043000 docs, 417344 candidates
[pass 1] 19: 4063000 docs, 419446 candidates
[pass 1] 19: 4066000 docs, 419735 candidates
[pass 1] 19: 4067000 docs, 419862 candidates
[pass 1] 19: 4069000 docs, 420084 candidates
[pass 1] 19: 4090000 docs, 422211 candidates
[pass 1] 19: 4099000 docs, 423197 candidates
[pass 1] 19: 4115000 docs, 424855 candidates
[pass 1] 19: 4125000 docs, 425840 candidates
[pass 1] 19: 4145000 docs, 427920 candidates
[pass 1] 19: 4156000 docs, 429036 candidates
[pass 1] 19: 4159000 docs, 429340 candidates
[pass 1] 19: 4173000 docs, 430793 candidates
[pass 1] 19: 4179000 docs, 431385 candidates
[pass 1] 19: 4184000 docs, 431897 candidates
[pass 1] 19: 4187000 docs, 432211 candidates
[pass 1] 19: 4205000 docs, 434088 candidates
[pass 1] 19: 4223000 docs, 435890 candidates
[pass 1] 19: 4237000 docs, 437345 candidates
[pass 1] 19: 4242000 docs, 437808 candidates
[pass 1] 19: 4250000 docs, 438636 candidates
[pass 1] 19: 4261000 docs, 439839 candidates
[pass 1] 19: 4286000 docs, 442350 candidates
[pass 1] 19: 4302000 docs, 444022 candidates
[pass 1] 19: 4307000 docs, 444530 candidates
[pass 1] 19: 4323000 docs, 446159 candidates
[pass 1] 19: 4333000 docs, 447152 candidates
[pass 1] 19: 4337000 docs, 447607 candidates
[pass 1] 19: 4344000 docs, 448344 candidates
[pass 1] 19: 4355000 docs, 449498 candidates
[pass 1] 19: 4356000 docs, 449597 candidates
[pass 1] 19: 4359000 docs, 449911 candidates
[pass 1] 19: 4371000 docs, 451171 candidates
[pass 1] 19: 4405000 docs, 454663 candidates
[pass 1] 19: 4411000 docs, 455286 candidates
[pass 1] 19: 4418000 docs, 456041 candidates
[pass 1] 19: 4426000 docs, 456874 candidates
[pass 1] 19: 4435000 docs, 457806 candidates
[pass 1] 19: 4439000 docs, 458227 candidates
[pass 1] 19: 4442000 docs, 458540 candidates
[pass 1] 19: 4454000 docs, 459739 candidates
[pass 1] 19: 4461000 docs, 460493 candidates
[pass 1] 19: 4468000 docs, 461206 candidates
[pass 1] 19: 4474000 docs, 461805 candidates
[pass 1] 19: 4484000 docs, 462859 candidates
[pass 1] 19: 4486000 docs, 463074 candidates
[pass 1] 19: 4491000 docs, 463599 candidates
[pass 1] 19: 4497000 docs, 464212 candidates
[pass 1] 19: 4511000 docs, 465650 candidates
[pass 1] 19: 4525000 docs, 467142 candidates
[pass 1] 19: 4531000 docs, 467773 candidates
[pass 1] 19: 4543000 docs, 468989 candidates
[pass 1] 19: 4545000 docs, 469188 candidates
[pass 1] 19: 4568000 docs, 471611 candidates
[pass 1] 19: 4588000 docs, 473636 candidates
[pass 1] 19: 4591000 docs, 473919 candidates
[pass 1] 19: 4602000 docs, 475061 candidates
[pass 1] 19: 4639000 docs, 478945 candidates
[pass 1] 19: 4665000 docs, 481624 candidates
[pass 1] 19: 4674000 docs, 482529 candidates
[pass 1] 19: 4680000 docs, 483129 candidates
[pass 1] 19: 4687000 docs, 483903 candidates
[pass 1] 19: 4695000 docs, 484717 candidates
[pass 1] 19: 4700000 docs, 485232 candidates
[pass 1] 19: 4712000 docs, 486456 candidates
[pass 1] 19: 4713000 docs, 486529 candidates
[pass 1] 19: 4724000 docs, 487644 candidates
[pass 1] 19: 4727000 docs, 487958 candidates
[pass 1] 19: 4729000 docs, 488169 candidates
[pass 1] 19: 4739000 docs, 489210 candidates
[pass 1] 19: 4747000 docs, 490018 candidates
[pass 1] 19: 4773000 docs, 492690 candidates
[pass 1] 19: 4781000 docs, 493546 candidates
[pass 1] 19: 4782000 docs, 493672 candidates
[pass 1] 19: 4783000 docs, 493767 candidates
[pass 1] 19: 4795000 docs, 494949 candidates
[pass 1] 19: 4826000 docs, 497979 candidates
[pass 1] 19: 4831000 docs, 498488 candidates
[pass 1] 19: 4852000 docs, 500685 candidates
[pass 1] 19: 4861000 docs, 501599 candidates
[pass 1] 19: 4868000 docs, 502304 candidates
[pass 1] 19: 4877000 docs, 503207 candidates
[pass 1] 19: 4885000 docs, 504025 candidates
[pass 1] 19: 4901000 docs, 505669 candidates
[pass 1] 19: 4907000 docs, 506246 candidates
[pass 1] 19: 4922000 docs, 507790 candidates
[pass 1] 19: 4925000 docs, 508112 candidates
[pass 1] 19: 4928000 docs, 508440 candidates
[pass 1] 19: 4931000 docs, 508734 candidates
[pass 1] 19: 4934000 docs, 509062 candidates
[pass 1] 19: 4947000 docs, 510451 candidates
[pass 1] 19: 4949000 docs, 510660 candidates
[pass 1] 19: 4950000 docs, 510760 candidates
[pass 1] 19: 4974000 docs, 513206 candidates
[pass 1] 19: 4985000 docs, 514381 candidates
[pass 1] 19: 4986000 docs, 514484 candidates
[pass 1] 19: 5011000 docs, 517057 candidates
[pass 1] 19: 5019000 docs, 517876 candidates
[pass 1] 19: 5028000 docs, 518766 candidates
[pass 1] 19: 5040000 docs, 520017 candidates
[pass 1] 19: 5046000 docs, 520623 candidates
[pass 1] 19: 5063000 docs, 522366 candidates
[pass 1] 19: 5070000 docs, 523116 candidates
[pass 1] 19: 5074000 docs, 523513 candidates
[pass 1] 19: 5077000 docs, 523820 candidates
[pass 1] 19: 5084000 docs, 524524 candidates
[pass 1] 19: 5085000 docs, 524624 candidates
[pass 1] 19: 5088000 docs, 524943 candidates
[pass 1] 19: 5092000 docs, 525336 candidates
[pass 1] 19: 5096000 docs, 525761 candidates
[pass 1] 19: 5105000 docs, 526683 candidates
[pass 1] 19: 5119000 docs, 528227 candidates
[pass 1] 19: 5122000 docs, 528544 candidates
[pass 1] 19: 5147000 docs, 531118 candidates
[pass 1] 19: 5153000 docs, 531773 candidates
[pass 1] 19: 5159000 docs, 532364 candidates
[pass 1] 19: 5185000 docs, 534965 candidates
[pass 1] 19: 5195000 docs, 535962 candidates
[pass 1] 19: 5211000 docs, 537639 candidates
[pass 1] 19: 5215000 docs, 538049 candidates
[pass 1] 19: 5216000 docs, 538140 candidates
[pass 1] 19: 5219000 docs, 538438 candidates
[pass 1] 19: 5221000 docs, 538650 candidates
[pass 1] 19: 5222000 docs, 538763 candidates
[pass 1] 19: 5225000 docs, 539060 candidates
[pass 1] 19: 5249000 docs, 541531 candidates
[pass 1] 19: 5250000 docs, 541637 candidates
[pass 1] 19: 5255000 docs, 542214 candidates
[pass 1] 19: 5262000 docs, 542954 candidates
[pass 1] 19: 5264000 docs, 543157 candidates
[pass 1] 19: 5267000 docs, 543489 candidates
[pass 1] 19: 5268000 docs, 543593 candidates
[pass 1] 19: 5269000 docs, 543699 candidates
[pass 1] 19: 5270000 docs, 543808 candidates
[pass 1] 19: 5278000 docs, 544627 candidates
[pass 1] 19: 5281000 docs, 544974 candidates
[pass 1] 19: 5292000 docs, 546099 candidates
[pass 1] 19: 5297000 docs, 546624 candidates
[pass 1] 19: 5303000 docs, 547251 candidates
[pass 1] 19: 5312000 docs, 548201 candidates
[pass 1] 19: 5313000 docs, 548304 candidates
[pass 1] 19: 5314000 docs, 548401 candidates
[pass 1] 19: 5325000 docs, 549522 candidates
[pass 1] 19: 5333000 docs, 550331 candidates
[pass 1] 19: 5373000 docs, 554373 candidates
[pass 1] 19: 5382000 docs, 555293 candidates
[pass 1] 19: 5388000 docs, 555930 candidates
[pass 1] 19: 5405000 docs, 557657 candidates
[pass 1] 19: 5413000 docs, 558503 candidates
[pass 1] 19: 5416000 docs, 558843 candidates
[pass 1] 19: 5419000 docs, 559146 candidates
[pass 1] 19: 5426000 docs, 559870 candidates
[pass 1] 19: 5428000 docs, 560076 candidates
[pass 1] 19: 5433000 docs, 560620 candidates
[pass 1] 19: 5439000 docs, 561236 candidates
[pass 1] 19: 5479000 docs, 565418 candidates
[pass 1] 19: 5491000 docs, 566694 candidates
[pass 1] 19: 5494000 docs, 567029 candidates
[pass 1] 19: 5498000 docs, 567443 candidates
[pass 1] 19: 5501000 docs, 567728 candidates
[pass 1] 19: 5502000 docs, 567835 candidates
[pass 1] 19: 5510000 docs, 568647 candidates
[pass 1] 19: 5513000 docs, 568988 candidates
[pass 1] 19: 5515000 docs, 569193 candidates
[pass 1] 19: 5524000 docs, 570136 candidates
[pass 1] 19: 5527000 docs, 570425 candidates
[pass 1] 19: 5557000 docs, 573492 candidates
[pass 1] 19: 5569000 docs, 574693 candidates
[pass 1] 19: 5572000 docs, 575005 candidates
[pass 1] 19: 5574000 docs, 575233 candidates
[pass 1] 19: 5575000 docs, 575316 candidates
[pass 1] 19: 5579000 docs, 575726 candidates
[pass 1] 19: 5580000 docs, 575835 candidates
[pass 1] 19: 5581000 docs, 575944 candidates
[pass 1] 19: 5591000 docs, 576973 candidates
[pass 1] 19: 5606000 docs, 578512 candidates
[pass 1] 19: 5612000 docs, 579129 candidates
[pass 1] 19: 5613000 docs, 579241 candidates
[pass 1] 19: 5632000 docs, 581103 candidates
[pass 1] 19: 5637000 docs, 581646 candidates
[pass 1] 19: 5648000 docs, 582742 candidates
[pass 1] 19: 5649000 docs, 582836 candidates
[pass 1] 19: 5652000 docs, 583129 candidates
[pass 1] 19: 5655000 docs, 583452 candidates
[pass 1] 19: 5668000 docs, 584755 candidates
[pass 1] 19: 5690000 docs, 587015 candidates
[pass 1] 19: 5694000 docs, 587440 candidates
[pass 1] 19: 5699000 docs, 588001 candidates
[pass 1] 19: 5715000 docs, 589602 candidates
[pass 1] 19: 5726000 docs, 590754 candidates
[pass 1] 19: 5773000 docs, 595534 candidates
[pass 1] 19: 5803000 docs, 598634 candidates
[pass 1] 19: 5804000 docs, 598741 candidates
[pass 1] 19: 5807000 docs, 599047 candidates
[pass 1] 19: 5822000 docs, 600517 candidates
[pass 1] 19: 5828000 docs, 601142 candidates
[pass 1] 19: 5853000 docs, 603706 candidates
[pass 1] 19: 5856000 docs, 604021 candidates
[pass 1] 19: 5867000 docs, 605147 candidates
[pass 1] 19: 5871000 docs, 605582 candidates
[pass 1] 19: 5876000 docs, 606089 candidates
[pass 1] 19: 5878000 docs, 606294 candidates
[pass 1] 19: 5882000 docs, 606700 candidates
[pass 1] 19: 5885000 docs, 607013 candidates
[pass 1] 19: 5886000 docs, 607123 candidates
[pass 1] 19: 5887000 docs, 607225 candidates
[pass 1] 19: 5892000 docs, 607750 candidates
[pass 1] done: 0 docs, 0 new records, yield=0.0/10K, 15849176ms
[pipeline] Flushed 10000 buffered records to store
[pipeline] Exported 0 paired records to /mnt/zfs-host/backup/projects/observer-vault/01-Projects/dataset-processor/output/paired-output.jsonl

[orchestrate] Pipeline max-passes
[orchestrate] Passes: 1, Total verb-records: 10000
  Pass 1: 0 docs, 609011 Tier-A, 0 Tier-B, 0 Tier-C, 0 records, yield=0.0/10K
