[orchestrate] Found 1 shard files
[pass 1] 08: 7000 docs, 761 candidates
[pass 1] 08: 15000 docs, 1636 candidates
[pass 1] 08: 16000 docs, 1740 candidates
[pass 1] 08: 20000 docs, 2176 candidates
[pass 1] 08: 23000 docs, 2511 candidates
[pass 1] 08: 27000 docs, 2952 candidates
[pass 1] 08: 38000 docs, 4055 candidates
[pass 1] 08: 48000 docs, 5123 candidates
[pass 1] 08: 49000 docs, 5221 candidates
[pass 1] 08: 65000 docs, 6865 candidates
[pass 1] 08: 67000 docs, 7065 candidates
[pass 1] 08: 74000 docs, 7775 candidates
[pass 1] 08: 77000 docs, 8087 candidates
[pass 1] 08: 91000 docs, 9529 candidates
[pass 1] 08: 101000 docs, 10607 candidates
[pass 1] 08: 151000 docs, 15640 candidates
[pass 1] 08: 155000 docs, 16042 candidates
[pass 1] 08: 156000 docs, 16163 candidates
[pass 1] 08: 161000 docs, 16677 candidates
[pass 1] 08: 163000 docs, 16915 candidates
[pass 1] 08: 178000 docs, 18502 candidates
[pass 1] 08: 182000 docs, 18920 candidates
[pass 1] 08: 195000 docs, 20204 candidates
[pass 1] 08: 211000 docs, 21833 candidates
[pass 1] 08: 214000 docs, 22140 candidates
[pass 1] 08: 219000 docs, 22645 candidates
[pass 1] 08: 240000 docs, 24808 candidates
[pass 1] 08: 248000 docs, 25680 candidates
[pass 1] 08: 259000 docs, 26755 candidates
[pass 1] 08: 291000 docs, 30146 candidates
[pass 1] 08: 299000 docs, 30984 candidates
[pass 1] 08: 310000 docs, 32145 candidates
[pass 1] 08: 317000 docs, 32863 candidates
[pass 1] 08: 321000 docs, 33275 candidates
[pass 1] 08: 322000 docs, 33384 candidates
[pass 1] 08: 335000 docs, 34688 candidates
[pass 1] 08: 342000 docs, 35431 candidates
[pass 1] 08: 370000 docs, 38270 candidates
[pass 1] 08: 392000 docs, 40499 candidates
[pass 1] 08: 397000 docs, 41015 candidates
[pass 1] 08: 399000 docs, 41260 candidates
[pass 1] 08: 431000 docs, 44483 candidates
[pass 1] 08: 439000 docs, 45315 candidates
[pass 1] 08: 471000 docs, 48632 candidates
[pass 1] 08: 475000 docs, 49008 candidates
[pass 1] 08: 477000 docs, 49221 candidates
[pass 1] 08: 479000 docs, 49402 candidates
[pass 1] 08: 493000 docs, 50833 candidates
[pass 1] 08: 507000 docs, 52295 candidates
[pass 1] 08: 508000 docs, 52404 candidates
[pass 1] 08: 517000 docs, 53314 candidates
[pass 1] 08: 522000 docs, 53865 candidates
[pass 1] 08: 525000 docs, 54197 candidates
[pass 1] 08: 533000 docs, 55013 candidates
[pass 1] 08: 536000 docs, 55334 candidates
[pass 1] 08: 554000 docs, 57170 candidates
[pass 1] 08: 577000 docs, 59570 candidates
[pass 1] 08: 583000 docs, 60216 candidates
[pass 1] 08: 587000 docs, 60623 candidates
[pass 1] 08: 595000 docs, 61420 candidates
[pass 1] 08: 600000 docs, 61918 candidates
[pass 1] 08: 629000 docs, 64886 candidates
[pass 1] 08: 634000 docs, 65424 candidates
[pass 1] 08: 651000 docs, 67151 candidates
[pass 1] 08: 661000 docs, 68172 candidates
[pass 1] 08: 679000 docs, 70075 candidates
[pass 1] 08: 699000 docs, 72224 candidates
[pass 1] 08: 718000 docs, 74125 candidates
[pass 1] 08: 724000 docs, 74766 candidates
[pass 1] 08: 729000 docs, 75283 candidates
[pass 1] 08: 735000 docs, 75925 candidates
[pass 1] 08: 738000 docs, 76204 candidates
[pass 1] 08: 766000 docs, 79139 candidates
[pass 1] 08: 782000 docs, 80749 candidates
[pass 1] 08: 805000 docs, 83227 candidates
[pass 1] 08: 811000 docs, 83813 candidates
[pass 1] 08: 832000 docs, 85997 candidates
[pass 1] 08: 846000 docs, 87419 candidates
[pass 1] 08: 868000 docs, 89756 candidates
[pass 1] 08: 876000 docs, 90639 candidates
[pass 1] 08: 888000 docs, 91874 candidates
[pass 1] 08: 898000 docs, 92924 candidates
[pass 1] 08: 919000 docs, 95043 candidates
[pass 1] 08: 922000 docs, 95360 candidates
[pass 1] 08: 933000 docs, 96457 candidates
[pass 1] 08: 938000 docs, 96988 candidates
[pass 1] 08: 943000 docs, 97504 candidates
[pass 1] 08: 950000 docs, 98233 candidates
[pass 1] 08: 952000 docs, 98446 candidates
[pass 1] 08: 957000 docs, 98954 candidates
[pass 1] 08: 981000 docs, 101458 candidates
[pass 1] 08: 990000 docs, 102366 candidates
[pass 1] 08: 1013000 docs, 104775 candidates
[pass 1] 08: 1019000 docs, 105415 candidates
[pass 1] 08: 1020000 docs, 105522 candidates
[pass 1] 08: 1040000 docs, 107522 candidates
[pass 1] 08: 1050000 docs, 108569 candidates
[pass 1] 08: 1061000 docs, 109749 candidates
[pass 1] 08: 1062000 docs, 109855 candidates
[pass 1] 08: 1066000 docs, 110290 candidates
[pass 1] 08: 1074000 docs, 111104 candidates
[pass 1] 08: 1086000 docs, 112380 candidates
[pass 1] 08: 1109000 docs, 114761 candidates
[pass 1] 08: 1120000 docs, 115922 candidates
[pass 1] 08: 1142000 docs, 118180 candidates
[pass 1] 08: 1154000 docs, 119412 candidates
[pass 1] 08: 1163000 docs, 120393 candidates
[pass 1] 08: 1173000 docs, 121428 candidates
[pass 1] 08: 1181000 docs, 122235 candidates
[pass 1] 08: 1192000 docs, 123312 candidates
[pass 1] 08: 1197000 docs, 123857 candidates
[pass 1] 08: 1199000 docs, 124054 candidates
[pass 1] 08: 1210000 docs, 125153 candidates
[pass 1] 08: 1211000 docs, 125269 candidates
[pass 1] 08: 1221000 docs, 126300 candidates
[pass 1] 08: 1222000 docs, 126411 candidates
[pass 1] 08: 1234000 docs, 127657 candidates
[pass 1] 08: 1235000 docs, 127763 candidates
[pass 1] 08: 1245000 docs, 128810 candidates
[pass 1] 08: 1254000 docs, 129736 candidates
[pass 1] 08: 1263000 docs, 130727 candidates
[pass 1] 08: 1273000 docs, 131720 candidates
[pass 1] 08: 1285000 docs, 132949 candidates
[pass 1] 08: 1292000 docs, 133689 candidates
[pass 1] 08: 1300000 docs, 134554 candidates
[pass 1] 08: 1305000 docs, 135092 candidates
[pass 1] 08: 1310000 docs, 135634 candidates
[pass 1] 08: 1343000 docs, 139022 candidates
[pass 1] 08: 1345000 docs, 139227 candidates
[pass 1] 08: 1346000 docs, 139324 candidates
[pass 1] 08: 1348000 docs, 139519 candidates
[pass 1] 08: 1360000 docs, 140695 candidates
[pass 1] 08: 1387000 docs, 143469 candidates
[pass 1] 08: 1420000 docs, 146838 candidates
[pass 1] 08: 1439000 docs, 148790 candidates
[pass 1] 08: 1440000 docs, 148907 candidates
[pass 1] 08: 1442000 docs, 149117 candidates
[pass 1] 08: 1443000 docs, 149222 candidates
[pass 1] 08: 1447000 docs, 149582 candidates
[pass 1] 08: 1476000 docs, 152579 candidates
[pass 1] 08: 1493000 docs, 154328 candidates
[pass 1] 08: 1502000 docs, 155193 candidates
[pass 1] 08: 1504000 docs, 155401 candidates
[pass 1] 08: 1526000 docs, 157728 candidates
[pass 1] 08: 1532000 docs, 158383 candidates
[pass 1] 08: 1533000 docs, 158482 candidates
[pass 1] 08: 1547000 docs, 159962 candidates
[pass 1] 08: 1573000 docs, 162685 candidates
[pass 1] 08: 1575000 docs, 162907 candidates
[pass 1] 08: 1579000 docs, 163327 candidates
[pass 1] 08: 1580000 docs, 163433 candidates
[pass 1] 08: 1581000 docs, 163522 candidates
[pass 1] 08: 1583000 docs, 163738 candidates
[pass 1] 08: 1587000 docs, 164128 candidates
[pass 1] 08: 1599000 docs, 165334 candidates
[pass 1] 08: 1613000 docs, 166789 candidates
[pass 1] 08: 1635000 docs, 169090 candidates
[pass 1] 08: 1640000 docs, 169635 candidates
[pass 1] 08: 1652000 docs, 170914 candidates
[pass 1] 08: 1653000 docs, 171011 candidates
[pass 1] 08: 1666000 docs, 172321 candidates
[pass 1] 08: 1682000 docs, 174009 candidates
[pass 1] 08: 1692000 docs, 175036 candidates
[pass 1] 08: 1696000 docs, 175445 candidates
[pass 1] 08: 1711000 docs, 176964 candidates
[pass 1] 08: 1720000 docs, 177902 candidates
[pass 1] 08: 1729000 docs, 178863 candidates
[pass 1] 08: 1732000 docs, 179175 candidates
[pass 1] 08: 1734000 docs, 179362 candidates
[pass 1] 08: 1738000 docs, 179769 candidates
[pass 1] 08: 1746000 docs, 180583 candidates
[pass 1] 08: 1750000 docs, 181012 candidates
[pass 1] 08: 1764000 docs, 182413 candidates
[pass 1] 08: 1773000 docs, 183391 candidates
[pass 1] 08: 1776000 docs, 183722 candidates
[pass 1] 08: 1796000 docs, 185804 candidates
[pass 1] 08: 1800000 docs, 186209 candidates
[pass 1] 08: 1801000 docs, 186315 candidates
[pass 1] 08: 1827000 docs, 188905 candidates
[pass 1] 08: 1829000 docs, 189118 candidates
[pass 1] 08: 1836000 docs, 189846 candidates
[pass 1] 08: 1842000 docs, 190483 candidates
[pass 1] 08: 1862000 docs, 192566 candidates
[pass 1] 08: 1865000 docs, 192878 candidates
[pass 1] 08: 1867000 docs, 193068 candidates
[pass 1] 08: 1869000 docs, 193290 candidates
[pass 1] 08: 1871000 docs, 193498 candidates
[pass 1] 08: 1893000 docs, 195740 candidates
[pass 1] 08: 1895000 docs, 195953 candidates
[pass 1] 08: 1902000 docs, 196653 candidates
[pass 1] 08: 1920000 docs, 198482 candidates
[pass 1] 08: 1942000 docs, 200754 candidates
[pass 1] 08: 1949000 docs, 201509 candidates
[pass 1] 08: 1968000 docs, 203488 candidates
[pass 1] 08: 1972000 docs, 203923 candidates
[pass 1] 08: 1973000 docs, 204024 candidates
[pass 1] 08: 1976000 docs, 204310 candidates
[pass 1] 08: 1979000 docs, 204601 candidates
[pass 1] 08: 1981000 docs, 204793 candidates
[pass 1] 08: 1984000 docs, 205086 candidates
[pass 1] 08: 2000000 docs, 206789 candidates
[pass 1] 08: 2008000 docs, 207635 candidates
[pass 1] 08: 2010000 docs, 207852 candidates
[pass 1] 08: 2014000 docs, 208261 candidates
[pass 1] 08: 2015000 docs, 208373 candidates
[pass 1] 08: 2016000 docs, 208481 candidates
[pass 1] 08: 2023000 docs, 209233 candidates
[pass 1] 08: 2033000 docs, 210314 candidates
[pass 1] 08: 2052000 docs, 212255 candidates
[pass 1] 08: 2054000 docs, 212483 candidates
[pass 1] 08: 2055000 docs, 212578 candidates
[pass 1] 08: 2056000 docs, 212698 candidates
[pass 1] 08: 2061000 docs, 213208 candidates
[pass 1] 08: 2103000 docs, 217527 candidates
[pass 1] 08: 2131000 docs, 220429 candidates
[pass 1] 08: 2144000 docs, 221799 candidates
[pass 1] 08: 2149000 docs, 222320 candidates
[pass 1] 08: 2162000 docs, 223674 candidates
[pass 1] 08: 2176000 docs, 225165 candidates
[pass 1] 08: 2200000 docs, 227708 candidates
[pass 1] 08: 2201000 docs, 227821 candidates
[pass 1] 08: 2203000 docs, 228038 candidates
[pass 1] 08: 2205000 docs, 228231 candidates
[pass 1] 08: 2206000 docs, 228338 candidates
[pass 1] 08: 2216000 docs, 229370 candidates
[pass 1] 08: 2246000 docs, 232447 candidates
[pass 1] 08: 2254000 docs, 233277 candidates
[pass 1] 08: 2256000 docs, 233496 candidates
[pass 1] 08: 2260000 docs, 233908 candidates
[pass 1] 08: 2265000 docs, 234468 candidates
[pass 1] 08: 2282000 docs, 236200 candidates
[pass 1] 08: 2285000 docs, 236538 candidates
[pass 1] 08: 2290000 docs, 237045 candidates
[pass 1] 08: 2293000 docs, 237363 candidates
[pass 1] 08: 2310000 docs, 239059 candidates
[pass 1] 08: 2332000 docs, 241373 candidates
[pass 1] 08: 2343000 docs, 242506 candidates
[pass 1] 08: 2351000 docs, 243355 candidates
[pass 1] 08: 2358000 docs, 244073 candidates
[pass 1] 08: 2386000 docs, 246872 candidates
[pass 1] 08: 2405000 docs, 248858 candidates
[pass 1] 08: 2424000 docs, 250857 candidates
[pass 1] 08: 2437000 docs, 252201 candidates
[pass 1] 08: 2446000 docs, 253120 candidates
[pass 1] 08: 2448000 docs, 253325 candidates
[pass 1] 08: 2450000 docs, 253514 candidates
[pass 1] 08: 2467000 docs, 255252 candidates
[pass 1] 08: 2470000 docs, 255571 candidates
[pass 1] 08: 2472000 docs, 255782 candidates
[pass 1] 08: 2489000 docs, 257517 candidates
[pass 1] 08: 2494000 docs, 258018 candidates
[pass 1] 08: 2495000 docs, 258122 candidates
[pass 1] 08: 2500000 docs, 258623 candidates
[pass 1] 08: 2515000 docs, 260208 candidates
[pass 1] 08: 2537000 docs, 262353 candidates
[pass 1] 08: 2564000 docs, 265151 candidates
[pass 1] 08: 2573000 docs, 266062 candidates
[pass 1] 08: 2575000 docs, 266256 candidates
[pass 1] 08: 2576000 docs, 266345 candidates
[pass 1] 08: 2595000 docs, 268308 candidates
[pass 1] 08: 2596000 docs, 268405 candidates
[pass 1] 08: 2617000 docs, 270666 candidates
[pass 1] 08: 2620000 docs, 270997 candidates
[pass 1] 08: 2626000 docs, 271596 candidates
[pass 1] 08: 2629000 docs, 271933 candidates
[pass 1] 08: 2638000 docs, 272930 candidates
[pass 1] 08: 2652000 docs, 274367 candidates
[pass 1] 08: 2661000 docs, 275264 candidates
[pass 1] 08: 2674000 docs, 276568 candidates
[pass 1] 08: 2687000 docs, 277896 candidates
[pass 1] 08: 2688000 docs, 278008 candidates
[pass 1] 08: 2694000 docs, 278621 candidates
[pass 1] 08: 2701000 docs, 279335 candidates
[pass 1] 08: 2703000 docs, 279556 candidates
[pass 1] 08: 2712000 docs, 280459 candidates
[pass 1] 08: 2713000 docs, 280562 candidates
[pass 1] 08: 2715000 docs, 280757 candidates
[pass 1] 08: 2720000 docs, 281286 candidates
[pass 1] 08: 2725000 docs, 281811 candidates
[pass 1] 08: 2727000 docs, 281992 candidates
[pass 1] 08: 2743000 docs, 283683 candidates
[pass 1] 08: 2752000 docs, 284595 candidates
[pass 1] 08: 2759000 docs, 285334 candidates
[pass 1] 08: 2764000 docs, 285850 candidates
[pass 1] 08: 2779000 docs, 287379 candidates
[pass 1] 08: 2802000 docs, 289718 candidates
[pass 1] 08: 2825000 docs, 292066 candidates
[pass 1] 08: 2826000 docs, 292162 candidates
[pass 1] 08: 2833000 docs, 292877 candidates
[pass 1] 08: 2847000 docs, 294349 candidates
[pass 1] 08: 2860000 docs, 295682 candidates
[pass 1] 08: 2887000 docs, 298435 candidates
[pass 1] 08: 2898000 docs, 299550 candidates
[pass 1] 08: 2937000 docs, 303500 candidates
[pass 1] 08: 2944000 docs, 304254 candidates
[pass 1] 08: 2973000 docs, 307257 candidates
[pass 1] 08: 2975000 docs, 307451 candidates
[pass 1] 08: 2976000 docs, 307568 candidates
[pass 1] 08: 2982000 docs, 308188 candidates
[pass 1] 08: 2985000 docs, 308519 candidates
[pass 1] 08: 3005000 docs, 310582 candidates
[pass 1] 08: 3017000 docs, 311845 candidates
[pass 1] 08: 3020000 docs, 312159 candidates
[pass 1] 08: 3039000 docs, 314032 candidates
[pass 1] 08: 3056000 docs, 315750 candidates
[pass 1] 08: 3057000 docs, 315862 candidates
[pass 1] 08: 3058000 docs, 315971 candidates
[pass 1] 08: 3067000 docs, 316941 candidates
[pass 1] 08: 3099000 docs, 320231 candidates
[pass 1] 08: 3105000 docs, 320838 candidates
[pass 1] 08: 3109000 docs, 321256 candidates
[pass 1] 08: 3116000 docs, 321956 candidates
[pass 1] 08: 3118000 docs, 322176 candidates
[pass 1] 08: 3124000 docs, 322815 candidates
[pass 1] 08: 3128000 docs, 323252 candidates
[pass 1] 08: 3134000 docs, 323866 candidates
[pass 1] 08: 3149000 docs, 325446 candidates
[pass 1] 08: 3174000 docs, 327907 candidates
[pass 1] 08: 3197000 docs, 330271 candidates
[pass 1] 08: 3213000 docs, 331962 candidates
[pass 1] 08: 3217000 docs, 332364 candidates
[pass 1] 08: 3218000 docs, 332450 candidates
[pass 1] 08: 3222000 docs, 332878 candidates
[pass 1] 08: 3225000 docs, 333217 candidates
[pass 1] 08: 3267000 docs, 337550 candidates
[pass 1] 08: 3283000 docs, 339160 candidates
[pass 1] 08: 3299000 docs, 340770 candidates
[pass 1] 08: 3302000 docs, 341077 candidates
[pass 1] 08: 3329000 docs, 343913 candidates
[pass 1] 08: 3342000 docs, 345256 candidates
[pass 1] 08: 3354000 docs, 346539 candidates
[pass 1] 08: 3359000 docs, 347035 candidates
[pass 1] 08: 3360000 docs, 347149 candidates
[pass 1] 08: 3364000 docs, 347548 candidates
[pass 1] 08: 3372000 docs, 348412 candidates
[pass 1] 08: 3377000 docs, 348930 candidates
[pass 1] 08: 3382000 docs, 349459 candidates
[pass 1] 08: 3385000 docs, 349750 candidates
[pass 1] 08: 3394000 docs, 350688 candidates
[pass 1] 08: 3400000 docs, 351330 candidates
[pass 1] 08: 3410000 docs, 352380 candidates
[pass 1] 08: 3413000 docs, 352687 candidates
[pass 1] 08: 3416000 docs, 352984 candidates
[pass 1] 08: 3439000 docs, 355377 candidates
[pass 1] 08: 3472000 docs, 358807 candidates
[pass 1] 08: 3475000 docs, 359128 candidates
[pass 1] 08: 3504000 docs, 362028 candidates
[pass 1] 08: 3517000 docs, 363346 candidates
[pass 1] 08: 3521000 docs, 363772 candidates
[pass 1] 08: 3529000 docs, 364611 candidates
[pass 1] 08: 3541000 docs, 365880 candidates
[pass 1] 08: 3546000 docs, 366431 candidates
[pass 1] 08: 3549000 docs, 366774 candidates
[pass 1] 08: 3574000 docs, 369363 candidates
[pass 1] 08: 3576000 docs, 369584 candidates
[pass 1] 08: 3586000 docs, 370579 candidates
[pass 1] 08: 3589000 docs, 370872 candidates
[pass 1] 08: 3593000 docs, 371274 candidates
[pass 1] 08: 3595000 docs, 371481 candidates
[pass 1] 08: 3606000 docs, 372656 candidates
[pass 1] 08: 3624000 docs, 374599 candidates
[pass 1] 08: 3628000 docs, 375010 candidates
[pass 1] 08: 3629000 docs, 375126 candidates
[pass 1] 08: 3638000 docs, 376046 candidates
[pass 1] 08: 3641000 docs, 376330 candidates
[pass 1] 08: 3643000 docs, 376557 candidates
[pass 1] 08: 3651000 docs, 377406 candidates
[pass 1] 08: 3672000 docs, 379554 candidates
[pass 1] 08: 3683000 docs, 380655 candidates
[pass 1] 08: 3695000 docs, 381919 candidates
[pass 1] 08: 3707000 docs, 383128 candidates
[pass 1] 08: 3714000 docs, 383874 candidates
[pass 1] 08: 3722000 docs, 384678 candidates
[pass 1] 08: 3727000 docs, 385181 candidates
[pass 1] 08: 3731000 docs, 385589 candidates
[pass 1] 08: 3734000 docs, 385894 candidates
[pass 1] 08: 3744000 docs, 386943 candidates
[pass 1] 08: 3749000 docs, 387458 candidates
[pass 1] 08: 3753000 docs, 387891 candidates
[pass 1] 08: 3775000 docs, 390180 candidates
[pass 1] 08: 3786000 docs, 391266 candidates
[pass 1] 08: 3793000 docs, 391974 candidates
[pass 1] 08: 3817000 docs, 394423 candidates
[pass 1] 08: 3824000 docs, 395141 candidates
[pass 1] 08: 3836000 docs, 396391 candidates
[pass 1] 08: 3857000 docs, 398561 candidates
[pass 1] 08: 3870000 docs, 399861 candidates
[pass 1] 08: 3877000 docs, 400605 candidates
[pass 1] 08: 3884000 docs, 401336 candidates
[pass 1] 08: 3886000 docs, 401544 candidates
[pass 1] 08: 3887000 docs, 401649 candidates
[pass 1] 08: 3890000 docs, 401969 candidates
[pass 1] 08: 3912000 docs, 404268 candidates
[pass 1] 08: 3916000 docs, 404676 candidates
[pass 1] 08: 3918000 docs, 404867 candidates
[pass 1] 08: 3920000 docs, 405055 candidates
[pass 1] 08: 3923000 docs, 405361 candidates
[pass 1] 08: 3932000 docs, 406323 candidates
[pass 1] 08: 3938000 docs, 406942 candidates
[pass 1] 08: 3939000 docs, 407050 candidates
[pass 1] 08: 3956000 docs, 408833 candidates
[pass 1] 08: 3957000 docs, 408943 candidates
[pass 1] 08: 3968000 docs, 410105 candidates
[pass 1] 08: 3976000 docs, 410906 candidates
[pass 1] 08: 3980000 docs, 411322 candidates
[pass 1] 08: 3987000 docs, 412067 candidates
[pass 1] 08: 3989000 docs, 412277 candidates
[pass 1] 08: 3994000 docs, 412797 candidates
[pass 1] 08: 3997000 docs, 413093 candidates
[pass 1] 08: 4006000 docs, 414040 candidates
[pass 1] 08: 4016000 docs, 415060 candidates
[pass 1] 08: 4021000 docs, 415563 candidates
[pass 1] 08: 4023000 docs, 415777 candidates
[pass 1] 08: 4026000 docs, 416109 candidates
[pass 1] 08: 4031000 docs, 416629 candidates
[pass 1] 08: 4035000 docs, 417033 candidates
[pass 1] 08: 4045000 docs, 418047 candidates
[pass 1] 08: 4048000 docs, 418365 candidates
[pass 1] 08: 4056000 docs, 419219 candidates
[pass 1] 08: 4064000 docs, 420042 candidates
[pass 1] 08: 4065000 docs, 420146 candidates
[pass 1] 08: 4070000 docs, 420639 candidates
[pass 1] 08: 4073000 docs, 420945 candidates
[pass 1] 08: 4079000 docs, 421586 candidates
[pass 1] 08: 4082000 docs, 421885 candidates
[pass 1] 08: 4097000 docs, 423460 candidates
[pass 1] 08: 4116000 docs, 425405 candidates
[pass 1] 08: 4121000 docs, 425933 candidates
[pass 1] 08: 4123000 docs, 426143 candidates
[pass 1] 08: 4126000 docs, 426458 candidates
[pass 1] 08: 4134000 docs, 427273 candidates
[pass 1] 08: 4135000 docs, 427397 candidates
[pass 1] 08: 4139000 docs, 427820 candidates
[pass 1] 08: 4141000 docs, 428013 candidates
[pass 1] 08: 4166000 docs, 430547 candidates
[pass 1] 08: 4174000 docs, 431362 candidates
[pass 1] 08: 4178000 docs, 431740 candidates
[pass 1] 08: 4181000 docs, 432048 candidates
[pass 1] 08: 4183000 docs, 432232 candidates
[pass 1] 08: 4210000 docs, 434952 candidates
[pass 1] 08: 4211000 docs, 435047 candidates
[pass 1] 08: 4217000 docs, 435622 candidates
[pass 1] 08: 4230000 docs, 437004 candidates
[pass 1] 08: 4234000 docs, 437416 candidates
[pass 1] 08: 4264000 docs, 440516 candidates
[pass 1] 08: 4271000 docs, 441243 candidates
[pass 1] 08: 4282000 docs, 442408 candidates
[pass 1] 08: 4287000 docs, 442934 candidates
[pass 1] 08: 4306000 docs, 444912 candidates
[pass 1] 08: 4309000 docs, 445230 candidates
[pass 1] 08: 4325000 docs, 446848 candidates
[pass 1] 08: 4330000 docs, 447370 candidates
[pass 1] 08: 4339000 docs, 448283 candidates
[pass 1] 08: 4352000 docs, 449599 candidates
[pass 1] 08: 4363000 docs, 450706 candidates
[pass 1] 08: 4374000 docs, 451851 candidates
[pass 1] 08: 4381000 docs, 452600 candidates
[pass 1] 08: 4386000 docs, 453147 candidates
[pass 1] 08: 4393000 docs, 453900 candidates
[pass 1] 08: 4394000 docs, 453995 candidates
[pass 1] 08: 4395000 docs, 454113 candidates
[pass 1] 08: 4400000 docs, 454608 candidates
[pass 1] 08: 4404000 docs, 454982 candidates
[pass 1] 08: 4418000 docs, 456418 candidates
[pass 1] 08: 4421000 docs, 456723 candidates
[pass 1] 08: 4441000 docs, 458817 candidates
[pass 1] 08: 4452000 docs, 459964 candidates
[pass 1] 08: 4460000 docs, 460802 candidates
[pass 1] 08: 4468000 docs, 461607 candidates
[pass 1] 08: 4486000 docs, 463426 candidates
[pass 1] 08: 4490000 docs, 463827 candidates
[pass 1] 08: 4492000 docs, 464030 candidates
[pass 1] 08: 4494000 docs, 464250 candidates
[pass 1] 08: 4514000 docs, 466295 candidates
[pass 1] 08: 4520000 docs, 466969 candidates
[pass 1] 08: 4525000 docs, 467493 candidates
[pass 1] 08: 4529000 docs, 467898 candidates
[pass 1] 08: 4534000 docs, 468416 candidates
[pass 1] 08: 4536000 docs, 468619 candidates
[pass 1] 08: 4544000 docs, 469445 candidates
[pass 1] 08: 4565000 docs, 471599 candidates
[pass 1] 08: 4572000 docs, 472321 candidates
[pass 1] 08: 4584000 docs, 473535 candidates
[pass 1] 08: 4601000 docs, 475305 candidates
[pass 1] 08: 4615000 docs, 476744 candidates
[pass 1] 08: 4622000 docs, 477482 candidates
[pass 1] 08: 4642000 docs, 479570 candidates
[pass 1] 08: 4665000 docs, 481995 candidates
[pass 1] 08: 4671000 docs, 482634 candidates
[pass 1] 08: 4674000 docs, 482957 candidates
[pass 1] 08: 4688000 docs, 484465 candidates
[pass 1] 08: 4699000 docs, 485650 candidates
[pass 1] 08: 4705000 docs, 486303 candidates
[pass 1] 08: 4724000 docs, 488252 candidates
[pass 1] 08: 4737000 docs, 489576 candidates
[pass 1] 08: 4750000 docs, 490865 candidates
[pass 1] 08: 4760000 docs, 491860 candidates
[pass 1] 08: 4768000 docs, 492652 candidates
[pass 1] 08: 4771000 docs, 493002 candidates
[pass 1] 08: 4776000 docs, 493512 candidates
[pass 1] 08: 4777000 docs, 493613 candidates
[pass 1] 08: 4791000 docs, 495087 candidates
[pass 1] 08: 4796000 docs, 495631 candidates
[pass 1] 08: 4802000 docs, 496225 candidates
[pass 1] 08: 4805000 docs, 496510 candidates
[pass 1] 08: 4807000 docs, 496713 candidates
[pass 1] 08: 4816000 docs, 497624 candidates
[pass 1] 08: 4845000 docs, 500588 candidates
[pass 1] 08: 4863000 docs, 502451 candidates
[pass 1] 08: 4873000 docs, 503485 candidates
[pass 1] 08: 4880000 docs, 504209 candidates
[pass 1] 08: 4881000 docs, 504327 candidates
[pass 1] 08: 4886000 docs, 504796 candidates
[pass 1] 08: 4892000 docs, 505420 candidates
[pass 1] 08: 4911000 docs, 507391 candidates
[pass 1] 08: 4912000 docs, 507482 candidates
[pass 1] 08: 4930000 docs, 509341 candidates
[pass 1] 08: 4934000 docs, 509737 candidates
[pass 1] 08: 4935000 docs, 509845 candidates
[pass 1] 08: 4945000 docs, 510896 candidates
[pass 1] 08: 4953000 docs, 511748 candidates
[pass 1] 08: 4965000 docs, 513022 candidates
[pass 1] 08: 4980000 docs, 514534 candidates
[pass 1] 08: 4986000 docs, 515143 candidates
[pass 1] 08: 5007000 docs, 517334 candidates
[pass 1] 08: 5027000 docs, 519330 candidates
[pass 1] 08: 5034000 docs, 520032 candidates
[pass 1] 08: 5035000 docs, 520133 candidates
[pass 1] 08: 5040000 docs, 520630 candidates
[pass 1] 08: 5042000 docs, 520853 candidates
[pass 1] 08: 5053000 docs, 522002 candidates
[pass 1] 08: 5057000 docs, 522413 candidates
[pass 1] 08: 5059000 docs, 522629 candidates
[pass 1] 08: 5077000 docs, 524471 candidates
[pass 1] 08: 5080000 docs, 524765 candidates
[pass 1] 08: 5081000 docs, 524876 candidates
[pass 1] 08: 5095000 docs, 526284 candidates
[pass 1] 08: 5103000 docs, 527120 candidates
[pass 1] 08: 5117000 docs, 528499 candidates
[pass 1] 08: 5118000 docs, 528615 candidates
[pass 1] 08: 5121000 docs, 528924 candidates
[pass 1] 08: 5141000 docs, 530945 candidates
[pass 1] 08: 5158000 docs, 532754 candidates
[pass 1] 08: 5161000 docs, 533019 candidates
[pass 1] 08: 5171000 docs, 534047 candidates
[pass 1] 08: 5177000 docs, 534684 candidates
[pass 1] 08: 5181000 docs, 535112 candidates
[pass 1] 08: 5186000 docs, 535635 candidates
[pass 1] 08: 5187000 docs, 535735 candidates
[pass 1] 08: 5188000 docs, 535833 candidates
[pass 1] 08: 5189000 docs, 535933 candidates
[pass 1] 08: 5201000 docs, 537160 candidates
[pass 1] 08: 5222000 docs, 539340 candidates
[pass 1] 08: 5226000 docs, 539731 candidates
[pass 1] 08: 5232000 docs, 540310 candidates
[pass 1] 08: 5239000 docs, 541048 candidates
[pass 1] 08: 5247000 docs, 541810 candidates
[pass 1] 08: 5256000 docs, 542733 candidates
[pass 1] 08: 5263000 docs, 543482 candidates
[pass 1] 08: 5266000 docs, 543787 candidates
[pass 1] 08: 5283000 docs, 545533 candidates
[pass 1] 08: 5298000 docs, 547025 candidates
[pass 1] 08: 5305000 docs, 547759 candidates
[pass 1] 08: 5318000 docs, 549119 candidates
[pass 1] 08: 5323000 docs, 549646 candidates
[pass 1] 08: 5344000 docs, 551826 candidates
[pass 1] 08: 5346000 docs, 552027 candidates
[pass 1] 08: 5352000 docs, 552697 candidates
[pass 1] 08: 5364000 docs, 553992 candidates
[pass 1] 08: 5366000 docs, 554175 candidates
[pass 1] 08: 5375000 docs, 555050 candidates
[pass 1] 08: 5387000 docs, 556288 candidates
[pass 1] 08: 5391000 docs, 556692 candidates
[pass 1] 08: 5393000 docs, 556912 candidates
[pass 1] 08: 5413000 docs, 558972 candidates
[pass 1] 08: 5415000 docs, 559196 candidates
[pass 1] 08: 5423000 docs, 560033 candidates
[pass 1] 08: 5430000 docs, 560737 candidates
[pass 1] 08: 5433000 docs, 561014 candidates
[pass 1] 08: 5441000 docs, 561839 candidates
[pass 1] 08: 5451000 docs, 562944 candidates
[pass 1] 08: 5452000 docs, 563050 candidates
[pass 1] 08: 5458000 docs, 563697 candidates
[pass 1] 08: 5472000 docs, 565133 candidates
[pass 1] 08: 5474000 docs, 565355 candidates
[pass 1] 08: 5478000 docs, 565776 candidates
[pass 1] 08: 5482000 docs, 566169 candidates
[pass 1] 08: 5488000 docs, 566792 candidates
[pass 1] 08: 5492000 docs, 567189 candidates
[pass 1] 08: 5499000 docs, 567874 candidates
[pass 1] 08: 5502000 docs, 568196 candidates
[pass 1] 08: 5506000 docs, 568615 candidates
[pass 1] 08: 5508000 docs, 568825 candidates
[pass 1] 08: 5509000 docs, 568931 candidates
[pass 1] 08: 5515000 docs, 569539 candidates
[pass 1] 08: 5527000 docs, 570748 candidates
[pass 1] 08: 5558000 docs, 573966 candidates
[pass 1] 08: 5578000 docs, 576008 candidates
[pass 1] 08: 5605000 docs, 578728 candidates
[pass 1] 08: 5614000 docs, 579715 candidates
[pass 1] 08: 5616000 docs, 579939 candidates
[pass 1] 08: 5630000 docs, 581366 candidates
[pass 1] 08: 5635000 docs, 581888 candidates
[pass 1] 08: 5637000 docs, 582110 candidates
[pass 1] 08: 5639000 docs, 582295 candidates
[pass 1] 08: 5643000 docs, 582670 candidates
[pass 1] 08: 5651000 docs, 583475 candidates
[pass 1] 08: 5661000 docs, 584468 candidates
[pass 1] 08: 5664000 docs, 584767 candidates
[pass 1] 08: 5674000 docs, 585792 candidates
[pass 1] 08: 5679000 docs, 586309 candidates
[pass 1] 08: 5688000 docs, 587259 candidates
[pass 1] 08: 5695000 docs, 587992 candidates
[pass 1] 08: 5696000 docs, 588103 candidates
[pass 1] 08: 5699000 docs, 588410 candidates
[pass 1] 08: 5700000 docs, 588517 candidates
[pass 1] 08: 5702000 docs, 588736 candidates
[pass 1] 08: 5716000 docs, 590168 candidates
[pass 1] 08: 5727000 docs, 591276 candidates
[pass 1] 08: 5735000 docs, 592068 candidates
[pass 1] 08: 5743000 docs, 592881 candidates
[pass 1] 08: 5751000 docs, 593686 candidates
[pass 1] 08: 5753000 docs, 593887 candidates
[pass 1] 08: 5760000 docs, 594603 candidates
[pass 1] 08: 5765000 docs, 595112 candidates
[pass 1] 08: 5782000 docs, 596869 candidates
[pass 1] 08: 5801000 docs, 598802 candidates
[pass 1] 08: 5814000 docs, 600131 candidates
[pass 1] 08: 5821000 docs, 600822 candidates
[pass 1] 08: 5827000 docs, 601448 candidates
[pass 1] 08: 5839000 docs, 602687 candidates
[pass 1] 08: 5842000 docs, 602983 candidates
[pass 1] 08: 5843000 docs, 603092 candidates
[pass 1] 08: 5850000 docs, 603805 candidates
[pass 1] 08: 5863000 docs, 605153 candidates
[pass 1] 08: 5871000 docs, 606016 candidates
[pass 1] 08: 5885000 docs, 607478 candidates
[pass 1] 08: 5887000 docs, 607706 candidates
[pass 1] 08: 5888000 docs, 607823 candidates
[pass 1] 08: 5893000 docs, 608301 candidates
[pass 1] done: 0 docs, 0 new records, yield=0.0/10K, 15349050ms
[pipeline] Flushed 10000 buffered records to store
[pipeline] Exported 0 paired records to /mnt/zfs-host/backup/projects/observer-vault/01-Projects/dataset-processor/output/paired-output.jsonl

[orchestrate] Pipeline max-passes
[orchestrate] Passes: 1, Total verb-records: 10000
  Pass 1: 0 docs, 609027 Tier-A, 0 Tier-B, 0 Tier-C, 0 records, yield=0.0/10K
