[orchestrate] Found 1 shard files
[pass 1] 22: 4000 docs, 371 candidates
[pass 1] 22: 9000 docs, 894 candidates
[pass 1] 22: 15000 docs, 1480 candidates
[pass 1] 22: 19000 docs, 1899 candidates
[pass 1] 22: 23000 docs, 2332 candidates
[pass 1] 22: 32000 docs, 3232 candidates
[pass 1] 22: 35000 docs, 3551 candidates
[pass 1] 22: 36000 docs, 3667 candidates
[pass 1] 22: 37000 docs, 3773 candidates
[pass 1] 22: 41000 docs, 4193 candidates
[pass 1] 22: 50000 docs, 5147 candidates
[pass 1] 22: 60000 docs, 6199 candidates
[pass 1] 22: 64000 docs, 6644 candidates
[pass 1] 22: 70000 docs, 7270 candidates
[pass 1] 22: 73000 docs, 7580 candidates
[pass 1] 22: 81000 docs, 8403 candidates
[pass 1] 22: 88000 docs, 9111 candidates
[pass 1] 22: 114000 docs, 11795 candidates
[pass 1] 22: 116000 docs, 12030 candidates
[pass 1] 22: 118000 docs, 12251 candidates
[pass 1] 22: 136000 docs, 14112 candidates
[pass 1] 22: 141000 docs, 14644 candidates
[pass 1] 22: 167000 docs, 17316 candidates
[pass 1] 22: 170000 docs, 17629 candidates
[pass 1] 22: 187000 docs, 19385 candidates
[pass 1] 22: 189000 docs, 19597 candidates
[pass 1] 22: 200000 docs, 20666 candidates
[pass 1] 22: 204000 docs, 21103 candidates
[pass 1] 22: 206000 docs, 21306 candidates
[pass 1] 22: 211000 docs, 21814 candidates
[pass 1] 22: 229000 docs, 23669 candidates
[pass 1] 22: 249000 docs, 25711 candidates
[pass 1] 22: 261000 docs, 26938 candidates
[pass 1] 22: 271000 docs, 27939 candidates
[pass 1] 22: 290000 docs, 29929 candidates
[pass 1] 22: 296000 docs, 30557 candidates
[pass 1] 22: 304000 docs, 31358 candidates
[pass 1] 22: 306000 docs, 31542 candidates
[pass 1] 22: 315000 docs, 32474 candidates
[pass 1] 22: 316000 docs, 32574 candidates
[pass 1] 22: 317000 docs, 32686 candidates
[pass 1] 22: 322000 docs, 33166 candidates
[pass 1] 22: 325000 docs, 33472 candidates
[pass 1] 22: 338000 docs, 34797 candidates
[pass 1] 22: 349000 docs, 35911 candidates
[pass 1] 22: 355000 docs, 36531 candidates
[pass 1] 22: 358000 docs, 36858 candidates
[pass 1] 22: 362000 docs, 37269 candidates
[pass 1] 22: 363000 docs, 37390 candidates
[pass 1] 22: 377000 docs, 38931 candidates
[pass 1] 22: 388000 docs, 40078 candidates
[pass 1] 22: 398000 docs, 41084 candidates
[pass 1] 22: 411000 docs, 42425 candidates
[pass 1] 22: 418000 docs, 43149 candidates
[pass 1] 22: 441000 docs, 45361 candidates
[pass 1] 22: 452000 docs, 46509 candidates
[pass 1] 22: 462000 docs, 47557 candidates
[pass 1] 22: 482000 docs, 49656 candidates
[pass 1] 22: 488000 docs, 50279 candidates
[pass 1] 22: 491000 docs, 50583 candidates
[pass 1] 22: 493000 docs, 50796 candidates
[pass 1] 22: 497000 docs, 51210 candidates
[pass 1] 22: 504000 docs, 51937 candidates
[pass 1] 22: 520000 docs, 53627 candidates
[pass 1] 22: 522000 docs, 53855 candidates
[pass 1] 22: 530000 docs, 54694 candidates
[pass 1] 22: 540000 docs, 55681 candidates
[pass 1] 22: 560000 docs, 57765 candidates
[pass 1] 22: 571000 docs, 58912 candidates
[pass 1] 22: 575000 docs, 59313 candidates
[pass 1] 22: 577000 docs, 59515 candidates
[pass 1] 22: 581000 docs, 59922 candidates
[pass 1] 22: 590000 docs, 60908 candidates
[pass 1] 22: 591000 docs, 61021 candidates
[pass 1] 22: 636000 docs, 65578 candidates
[pass 1] 22: 647000 docs, 66741 candidates
[pass 1] 22: 653000 docs, 67338 candidates
[pass 1] 22: 656000 docs, 67667 candidates
[pass 1] 22: 660000 docs, 68066 candidates
[pass 1] 22: 664000 docs, 68502 candidates
[pass 1] 22: 668000 docs, 68908 candidates
[pass 1] 22: 676000 docs, 69773 candidates
[pass 1] 22: 700000 docs, 72294 candidates
[pass 1] 22: 714000 docs, 73733 candidates
[pass 1] 22: 720000 docs, 74377 candidates
[pass 1] 22: 724000 docs, 74789 candidates
[pass 1] 22: 725000 docs, 74912 candidates
[pass 1] 22: 727000 docs, 75105 candidates
[pass 1] 22: 729000 docs, 75291 candidates
[pass 1] 22: 734000 docs, 75800 candidates
[pass 1] 22: 736000 docs, 75994 candidates
[pass 1] 22: 744000 docs, 76845 candidates
[pass 1] 22: 748000 docs, 77225 candidates
[pass 1] 22: 750000 docs, 77437 candidates
[pass 1] 22: 761000 docs, 78581 candidates
[pass 1] 22: 796000 docs, 82208 candidates
[pass 1] 22: 833000 docs, 86035 candidates
[pass 1] 22: 839000 docs, 86652 candidates
[pass 1] 22: 857000 docs, 88496 candidates
[pass 1] 22: 888000 docs, 91621 candidates
[pass 1] 22: 896000 docs, 92483 candidates
[pass 1] 22: 914000 docs, 94434 candidates
[pass 1] 22: 917000 docs, 94762 candidates
[pass 1] 22: 938000 docs, 96855 candidates
[pass 1] 22: 949000 docs, 98007 candidates
[pass 1] 22: 950000 docs, 98123 candidates
[pass 1] 22: 955000 docs, 98618 candidates
[pass 1] 22: 959000 docs, 99003 candidates
[pass 1] 22: 981000 docs, 101311 candidates
[pass 1] 22: 999000 docs, 103182 candidates
[pass 1] 22: 1014000 docs, 104738 candidates
[pass 1] 22: 1022000 docs, 105603 candidates
[pass 1] 22: 1035000 docs, 106930 candidates
[pass 1] 22: 1078000 docs, 111461 candidates
[pass 1] 22: 1085000 docs, 112197 candidates
[pass 1] 22: 1095000 docs, 113230 candidates
[pass 1] 22: 1099000 docs, 113647 candidates
[pass 1] 22: 1100000 docs, 113751 candidates
[pass 1] 22: 1108000 docs, 114575 candidates
[pass 1] 22: 1122000 docs, 116001 candidates
[pass 1] 22: 1130000 docs, 116808 candidates
[pass 1] 22: 1147000 docs, 118569 candidates
[pass 1] 22: 1154000 docs, 119292 candidates
[pass 1] 22: 1159000 docs, 119842 candidates
[pass 1] 22: 1160000 docs, 119948 candidates
[pass 1] 22: 1166000 docs, 120597 candidates
[pass 1] 22: 1170000 docs, 121015 candidates
[pass 1] 22: 1175000 docs, 121523 candidates
[pass 1] 22: 1179000 docs, 121958 candidates
[pass 1] 22: 1185000 docs, 122543 candidates
[pass 1] 22: 1190000 docs, 123058 candidates
[pass 1] 22: 1191000 docs, 123176 candidates
[pass 1] 22: 1206000 docs, 124636 candidates
[pass 1] 22: 1209000 docs, 124961 candidates
[pass 1] 22: 1228000 docs, 126940 candidates
[pass 1] 22: 1232000 docs, 127363 candidates
[pass 1] 22: 1240000 docs, 128176 candidates
[pass 1] 22: 1247000 docs, 128901 candidates
[pass 1] 22: 1248000 docs, 128997 candidates
[pass 1] 22: 1255000 docs, 129742 candidates
[pass 1] 22: 1273000 docs, 131619 candidates
[pass 1] 22: 1279000 docs, 132224 candidates
[pass 1] 22: 1287000 docs, 133041 candidates
[pass 1] 22: 1291000 docs, 133422 candidates
[pass 1] 22: 1306000 docs, 135037 candidates
[pass 1] 22: 1309000 docs, 135366 candidates
[pass 1] 22: 1336000 docs, 138152 candidates
[pass 1] 22: 1339000 docs, 138469 candidates
[pass 1] 22: 1359000 docs, 140528 candidates
[pass 1] 22: 1363000 docs, 140931 candidates
[pass 1] 22: 1366000 docs, 141259 candidates
[pass 1] 22: 1367000 docs, 141352 candidates
[pass 1] 22: 1376000 docs, 142265 candidates
[pass 1] 22: 1381000 docs, 142762 candidates
[pass 1] 22: 1389000 docs, 143598 candidates
[pass 1] 22: 1394000 docs, 144100 candidates
[pass 1] 22: 1405000 docs, 145203 candidates
[pass 1] 22: 1406000 docs, 145307 candidates
[pass 1] 22: 1416000 docs, 146360 candidates
[pass 1] 22: 1420000 docs, 146790 candidates
[pass 1] 22: 1426000 docs, 147371 candidates
[pass 1] 22: 1440000 docs, 148826 candidates
[pass 1] 22: 1444000 docs, 149218 candidates
[pass 1] 22: 1461000 docs, 151015 candidates
[pass 1] 22: 1462000 docs, 151108 candidates
[pass 1] 22: 1472000 docs, 152118 candidates
[pass 1] 22: 1481000 docs, 153018 candidates
[pass 1] 22: 1483000 docs, 153206 candidates
[pass 1] 22: 1486000 docs, 153537 candidates
[pass 1] 22: 1494000 docs, 154371 candidates
[pass 1] 22: 1502000 docs, 155172 candidates
[pass 1] 22: 1514000 docs, 156404 candidates
[pass 1] 22: 1516000 docs, 156598 candidates
[pass 1] 22: 1523000 docs, 157287 candidates
[pass 1] 22: 1535000 docs, 158489 candidates
[pass 1] 22: 1543000 docs, 159322 candidates
[pass 1] 22: 1545000 docs, 159522 candidates
[pass 1] 22: 1549000 docs, 159937 candidates
[pass 1] 22: 1551000 docs, 160136 candidates
[pass 1] 22: 1579000 docs, 162939 candidates
[pass 1] 22: 1591000 docs, 164179 candidates
[pass 1] 22: 1600000 docs, 165130 candidates
[pass 1] 22: 1607000 docs, 165903 candidates
[pass 1] 22: 1615000 docs, 166760 candidates
[pass 1] 22: 1618000 docs, 167090 candidates
[pass 1] 22: 1620000 docs, 167294 candidates
[pass 1] 22: 1625000 docs, 167816 candidates
[pass 1] 22: 1637000 docs, 169050 candidates
[pass 1] 22: 1659000 docs, 171376 candidates
[pass 1] 22: 1679000 docs, 173387 candidates
[pass 1] 22: 1680000 docs, 173503 candidates
[pass 1] 22: 1685000 docs, 173999 candidates
[pass 1] 22: 1691000 docs, 174592 candidates
[pass 1] 22: 1693000 docs, 174778 candidates
[pass 1] 22: 1698000 docs, 175224 candidates
[pass 1] 22: 1713000 docs, 176770 candidates
[pass 1] 22: 1714000 docs, 176877 candidates
[pass 1] 22: 1731000 docs, 178600 candidates
[pass 1] 22: 1742000 docs, 179763 candidates
[pass 1] 22: 1748000 docs, 180380 candidates
[pass 1] 22: 1764000 docs, 182028 candidates
[pass 1] 22: 1765000 docs, 182126 candidates
[pass 1] 22: 1802000 docs, 185916 candidates
[pass 1] 22: 1803000 docs, 186033 candidates
[pass 1] 22: 1809000 docs, 186659 candidates
[pass 1] 22: 1810000 docs, 186764 candidates
[pass 1] 22: 1860000 docs, 191843 candidates
[pass 1] 22: 1874000 docs, 193284 candidates
[pass 1] 22: 1885000 docs, 194409 candidates
[pass 1] 22: 1888000 docs, 194708 candidates
[pass 1] 22: 1889000 docs, 194802 candidates
[pass 1] 22: 1896000 docs, 195538 candidates
[pass 1] 22: 1897000 docs, 195628 candidates
[pass 1] 22: 1927000 docs, 198745 candidates
[pass 1] 22: 1937000 docs, 199753 candidates
[pass 1] 22: 1938000 docs, 199857 candidates
[pass 1] 22: 1946000 docs, 200692 candidates
[pass 1] 22: 1958000 docs, 201941 candidates
[pass 1] 22: 1960000 docs, 202160 candidates
[pass 1] 22: 1969000 docs, 203078 candidates
[pass 1] 22: 1970000 docs, 203175 candidates
[pass 1] 22: 1983000 docs, 204506 candidates
[pass 1] 22: 1996000 docs, 205846 candidates
[pass 1] 22: 1998000 docs, 206036 candidates
[pass 1] 22: 2011000 docs, 207350 candidates
[pass 1] 22: 2014000 docs, 207646 candidates
[pass 1] 22: 2020000 docs, 208239 candidates
[pass 1] 22: 2033000 docs, 209607 candidates
[pass 1] 22: 2036000 docs, 209937 candidates
[pass 1] 22: 2049000 docs, 211269 candidates
[pass 1] 22: 2061000 docs, 212532 candidates
[pass 1] 22: 2065000 docs, 212933 candidates
[pass 1] 22: 2066000 docs, 213047 candidates
[pass 1] 22: 2081000 docs, 214597 candidates
[pass 1] 22: 2089000 docs, 215386 candidates
[pass 1] 22: 2107000 docs, 217215 candidates
[pass 1] 22: 2158000 docs, 222404 candidates
[pass 1] 22: 2179000 docs, 224569 candidates
[pass 1] 22: 2185000 docs, 225159 candidates
[pass 1] 22: 2195000 docs, 226146 candidates
[pass 1] 22: 2198000 docs, 226465 candidates
[pass 1] 22: 2199000 docs, 226579 candidates
[pass 1] 22: 2202000 docs, 226910 candidates
[pass 1] 22: 2212000 docs, 227926 candidates
[pass 1] 22: 2214000 docs, 228127 candidates
[pass 1] 22: 2219000 docs, 228644 candidates
[pass 1] 22: 2233000 docs, 230070 candidates
[pass 1] 22: 2249000 docs, 231726 candidates
[pass 1] 22: 2258000 docs, 232729 candidates
[pass 1] 22: 2306000 docs, 237654 candidates
[pass 1] 22: 2317000 docs, 238743 candidates
[pass 1] 22: 2326000 docs, 239662 candidates
[pass 1] 22: 2329000 docs, 239937 candidates
[pass 1] 22: 2340000 docs, 241053 candidates
[pass 1] 22: 2345000 docs, 241536 candidates
[pass 1] 22: 2360000 docs, 243088 candidates
[pass 1] 22: 2364000 docs, 243502 candidates
[pass 1] 22: 2381000 docs, 245280 candidates
[pass 1] 22: 2392000 docs, 246373 candidates
[pass 1] 22: 2399000 docs, 247061 candidates
[pass 1] 22: 2408000 docs, 247939 candidates
[pass 1] 22: 2410000 docs, 248149 candidates
[pass 1] 22: 2419000 docs, 249088 candidates
[pass 1] 22: 2421000 docs, 249251 candidates
[pass 1] 22: 2423000 docs, 249465 candidates
[pass 1] 22: 2430000 docs, 250181 candidates
[pass 1] 22: 2465000 docs, 253779 candidates
[pass 1] 22: 2470000 docs, 254251 candidates
[pass 1] 22: 2492000 docs, 256528 candidates
[pass 1] 22: 2495000 docs, 256839 candidates
[pass 1] 22: 2497000 docs, 257026 candidates
[pass 1] 22: 2534000 docs, 260873 candidates
[pass 1] 22: 2543000 docs, 261865 candidates
[pass 1] 22: 2549000 docs, 262503 candidates
[pass 1] 22: 2557000 docs, 263315 candidates
[pass 1] 22: 2560000 docs, 263597 candidates
[pass 1] 22: 2567000 docs, 264315 candidates
[pass 1] 22: 2568000 docs, 264419 candidates
[pass 1] 22: 2569000 docs, 264523 candidates
[pass 1] 22: 2574000 docs, 265022 candidates
[pass 1] 22: 2576000 docs, 265221 candidates
[pass 1] 22: 2585000 docs, 266194 candidates
[pass 1] 22: 2601000 docs, 267820 candidates
[pass 1] 22: 2622000 docs, 269936 candidates
[pass 1] 22: 2627000 docs, 270419 candidates
[pass 1] 22: 2637000 docs, 271472 candidates
[pass 1] 22: 2644000 docs, 272217 candidates
[pass 1] 22: 2669000 docs, 274747 candidates
[pass 1] 22: 2670000 docs, 274837 candidates
[pass 1] 22: 2685000 docs, 276394 candidates
[pass 1] 22: 2689000 docs, 276777 candidates
[pass 1] 22: 2700000 docs, 277907 candidates
[pass 1] 22: 2714000 docs, 279320 candidates
[pass 1] 22: 2728000 docs, 280748 candidates
[pass 1] 22: 2738000 docs, 281783 candidates
[pass 1] 22: 2748000 docs, 282815 candidates
[pass 1] 22: 2751000 docs, 283129 candidates
[pass 1] 22: 2754000 docs, 283440 candidates
[pass 1] 22: 2776000 docs, 285747 candidates
[pass 1] 22: 2783000 docs, 286524 candidates
[pass 1] 22: 2796000 docs, 287838 candidates
[pass 1] 22: 2812000 docs, 289552 candidates
[pass 1] 22: 2813000 docs, 289657 candidates
[pass 1] 22: 2814000 docs, 289769 candidates
[pass 1] 22: 2841000 docs, 292562 candidates
[pass 1] 22: 2843000 docs, 292761 candidates
[pass 1] 22: 2845000 docs, 292982 candidates
[pass 1] 22: 2849000 docs, 293398 candidates
[pass 1] 22: 2901000 docs, 298802 candidates
[pass 1] 22: 2908000 docs, 299522 candidates
[pass 1] 22: 2974000 docs, 306305 candidates
[pass 1] 22: 2976000 docs, 306492 candidates
[pass 1] 22: 2978000 docs, 306719 candidates
[pass 1] 22: 3002000 docs, 309188 candidates
[pass 1] 22: 3003000 docs, 309302 candidates
[pass 1] 22: 3014000 docs, 310475 candidates
[pass 1] 22: 3022000 docs, 311339 candidates
[pass 1] 22: 3033000 docs, 312482 candidates
[pass 1] 22: 3040000 docs, 313204 candidates
[pass 1] 22: 3065000 docs, 315764 candidates
[pass 1] 22: 3068000 docs, 316047 candidates
[pass 1] 22: 3069000 docs, 316131 candidates
[pass 1] 22: 3079000 docs, 317196 candidates
[pass 1] 22: 3088000 docs, 318101 candidates
[pass 1] 22: 3097000 docs, 319039 candidates
[pass 1] 22: 3125000 docs, 321910 candidates
[pass 1] 22: 3126000 docs, 322021 candidates
[pass 1] 22: 3136000 docs, 323068 candidates
[pass 1] 22: 3141000 docs, 323587 candidates
[pass 1] 22: 3153000 docs, 324911 candidates
[pass 1] 22: 3161000 docs, 325776 candidates
[pass 1] 22: 3164000 docs, 326095 candidates
[pass 1] 22: 3173000 docs, 327115 candidates
[pass 1] 22: 3175000 docs, 327326 candidates
[pass 1] 22: 3184000 docs, 328239 candidates
[pass 1] 22: 3189000 docs, 328752 candidates
[pass 1] 22: 3197000 docs, 329563 candidates
[pass 1] 22: 3206000 docs, 330484 candidates
[pass 1] 22: 3207000 docs, 330575 candidates
[pass 1] 22: 3211000 docs, 331004 candidates
[pass 1] 22: 3212000 docs, 331106 candidates
[pass 1] 22: 3216000 docs, 331521 candidates
[pass 1] 22: 3222000 docs, 332161 candidates
[pass 1] 22: 3235000 docs, 333560 candidates
[pass 1] 22: 3238000 docs, 333875 candidates
[pass 1] 22: 3243000 docs, 334397 candidates
[pass 1] 22: 3254000 docs, 335579 candidates
[pass 1] 22: 3264000 docs, 336515 candidates
[pass 1] 22: 3266000 docs, 336728 candidates
[pass 1] 22: 3280000 docs, 338199 candidates
[pass 1] 22: 3284000 docs, 338629 candidates
[pass 1] 22: 3291000 docs, 339336 candidates
[pass 1] 22: 3305000 docs, 340784 candidates
[pass 1] 22: 3335000 docs, 343949 candidates
[pass 1] 22: 3359000 docs, 346472 candidates
[pass 1] 22: 3360000 docs, 346576 candidates
[pass 1] 22: 3364000 docs, 347023 candidates
[pass 1] 22: 3367000 docs, 347333 candidates
[pass 1] 22: 3381000 docs, 348792 candidates
[pass 1] 22: 3390000 docs, 349717 candidates
[pass 1] 22: 3408000 docs, 351573 candidates
[pass 1] 22: 3415000 docs, 352288 candidates
[pass 1] 22: 3417000 docs, 352470 candidates
[pass 1] 22: 3425000 docs, 353294 candidates
[pass 1] 22: 3428000 docs, 353608 candidates
[pass 1] 22: 3430000 docs, 353829 candidates
[pass 1] 22: 3442000 docs, 355016 candidates
[pass 1] 22: 3448000 docs, 355618 candidates
[pass 1] 22: 3449000 docs, 355733 candidates
[pass 1] 22: 3453000 docs, 356182 candidates
[pass 1] 22: 3454000 docs, 356278 candidates
[pass 1] 22: 3458000 docs, 356686 candidates
[pass 1] 22: 3470000 docs, 357929 candidates
[pass 1] 22: 3472000 docs, 358125 candidates
[pass 1] 22: 3473000 docs, 358216 candidates
[pass 1] 22: 3480000 docs, 358876 candidates
[pass 1] 22: 3483000 docs, 359199 candidates
[pass 1] 22: 3487000 docs, 359613 candidates
[pass 1] 22: 3493000 docs, 360215 candidates
[pass 1] 22: 3503000 docs, 361246 candidates
[pass 1] 22: 3521000 docs, 363093 candidates
[pass 1] 22: 3524000 docs, 363424 candidates
[pass 1] 22: 3538000 docs, 364900 candidates
[pass 1] 22: 3541000 docs, 365204 candidates
[pass 1] 22: 3554000 docs, 366536 candidates
[pass 1] 22: 3563000 docs, 367459 candidates
[pass 1] 22: 3570000 docs, 368182 candidates
[pass 1] 22: 3578000 docs, 368994 candidates
[pass 1] 22: 3588000 docs, 370032 candidates
[pass 1] 22: 3598000 docs, 371083 candidates
[pass 1] 22: 3653000 docs, 376819 candidates
[pass 1] 22: 3672000 docs, 378797 candidates
[pass 1] 22: 3682000 docs, 379808 candidates
[pass 1] 22: 3684000 docs, 380022 candidates
[pass 1] 22: 3686000 docs, 380219 candidates
[pass 1] 22: 3687000 docs, 380325 candidates
[pass 1] 22: 3710000 docs, 382654 candidates
[pass 1] 22: 3723000 docs, 383935 candidates
[pass 1] 22: 3732000 docs, 384871 candidates
[pass 1] 22: 3742000 docs, 385900 candidates
[pass 1] 22: 3755000 docs, 387232 candidates
[pass 1] 22: 3764000 docs, 388156 candidates
[pass 1] 22: 3770000 docs, 388756 candidates
[pass 1] 22: 3771000 docs, 388851 candidates
[pass 1] 22: 3783000 docs, 390133 candidates
[pass 1] 22: 3786000 docs, 390407 candidates
[pass 1] 22: 3806000 docs, 392493 candidates
[pass 1] 22: 3807000 docs, 392582 candidates
[pass 1] 22: 3809000 docs, 392803 candidates
[pass 1] 22: 3825000 docs, 394425 candidates
[pass 1] 22: 3847000 docs, 396719 candidates
[pass 1] 22: 3849000 docs, 396913 candidates
[pass 1] 22: 3853000 docs, 397339 candidates
[pass 1] 22: 3862000 docs, 398267 candidates
[pass 1] 22: 3888000 docs, 400897 candidates
[pass 1] 22: 3906000 docs, 402709 candidates
[pass 1] 22: 3920000 docs, 404164 candidates
[pass 1] 22: 3921000 docs, 404264 candidates
[pass 1] 22: 3926000 docs, 404766 candidates
[pass 1] 22: 3939000 docs, 406134 candidates
[pass 1] 22: 3961000 docs, 408487 candidates
[pass 1] 22: 3967000 docs, 409120 candidates
[pass 1] 22: 3971000 docs, 409508 candidates
[pass 1] 22: 3982000 docs, 410610 candidates
[pass 1] 22: 3988000 docs, 411222 candidates
[pass 1] 22: 3989000 docs, 411336 candidates
[pass 1] 22: 3990000 docs, 411456 candidates
[pass 1] 22: 3992000 docs, 411666 candidates
[pass 1] 22: 4002000 docs, 412691 candidates
[pass 1] 22: 4004000 docs, 412895 candidates
[pass 1] 22: 4009000 docs, 413409 candidates
[pass 1] 22: 4017000 docs, 414227 candidates
[pass 1] 22: 4019000 docs, 414436 candidates
[pass 1] 22: 4032000 docs, 415854 candidates
[pass 1] 22: 4034000 docs, 416059 candidates
[pass 1] 22: 4061000 docs, 418842 candidates
[pass 1] 22: 4073000 docs, 420151 candidates
[pass 1] 22: 4084000 docs, 421260 candidates
[pass 1] 22: 4089000 docs, 421772 candidates
[pass 1] 22: 4103000 docs, 423195 candidates
[pass 1] 22: 4105000 docs, 423401 candidates
[pass 1] 22: 4123000 docs, 425110 candidates
[pass 1] 22: 4150000 docs, 427964 candidates
[pass 1] 22: 4155000 docs, 428481 candidates
[pass 1] 22: 4181000 docs, 431196 candidates
[pass 1] 22: 4188000 docs, 431943 candidates
[pass 1] 22: 4190000 docs, 432166 candidates
[pass 1] 22: 4198000 docs, 433006 candidates
[pass 1] 22: 4214000 docs, 434648 candidates
[pass 1] 22: 4216000 docs, 434871 candidates
[pass 1] 22: 4232000 docs, 436512 candidates
[pass 1] 22: 4241000 docs, 437419 candidates
[pass 1] 22: 4246000 docs, 437925 candidates
[pass 1] 22: 4259000 docs, 439261 candidates
[pass 1] 22: 4273000 docs, 440651 candidates
[pass 1] 22: 4296000 docs, 443013 candidates
[pass 1] 22: 4312000 docs, 444683 candidates
[pass 1] 22: 4324000 docs, 445887 candidates
[pass 1] 22: 4326000 docs, 446081 candidates
[pass 1] 22: 4328000 docs, 446284 candidates
[pass 1] 22: 4331000 docs, 446593 candidates
[pass 1] 22: 4359000 docs, 449521 candidates
[pass 1] 22: 4369000 docs, 450489 candidates
[pass 1] 22: 4371000 docs, 450716 candidates
[pass 1] 22: 4376000 docs, 451221 candidates
[pass 1] 22: 4378000 docs, 451430 candidates
[pass 1] 22: 4379000 docs, 451536 candidates
[pass 1] 22: 4386000 docs, 452263 candidates
[pass 1] 22: 4387000 docs, 452384 candidates
[pass 1] 22: 4390000 docs, 452706 candidates
[pass 1] 22: 4403000 docs, 454096 candidates
[pass 1] 22: 4405000 docs, 454288 candidates
[pass 1] 22: 4408000 docs, 454598 candidates
[pass 1] 22: 4422000 docs, 455984 candidates
[pass 1] 22: 4437000 docs, 457573 candidates
[pass 1] 22: 4470000 docs, 460940 candidates
[pass 1] 22: 4474000 docs, 461340 candidates
[pass 1] 22: 4496000 docs, 463562 candidates
[pass 1] 22: 4498000 docs, 463758 candidates
[pass 1] 22: 4505000 docs, 464493 candidates
[pass 1] 22: 4520000 docs, 466084 candidates
[pass 1] 22: 4524000 docs, 466485 candidates
[pass 1] 22: 4528000 docs, 466894 candidates
[pass 1] 22: 4529000 docs, 467003 candidates
[pass 1] 22: 4542000 docs, 468310 candidates
[pass 1] 22: 4563000 docs, 470488 candidates
[pass 1] 22: 4582000 docs, 472480 candidates
[pass 1] 22: 4590000 docs, 473295 candidates
[pass 1] 22: 4604000 docs, 474725 candidates
[pass 1] 22: 4606000 docs, 474929 candidates
[pass 1] 22: 4607000 docs, 475039 candidates
[pass 1] 22: 4609000 docs, 475233 candidates
[pass 1] 22: 4616000 docs, 475989 candidates
[pass 1] 22: 4643000 docs, 478873 candidates
[pass 1] 22: 4648000 docs, 479357 candidates
[pass 1] 22: 4653000 docs, 479883 candidates
[pass 1] 22: 4662000 docs, 480733 candidates
[pass 1] 22: 4675000 docs, 482084 candidates
[pass 1] 22: 4681000 docs, 482689 candidates
[pass 1] 22: 4696000 docs, 484130 candidates
[pass 1] 22: 4723000 docs, 487038 candidates
[pass 1] 22: 4730000 docs, 487769 candidates
[pass 1] 22: 4732000 docs, 487986 candidates
[pass 1] 22: 4734000 docs, 488172 candidates
[pass 1] 22: 4740000 docs, 488782 candidates
[pass 1] 22: 4744000 docs, 489194 candidates
[pass 1] 22: 4750000 docs, 489851 candidates
[pass 1] 22: 4758000 docs, 490646 candidates
[pass 1] 22: 4759000 docs, 490751 candidates
[pass 1] 22: 4762000 docs, 491068 candidates
[pass 1] 22: 4777000 docs, 492570 candidates
[pass 1] 22: 4778000 docs, 492684 candidates
[pass 1] 22: 4783000 docs, 493199 candidates
[pass 1] 22: 4784000 docs, 493307 candidates
[pass 1] 22: 4785000 docs, 493417 candidates
[pass 1] 22: 4796000 docs, 494605 candidates
[pass 1] 22: 4808000 docs, 495808 candidates
[pass 1] 22: 4815000 docs, 496549 candidates
[pass 1] 22: 4824000 docs, 497530 candidates
[pass 1] 22: 4833000 docs, 498539 candidates
[pass 1] 22: 4837000 docs, 498941 candidates
[pass 1] 22: 4839000 docs, 499150 candidates
[pass 1] 22: 4893000 docs, 504682 candidates
[pass 1] 22: 4915000 docs, 506967 candidates
[pass 1] 22: 4929000 docs, 508411 candidates
[pass 1] 22: 4951000 docs, 510641 candidates
[pass 1] 22: 4954000 docs, 510912 candidates
[pass 1] 22: 4957000 docs, 511235 candidates
[pass 1] 22: 4963000 docs, 511842 candidates
[pass 1] 22: 4967000 docs, 512262 candidates
[pass 1] 22: 4986000 docs, 514160 candidates
[pass 1] 22: 4991000 docs, 514679 candidates
[pass 1] 22: 4995000 docs, 515078 candidates
[pass 1] 22: 4996000 docs, 515181 candidates
[pass 1] 22: 5000000 docs, 515593 candidates
[pass 1] 22: 5007000 docs, 516315 candidates
[pass 1] 22: 5013000 docs, 516939 candidates
[pass 1] 22: 5021000 docs, 517771 candidates
[pass 1] 22: 5029000 docs, 518594 candidates
[pass 1] 22: 5031000 docs, 518820 candidates
[pass 1] 22: 5041000 docs, 519833 candidates
[pass 1] 22: 5055000 docs, 521294 candidates
[pass 1] 22: 5064000 docs, 522213 candidates
[pass 1] 22: 5078000 docs, 523685 candidates
[pass 1] 22: 5082000 docs, 524103 candidates
[pass 1] 22: 5114000 docs, 527431 candidates
[pass 1] 22: 5134000 docs, 529517 candidates
[pass 1] 22: 5139000 docs, 529998 candidates
[pass 1] 22: 5143000 docs, 530396 candidates
[pass 1] 22: 5151000 docs, 531238 candidates
[pass 1] 22: 5171000 docs, 533288 candidates
[pass 1] 22: 5178000 docs, 533980 candidates
[pass 1] 22: 5183000 docs, 534520 candidates
[pass 1] 22: 5187000 docs, 534942 candidates
[pass 1] 22: 5210000 docs, 537375 candidates
[pass 1] 22: 5232000 docs, 539670 candidates
[pass 1] 22: 5275000 docs, 544098 candidates
[pass 1] 22: 5281000 docs, 544733 candidates
[pass 1] 22: 5286000 docs, 545231 candidates
[pass 1] 22: 5311000 docs, 547789 candidates
[pass 1] 22: 5312000 docs, 547896 candidates
[pass 1] 22: 5320000 docs, 548695 candidates
[pass 1] 22: 5338000 docs, 550530 candidates
[pass 1] 22: 5349000 docs, 551723 candidates
[pass 1] 22: 5354000 docs, 552247 candidates
[pass 1] 22: 5391000 docs, 556069 candidates
[pass 1] 22: 5393000 docs, 556294 candidates
[pass 1] 22: 5396000 docs, 556590 candidates
[pass 1] 22: 5398000 docs, 556796 candidates
[pass 1] 22: 5405000 docs, 557494 candidates
[pass 1] 22: 5416000 docs, 558618 candidates
[pass 1] 22: 5418000 docs, 558805 candidates
[pass 1] 22: 5438000 docs, 560832 candidates
[pass 1] 22: 5439000 docs, 560938 candidates
[pass 1] 22: 5442000 docs, 561247 candidates
[pass 1] 22: 5464000 docs, 563469 candidates
[pass 1] 22: 5466000 docs, 563689 candidates
[pass 1] 22: 5480000 docs, 565112 candidates
[pass 1] 22: 5489000 docs, 566019 candidates
[pass 1] 22: 5508000 docs, 568004 candidates
[pass 1] 22: 5510000 docs, 568202 candidates
[pass 1] 22: 5529000 docs, 570232 candidates
[pass 1] 22: 5531000 docs, 570460 candidates
[pass 1] 22: 5543000 docs, 571684 candidates
[pass 1] 22: 5548000 docs, 572223 candidates
[pass 1] 22: 5598000 docs, 577346 candidates
[pass 1] 22: 5600000 docs, 577550 candidates
[pass 1] 22: 5604000 docs, 577991 candidates
[pass 1] 22: 5615000 docs, 579133 candidates
[pass 1] 22: 5624000 docs, 580060 candidates
[pass 1] 22: 5625000 docs, 580160 candidates
[pass 1] 22: 5627000 docs, 580364 candidates
[pass 1] 22: 5636000 docs, 581275 candidates
[pass 1] 22: 5647000 docs, 582337 candidates
[pass 1] 22: 5651000 docs, 582782 candidates
[pass 1] 22: 5657000 docs, 583372 candidates
[pass 1] 22: 5689000 docs, 586729 candidates
[pass 1] 22: 5695000 docs, 587343 candidates
[pass 1] 22: 5696000 docs, 587450 candidates
[pass 1] 22: 5697000 docs, 587555 candidates
[pass 1] 22: 5710000 docs, 588941 candidates
[pass 1] 22: 5726000 docs, 590590 candidates
[pass 1] 22: 5730000 docs, 590983 candidates
[pass 1] 22: 5731000 docs, 591112 candidates
[pass 1] 22: 5733000 docs, 591299 candidates
[pass 1] 22: 5735000 docs, 591511 candidates
[pass 1] 22: 5740000 docs, 592010 candidates
[pass 1] 22: 5750000 docs, 593041 candidates
[pass 1] 22: 5757000 docs, 593770 candidates
[pass 1] 22: 5760000 docs, 594093 candidates
[pass 1] 22: 5761000 docs, 594206 candidates
[pass 1] 22: 5765000 docs, 594595 candidates
[pass 1] 22: 5782000 docs, 596351 candidates
[pass 1] 22: 5819000 docs, 600168 candidates
[pass 1] 22: 5833000 docs, 601665 candidates
[pass 1] 22: 5842000 docs, 602586 candidates
[pass 1] 22: 5850000 docs, 603415 candidates
[pass 1] 22: 5870000 docs, 605508 candidates
[pass 1] done: 0 docs, 0 new records, yield=0.0/10K, 15844394ms
[pipeline] Flushed 10000 buffered records to store
[pipeline] Exported 0 paired records to /mnt/zfs-host/backup/projects/observer-vault/01-Projects/dataset-processor/output/paired-output.jsonl

[orchestrate] Pipeline max-passes
[orchestrate] Passes: 1, Total verb-records: 10000
  Pass 1: 0 docs, 608578 Tier-A, 0 Tier-B, 0 Tier-C, 0 records, yield=0.0/10K
