[orchestrate] Found 1 shard files
[pass 1] 27: 6000 docs, 612 candidates
[pass 1] 27: 10000 docs, 1014 candidates
[pass 1] 27: 28000 docs, 2828 candidates
[pass 1] 27: 29000 docs, 2947 candidates
[pass 1] 27: 35000 docs, 3556 candidates
[pass 1] 27: 38000 docs, 3877 candidates
[pass 1] 27: 43000 docs, 4400 candidates
[pass 1] 27: 49000 docs, 5007 candidates
[pass 1] 27: 52000 docs, 5326 candidates
[pass 1] 27: 55000 docs, 5661 candidates
[pass 1] 27: 59000 docs, 6076 candidates
[pass 1] 27: 60000 docs, 6167 candidates
[pass 1] 27: 62000 docs, 6374 candidates
[pass 1] 27: 67000 docs, 6864 candidates
[pass 1] 27: 68000 docs, 6967 candidates
[pass 1] 27: 94000 docs, 9673 candidates
[pass 1] 27: 95000 docs, 9773 candidates
[pass 1] 27: 108000 docs, 11095 candidates
[pass 1] 27: 121000 docs, 12457 candidates
[pass 1] 27: 123000 docs, 12668 candidates
[pass 1] 27: 128000 docs, 13186 candidates
[pass 1] 27: 154000 docs, 15903 candidates
[pass 1] 27: 173000 docs, 17881 candidates
[pass 1] 27: 187000 docs, 19250 candidates
[pass 1] 27: 194000 docs, 19990 candidates
[pass 1] 27: 200000 docs, 20608 candidates
[pass 1] 27: 202000 docs, 20831 candidates
[pass 1] 27: 203000 docs, 20929 candidates
[pass 1] 27: 208000 docs, 21442 candidates
[pass 1] 27: 210000 docs, 21658 candidates
[pass 1] 27: 213000 docs, 21948 candidates
[pass 1] 27: 217000 docs, 22352 candidates
[pass 1] 27: 219000 docs, 22566 candidates
[pass 1] 27: 227000 docs, 23373 candidates
[pass 1] 27: 228000 docs, 23489 candidates
[pass 1] 27: 253000 docs, 25984 candidates
[pass 1] 27: 261000 docs, 26800 candidates
[pass 1] 27: 276000 docs, 28314 candidates
[pass 1] 27: 277000 docs, 28424 candidates
[pass 1] 27: 280000 docs, 28725 candidates
[pass 1] 27: 286000 docs, 29356 candidates
[pass 1] 27: 290000 docs, 29774 candidates
[pass 1] 27: 317000 docs, 32503 candidates
[pass 1] 27: 324000 docs, 33194 candidates
[pass 1] 27: 325000 docs, 33296 candidates
[pass 1] 27: 350000 docs, 35931 candidates
[pass 1] 27: 372000 docs, 38222 candidates
[pass 1] 27: 374000 docs, 38412 candidates
[pass 1] 27: 376000 docs, 38625 candidates
[pass 1] 27: 381000 docs, 39164 candidates
[pass 1] 27: 393000 docs, 40391 candidates
[pass 1] 27: 434000 docs, 44643 candidates
[pass 1] 27: 437000 docs, 44962 candidates
[pass 1] 27: 440000 docs, 45309 candidates
[pass 1] 27: 456000 docs, 46909 candidates
[pass 1] 27: 469000 docs, 48202 candidates
[pass 1] 27: 499000 docs, 51240 candidates
[pass 1] 27: 507000 docs, 52017 candidates
[pass 1] 27: 513000 docs, 52621 candidates
[pass 1] 27: 518000 docs, 53121 candidates
[pass 1] 27: 521000 docs, 53460 candidates
[pass 1] 27: 552000 docs, 56601 candidates
[pass 1] 27: 556000 docs, 56989 candidates
[pass 1] 27: 575000 docs, 58898 candidates
[pass 1] 27: 591000 docs, 60638 candidates
[pass 1] 27: 593000 docs, 60832 candidates
[pass 1] 27: 595000 docs, 61051 candidates
[pass 1] 27: 609000 docs, 62515 candidates
[pass 1] 27: 618000 docs, 63400 candidates
[pass 1] 27: 626000 docs, 64188 candidates
[pass 1] 27: 635000 docs, 65103 candidates
[pass 1] 27: 638000 docs, 65407 candidates
[pass 1] 27: 641000 docs, 65706 candidates
[pass 1] 27: 646000 docs, 66211 candidates
[pass 1] 27: 649000 docs, 66550 candidates
[pass 1] 27: 653000 docs, 66971 candidates
[pass 1] 27: 655000 docs, 67138 candidates
[pass 1] 27: 656000 docs, 67230 candidates
[pass 1] 27: 690000 docs, 70727 candidates
[pass 1] 27: 698000 docs, 71547 candidates
[pass 1] 27: 712000 docs, 73013 candidates
[pass 1] 27: 753000 docs, 77300 candidates
[pass 1] 27: 754000 docs, 77393 candidates
[pass 1] 27: 772000 docs, 79292 candidates
[pass 1] 27: 773000 docs, 79397 candidates
[pass 1] 27: 795000 docs, 81685 candidates
[pass 1] 27: 823000 docs, 84574 candidates
[pass 1] 27: 836000 docs, 85863 candidates
[pass 1] 27: 841000 docs, 86338 candidates
[pass 1] 27: 855000 docs, 87826 candidates
[pass 1] 27: 862000 docs, 88539 candidates
[pass 1] 27: 867000 docs, 89069 candidates
[pass 1] 27: 873000 docs, 89681 candidates
[pass 1] 27: 893000 docs, 91687 candidates
[pass 1] 27: 900000 docs, 92399 candidates
[pass 1] 27: 905000 docs, 92918 candidates
[pass 1] 27: 906000 docs, 93030 candidates
[pass 1] 27: 932000 docs, 95643 candidates
[pass 1] 27: 939000 docs, 96352 candidates
[pass 1] 27: 966000 docs, 99171 candidates
[pass 1] 27: 981000 docs, 100681 candidates
[pass 1] 27: 997000 docs, 102378 candidates
[pass 1] 27: 1004000 docs, 103059 candidates
[pass 1] 27: 1008000 docs, 103476 candidates
[pass 1] 27: 1024000 docs, 105127 candidates
[pass 1] 27: 1032000 docs, 105959 candidates
[pass 1] 27: 1037000 docs, 106481 candidates
[pass 1] 27: 1064000 docs, 109214 candidates
[pass 1] 27: 1065000 docs, 109312 candidates
[pass 1] 27: 1067000 docs, 109530 candidates
[pass 1] 27: 1072000 docs, 110050 candidates
[pass 1] 27: 1074000 docs, 110259 candidates
[pass 1] 27: 1080000 docs, 110879 candidates
[pass 1] 27: 1084000 docs, 111321 candidates
[pass 1] 27: 1087000 docs, 111653 candidates
[pass 1] 27: 1097000 docs, 112703 candidates
[pass 1] 27: 1104000 docs, 113448 candidates
[pass 1] 27: 1111000 docs, 114158 candidates
[pass 1] 27: 1114000 docs, 114467 candidates
[pass 1] 27: 1120000 docs, 115047 candidates
[pass 1] 27: 1125000 docs, 115572 candidates
[pass 1] 27: 1138000 docs, 116945 candidates
[pass 1] 27: 1158000 docs, 118959 candidates
[pass 1] 27: 1165000 docs, 119674 candidates
[pass 1] 27: 1172000 docs, 120413 candidates
[pass 1] 27: 1175000 docs, 120735 candidates
[pass 1] 27: 1176000 docs, 120842 candidates
[pass 1] 27: 1182000 docs, 121429 candidates
[pass 1] 27: 1186000 docs, 121833 candidates
[pass 1] 27: 1187000 docs, 121927 candidates
[pass 1] 27: 1197000 docs, 122949 candidates
[pass 1] 27: 1223000 docs, 125638 candidates
[pass 1] 27: 1224000 docs, 125737 candidates
[pass 1] 27: 1230000 docs, 126329 candidates
[pass 1] 27: 1247000 docs, 128082 candidates
[pass 1] 27: 1277000 docs, 131228 candidates
[pass 1] 27: 1285000 docs, 132052 candidates
[pass 1] 27: 1291000 docs, 132703 candidates
[pass 1] 27: 1309000 docs, 134578 candidates
[pass 1] 27: 1318000 docs, 135541 candidates
[pass 1] 27: 1331000 docs, 136848 candidates
[pass 1] 27: 1342000 docs, 137945 candidates
[pass 1] 27: 1344000 docs, 138172 candidates
[pass 1] 27: 1345000 docs, 138265 candidates
[pass 1] 27: 1375000 docs, 141350 candidates
[pass 1] 27: 1381000 docs, 141983 candidates
[pass 1] 27: 1385000 docs, 142396 candidates
[pass 1] 27: 1398000 docs, 143711 candidates
[pass 1] 27: 1400000 docs, 143919 candidates
[pass 1] 27: 1402000 docs, 144145 candidates
[pass 1] 27: 1405000 docs, 144467 candidates
[pass 1] 27: 1420000 docs, 146015 candidates
[pass 1] 27: 1435000 docs, 147535 candidates
[pass 1] 27: 1438000 docs, 147844 candidates
[pass 1] 27: 1441000 docs, 148142 candidates
[pass 1] 27: 1444000 docs, 148436 candidates
[pass 1] 27: 1448000 docs, 148830 candidates
[pass 1] 27: 1463000 docs, 150332 candidates
[pass 1] 27: 1470000 docs, 151033 candidates
[pass 1] 27: 1476000 docs, 151656 candidates
[pass 1] 27: 1495000 docs, 153664 candidates
[pass 1] 27: 1496000 docs, 153776 candidates
[pass 1] 27: 1507000 docs, 154910 candidates
[pass 1] 27: 1511000 docs, 155301 candidates
[pass 1] 27: 1514000 docs, 155603 candidates
[pass 1] 27: 1515000 docs, 155712 candidates
[pass 1] 27: 1517000 docs, 155910 candidates
[pass 1] 27: 1522000 docs, 156396 candidates
[pass 1] 27: 1527000 docs, 156906 candidates
[pass 1] 27: 1541000 docs, 158343 candidates
[pass 1] 27: 1543000 docs, 158549 candidates
[pass 1] 27: 1553000 docs, 159627 candidates
[pass 1] 27: 1565000 docs, 160851 candidates
[pass 1] 27: 1568000 docs, 161149 candidates
[pass 1] 27: 1585000 docs, 162848 candidates
[pass 1] 27: 1588000 docs, 163154 candidates
[pass 1] 27: 1589000 docs, 163265 candidates
[pass 1] 27: 1590000 docs, 163372 candidates
[pass 1] 27: 1602000 docs, 164582 candidates
[pass 1] 27: 1603000 docs, 164703 candidates
[pass 1] 27: 1610000 docs, 165402 candidates
[pass 1] 27: 1620000 docs, 166404 candidates
[pass 1] 27: 1636000 docs, 168006 candidates
[pass 1] 27: 1643000 docs, 168711 candidates
[pass 1] 27: 1649000 docs, 169318 candidates
[pass 1] 27: 1653000 docs, 169729 candidates
[pass 1] 27: 1656000 docs, 170000 candidates
[pass 1] 27: 1661000 docs, 170509 candidates
[pass 1] 27: 1686000 docs, 173109 candidates
[pass 1] 27: 1687000 docs, 173221 candidates
[pass 1] 27: 1695000 docs, 174024 candidates
[pass 1] 27: 1708000 docs, 175398 candidates
[pass 1] 27: 1722000 docs, 176763 candidates
[pass 1] 27: 1723000 docs, 176866 candidates
[pass 1] 27: 1739000 docs, 178453 candidates
[pass 1] 27: 1758000 docs, 180351 candidates
[pass 1] 27: 1765000 docs, 181125 candidates
[pass 1] 27: 1770000 docs, 181606 candidates
[pass 1] 27: 1785000 docs, 183195 candidates
[pass 1] 27: 1790000 docs, 183722 candidates
[pass 1] 27: 1815000 docs, 186300 candidates
[pass 1] 27: 1831000 docs, 187981 candidates
[pass 1] 27: 1832000 docs, 188088 candidates
[pass 1] 27: 1840000 docs, 188960 candidates
[pass 1] 27: 1871000 docs, 192188 candidates
[pass 1] 27: 1874000 docs, 192503 candidates
[pass 1] 27: 1898000 docs, 194888 candidates
[pass 1] 27: 1909000 docs, 195982 candidates
[pass 1] 27: 1936000 docs, 198791 candidates
[pass 1] 27: 1952000 docs, 200443 candidates
[pass 1] 27: 1955000 docs, 200761 candidates
[pass 1] 27: 1956000 docs, 200870 candidates
[pass 1] 27: 1989000 docs, 204164 candidates
[pass 1] 27: 1995000 docs, 204796 candidates
[pass 1] 27: 2006000 docs, 205883 candidates
[pass 1] 27: 2014000 docs, 206720 candidates
[pass 1] 27: 2015000 docs, 206826 candidates
[pass 1] 27: 2040000 docs, 209439 candidates
[pass 1] 27: 2050000 docs, 210483 candidates
[pass 1] 27: 2060000 docs, 211522 candidates
[pass 1] 27: 2068000 docs, 212417 candidates
[pass 1] 27: 2078000 docs, 213436 candidates
[pass 1] 27: 2081000 docs, 213754 candidates
[pass 1] 27: 2088000 docs, 214491 candidates
[pass 1] 27: 2092000 docs, 214882 candidates
[pass 1] 27: 2098000 docs, 215559 candidates
[pass 1] 27: 2102000 docs, 215956 candidates
[pass 1] 27: 2119000 docs, 217713 candidates
[pass 1] 27: 2125000 docs, 218320 candidates
[pass 1] 27: 2135000 docs, 219273 candidates
[pass 1] 27: 2145000 docs, 220363 candidates
[pass 1] 27: 2153000 docs, 221197 candidates
[pass 1] 27: 2163000 docs, 222259 candidates
[pass 1] 27: 2189000 docs, 224972 candidates
[pass 1] 27: 2190000 docs, 225081 candidates
[pass 1] 27: 2191000 docs, 225182 candidates
[pass 1] 27: 2192000 docs, 225289 candidates
[pass 1] 27: 2208000 docs, 226959 candidates
[pass 1] 27: 2220000 docs, 228156 candidates
[pass 1] 27: 2224000 docs, 228545 candidates
[pass 1] 27: 2243000 docs, 230554 candidates
[pass 1] 27: 2245000 docs, 230743 candidates
[pass 1] 27: 2247000 docs, 230950 candidates
[pass 1] 27: 2248000 docs, 231042 candidates
[pass 1] 27: 2267000 docs, 232980 candidates
[pass 1] 27: 2276000 docs, 233862 candidates
[pass 1] 27: 2282000 docs, 234449 candidates
[pass 1] 27: 2285000 docs, 234783 candidates
[pass 1] 27: 2294000 docs, 235716 candidates
[pass 1] 27: 2297000 docs, 236028 candidates
[pass 1] 27: 2325000 docs, 239022 candidates
[pass 1] 27: 2345000 docs, 241098 candidates
[pass 1] 27: 2349000 docs, 241529 candidates
[pass 1] 27: 2365000 docs, 243195 candidates
[pass 1] 27: 2366000 docs, 243283 candidates
[pass 1] 27: 2379000 docs, 244643 candidates
[pass 1] 27: 2380000 docs, 244743 candidates
[pass 1] 27: 2399000 docs, 246666 candidates
[pass 1] 27: 2440000 docs, 250992 candidates
[pass 1] 27: 2447000 docs, 251695 candidates
[pass 1] 27: 2451000 docs, 252131 candidates
[pass 1] 27: 2457000 docs, 252771 candidates
[pass 1] 27: 2462000 docs, 253293 candidates
[pass 1] 27: 2475000 docs, 254685 candidates
[pass 1] 27: 2483000 docs, 255511 candidates
[pass 1] 27: 2493000 docs, 256518 candidates
[pass 1] 27: 2512000 docs, 258509 candidates
[pass 1] 27: 2521000 docs, 259412 candidates
[pass 1] 27: 2522000 docs, 259503 candidates
[pass 1] 27: 2525000 docs, 259827 candidates
[pass 1] 27: 2528000 docs, 260133 candidates
[pass 1] 27: 2546000 docs, 261982 candidates
[pass 1] 27: 2551000 docs, 262481 candidates
[pass 1] 27: 2588000 docs, 266248 candidates
[pass 1] 27: 2614000 docs, 268939 candidates
[pass 1] 27: 2623000 docs, 269855 candidates
[pass 1] 27: 2649000 docs, 272561 candidates
[pass 1] 27: 2650000 docs, 272656 candidates
[pass 1] 27: 2652000 docs, 272870 candidates
[pass 1] 27: 2657000 docs, 273383 candidates
[pass 1] 27: 2681000 docs, 275737 candidates
[pass 1] 27: 2692000 docs, 276904 candidates
[pass 1] 27: 2718000 docs, 279570 candidates
[pass 1] 27: 2732000 docs, 280949 candidates
[pass 1] 27: 2734000 docs, 281177 candidates
[pass 1] 27: 2741000 docs, 281875 candidates
[pass 1] 27: 2758000 docs, 283653 candidates
[pass 1] 27: 2762000 docs, 284078 candidates
[pass 1] 27: 2763000 docs, 284183 candidates
[pass 1] 27: 2769000 docs, 284790 candidates
[pass 1] 27: 2778000 docs, 285705 candidates
[pass 1] 27: 2780000 docs, 285904 candidates
[pass 1] 27: 2784000 docs, 286344 candidates
[pass 1] 27: 2792000 docs, 287130 candidates
[pass 1] 27: 2799000 docs, 287905 candidates
[pass 1] 27: 2802000 docs, 288207 candidates
[pass 1] 27: 2804000 docs, 288447 candidates
[pass 1] 27: 2824000 docs, 290584 candidates
[pass 1] 27: 2850000 docs, 293231 candidates
[pass 1] 27: 2851000 docs, 293360 candidates
[pass 1] 27: 2854000 docs, 293632 candidates
[pass 1] 27: 2856000 docs, 293843 candidates
[pass 1] 27: 2875000 docs, 295858 candidates
[pass 1] 27: 2885000 docs, 296875 candidates
[pass 1] 27: 2888000 docs, 297191 candidates
[pass 1] 27: 2926000 docs, 301190 candidates
[pass 1] 27: 2933000 docs, 301918 candidates
[pass 1] 27: 2937000 docs, 302374 candidates
[pass 1] 27: 2938000 docs, 302480 candidates
[pass 1] 27: 2945000 docs, 303193 candidates
[pass 1] 27: 2950000 docs, 303693 candidates
[pass 1] 27: 2986000 docs, 307342 candidates
[pass 1] 27: 2987000 docs, 307445 candidates
[pass 1] 27: 3003000 docs, 309132 candidates
[pass 1] 27: 3006000 docs, 309432 candidates
[pass 1] 27: 3009000 docs, 309732 candidates
[pass 1] 27: 3018000 docs, 310675 candidates
[pass 1] 27: 3023000 docs, 311203 candidates
[pass 1] 27: 3026000 docs, 311550 candidates
[pass 1] 27: 3027000 docs, 311649 candidates
[pass 1] 27: 3028000 docs, 311761 candidates
[pass 1] 27: 3030000 docs, 311966 candidates
[pass 1] 27: 3037000 docs, 312719 candidates
[pass 1] 27: 3042000 docs, 313258 candidates
[pass 1] 27: 3058000 docs, 314924 candidates
[pass 1] 27: 3059000 docs, 315018 candidates
[pass 1] 27: 3060000 docs, 315122 candidates
[pass 1] 27: 3083000 docs, 317514 candidates
[pass 1] 27: 3092000 docs, 318405 candidates
[pass 1] 27: 3098000 docs, 319032 candidates
[pass 1] 27: 3104000 docs, 319613 candidates
[pass 1] 27: 3117000 docs, 320963 candidates
[pass 1] 27: 3123000 docs, 321578 candidates
[pass 1] 27: 3124000 docs, 321686 candidates
[pass 1] 27: 3127000 docs, 322012 candidates
[pass 1] 27: 3131000 docs, 322425 candidates
[pass 1] 27: 3138000 docs, 323133 candidates
[pass 1] 27: 3142000 docs, 323569 candidates
[pass 1] 27: 3156000 docs, 325041 candidates
[pass 1] 27: 3159000 docs, 325324 candidates
[pass 1] 27: 3160000 docs, 325431 candidates
[pass 1] 27: 3169000 docs, 326373 candidates
[pass 1] 27: 3179000 docs, 327406 candidates
[pass 1] 27: 3194000 docs, 328900 candidates
[pass 1] 27: 3213000 docs, 330861 candidates
[pass 1] 27: 3221000 docs, 331668 candidates
[pass 1] 27: 3225000 docs, 332068 candidates
[pass 1] 27: 3228000 docs, 332371 candidates
[pass 1] 27: 3234000 docs, 332941 candidates
[pass 1] 27: 3236000 docs, 333133 candidates
[pass 1] 27: 3239000 docs, 333479 candidates
[pass 1] 27: 3254000 docs, 335080 candidates
[pass 1] 27: 3271000 docs, 336795 candidates
[pass 1] 27: 3280000 docs, 337733 candidates
[pass 1] 27: 3284000 docs, 338129 candidates
[pass 1] 27: 3287000 docs, 338440 candidates
[pass 1] 27: 3315000 docs, 341348 candidates
[pass 1] 27: 3317000 docs, 341573 candidates
[pass 1] 27: 3332000 docs, 343115 candidates
[pass 1] 27: 3344000 docs, 344393 candidates
[pass 1] 27: 3347000 docs, 344686 candidates
[pass 1] 27: 3360000 docs, 345972 candidates
[pass 1] 27: 3367000 docs, 346734 candidates
[pass 1] 27: 3380000 docs, 348069 candidates
[pass 1] 27: 3384000 docs, 348474 candidates
[pass 1] 27: 3387000 docs, 348801 candidates
[pass 1] 27: 3390000 docs, 349123 candidates
[pass 1] 27: 3406000 docs, 350809 candidates
[pass 1] 27: 3417000 docs, 351924 candidates
[pass 1] 27: 3421000 docs, 352320 candidates
[pass 1] 27: 3423000 docs, 352542 candidates
[pass 1] 27: 3424000 docs, 352642 candidates
[pass 1] 27: 3425000 docs, 352760 candidates
[pass 1] 27: 3426000 docs, 352882 candidates
[pass 1] 27: 3451000 docs, 355509 candidates
[pass 1] 27: 3459000 docs, 356328 candidates
[pass 1] 27: 3466000 docs, 357056 candidates
[pass 1] 27: 3468000 docs, 357254 candidates
[pass 1] 27: 3470000 docs, 357453 candidates
[pass 1] 27: 3475000 docs, 357973 candidates
[pass 1] 27: 3478000 docs, 358291 candidates
[pass 1] 27: 3481000 docs, 358603 candidates
[pass 1] 27: 3499000 docs, 360470 candidates
[pass 1] 27: 3500000 docs, 360583 candidates
[pass 1] 27: 3508000 docs, 361401 candidates
[pass 1] 27: 3527000 docs, 363302 candidates
[pass 1] 27: 3530000 docs, 363619 candidates
[pass 1] 27: 3534000 docs, 364033 candidates
[pass 1] 27: 3538000 docs, 364427 candidates
[pass 1] 27: 3550000 docs, 365617 candidates
[pass 1] 27: 3555000 docs, 366127 candidates
[pass 1] 27: 3561000 docs, 366752 candidates
[pass 1] 27: 3566000 docs, 367252 candidates
[pass 1] 27: 3571000 docs, 367745 candidates
[pass 1] 27: 3580000 docs, 368620 candidates
[pass 1] 27: 3581000 docs, 368731 candidates
[pass 1] 27: 3583000 docs, 368949 candidates
[pass 1] 27: 3584000 docs, 369060 candidates
[pass 1] 27: 3599000 docs, 370674 candidates
[pass 1] 27: 3610000 docs, 371806 candidates
[pass 1] 27: 3617000 docs, 372514 candidates
[pass 1] 27: 3618000 docs, 372622 candidates
[pass 1] 27: 3621000 docs, 372896 candidates
[pass 1] 27: 3622000 docs, 372993 candidates
[pass 1] 27: 3648000 docs, 375618 candidates
[pass 1] 27: 3650000 docs, 375819 candidates
[pass 1] 27: 3665000 docs, 377362 candidates
[pass 1] 27: 3671000 docs, 377974 candidates
[pass 1] 27: 3683000 docs, 379160 candidates
[pass 1] 27: 3700000 docs, 380947 candidates
[pass 1] 27: 3706000 docs, 381534 candidates
[pass 1] 27: 3714000 docs, 382353 candidates
[pass 1] 27: 3721000 docs, 383049 candidates
[pass 1] 27: 3723000 docs, 383247 candidates
[pass 1] 27: 3730000 docs, 383971 candidates
[pass 1] 27: 3754000 docs, 386401 candidates
[pass 1] 27: 3755000 docs, 386505 candidates
[pass 1] 27: 3765000 docs, 387548 candidates
[pass 1] 27: 3779000 docs, 388966 candidates
[pass 1] 27: 3790000 docs, 390125 candidates
[pass 1] 27: 3799000 docs, 391033 candidates
[pass 1] 27: 3817000 docs, 392849 candidates
[pass 1] 27: 3819000 docs, 393046 candidates
[pass 1] 27: 3824000 docs, 393576 candidates
[pass 1] 27: 3829000 docs, 394047 candidates
[pass 1] 27: 3841000 docs, 395295 candidates
[pass 1] 27: 3857000 docs, 396856 candidates
[pass 1] 27: 3861000 docs, 397269 candidates
[pass 1] 27: 3880000 docs, 399166 candidates
[pass 1] 27: 3889000 docs, 400127 candidates
[pass 1] 27: 3891000 docs, 400343 candidates
[pass 1] 27: 3911000 docs, 402399 candidates
[pass 1] 27: 3921000 docs, 403363 candidates
[pass 1] 27: 3927000 docs, 404032 candidates
[pass 1] 27: 3936000 docs, 404952 candidates
[pass 1] 27: 3945000 docs, 405880 candidates
[pass 1] 27: 3958000 docs, 407250 candidates
[pass 1] 27: 3960000 docs, 407449 candidates
[pass 1] 27: 3962000 docs, 407624 candidates
[pass 1] 27: 3964000 docs, 407844 candidates
[pass 1] 27: 3965000 docs, 407929 candidates
[pass 1] 27: 3981000 docs, 409522 candidates
[pass 1] 27: 3983000 docs, 409712 candidates
[pass 1] 27: 3994000 docs, 410834 candidates
[pass 1] 27: 3996000 docs, 411057 candidates
[pass 1] 27: 4009000 docs, 412391 candidates
[pass 1] 27: 4030000 docs, 414616 candidates
[pass 1] 27: 4043000 docs, 415977 candidates
[pass 1] 27: 4056000 docs, 417308 candidates
[pass 1] 27: 4060000 docs, 417720 candidates
[pass 1] 27: 4061000 docs, 417836 candidates
[pass 1] 27: 4066000 docs, 418329 candidates
[pass 1] 27: 4084000 docs, 420188 candidates
[pass 1] 27: 4112000 docs, 423124 candidates
[pass 1] 27: 4113000 docs, 423244 candidates
[pass 1] 27: 4115000 docs, 423449 candidates
[pass 1] 27: 4135000 docs, 425428 candidates
[pass 1] 27: 4144000 docs, 426304 candidates
[pass 1] 27: 4151000 docs, 427008 candidates
[pass 1] 27: 4175000 docs, 429515 candidates
[pass 1] 27: 4184000 docs, 430405 candidates
[pass 1] 27: 4185000 docs, 430523 candidates
[pass 1] 27: 4200000 docs, 432074 candidates
[pass 1] 27: 4202000 docs, 432291 candidates
[pass 1] 27: 4212000 docs, 433348 candidates
[pass 1] 27: 4221000 docs, 434269 candidates
[pass 1] 27: 4222000 docs, 434363 candidates
[pass 1] 27: 4229000 docs, 435069 candidates
[pass 1] 27: 4231000 docs, 435303 candidates
[pass 1] 27: 4243000 docs, 436552 candidates
[pass 1] 27: 4259000 docs, 438211 candidates
[pass 1] 27: 4266000 docs, 438939 candidates
[pass 1] 27: 4275000 docs, 439877 candidates
[pass 1] 27: 4276000 docs, 439995 candidates
[pass 1] 27: 4288000 docs, 441287 candidates
[pass 1] 27: 4294000 docs, 441895 candidates
[pass 1] 27: 4299000 docs, 442405 candidates
[pass 1] 27: 4303000 docs, 442815 candidates
[pass 1] 27: 4314000 docs, 443977 candidates
[pass 1] 27: 4316000 docs, 444196 candidates
[pass 1] 27: 4320000 docs, 444586 candidates
[pass 1] 27: 4330000 docs, 445601 candidates
[pass 1] 27: 4342000 docs, 446846 candidates
[pass 1] 27: 4345000 docs, 447165 candidates
[pass 1] 27: 4352000 docs, 447940 candidates
[pass 1] 27: 4363000 docs, 449077 candidates
[pass 1] 27: 4384000 docs, 451178 candidates
[pass 1] 27: 4388000 docs, 451632 candidates
[pass 1] 27: 4406000 docs, 453466 candidates
[pass 1] 27: 4408000 docs, 453685 candidates
[pass 1] 27: 4442000 docs, 457163 candidates
[pass 1] 27: 4452000 docs, 458216 candidates
[pass 1] 27: 4469000 docs, 460030 candidates
[pass 1] 27: 4475000 docs, 460663 candidates
[pass 1] 27: 4476000 docs, 460761 candidates
[pass 1] 27: 4501000 docs, 463358 candidates
[pass 1] 27: 4506000 docs, 463871 candidates
[pass 1] 27: 4511000 docs, 464378 candidates
[pass 1] 27: 4524000 docs, 465744 candidates
[pass 1] 27: 4532000 docs, 466593 candidates
[pass 1] 27: 4535000 docs, 466918 candidates
[pass 1] 27: 4544000 docs, 467889 candidates
[pass 1] 27: 4545000 docs, 467991 candidates
[pass 1] 27: 4549000 docs, 468430 candidates
[pass 1] 27: 4556000 docs, 469161 candidates
[pass 1] 27: 4557000 docs, 469250 candidates
[pass 1] 27: 4559000 docs, 469453 candidates
[pass 1] 27: 4565000 docs, 470037 candidates
[pass 1] 27: 4594000 docs, 473050 candidates
[pass 1] 27: 4611000 docs, 474793 candidates
[pass 1] 27: 4612000 docs, 474893 candidates
[pass 1] 27: 4624000 docs, 476206 candidates
[pass 1] 27: 4646000 docs, 478503 candidates
[pass 1] 27: 4669000 docs, 480930 candidates
[pass 1] 27: 4672000 docs, 481228 candidates
[pass 1] 27: 4684000 docs, 482474 candidates
[pass 1] 27: 4688000 docs, 482897 candidates
[pass 1] 27: 4712000 docs, 485357 candidates
[pass 1] 27: 4713000 docs, 485468 candidates
[pass 1] 27: 4723000 docs, 486531 candidates
[pass 1] 27: 4764000 docs, 490881 candidates
[pass 1] 27: 4776000 docs, 492058 candidates
[pass 1] 27: 4793000 docs, 493825 candidates
[pass 1] 27: 4794000 docs, 493916 candidates
[pass 1] 27: 4826000 docs, 497137 candidates
[pass 1] 27: 4840000 docs, 498538 candidates
[pass 1] 27: 4849000 docs, 499439 candidates
[pass 1] 27: 4853000 docs, 499858 candidates
[pass 1] 27: 4864000 docs, 501019 candidates
[pass 1] 27: 4880000 docs, 502703 candidates
[pass 1] 27: 4888000 docs, 503542 candidates
[pass 1] 27: 4897000 docs, 504461 candidates
[pass 1] 27: 4906000 docs, 505346 candidates
[pass 1] 27: 4907000 docs, 505448 candidates
[pass 1] 27: 4912000 docs, 505975 candidates
[pass 1] 27: 4923000 docs, 507082 candidates
[pass 1] 27: 4924000 docs, 507187 candidates
[pass 1] 27: 4941000 docs, 508941 candidates
[pass 1] 27: 4944000 docs, 509244 candidates
[pass 1] 27: 4946000 docs, 509455 candidates
[pass 1] 27: 4960000 docs, 510896 candidates
[pass 1] 27: 5015000 docs, 516555 candidates
[pass 1] 27: 5034000 docs, 518496 candidates
[pass 1] 27: 5037000 docs, 518805 candidates
[pass 1] 27: 5039000 docs, 519024 candidates
[pass 1] 27: 5064000 docs, 521501 candidates
[pass 1] 27: 5074000 docs, 522574 candidates
[pass 1] 27: 5077000 docs, 522915 candidates
[pass 1] 27: 5078000 docs, 523026 candidates
[pass 1] 27: 5085000 docs, 523766 candidates
[pass 1] 27: 5123000 docs, 527701 candidates
[pass 1] 27: 5143000 docs, 529818 candidates
[pass 1] 27: 5150000 docs, 530516 candidates
[pass 1] 27: 5151000 docs, 530624 candidates
[pass 1] 27: 5162000 docs, 531708 candidates
[pass 1] 27: 5165000 docs, 532012 candidates
[pass 1] 27: 5187000 docs, 534282 candidates
[pass 1] 27: 5194000 docs, 535001 candidates
[pass 1] 27: 5199000 docs, 535558 candidates
[pass 1] 27: 5204000 docs, 536084 candidates
[pass 1] 27: 5214000 docs, 537084 candidates
[pass 1] 27: 5217000 docs, 537407 candidates
[pass 1] 27: 5231000 docs, 538787 candidates
[pass 1] 27: 5275000 docs, 543332 candidates
[pass 1] 27: 5290000 docs, 544900 candidates
[pass 1] 27: 5305000 docs, 546479 candidates
[pass 1] 27: 5312000 docs, 547181 candidates
[pass 1] 27: 5326000 docs, 548653 candidates
[pass 1] 27: 5332000 docs, 549252 candidates
[pass 1] 27: 5333000 docs, 549347 candidates
[pass 1] 27: 5344000 docs, 550512 candidates
[pass 1] 27: 5371000 docs, 553283 candidates
[pass 1] 27: 5384000 docs, 554638 candidates
[pass 1] 27: 5387000 docs, 554959 candidates
[pass 1] 27: 5391000 docs, 555360 candidates
[pass 1] 27: 5392000 docs, 555456 candidates
[pass 1] 27: 5393000 docs, 555576 candidates
[pass 1] 27: 5397000 docs, 555965 candidates
[pass 1] 27: 5401000 docs, 556381 candidates
[pass 1] 27: 5408000 docs, 557118 candidates
[pass 1] 27: 5421000 docs, 558422 candidates
[pass 1] 27: 5433000 docs, 559672 candidates
[pass 1] 27: 5454000 docs, 561883 candidates
[pass 1] 27: 5458000 docs, 562296 candidates
[pass 1] 27: 5472000 docs, 563750 candidates
[pass 1] 27: 5474000 docs, 563962 candidates
[pass 1] 27: 5476000 docs, 564177 candidates
[pass 1] 27: 5480000 docs, 564572 candidates
[pass 1] 27: 5495000 docs, 566103 candidates
[pass 1] 27: 5519000 docs, 568637 candidates
[pass 1] 27: 5521000 docs, 568850 candidates
[pass 1] 27: 5524000 docs, 569155 candidates
[pass 1] 27: 5525000 docs, 569252 candidates
[pass 1] 27: 5549000 docs, 571751 candidates
[pass 1] 27: 5565000 docs, 573372 candidates
[pass 1] 27: 5572000 docs, 574147 candidates
[pass 1] 27: 5584000 docs, 575406 candidates
[pass 1] 27: 5590000 docs, 576052 candidates
[pass 1] 27: 5595000 docs, 576613 candidates
[pass 1] 27: 5615000 docs, 578718 candidates
[pass 1] 27: 5618000 docs, 579037 candidates
[pass 1] 27: 5655000 docs, 582983 candidates
[pass 1] 27: 5697000 docs, 587395 candidates
[pass 1] 27: 5698000 docs, 587507 candidates
[pass 1] 27: 5712000 docs, 588927 candidates
[pass 1] 27: 5719000 docs, 589676 candidates
[pass 1] 27: 5721000 docs, 589892 candidates
[pass 1] 27: 5732000 docs, 591062 candidates
[pass 1] 27: 5740000 docs, 591911 candidates
[pass 1] 27: 5773000 docs, 595332 candidates
[pass 1] 27: 5779000 docs, 595958 candidates
[pass 1] 27: 5780000 docs, 596069 candidates
[pass 1] 27: 5782000 docs, 596299 candidates
[pass 1] 27: 5783000 docs, 596411 candidates
[pass 1] 27: 5789000 docs, 597012 candidates
[pass 1] 27: 5790000 docs, 597131 candidates
[pass 1] 27: 5795000 docs, 597614 candidates
[pass 1] 27: 5797000 docs, 597840 candidates
[pass 1] 27: 5799000 docs, 598048 candidates
[pass 1] 27: 5801000 docs, 598248 candidates
[pass 1] 27: 5802000 docs, 598358 candidates
[pass 1] 27: 5807000 docs, 598940 candidates
[pass 1] 27: 5812000 docs, 599511 candidates
[pass 1] 27: 5841000 docs, 602422 candidates
[pass 1] 27: 5883000 docs, 606719 candidates
[pass 1] 27: 5891000 docs, 607506 candidates
[pass 1] 27: 5897000 docs, 608112 candidates
[pass 1] done: 0 docs, 0 new records, yield=0.0/10K, 16043315ms
[pipeline] Flushed 10000 buffered records to store
[pipeline] Exported 0 paired records to /mnt/zfs-host/backup/projects/observer-vault/01-Projects/dataset-processor/output/paired-output.jsonl

[orchestrate] Pipeline max-passes
[orchestrate] Passes: 1, Total verb-records: 10000
  Pass 1: 0 docs, 608353 Tier-A, 0 Tier-B, 0 Tier-C, 0 records, yield=0.0/10K
