[orchestrate] Found 1 shard files
[pass 1] 23: 14000 docs, 1506 candidates
[pass 1] 23: 19000 docs, 2019 candidates
[pass 1] 23: 45000 docs, 4706 candidates
[pass 1] 23: 46000 docs, 4798 candidates
[pass 1] 23: 50000 docs, 5189 candidates
[pass 1] 23: 53000 docs, 5498 candidates
[pass 1] 23: 54000 docs, 5587 candidates
[pass 1] 23: 65000 docs, 6722 candidates
[pass 1] 23: 67000 docs, 6925 candidates
[pass 1] 23: 78000 docs, 8077 candidates
[pass 1] 23: 89000 docs, 9204 candidates
[pass 1] 23: 96000 docs, 9946 candidates
[pass 1] 23: 116000 docs, 11932 candidates
[pass 1] 23: 131000 docs, 13527 candidates
[pass 1] 23: 139000 docs, 14361 candidates
[pass 1] 23: 143000 docs, 14760 candidates
[pass 1] 23: 145000 docs, 14957 candidates
[pass 1] 23: 148000 docs, 15268 candidates
[pass 1] 23: 163000 docs, 16785 candidates
[pass 1] 23: 165000 docs, 16983 candidates
[pass 1] 23: 170000 docs, 17497 candidates
[pass 1] 23: 196000 docs, 20133 candidates
[pass 1] 23: 200000 docs, 20538 candidates
[pass 1] 23: 226000 docs, 23227 candidates
[pass 1] 23: 231000 docs, 23735 candidates
[pass 1] 23: 245000 docs, 25185 candidates
[pass 1] 23: 247000 docs, 25371 candidates
[pass 1] 23: 252000 docs, 25902 candidates
[pass 1] 23: 254000 docs, 26076 candidates
[pass 1] 23: 256000 docs, 26264 candidates
[pass 1] 23: 258000 docs, 26467 candidates
[pass 1] 23: 260000 docs, 26685 candidates
[pass 1] 23: 278000 docs, 28509 candidates
[pass 1] 23: 296000 docs, 30392 candidates
[pass 1] 23: 330000 docs, 33838 candidates
[pass 1] 23: 353000 docs, 36143 candidates
[pass 1] 23: 357000 docs, 36538 candidates
[pass 1] 23: 363000 docs, 37156 candidates
[pass 1] 23: 373000 docs, 38149 candidates
[pass 1] 23: 385000 docs, 39373 candidates
[pass 1] 23: 391000 docs, 39959 candidates
[pass 1] 23: 431000 docs, 44052 candidates
[pass 1] 23: 438000 docs, 44795 candidates
[pass 1] 23: 447000 docs, 45720 candidates
[pass 1] 23: 473000 docs, 48352 candidates
[pass 1] 23: 477000 docs, 48770 candidates
[pass 1] 23: 489000 docs, 49992 candidates
[pass 1] 23: 502000 docs, 51354 candidates
[pass 1] 23: 510000 docs, 52183 candidates
[pass 1] 23: 517000 docs, 52914 candidates
[pass 1] 23: 529000 docs, 54170 candidates
[pass 1] 23: 544000 docs, 55742 candidates
[pass 1] 23: 585000 docs, 59891 candidates
[pass 1] 23: 594000 docs, 60834 candidates
[pass 1] 23: 615000 docs, 63017 candidates
[pass 1] 23: 623000 docs, 63811 candidates
[pass 1] 23: 628000 docs, 64337 candidates
[pass 1] 23: 631000 docs, 64625 candidates
[pass 1] 23: 636000 docs, 65117 candidates
[pass 1] 23: 657000 docs, 67352 candidates
[pass 1] 23: 686000 docs, 70408 candidates
[pass 1] 23: 692000 docs, 71007 candidates
[pass 1] 23: 699000 docs, 71754 candidates
[pass 1] 23: 704000 docs, 72272 candidates
[pass 1] 23: 705000 docs, 72367 candidates
[pass 1] 23: 730000 docs, 74987 candidates
[pass 1] 23: 786000 docs, 80671 candidates
[pass 1] 23: 807000 docs, 82800 candidates
[pass 1] 23: 808000 docs, 82900 candidates
[pass 1] 23: 817000 docs, 83858 candidates
[pass 1] 23: 825000 docs, 84674 candidates
[pass 1] 23: 831000 docs, 85316 candidates
[pass 1] 23: 832000 docs, 85413 candidates
[pass 1] 23: 857000 docs, 87990 candidates
[pass 1] 23: 858000 docs, 88093 candidates
[pass 1] 23: 859000 docs, 88199 candidates
[pass 1] 23: 865000 docs, 88822 candidates
[pass 1] 23: 866000 docs, 88938 candidates
[pass 1] 23: 867000 docs, 89033 candidates
[pass 1] 23: 869000 docs, 89233 candidates
[pass 1] 23: 874000 docs, 89773 candidates
[pass 1] 23: 881000 docs, 90485 candidates
[pass 1] 23: 884000 docs, 90805 candidates
[pass 1] 23: 898000 docs, 92210 candidates
[pass 1] 23: 905000 docs, 92902 candidates
[pass 1] 23: 910000 docs, 93472 candidates
[pass 1] 23: 915000 docs, 93996 candidates
[pass 1] 23: 917000 docs, 94208 candidates
[pass 1] 23: 919000 docs, 94407 candidates
[pass 1] 23: 954000 docs, 98018 candidates
[pass 1] 23: 955000 docs, 98117 candidates
[pass 1] 23: 969000 docs, 99524 candidates
[pass 1] 23: 970000 docs, 99612 candidates
[pass 1] 23: 976000 docs, 100204 candidates
[pass 1] 23: 977000 docs, 100300 candidates
[pass 1] 23: 980000 docs, 100602 candidates
[pass 1] 23: 1007000 docs, 103360 candidates
[pass 1] 23: 1012000 docs, 103878 candidates
[pass 1] 23: 1054000 docs, 108243 candidates
[pass 1] 23: 1062000 docs, 109105 candidates
[pass 1] 23: 1064000 docs, 109304 candidates
[pass 1] 23: 1072000 docs, 110082 candidates
[pass 1] 23: 1090000 docs, 111953 candidates
[pass 1] 23: 1091000 docs, 112057 candidates
[pass 1] 23: 1108000 docs, 113860 candidates
[pass 1] 23: 1121000 docs, 115224 candidates
[pass 1] 23: 1129000 docs, 116050 candidates
[pass 1] 23: 1136000 docs, 116748 candidates
[pass 1] 23: 1140000 docs, 117146 candidates
[pass 1] 23: 1147000 docs, 117884 candidates
[pass 1] 23: 1162000 docs, 119439 candidates
[pass 1] 23: 1177000 docs, 120959 candidates
[pass 1] 23: 1178000 docs, 121063 candidates
[pass 1] 23: 1201000 docs, 123437 candidates
[pass 1] 23: 1214000 docs, 124800 candidates
[pass 1] 23: 1217000 docs, 125138 candidates
[pass 1] 23: 1219000 docs, 125351 candidates
[pass 1] 23: 1222000 docs, 125641 candidates
[pass 1] 23: 1224000 docs, 125856 candidates
[pass 1] 23: 1246000 docs, 128069 candidates
[pass 1] 23: 1252000 docs, 128691 candidates
[pass 1] 23: 1265000 docs, 129991 candidates
[pass 1] 23: 1276000 docs, 131128 candidates
[pass 1] 23: 1307000 docs, 134283 candidates
[pass 1] 23: 1312000 docs, 134780 candidates
[pass 1] 23: 1330000 docs, 136610 candidates
[pass 1] 23: 1339000 docs, 137535 candidates
[pass 1] 23: 1351000 docs, 138750 candidates
[pass 1] 23: 1370000 docs, 140672 candidates
[pass 1] 23: 1375000 docs, 141159 candidates
[pass 1] 23: 1408000 docs, 144524 candidates
[pass 1] 23: 1421000 docs, 145838 candidates
[pass 1] 23: 1445000 docs, 148221 candidates
[pass 1] 23: 1452000 docs, 148971 candidates
[pass 1] 23: 1469000 docs, 150752 candidates
[pass 1] 23: 1475000 docs, 151355 candidates
[pass 1] 23: 1493000 docs, 153173 candidates
[pass 1] 23: 1503000 docs, 154189 candidates
[pass 1] 23: 1512000 docs, 155124 candidates
[pass 1] 23: 1514000 docs, 155345 candidates
[pass 1] 23: 1522000 docs, 156196 candidates
[pass 1] 23: 1525000 docs, 156514 candidates
[pass 1] 23: 1528000 docs, 156807 candidates
[pass 1] 23: 1535000 docs, 157547 candidates
[pass 1] 23: 1551000 docs, 159180 candidates
[pass 1] 23: 1557000 docs, 159799 candidates
[pass 1] 23: 1577000 docs, 161911 candidates
[pass 1] 23: 1581000 docs, 162332 candidates
[pass 1] 23: 1582000 docs, 162436 candidates
[pass 1] 23: 1609000 docs, 165204 candidates
[pass 1] 23: 1619000 docs, 166213 candidates
[pass 1] 23: 1626000 docs, 166930 candidates
[pass 1] 23: 1633000 docs, 167631 candidates
[pass 1] 23: 1640000 docs, 168302 candidates
[pass 1] 23: 1648000 docs, 169111 candidates
[pass 1] 23: 1654000 docs, 169750 candidates
[pass 1] 23: 1656000 docs, 169963 candidates
[pass 1] 23: 1664000 docs, 170804 candidates
[pass 1] 23: 1688000 docs, 173253 candidates
[pass 1] 23: 1692000 docs, 173653 candidates
[pass 1] 23: 1696000 docs, 174100 candidates
[pass 1] 23: 1702000 docs, 174753 candidates
[pass 1] 23: 1707000 docs, 175286 candidates
[pass 1] 23: 1717000 docs, 176341 candidates
[pass 1] 23: 1723000 docs, 177030 candidates
[pass 1] 23: 1726000 docs, 177330 candidates
[pass 1] 23: 1729000 docs, 177619 candidates
[pass 1] 23: 1731000 docs, 177832 candidates
[pass 1] 23: 1733000 docs, 178050 candidates
[pass 1] 23: 1734000 docs, 178162 candidates
[pass 1] 23: 1735000 docs, 178263 candidates
[pass 1] 23: 1742000 docs, 178925 candidates
[pass 1] 23: 1749000 docs, 179649 candidates
[pass 1] 23: 1750000 docs, 179756 candidates
[pass 1] 23: 1773000 docs, 182167 candidates
[pass 1] 23: 1774000 docs, 182269 candidates
[pass 1] 23: 1777000 docs, 182577 candidates
[pass 1] 23: 1815000 docs, 186438 candidates
[pass 1] 23: 1817000 docs, 186620 candidates
[pass 1] 23: 1830000 docs, 187958 candidates
[pass 1] 23: 1839000 docs, 188932 candidates
[pass 1] 23: 1845000 docs, 189524 candidates
[pass 1] 23: 1850000 docs, 190028 candidates
[pass 1] 23: 1862000 docs, 191255 candidates
[pass 1] 23: 1863000 docs, 191364 candidates
[pass 1] 23: 1869000 docs, 191963 candidates
[pass 1] 23: 1877000 docs, 192777 candidates
[pass 1] 23: 1899000 docs, 195047 candidates
[pass 1] 23: 1914000 docs, 196643 candidates
[pass 1] 23: 1922000 docs, 197430 candidates
[pass 1] 23: 1941000 docs, 199395 candidates
[pass 1] 23: 1946000 docs, 199910 candidates
[pass 1] 23: 1955000 docs, 200877 candidates
[pass 1] 23: 1984000 docs, 203807 candidates
[pass 1] 23: 1988000 docs, 204234 candidates
[pass 1] 23: 1996000 docs, 205066 candidates
[pass 1] 23: 2007000 docs, 206171 candidates
[pass 1] 23: 2015000 docs, 206978 candidates
[pass 1] 23: 2036000 docs, 209128 candidates
[pass 1] 23: 2040000 docs, 209559 candidates
[pass 1] 23: 2049000 docs, 210502 candidates
[pass 1] 23: 2064000 docs, 212082 candidates
[pass 1] 23: 2082000 docs, 213960 candidates
[pass 1] 23: 2105000 docs, 216326 candidates
[pass 1] 23: 2118000 docs, 217720 candidates
[pass 1] 23: 2126000 docs, 218548 candidates
[pass 1] 23: 2130000 docs, 218945 candidates
[pass 1] 23: 2131000 docs, 219059 candidates
[pass 1] 23: 2144000 docs, 220404 candidates
[pass 1] 23: 2145000 docs, 220499 candidates
[pass 1] 23: 2152000 docs, 221217 candidates
[pass 1] 23: 2165000 docs, 222536 candidates
[pass 1] 23: 2181000 docs, 224146 candidates
[pass 1] 23: 2185000 docs, 224567 candidates
[pass 1] 23: 2204000 docs, 226490 candidates
[pass 1] 23: 2218000 docs, 227949 candidates
[pass 1] 23: 2228000 docs, 229004 candidates
[pass 1] 23: 2231000 docs, 229338 candidates
[pass 1] 23: 2235000 docs, 229711 candidates
[pass 1] 23: 2239000 docs, 230141 candidates
[pass 1] 23: 2246000 docs, 230880 candidates
[pass 1] 23: 2262000 docs, 232593 candidates
[pass 1] 23: 2271000 docs, 233516 candidates
[pass 1] 23: 2293000 docs, 235788 candidates
[pass 1] 23: 2310000 docs, 237601 candidates
[pass 1] 23: 2341000 docs, 240838 candidates
[pass 1] 23: 2353000 docs, 241978 candidates
[pass 1] 23: 2354000 docs, 242105 candidates
[pass 1] 23: 2357000 docs, 242411 candidates
[pass 1] 23: 2384000 docs, 245243 candidates
[pass 1] 23: 2389000 docs, 245738 candidates
[pass 1] 23: 2391000 docs, 245936 candidates
[pass 1] 23: 2397000 docs, 246526 candidates
[pass 1] 23: 2415000 docs, 248345 candidates
[pass 1] 23: 2422000 docs, 249049 candidates
[pass 1] 23: 2428000 docs, 249662 candidates
[pass 1] 23: 2438000 docs, 250685 candidates
[pass 1] 23: 2442000 docs, 251126 candidates
[pass 1] 23: 2450000 docs, 251925 candidates
[pass 1] 23: 2457000 docs, 252710 candidates
[pass 1] 23: 2458000 docs, 252827 candidates
[pass 1] 23: 2469000 docs, 253947 candidates
[pass 1] 23: 2471000 docs, 254151 candidates
[pass 1] 23: 2474000 docs, 254457 candidates
[pass 1] 23: 2483000 docs, 255377 candidates
[pass 1] 23: 2514000 docs, 258498 candidates
[pass 1] 23: 2517000 docs, 258804 candidates
[pass 1] 23: 2518000 docs, 258914 candidates
[pass 1] 23: 2528000 docs, 259955 candidates
[pass 1] 23: 2536000 docs, 260773 candidates
[pass 1] 23: 2539000 docs, 261089 candidates
[pass 1] 23: 2544000 docs, 261602 candidates
[pass 1] 23: 2551000 docs, 262329 candidates
[pass 1] 23: 2555000 docs, 262754 candidates
[pass 1] 23: 2560000 docs, 263294 candidates
[pass 1] 23: 2563000 docs, 263601 candidates
[pass 1] 23: 2576000 docs, 264951 candidates
[pass 1] 23: 2596000 docs, 267041 candidates
[pass 1] 23: 2601000 docs, 267533 candidates
[pass 1] 23: 2611000 docs, 268551 candidates
[pass 1] 23: 2613000 docs, 268778 candidates
[pass 1] 23: 2620000 docs, 269498 candidates
[pass 1] 23: 2639000 docs, 271435 candidates
[pass 1] 23: 2676000 docs, 275271 candidates
[pass 1] 23: 2705000 docs, 278276 candidates
[pass 1] 23: 2706000 docs, 278382 candidates
[pass 1] 23: 2707000 docs, 278484 candidates
[pass 1] 23: 2719000 docs, 279713 candidates
[pass 1] 23: 2746000 docs, 282548 candidates
[pass 1] 23: 2771000 docs, 285072 candidates
[pass 1] 23: 2772000 docs, 285190 candidates
[pass 1] 23: 2782000 docs, 286217 candidates
[pass 1] 23: 2789000 docs, 286926 candidates
[pass 1] 23: 2791000 docs, 287158 candidates
[pass 1] 23: 2799000 docs, 287975 candidates
[pass 1] 23: 2803000 docs, 288384 candidates
[pass 1] 23: 2811000 docs, 289255 candidates
[pass 1] 23: 2824000 docs, 290650 candidates
[pass 1] 23: 2835000 docs, 291792 candidates
[pass 1] 23: 2841000 docs, 292417 candidates
[pass 1] 23: 2850000 docs, 293393 candidates
[pass 1] 23: 2852000 docs, 293596 candidates
[pass 1] 23: 2855000 docs, 293901 candidates
[pass 1] 23: 2861000 docs, 294494 candidates
[pass 1] 23: 2862000 docs, 294595 candidates
[pass 1] 23: 2898000 docs, 298342 candidates
[pass 1] 23: 2931000 docs, 301656 candidates
[pass 1] 23: 2937000 docs, 302236 candidates
[pass 1] 23: 2944000 docs, 302984 candidates
[pass 1] 23: 2951000 docs, 303720 candidates
[pass 1] 23: 2958000 docs, 304429 candidates
[pass 1] 23: 2967000 docs, 305338 candidates
[pass 1] 23: 2974000 docs, 306085 candidates
[pass 1] 23: 2980000 docs, 306706 candidates
[pass 1] 23: 2984000 docs, 307114 candidates
[pass 1] 23: 2986000 docs, 307321 candidates
[pass 1] 23: 2992000 docs, 307959 candidates
[pass 1] 23: 3014000 docs, 310165 candidates
[pass 1] 23: 3024000 docs, 311207 candidates
[pass 1] 23: 3031000 docs, 311909 candidates
[pass 1] 23: 3036000 docs, 312431 candidates
[pass 1] 23: 3040000 docs, 312821 candidates
[pass 1] 23: 3044000 docs, 313263 candidates
[pass 1] 23: 3057000 docs, 314608 candidates
[pass 1] 23: 3066000 docs, 315544 candidates
[pass 1] 23: 3068000 docs, 315759 candidates
[pass 1] 23: 3071000 docs, 316042 candidates
[pass 1] 23: 3073000 docs, 316255 candidates
[pass 1] 23: 3085000 docs, 317436 candidates
[pass 1] 23: 3090000 docs, 317948 candidates
[pass 1] 23: 3091000 docs, 318049 candidates
[pass 1] 23: 3116000 docs, 320622 candidates
[pass 1] 23: 3128000 docs, 321799 candidates
[pass 1] 23: 3131000 docs, 322108 candidates
[pass 1] 23: 3141000 docs, 323114 candidates
[pass 1] 23: 3148000 docs, 323838 candidates
[pass 1] 23: 3160000 docs, 325085 candidates
[pass 1] 23: 3162000 docs, 325302 candidates
[pass 1] 23: 3178000 docs, 326995 candidates
[pass 1] 23: 3187000 docs, 327940 candidates
[pass 1] 23: 3192000 docs, 328477 candidates
[pass 1] 23: 3225000 docs, 331825 candidates
[pass 1] 23: 3226000 docs, 331926 candidates
[pass 1] 23: 3236000 docs, 332953 candidates
[pass 1] 23: 3265000 docs, 335902 candidates
[pass 1] 23: 3272000 docs, 336648 candidates
[pass 1] 23: 3274000 docs, 336830 candidates
[pass 1] 23: 3278000 docs, 337236 candidates
[pass 1] 23: 3290000 docs, 338432 candidates
[pass 1] 23: 3309000 docs, 340353 candidates
[pass 1] 23: 3317000 docs, 341150 candidates
[pass 1] 23: 3320000 docs, 341443 candidates
[pass 1] 23: 3332000 docs, 342588 candidates
[pass 1] 23: 3342000 docs, 343679 candidates
[pass 1] 23: 3358000 docs, 345258 candidates
[pass 1] 23: 3372000 docs, 346715 candidates
[pass 1] 23: 3377000 docs, 347218 candidates
[pass 1] 23: 3396000 docs, 349167 candidates
[pass 1] 23: 3397000 docs, 349272 candidates
[pass 1] 23: 3399000 docs, 349495 candidates
[pass 1] 23: 3400000 docs, 349590 candidates
[pass 1] 23: 3408000 docs, 350435 candidates
[pass 1] 23: 3415000 docs, 351139 candidates
[pass 1] 23: 3440000 docs, 353751 candidates
[pass 1] 23: 3473000 docs, 357180 candidates
[pass 1] 23: 3477000 docs, 357592 candidates
[pass 1] 23: 3487000 docs, 358642 candidates
[pass 1] 23: 3489000 docs, 358849 candidates
[pass 1] 23: 3490000 docs, 358950 candidates
[pass 1] 23: 3499000 docs, 359884 candidates
[pass 1] 23: 3500000 docs, 359986 candidates
[pass 1] 23: 3505000 docs, 360475 candidates
[pass 1] 23: 3513000 docs, 361261 candidates
[pass 1] 23: 3518000 docs, 361791 candidates
[pass 1] 23: 3522000 docs, 362230 candidates
[pass 1] 23: 3525000 docs, 362536 candidates
[pass 1] 23: 3528000 docs, 362839 candidates
[pass 1] 23: 3530000 docs, 363033 candidates
[pass 1] 23: 3535000 docs, 363529 candidates
[pass 1] 23: 3551000 docs, 365174 candidates
[pass 1] 23: 3563000 docs, 366390 candidates
[pass 1] 23: 3570000 docs, 367093 candidates
[pass 1] 23: 3580000 docs, 368134 candidates
[pass 1] 23: 3582000 docs, 368364 candidates
[pass 1] 23: 3605000 docs, 370730 candidates
[pass 1] 23: 3633000 docs, 373582 candidates
[pass 1] 23: 3647000 docs, 375065 candidates
[pass 1] 23: 3656000 docs, 375932 candidates
[pass 1] 23: 3692000 docs, 379647 candidates
[pass 1] 23: 3699000 docs, 380385 candidates
[pass 1] 23: 3706000 docs, 381132 candidates
[pass 1] 23: 3709000 docs, 381474 candidates
[pass 1] 23: 3710000 docs, 381585 candidates
[pass 1] 23: 3723000 docs, 382942 candidates
[pass 1] 23: 3724000 docs, 383050 candidates
[pass 1] 23: 3744000 docs, 385113 candidates
[pass 1] 23: 3748000 docs, 385497 candidates
[pass 1] 23: 3749000 docs, 385621 candidates
[pass 1] 23: 3750000 docs, 385720 candidates
[pass 1] 23: 3759000 docs, 386610 candidates
[pass 1] 23: 3765000 docs, 387186 candidates
[pass 1] 23: 3787000 docs, 389464 candidates
[pass 1] 23: 3791000 docs, 389876 candidates
[pass 1] 23: 3810000 docs, 391858 candidates
[pass 1] 23: 3815000 docs, 392385 candidates
[pass 1] 23: 3863000 docs, 397287 candidates
[pass 1] 23: 3875000 docs, 398549 candidates
[pass 1] 23: 3877000 docs, 398778 candidates
[pass 1] 23: 3890000 docs, 400110 candidates
[pass 1] 23: 3897000 docs, 400874 candidates
[pass 1] 23: 3900000 docs, 401186 candidates
[pass 1] 23: 3905000 docs, 401726 candidates
[pass 1] 23: 3910000 docs, 402231 candidates
[pass 1] 23: 3921000 docs, 403371 candidates
[pass 1] 23: 3940000 docs, 405242 candidates
[pass 1] 23: 3945000 docs, 405831 candidates
[pass 1] 23: 3955000 docs, 406859 candidates
[pass 1] 23: 3956000 docs, 406950 candidates
[pass 1] 23: 3958000 docs, 407150 candidates
[pass 1] 23: 3977000 docs, 409123 candidates
[pass 1] 23: 3982000 docs, 409606 candidates
[pass 1] 23: 3984000 docs, 409844 candidates
[pass 1] 23: 3985000 docs, 409942 candidates
[pass 1] 23: 4003000 docs, 411770 candidates
[pass 1] 23: 4007000 docs, 412152 candidates
[pass 1] 23: 4021000 docs, 413636 candidates
[pass 1] 23: 4022000 docs, 413739 candidates
[pass 1] 23: 4030000 docs, 414557 candidates
[pass 1] 23: 4033000 docs, 414860 candidates
[pass 1] 23: 4038000 docs, 415397 candidates
[pass 1] 23: 4045000 docs, 416123 candidates
[pass 1] 23: 4058000 docs, 417450 candidates
[pass 1] 23: 4059000 docs, 417550 candidates
[pass 1] 23: 4060000 docs, 417651 candidates
[pass 1] 23: 4065000 docs, 418141 candidates
[pass 1] 23: 4075000 docs, 419149 candidates
[pass 1] 23: 4076000 docs, 419259 candidates
[pass 1] 23: 4077000 docs, 419367 candidates
[pass 1] 23: 4092000 docs, 420890 candidates
[pass 1] 23: 4094000 docs, 421079 candidates
[pass 1] 23: 4097000 docs, 421398 candidates
[pass 1] 23: 4125000 docs, 424338 candidates
[pass 1] 23: 4153000 docs, 427232 candidates
[pass 1] 23: 4183000 docs, 430298 candidates
[pass 1] 23: 4184000 docs, 430412 candidates
[pass 1] 23: 4201000 docs, 432114 candidates
[pass 1] 23: 4216000 docs, 433671 candidates
[pass 1] 23: 4220000 docs, 434100 candidates
[pass 1] 23: 4226000 docs, 434682 candidates
[pass 1] 23: 4268000 docs, 439019 candidates
[pass 1] 23: 4286000 docs, 440874 candidates
[pass 1] 23: 4294000 docs, 441726 candidates
[pass 1] 23: 4301000 docs, 442437 candidates
[pass 1] 23: 4322000 docs, 444585 candidates
[pass 1] 23: 4326000 docs, 444990 candidates
[pass 1] 23: 4329000 docs, 445297 candidates
[pass 1] 23: 4331000 docs, 445495 candidates
[pass 1] 23: 4348000 docs, 447248 candidates
[pass 1] 23: 4358000 docs, 448284 candidates
[pass 1] 23: 4367000 docs, 449189 candidates
[pass 1] 23: 4368000 docs, 449271 candidates
[pass 1] 23: 4385000 docs, 450968 candidates
[pass 1] 23: 4409000 docs, 453493 candidates
[pass 1] 23: 4421000 docs, 454729 candidates
[pass 1] 23: 4426000 docs, 455247 candidates
[pass 1] 23: 4437000 docs, 456428 candidates
[pass 1] 23: 4466000 docs, 459424 candidates
[pass 1] 23: 4468000 docs, 459642 candidates
[pass 1] 23: 4469000 docs, 459744 candidates
[pass 1] 23: 4487000 docs, 461566 candidates
[pass 1] 23: 4491000 docs, 462012 candidates
[pass 1] 23: 4498000 docs, 462796 candidates
[pass 1] 23: 4501000 docs, 463110 candidates
[pass 1] 23: 4503000 docs, 463330 candidates
[pass 1] 23: 4520000 docs, 465078 candidates
[pass 1] 23: 4523000 docs, 465376 candidates
[pass 1] 23: 4531000 docs, 466197 candidates
[pass 1] 23: 4543000 docs, 467442 candidates
[pass 1] 23: 4551000 docs, 468259 candidates
[pass 1] 23: 4568000 docs, 470058 candidates
[pass 1] 23: 4576000 docs, 470884 candidates
[pass 1] 23: 4584000 docs, 471729 candidates
[pass 1] 23: 4590000 docs, 472355 candidates
[pass 1] 23: 4591000 docs, 472452 candidates
[pass 1] 23: 4592000 docs, 472560 candidates
[pass 1] 23: 4605000 docs, 473834 candidates
[pass 1] 23: 4615000 docs, 474850 candidates
[pass 1] 23: 4624000 docs, 475752 candidates
[pass 1] 23: 4627000 docs, 476058 candidates
[pass 1] 23: 4631000 docs, 476441 candidates
[pass 1] 23: 4638000 docs, 477177 candidates
[pass 1] 23: 4655000 docs, 478960 candidates
[pass 1] 23: 4663000 docs, 479776 candidates
[pass 1] 23: 4666000 docs, 480070 candidates
[pass 1] 23: 4704000 docs, 484021 candidates
[pass 1] 23: 4706000 docs, 484212 candidates
[pass 1] 23: 4711000 docs, 484734 candidates
[pass 1] 23: 4743000 docs, 487947 candidates
[pass 1] 23: 4750000 docs, 488644 candidates
[pass 1] 23: 4751000 docs, 488749 candidates
[pass 1] 23: 4772000 docs, 490942 candidates
[pass 1] 23: 4783000 docs, 492051 candidates
[pass 1] 23: 4790000 docs, 492773 candidates
[pass 1] 23: 4827000 docs, 496616 candidates
[pass 1] 23: 4832000 docs, 497137 candidates
[pass 1] 23: 4838000 docs, 497783 candidates
[pass 1] 23: 4867000 docs, 500777 candidates
[pass 1] 23: 4884000 docs, 502513 candidates
[pass 1] 23: 4895000 docs, 503674 candidates
[pass 1] 23: 4898000 docs, 503974 candidates
[pass 1] 23: 4908000 docs, 504980 candidates
[pass 1] 23: 4911000 docs, 505295 candidates
[pass 1] 23: 4941000 docs, 508384 candidates
[pass 1] 23: 4942000 docs, 508502 candidates
[pass 1] 23: 4944000 docs, 508672 candidates
[pass 1] 23: 4949000 docs, 509205 candidates
[pass 1] 23: 4956000 docs, 509912 candidates
[pass 1] 23: 4966000 docs, 510929 candidates
[pass 1] 23: 4974000 docs, 511723 candidates
[pass 1] 23: 4983000 docs, 512632 candidates
[pass 1] 23: 4990000 docs, 513336 candidates
[pass 1] 23: 4997000 docs, 514048 candidates
[pass 1] 23: 5015000 docs, 515944 candidates
[pass 1] 23: 5024000 docs, 516924 candidates
[pass 1] 23: 5037000 docs, 518252 candidates
[pass 1] 23: 5040000 docs, 518601 candidates
[pass 1] 23: 5049000 docs, 519520 candidates
[pass 1] 23: 5075000 docs, 522272 candidates
[pass 1] 23: 5095000 docs, 524362 candidates
[pass 1] 23: 5101000 docs, 524996 candidates
[pass 1] 23: 5111000 docs, 526022 candidates
[pass 1] 23: 5117000 docs, 526625 candidates
[pass 1] 23: 5122000 docs, 527145 candidates
[pass 1] 23: 5126000 docs, 527535 candidates
[pass 1] 23: 5129000 docs, 527873 candidates
[pass 1] 23: 5140000 docs, 529034 candidates
[pass 1] 23: 5144000 docs, 529443 candidates
[pass 1] 23: 5146000 docs, 529662 candidates
[pass 1] 23: 5163000 docs, 531346 candidates
[pass 1] 23: 5164000 docs, 531442 candidates
[pass 1] 23: 5165000 docs, 531554 candidates
[pass 1] 23: 5172000 docs, 532339 candidates
[pass 1] 23: 5177000 docs, 532863 candidates
[pass 1] 23: 5188000 docs, 533979 candidates
[pass 1] 23: 5207000 docs, 535898 candidates
[pass 1] 23: 5226000 docs, 537812 candidates
[pass 1] 23: 5248000 docs, 540111 candidates
[pass 1] 23: 5249000 docs, 540207 candidates
[pass 1] 23: 5256000 docs, 540922 candidates
[pass 1] 23: 5294000 docs, 544931 candidates
[pass 1] 23: 5305000 docs, 546029 candidates
[pass 1] 23: 5307000 docs, 546275 candidates
[pass 1] 23: 5308000 docs, 546393 candidates
[pass 1] 23: 5333000 docs, 548963 candidates
[pass 1] 23: 5339000 docs, 549557 candidates
[pass 1] 23: 5349000 docs, 550574 candidates
[pass 1] 23: 5364000 docs, 552100 candidates
[pass 1] 23: 5410000 docs, 556832 candidates
[pass 1] 23: 5417000 docs, 557535 candidates
[pass 1] 23: 5423000 docs, 558111 candidates
[pass 1] 23: 5459000 docs, 561827 candidates
[pass 1] 23: 5461000 docs, 562045 candidates
[pass 1] 23: 5469000 docs, 562885 candidates
[pass 1] 23: 5470000 docs, 562984 candidates
[pass 1] 23: 5478000 docs, 563813 candidates
[pass 1] 23: 5493000 docs, 565383 candidates
[pass 1] 23: 5496000 docs, 565675 candidates
[pass 1] 23: 5510000 docs, 567119 candidates
[pass 1] 23: 5516000 docs, 567702 candidates
[pass 1] 23: 5518000 docs, 567918 candidates
[pass 1] 23: 5528000 docs, 568926 candidates
[pass 1] 23: 5536000 docs, 569756 candidates
[pass 1] 23: 5542000 docs, 570333 candidates
[pass 1] 23: 5547000 docs, 570853 candidates
[pass 1] 23: 5550000 docs, 571179 candidates
[pass 1] 23: 5559000 docs, 572093 candidates
[pass 1] 23: 5568000 docs, 572963 candidates
[pass 1] 23: 5573000 docs, 573475 candidates
[pass 1] 23: 5576000 docs, 573793 candidates
[pass 1] 23: 5583000 docs, 574517 candidates
[pass 1] 23: 5587000 docs, 574921 candidates
[pass 1] 23: 5589000 docs, 575134 candidates
[pass 1] 23: 5595000 docs, 575750 candidates
[pass 1] 23: 5611000 docs, 577381 candidates
[pass 1] 23: 5619000 docs, 578233 candidates
[pass 1] 23: 5628000 docs, 579126 candidates
[pass 1] 23: 5646000 docs, 581046 candidates
[pass 1] 23: 5652000 docs, 581672 candidates
[pass 1] 23: 5654000 docs, 581890 candidates
[pass 1] 23: 5657000 docs, 582225 candidates
[pass 1] 23: 5658000 docs, 582325 candidates
[pass 1] 23: 5659000 docs, 582419 candidates
[pass 1] 23: 5679000 docs, 584449 candidates
[pass 1] 23: 5680000 docs, 584549 candidates
[pass 1] 23: 5691000 docs, 585705 candidates
[pass 1] 23: 5700000 docs, 586592 candidates
[pass 1] 23: 5718000 docs, 588453 candidates
[pass 1] 23: 5730000 docs, 589654 candidates
[pass 1] 23: 5746000 docs, 591346 candidates
[pass 1] 23: 5762000 docs, 592981 candidates
[pass 1] 23: 5783000 docs, 595114 candidates
[pass 1] 23: 5791000 docs, 596008 candidates
[pass 1] 23: 5798000 docs, 596792 candidates
[pass 1] 23: 5801000 docs, 597097 candidates
[pass 1] 23: 5804000 docs, 597396 candidates
[pass 1] 23: 5811000 docs, 598124 candidates
[pass 1] 23: 5823000 docs, 599342 candidates
[pass 1] 23: 5827000 docs, 599777 candidates
[pass 1] 23: 5839000 docs, 600995 candidates
[pass 1] 23: 5845000 docs, 601628 candidates
[pass 1] 23: 5846000 docs, 601727 candidates
[pass 1] 23: 5855000 docs, 602594 candidates
[pass 1] 23: 5865000 docs, 603638 candidates
[pass 1] 23: 5876000 docs, 604789 candidates
[pass 1] 23: 5881000 docs, 605290 candidates
[pass 1] 23: 5890000 docs, 606163 candidates
[pass 1] 23: 5899000 docs, 607050 candidates
[pass 1] done: 0 docs, 0 new records, yield=0.0/10K, 15881260ms
[pipeline] Flushed 10000 buffered records to store
[pipeline] Exported 0 paired records to /mnt/zfs-host/backup/projects/observer-vault/01-Projects/dataset-processor/output/paired-output.jsonl

[orchestrate] Pipeline max-passes
[orchestrate] Passes: 1, Total verb-records: 10000
  Pass 1: 0 docs, 607108 Tier-A, 0 Tier-B, 0 Tier-C, 0 records, yield=0.0/10K
