[orchestrate] Found 1 shard files
[pass 1] 13: 6000 docs, 617 candidates
[pass 1] 13: 16000 docs, 1626 candidates
[pass 1] 13: 17000 docs, 1734 candidates
[pass 1] 13: 18000 docs, 1829 candidates
[pass 1] 13: 32000 docs, 3288 candidates
[pass 1] 13: 33000 docs, 3399 candidates
[pass 1] 13: 37000 docs, 3814 candidates
[pass 1] 13: 59000 docs, 6217 candidates
[pass 1] 13: 69000 docs, 7249 candidates
[pass 1] 13: 79000 docs, 8326 candidates
[pass 1] 13: 91000 docs, 9561 candidates
[pass 1] 13: 113000 docs, 11853 candidates
[pass 1] 13: 138000 docs, 14503 candidates
[pass 1] 13: 145000 docs, 15212 candidates
[pass 1] 13: 157000 docs, 16372 candidates
[pass 1] 13: 158000 docs, 16483 candidates
[pass 1] 13: 160000 docs, 16691 candidates
[pass 1] 13: 175000 docs, 18215 candidates
[pass 1] 13: 179000 docs, 18629 candidates
[pass 1] 13: 192000 docs, 20020 candidates
[pass 1] 13: 193000 docs, 20125 candidates
[pass 1] 13: 194000 docs, 20246 candidates
[pass 1] 13: 216000 docs, 22552 candidates
[pass 1] 13: 218000 docs, 22748 candidates
[pass 1] 13: 222000 docs, 23151 candidates
[pass 1] 13: 226000 docs, 23529 candidates
[pass 1] 13: 231000 docs, 24023 candidates
[pass 1] 13: 243000 docs, 25302 candidates
[pass 1] 13: 253000 docs, 26351 candidates
[pass 1] 13: 259000 docs, 26942 candidates
[pass 1] 13: 270000 docs, 28134 candidates
[pass 1] 13: 273000 docs, 28455 candidates
[pass 1] 13: 280000 docs, 29173 candidates
[pass 1] 13: 301000 docs, 31365 candidates
[pass 1] 13: 313000 docs, 32587 candidates
[pass 1] 13: 323000 docs, 33574 candidates
[pass 1] 13: 344000 docs, 35750 candidates
[pass 1] 13: 365000 docs, 37833 candidates
[pass 1] 13: 374000 docs, 38792 candidates
[pass 1] 13: 376000 docs, 39009 candidates
[pass 1] 13: 378000 docs, 39214 candidates
[pass 1] 13: 381000 docs, 39540 candidates
[pass 1] 13: 384000 docs, 39822 candidates
[pass 1] 13: 386000 docs, 40027 candidates
[pass 1] 13: 392000 docs, 40653 candidates
[pass 1] 13: 413000 docs, 42799 candidates
[pass 1] 13: 437000 docs, 45133 candidates
[pass 1] 13: 441000 docs, 45567 candidates
[pass 1] 13: 446000 docs, 46058 candidates
[pass 1] 13: 453000 docs, 46760 candidates
[pass 1] 13: 482000 docs, 49785 candidates
[pass 1] 13: 506000 docs, 52241 candidates
[pass 1] 13: 516000 docs, 53265 candidates
[pass 1] 13: 517000 docs, 53378 candidates
[pass 1] 13: 523000 docs, 53989 candidates
[pass 1] 13: 545000 docs, 56272 candidates
[pass 1] 13: 560000 docs, 57841 candidates
[pass 1] 13: 565000 docs, 58362 candidates
[pass 1] 13: 575000 docs, 59390 candidates
[pass 1] 13: 576000 docs, 59487 candidates
[pass 1] 13: 603000 docs, 62316 candidates
[pass 1] 13: 618000 docs, 63863 candidates
[pass 1] 13: 627000 docs, 64788 candidates
[pass 1] 13: 628000 docs, 64902 candidates
[pass 1] 13: 630000 docs, 65135 candidates
[pass 1] 13: 644000 docs, 66610 candidates
[pass 1] 13: 649000 docs, 67108 candidates
[pass 1] 13: 653000 docs, 67530 candidates
[pass 1] 13: 668000 docs, 69037 candidates
[pass 1] 13: 682000 docs, 70442 candidates
[pass 1] 13: 692000 docs, 71503 candidates
[pass 1] 13: 701000 docs, 72491 candidates
[pass 1] 13: 710000 docs, 73397 candidates
[pass 1] 13: 712000 docs, 73588 candidates
[pass 1] 13: 713000 docs, 73697 candidates
[pass 1] 13: 716000 docs, 74005 candidates
[pass 1] 13: 719000 docs, 74316 candidates
[pass 1] 13: 734000 docs, 75823 candidates
[pass 1] 13: 746000 docs, 77127 candidates
[pass 1] 13: 751000 docs, 77675 candidates
[pass 1] 13: 756000 docs, 78225 candidates
[pass 1] 13: 769000 docs, 79528 candidates
[pass 1] 13: 774000 docs, 80035 candidates
[pass 1] 13: 790000 docs, 81700 candidates
[pass 1] 13: 797000 docs, 82417 candidates
[pass 1] 13: 798000 docs, 82529 candidates
[pass 1] 13: 799000 docs, 82647 candidates
[pass 1] 13: 811000 docs, 83934 candidates
[pass 1] 13: 812000 docs, 84039 candidates
[pass 1] 13: 821000 docs, 84937 candidates
[pass 1] 13: 828000 docs, 85654 candidates
[pass 1] 13: 847000 docs, 87575 candidates
[pass 1] 13: 881000 docs, 91049 candidates
[pass 1] 13: 919000 docs, 94954 candidates
[pass 1] 13: 936000 docs, 96702 candidates
[pass 1] 13: 943000 docs, 97434 candidates
[pass 1] 13: 950000 docs, 98173 candidates
[pass 1] 13: 954000 docs, 98608 candidates
[pass 1] 13: 962000 docs, 99433 candidates
[pass 1] 13: 965000 docs, 99740 candidates
[pass 1] 13: 966000 docs, 99832 candidates
[pass 1] 13: 967000 docs, 99938 candidates
[pass 1] 13: 974000 docs, 100697 candidates
[pass 1] 13: 991000 docs, 102459 candidates
[pass 1] 13: 994000 docs, 102776 candidates
[pass 1] 13: 1023000 docs, 105736 candidates
[pass 1] 13: 1033000 docs, 106734 candidates
[pass 1] 13: 1041000 docs, 107624 candidates
[pass 1] 13: 1072000 docs, 110743 candidates
[pass 1] 13: 1076000 docs, 111168 candidates
[pass 1] 13: 1087000 docs, 112313 candidates
[pass 1] 13: 1092000 docs, 112844 candidates
[pass 1] 13: 1097000 docs, 113356 candidates
[pass 1] 13: 1100000 docs, 113690 candidates
[pass 1] 13: 1105000 docs, 114155 candidates
[pass 1] 13: 1112000 docs, 114831 candidates
[pass 1] 13: 1117000 docs, 115321 candidates
[pass 1] 13: 1131000 docs, 116772 candidates
[pass 1] 13: 1154000 docs, 119181 candidates
[pass 1] 13: 1161000 docs, 119898 candidates
[pass 1] 13: 1173000 docs, 121208 candidates
[pass 1] 13: 1194000 docs, 123428 candidates
[pass 1] 13: 1204000 docs, 124505 candidates
[pass 1] 13: 1215000 docs, 125614 candidates
[pass 1] 13: 1217000 docs, 125814 candidates
[pass 1] 13: 1218000 docs, 125921 candidates
[pass 1] 13: 1227000 docs, 126825 candidates
[pass 1] 13: 1239000 docs, 128062 candidates
[pass 1] 13: 1244000 docs, 128603 candidates
[pass 1] 13: 1253000 docs, 129506 candidates
[pass 1] 13: 1264000 docs, 130627 candidates
[pass 1] 13: 1266000 docs, 130836 candidates
[pass 1] 13: 1268000 docs, 131042 candidates
[pass 1] 13: 1286000 docs, 132958 candidates
[pass 1] 13: 1287000 docs, 133051 candidates
[pass 1] 13: 1288000 docs, 133145 candidates
[pass 1] 13: 1299000 docs, 134256 candidates
[pass 1] 13: 1307000 docs, 135055 candidates
[pass 1] 13: 1322000 docs, 136568 candidates
[pass 1] 13: 1349000 docs, 139339 candidates
[pass 1] 13: 1368000 docs, 141273 candidates
[pass 1] 13: 1375000 docs, 141995 candidates
[pass 1] 13: 1379000 docs, 142407 candidates
[pass 1] 13: 1380000 docs, 142508 candidates
[pass 1] 13: 1381000 docs, 142606 candidates
[pass 1] 13: 1394000 docs, 143923 candidates
[pass 1] 13: 1423000 docs, 146898 candidates
[pass 1] 13: 1426000 docs, 147246 candidates
[pass 1] 13: 1438000 docs, 148514 candidates
[pass 1] 13: 1471000 docs, 151873 candidates
[pass 1] 13: 1474000 docs, 152179 candidates
[pass 1] 13: 1481000 docs, 152880 candidates
[pass 1] 13: 1492000 docs, 153991 candidates
[pass 1] 13: 1497000 docs, 154500 candidates
[pass 1] 13: 1504000 docs, 155250 candidates
[pass 1] 13: 1511000 docs, 155980 candidates
[pass 1] 13: 1516000 docs, 156530 candidates
[pass 1] 13: 1521000 docs, 157009 candidates
[pass 1] 13: 1529000 docs, 157848 candidates
[pass 1] 13: 1534000 docs, 158419 candidates
[pass 1] 13: 1539000 docs, 158897 candidates
[pass 1] 13: 1550000 docs, 160017 candidates
[pass 1] 13: 1551000 docs, 160126 candidates
[pass 1] 13: 1559000 docs, 160971 candidates
[pass 1] 13: 1563000 docs, 161396 candidates
[pass 1] 13: 1567000 docs, 161789 candidates
[pass 1] 13: 1572000 docs, 162332 candidates
[pass 1] 13: 1575000 docs, 162649 candidates
[pass 1] 13: 1577000 docs, 162833 candidates
[pass 1] 13: 1579000 docs, 163050 candidates
[pass 1] 13: 1581000 docs, 163247 candidates
[pass 1] 13: 1598000 docs, 165097 candidates
[pass 1] 13: 1606000 docs, 165927 candidates
[pass 1] 13: 1615000 docs, 166837 candidates
[pass 1] 13: 1623000 docs, 167623 candidates
[pass 1] 13: 1640000 docs, 169398 candidates
[pass 1] 13: 1649000 docs, 170328 candidates
[pass 1] 13: 1658000 docs, 171234 candidates
[pass 1] 13: 1673000 docs, 172769 candidates
[pass 1] 13: 1700000 docs, 175555 candidates
[pass 1] 13: 1703000 docs, 175878 candidates
[pass 1] 13: 1708000 docs, 176398 candidates
[pass 1] 13: 1720000 docs, 177641 candidates
[pass 1] 13: 1721000 docs, 177761 candidates
[pass 1] 13: 1725000 docs, 178196 candidates
[pass 1] 13: 1732000 docs, 178878 candidates
[pass 1] 13: 1736000 docs, 179303 candidates
[pass 1] 13: 1744000 docs, 180119 candidates
[pass 1] 13: 1751000 docs, 180830 candidates
[pass 1] 13: 1753000 docs, 181048 candidates
[pass 1] 13: 1758000 docs, 181552 candidates
[pass 1] 13: 1763000 docs, 182037 candidates
[pass 1] 13: 1764000 docs, 182155 candidates
[pass 1] 13: 1765000 docs, 182255 candidates
[pass 1] 13: 1780000 docs, 183804 candidates
[pass 1] 13: 1781000 docs, 183914 candidates
[pass 1] 13: 1783000 docs, 184123 candidates
[pass 1] 13: 1784000 docs, 184227 candidates
[pass 1] 13: 1797000 docs, 185556 candidates
[pass 1] 13: 1803000 docs, 186174 candidates
[pass 1] 13: 1807000 docs, 186608 candidates
[pass 1] 13: 1814000 docs, 187334 candidates
[pass 1] 13: 1818000 docs, 187747 candidates
[pass 1] 13: 1823000 docs, 188274 candidates
[pass 1] 13: 1851000 docs, 191204 candidates
[pass 1] 13: 1853000 docs, 191406 candidates
[pass 1] 13: 1862000 docs, 192312 candidates
[pass 1] 13: 1895000 docs, 195753 candidates
[pass 1] 13: 1897000 docs, 195955 candidates
[pass 1] 13: 1932000 docs, 199533 candidates
[pass 1] 13: 1943000 docs, 200630 candidates
[pass 1] 13: 1947000 docs, 201086 candidates
[pass 1] 13: 1952000 docs, 201612 candidates
[pass 1] 13: 1955000 docs, 201926 candidates
[pass 1] 13: 1961000 docs, 202551 candidates
[pass 1] 13: 1967000 docs, 203196 candidates
[pass 1] 13: 1976000 docs, 204107 candidates
[pass 1] 13: 1983000 docs, 204835 candidates
[pass 1] 13: 1992000 docs, 205766 candidates
[pass 1] 13: 2000000 docs, 206626 candidates
[pass 1] 13: 2001000 docs, 206719 candidates
[pass 1] 13: 2010000 docs, 207683 candidates
[pass 1] 13: 2016000 docs, 208305 candidates
[pass 1] 13: 2025000 docs, 209241 candidates
[pass 1] 13: 2030000 docs, 209751 candidates
[pass 1] 13: 2031000 docs, 209848 candidates
[pass 1] 13: 2033000 docs, 210046 candidates
[pass 1] 13: 2039000 docs, 210701 candidates
[pass 1] 13: 2054000 docs, 212311 candidates
[pass 1] 13: 2060000 docs, 212912 candidates
[pass 1] 13: 2061000 docs, 212999 candidates
[pass 1] 13: 2068000 docs, 213687 candidates
[pass 1] 13: 2085000 docs, 215463 candidates
[pass 1] 13: 2117000 docs, 218836 candidates
[pass 1] 13: 2126000 docs, 219771 candidates
[pass 1] 13: 2133000 docs, 220506 candidates
[pass 1] 13: 2136000 docs, 220816 candidates
[pass 1] 13: 2149000 docs, 222214 candidates
[pass 1] 13: 2157000 docs, 223022 candidates
[pass 1] 13: 2160000 docs, 223300 candidates
[pass 1] 13: 2174000 docs, 224702 candidates
[pass 1] 13: 2176000 docs, 224893 candidates
[pass 1] 13: 2200000 docs, 227323 candidates
[pass 1] 13: 2213000 docs, 228660 candidates
[pass 1] 13: 2216000 docs, 228975 candidates
[pass 1] 13: 2217000 docs, 229078 candidates
[pass 1] 13: 2221000 docs, 229475 candidates
[pass 1] 13: 2231000 docs, 230517 candidates
[pass 1] 13: 2238000 docs, 231265 candidates
[pass 1] 13: 2242000 docs, 231668 candidates
[pass 1] 13: 2247000 docs, 232126 candidates
[pass 1] 13: 2267000 docs, 234151 candidates
[pass 1] 13: 2273000 docs, 234754 candidates
[pass 1] 13: 2284000 docs, 235873 candidates
[pass 1] 13: 2285000 docs, 235964 candidates
[pass 1] 13: 2293000 docs, 236772 candidates
[pass 1] 13: 2300000 docs, 237516 candidates
[pass 1] 13: 2305000 docs, 238048 candidates
[pass 1] 13: 2308000 docs, 238354 candidates
[pass 1] 13: 2312000 docs, 238751 candidates
[pass 1] 13: 2315000 docs, 239082 candidates
[pass 1] 13: 2316000 docs, 239177 candidates
[pass 1] 13: 2321000 docs, 239666 candidates
[pass 1] 13: 2325000 docs, 240083 candidates
[pass 1] 13: 2343000 docs, 242002 candidates
[pass 1] 13: 2352000 docs, 242935 candidates
[pass 1] 13: 2353000 docs, 243044 candidates
[pass 1] 13: 2363000 docs, 244125 candidates
[pass 1] 13: 2370000 docs, 244810 candidates
[pass 1] 13: 2385000 docs, 246363 candidates
[pass 1] 13: 2390000 docs, 246868 candidates
[pass 1] 13: 2392000 docs, 247071 candidates
[pass 1] 13: 2397000 docs, 247582 candidates
[pass 1] 13: 2399000 docs, 247777 candidates
[pass 1] 13: 2404000 docs, 248327 candidates
[pass 1] 13: 2408000 docs, 248769 candidates
[pass 1] 13: 2411000 docs, 249071 candidates
[pass 1] 13: 2413000 docs, 249281 candidates
[pass 1] 13: 2416000 docs, 249614 candidates
[pass 1] 13: 2418000 docs, 249830 candidates
[pass 1] 13: 2426000 docs, 250657 candidates
[pass 1] 13: 2429000 docs, 250957 candidates
[pass 1] 13: 2433000 docs, 251386 candidates
[pass 1] 13: 2435000 docs, 251605 candidates
[pass 1] 13: 2445000 docs, 252668 candidates
[pass 1] 13: 2457000 docs, 253871 candidates
[pass 1] 13: 2469000 docs, 255108 candidates
[pass 1] 13: 2479000 docs, 256143 candidates
[pass 1] 13: 2480000 docs, 256247 candidates
[pass 1] 13: 2487000 docs, 256995 candidates
[pass 1] 13: 2498000 docs, 258113 candidates
[pass 1] 13: 2500000 docs, 258319 candidates
[pass 1] 13: 2538000 docs, 262376 candidates
[pass 1] 13: 2545000 docs, 263096 candidates
[pass 1] 13: 2562000 docs, 264798 candidates
[pass 1] 13: 2585000 docs, 267161 candidates
[pass 1] 13: 2596000 docs, 268315 candidates
[pass 1] 13: 2600000 docs, 268704 candidates
[pass 1] 13: 2624000 docs, 271122 candidates
[pass 1] 13: 2634000 docs, 272141 candidates
[pass 1] 13: 2640000 docs, 272759 candidates
[pass 1] 13: 2649000 docs, 273655 candidates
[pass 1] 13: 2653000 docs, 274097 candidates
[pass 1] 13: 2659000 docs, 274711 candidates
[pass 1] 13: 2670000 docs, 275843 candidates
[pass 1] 13: 2672000 docs, 276060 candidates
[pass 1] 13: 2678000 docs, 276648 candidates
[pass 1] 13: 2680000 docs, 276864 candidates
[pass 1] 13: 2721000 docs, 281106 candidates
[pass 1] 13: 2724000 docs, 281436 candidates
[pass 1] 13: 2726000 docs, 281642 candidates
[pass 1] 13: 2736000 docs, 282675 candidates
[pass 1] 13: 2737000 docs, 282748 candidates
[pass 1] 13: 2750000 docs, 284039 candidates
[pass 1] 13: 2765000 docs, 285561 candidates
[pass 1] 13: 2792000 docs, 288353 candidates
[pass 1] 13: 2810000 docs, 290261 candidates
[pass 1] 13: 2826000 docs, 291935 candidates
[pass 1] 13: 2829000 docs, 292261 candidates
[pass 1] 13: 2832000 docs, 292577 candidates
[pass 1] 13: 2849000 docs, 294283 candidates
[pass 1] 13: 2851000 docs, 294470 candidates
[pass 1] 13: 2853000 docs, 294697 candidates
[pass 1] 13: 2855000 docs, 294885 candidates
[pass 1] 13: 2890000 docs, 298459 candidates
[pass 1] 13: 2892000 docs, 298664 candidates
[pass 1] 13: 2907000 docs, 300210 candidates
[pass 1] 13: 2920000 docs, 301568 candidates
[pass 1] 13: 2923000 docs, 301877 candidates
[pass 1] 13: 2928000 docs, 302405 candidates
[pass 1] 13: 2933000 docs, 302923 candidates
[pass 1] 13: 2945000 docs, 304169 candidates
[pass 1] 13: 2958000 docs, 305529 candidates
[pass 1] 13: 2966000 docs, 306347 candidates
[pass 1] 13: 2977000 docs, 307507 candidates
[pass 1] 13: 2982000 docs, 308039 candidates
[pass 1] 13: 2986000 docs, 308435 candidates
[pass 1] 13: 2992000 docs, 309050 candidates
[pass 1] 13: 3005000 docs, 310370 candidates
[pass 1] 13: 3014000 docs, 311255 candidates
[pass 1] 13: 3018000 docs, 311673 candidates
[pass 1] 13: 3022000 docs, 312096 candidates
[pass 1] 13: 3042000 docs, 314159 candidates
[pass 1] 13: 3055000 docs, 315509 candidates
[pass 1] 13: 3060000 docs, 316015 candidates
[pass 1] 13: 3066000 docs, 316648 candidates
[pass 1] 13: 3071000 docs, 317149 candidates
[pass 1] 13: 3100000 docs, 320150 candidates
[pass 1] 13: 3116000 docs, 321815 candidates
[pass 1] 13: 3119000 docs, 322105 candidates
[pass 1] 13: 3127000 docs, 322994 candidates
[pass 1] 13: 3128000 docs, 323093 candidates
[pass 1] 13: 3129000 docs, 323200 candidates
[pass 1] 13: 3130000 docs, 323286 candidates
[pass 1] 13: 3149000 docs, 325217 candidates
[pass 1] 13: 3150000 docs, 325320 candidates
[pass 1] 13: 3152000 docs, 325553 candidates
[pass 1] 13: 3159000 docs, 326294 candidates
[pass 1] 13: 3165000 docs, 326879 candidates
[pass 1] 13: 3187000 docs, 329188 candidates
[pass 1] 13: 3189000 docs, 329377 candidates
[pass 1] 13: 3199000 docs, 330399 candidates
[pass 1] 13: 3218000 docs, 332344 candidates
[pass 1] 13: 3234000 docs, 334012 candidates
[pass 1] 13: 3240000 docs, 334621 candidates
[pass 1] 13: 3243000 docs, 334940 candidates
[pass 1] 13: 3260000 docs, 336644 candidates
[pass 1] 13: 3273000 docs, 337981 candidates
[pass 1] 13: 3287000 docs, 339476 candidates
[pass 1] 13: 3307000 docs, 341538 candidates
[pass 1] 13: 3309000 docs, 341760 candidates
[pass 1] 13: 3312000 docs, 342060 candidates
[pass 1] 13: 3314000 docs, 342287 candidates
[pass 1] 13: 3325000 docs, 343415 candidates
[pass 1] 13: 3329000 docs, 343819 candidates
[pass 1] 13: 3339000 docs, 344873 candidates
[pass 1] 13: 3350000 docs, 346047 candidates
[pass 1] 13: 3352000 docs, 346275 candidates
[pass 1] 13: 3363000 docs, 347401 candidates
[pass 1] 13: 3398000 docs, 351002 candidates
[pass 1] 13: 3409000 docs, 352084 candidates
[pass 1] 13: 3445000 docs, 355793 candidates
[pass 1] 13: 3454000 docs, 356722 candidates
[pass 1] 13: 3460000 docs, 357366 candidates
[pass 1] 13: 3471000 docs, 358526 candidates
[pass 1] 13: 3491000 docs, 360608 candidates
[pass 1] 13: 3507000 docs, 362282 candidates
[pass 1] 13: 3527000 docs, 364352 candidates
[pass 1] 13: 3535000 docs, 365163 candidates
[pass 1] 13: 3539000 docs, 365575 candidates
[pass 1] 13: 3561000 docs, 367902 candidates
[pass 1] 13: 3565000 docs, 368320 candidates
[pass 1] 13: 3567000 docs, 368562 candidates
[pass 1] 13: 3586000 docs, 370464 candidates
[pass 1] 13: 3606000 docs, 372554 candidates
[pass 1] 13: 3618000 docs, 373790 candidates
[pass 1] 13: 3650000 docs, 377140 candidates
[pass 1] 13: 3651000 docs, 377239 candidates
[pass 1] 13: 3660000 docs, 378155 candidates
[pass 1] 13: 3676000 docs, 379812 candidates
[pass 1] 13: 3701000 docs, 382404 candidates
[pass 1] 13: 3718000 docs, 384145 candidates
[pass 1] 13: 3722000 docs, 384552 candidates
[pass 1] 13: 3748000 docs, 387280 candidates
[pass 1] 13: 3753000 docs, 387815 candidates
[pass 1] 13: 3754000 docs, 387935 candidates
[pass 1] 13: 3784000 docs, 391042 candidates
[pass 1] 13: 3791000 docs, 391764 candidates
[pass 1] 13: 3801000 docs, 392877 candidates
[pass 1] 13: 3803000 docs, 393069 candidates
[pass 1] 13: 3808000 docs, 393615 candidates
[pass 1] 13: 3812000 docs, 394067 candidates
[pass 1] 13: 3830000 docs, 395804 candidates
[pass 1] 13: 3832000 docs, 395996 candidates
[pass 1] 13: 3841000 docs, 396898 candidates
[pass 1] 13: 3854000 docs, 398196 candidates
[pass 1] 13: 3863000 docs, 399113 candidates
[pass 1] 13: 3867000 docs, 399516 candidates
[pass 1] 13: 3871000 docs, 399954 candidates
[pass 1] 13: 3872000 docs, 400061 candidates
[pass 1] 13: 3873000 docs, 400161 candidates
[pass 1] 13: 3902000 docs, 403144 candidates
[pass 1] 13: 3904000 docs, 403339 candidates
[pass 1] 13: 3905000 docs, 403451 candidates
[pass 1] 13: 3908000 docs, 403806 candidates
[pass 1] 13: 3924000 docs, 405494 candidates
[pass 1] 13: 3951000 docs, 408185 candidates
[pass 1] 13: 3952000 docs, 408285 candidates
[pass 1] 13: 3960000 docs, 409102 candidates
[pass 1] 13: 3965000 docs, 409620 candidates
[pass 1] 13: 3967000 docs, 409829 candidates
[pass 1] 13: 4002000 docs, 413409 candidates
[pass 1] 13: 4023000 docs, 415530 candidates
[pass 1] 13: 4032000 docs, 416515 candidates
[pass 1] 13: 4056000 docs, 418984 candidates
[pass 1] 13: 4060000 docs, 419412 candidates
[pass 1] 13: 4065000 docs, 419927 candidates
[pass 1] 13: 4076000 docs, 421061 candidates
[pass 1] 13: 4077000 docs, 421176 candidates
[pass 1] 13: 4093000 docs, 422830 candidates
[pass 1] 13: 4114000 docs, 424982 candidates
[pass 1] 13: 4126000 docs, 426162 candidates
[pass 1] 13: 4127000 docs, 426258 candidates
[pass 1] 13: 4139000 docs, 427484 candidates
[pass 1] 13: 4152000 docs, 428847 candidates
[pass 1] 13: 4164000 docs, 430098 candidates
[pass 1] 13: 4181000 docs, 431795 candidates
[pass 1] 13: 4185000 docs, 432191 candidates
[pass 1] 13: 4214000 docs, 435198 candidates
[pass 1] 13: 4215000 docs, 435300 candidates
[pass 1] 13: 4216000 docs, 435397 candidates
[pass 1] 13: 4224000 docs, 436243 candidates
[pass 1] 13: 4227000 docs, 436559 candidates
[pass 1] 13: 4228000 docs, 436650 candidates
[pass 1] 13: 4231000 docs, 436983 candidates
[pass 1] 13: 4238000 docs, 437722 candidates
[pass 1] 13: 4244000 docs, 438320 candidates
[pass 1] 13: 4247000 docs, 438617 candidates
[pass 1] 13: 4263000 docs, 440230 candidates
[pass 1] 13: 4264000 docs, 440324 candidates
[pass 1] 13: 4268000 docs, 440745 candidates
[pass 1] 13: 4276000 docs, 441586 candidates
[pass 1] 13: 4278000 docs, 441795 candidates
[pass 1] 13: 4280000 docs, 441988 candidates
[pass 1] 13: 4284000 docs, 442416 candidates
[pass 1] 13: 4297000 docs, 443768 candidates
[pass 1] 13: 4298000 docs, 443872 candidates
[pass 1] 13: 4316000 docs, 445664 candidates
[pass 1] 13: 4330000 docs, 447094 candidates
[pass 1] 13: 4331000 docs, 447199 candidates
[pass 1] 13: 4349000 docs, 449089 candidates
[pass 1] 13: 4368000 docs, 451058 candidates
[pass 1] 13: 4389000 docs, 453224 candidates
[pass 1] 13: 4414000 docs, 455810 candidates
[pass 1] 13: 4416000 docs, 456014 candidates
[pass 1] 13: 4417000 docs, 456117 candidates
[pass 1] 13: 4418000 docs, 456208 candidates
[pass 1] 13: 4419000 docs, 456332 candidates
[pass 1] 13: 4423000 docs, 456767 candidates
[pass 1] 13: 4431000 docs, 457617 candidates
[pass 1] 13: 4436000 docs, 458167 candidates
[pass 1] 13: 4447000 docs, 459290 candidates
[pass 1] 13: 4525000 docs, 467379 candidates
[pass 1] 13: 4530000 docs, 467885 candidates
[pass 1] 13: 4532000 docs, 468097 candidates
[pass 1] 13: 4536000 docs, 468520 candidates
[pass 1] 13: 4537000 docs, 468623 candidates
[pass 1] 13: 4546000 docs, 469521 candidates
[pass 1] 13: 4559000 docs, 470906 candidates
[pass 1] 13: 4563000 docs, 471315 candidates
[pass 1] 13: 4569000 docs, 471944 candidates
[pass 1] 13: 4606000 docs, 475769 candidates
[pass 1] 13: 4618000 docs, 477014 candidates
[pass 1] 13: 4636000 docs, 478863 candidates
[pass 1] 13: 4640000 docs, 479266 candidates
[pass 1] 13: 4649000 docs, 480217 candidates
[pass 1] 13: 4662000 docs, 481521 candidates
[pass 1] 13: 4667000 docs, 482015 candidates
[pass 1] 13: 4668000 docs, 482111 candidates
[pass 1] 13: 4676000 docs, 482922 candidates
[pass 1] 13: 4698000 docs, 485122 candidates
[pass 1] 13: 4706000 docs, 485928 candidates
[pass 1] 13: 4707000 docs, 486031 candidates
[pass 1] 13: 4718000 docs, 487150 candidates
[pass 1] 13: 4722000 docs, 487581 candidates
[pass 1] 13: 4730000 docs, 488429 candidates
[pass 1] 13: 4751000 docs, 490556 candidates
[pass 1] 13: 4756000 docs, 491046 candidates
[pass 1] 13: 4761000 docs, 491541 candidates
[pass 1] 13: 4763000 docs, 491748 candidates
[pass 1] 13: 4764000 docs, 491848 candidates
[pass 1] 13: 4796000 docs, 495100 candidates
[pass 1] 13: 4800000 docs, 495485 candidates
[pass 1] 13: 4814000 docs, 496858 candidates
[pass 1] 13: 4839000 docs, 499457 candidates
[pass 1] 13: 4848000 docs, 500360 candidates
[pass 1] 13: 4859000 docs, 501487 candidates
[pass 1] 13: 4878000 docs, 503380 candidates
[pass 1] 13: 4899000 docs, 505582 candidates
[pass 1] 13: 4906000 docs, 506332 candidates
[pass 1] 13: 4912000 docs, 506994 candidates
[pass 1] 13: 4916000 docs, 507407 candidates
[pass 1] 13: 4925000 docs, 508353 candidates
[pass 1] 13: 4949000 docs, 510761 candidates
[pass 1] 13: 4953000 docs, 511181 candidates
[pass 1] 13: 4955000 docs, 511384 candidates
[pass 1] 13: 4961000 docs, 511989 candidates
[pass 1] 13: 4975000 docs, 513472 candidates
[pass 1] 13: 4999000 docs, 515902 candidates
[pass 1] 13: 5005000 docs, 516517 candidates
[pass 1] 13: 5045000 docs, 520592 candidates
[pass 1] 13: 5068000 docs, 522947 candidates
[pass 1] 13: 5071000 docs, 523260 candidates
[pass 1] 13: 5072000 docs, 523367 candidates
[pass 1] 13: 5073000 docs, 523487 candidates
[pass 1] 13: 5077000 docs, 523891 candidates
[pass 1] 13: 5098000 docs, 526046 candidates
[pass 1] 13: 5106000 docs, 526887 candidates
[pass 1] 13: 5110000 docs, 527331 candidates
[pass 1] 13: 5114000 docs, 527744 candidates
[pass 1] 13: 5118000 docs, 528183 candidates
[pass 1] 13: 5119000 docs, 528290 candidates
[pass 1] 13: 5125000 docs, 528947 candidates
[pass 1] 13: 5156000 docs, 532106 candidates
[pass 1] 13: 5172000 docs, 533790 candidates
[pass 1] 13: 5189000 docs, 535540 candidates
[pass 1] 13: 5204000 docs, 537090 candidates
[pass 1] 13: 5212000 docs, 537887 candidates
[pass 1] 13: 5213000 docs, 537994 candidates
[pass 1] 13: 5216000 docs, 538283 candidates
[pass 1] 13: 5250000 docs, 541677 candidates
[pass 1] 13: 5252000 docs, 541882 candidates
[pass 1] 13: 5268000 docs, 543607 candidates
[pass 1] 13: 5269000 docs, 543697 candidates
[pass 1] 13: 5275000 docs, 544275 candidates
[pass 1] 13: 5277000 docs, 544501 candidates
[pass 1] 13: 5287000 docs, 545590 candidates
[pass 1] 13: 5300000 docs, 546923 candidates
[pass 1] 13: 5320000 docs, 548930 candidates
[pass 1] 13: 5333000 docs, 550286 candidates
[pass 1] 13: 5337000 docs, 550681 candidates
[pass 1] 13: 5350000 docs, 552043 candidates
[pass 1] 13: 5362000 docs, 553288 candidates
[pass 1] 13: 5365000 docs, 553579 candidates
[pass 1] 13: 5370000 docs, 554137 candidates
[pass 1] 13: 5375000 docs, 554628 candidates
[pass 1] 13: 5392000 docs, 556430 candidates
[pass 1] 13: 5395000 docs, 556719 candidates
[pass 1] 13: 5397000 docs, 556917 candidates
[pass 1] 13: 5398000 docs, 557022 candidates
[pass 1] 13: 5405000 docs, 557681 candidates
[pass 1] 13: 5418000 docs, 559001 candidates
[pass 1] 13: 5447000 docs, 562023 candidates
[pass 1] 13: 5448000 docs, 562126 candidates
[pass 1] 13: 5449000 docs, 562242 candidates
[pass 1] 13: 5459000 docs, 563301 candidates
[pass 1] 13: 5478000 docs, 565291 candidates
[pass 1] 13: 5479000 docs, 565408 candidates
[pass 1] 13: 5484000 docs, 565924 candidates
[pass 1] 13: 5507000 docs, 568353 candidates
[pass 1] 13: 5514000 docs, 569026 candidates
[pass 1] 13: 5532000 docs, 570924 candidates
[pass 1] 13: 5538000 docs, 571538 candidates
[pass 1] 13: 5551000 docs, 572879 candidates
[pass 1] 13: 5567000 docs, 574511 candidates
[pass 1] 13: 5568000 docs, 574616 candidates
[pass 1] 13: 5587000 docs, 576613 candidates
[pass 1] 13: 5590000 docs, 576926 candidates
[pass 1] 13: 5591000 docs, 577017 candidates
[pass 1] 13: 5605000 docs, 578426 candidates
[pass 1] 13: 5607000 docs, 578633 candidates
[pass 1] 13: 5627000 docs, 580675 candidates
[pass 1] 13: 5629000 docs, 580911 candidates
[pass 1] 13: 5631000 docs, 581104 candidates
[pass 1] 13: 5638000 docs, 581808 candidates
[pass 1] 13: 5640000 docs, 582014 candidates
[pass 1] 13: 5660000 docs, 584105 candidates
[pass 1] 13: 5667000 docs, 584879 candidates
[pass 1] 13: 5674000 docs, 585634 candidates
[pass 1] 13: 5678000 docs, 586039 candidates
[pass 1] 13: 5682000 docs, 586459 candidates
[pass 1] 13: 5690000 docs, 587290 candidates
[pass 1] 13: 5694000 docs, 587675 candidates
[pass 1] 13: 5695000 docs, 587780 candidates
[pass 1] 13: 5699000 docs, 588175 candidates
[pass 1] 13: 5702000 docs, 588484 candidates
[pass 1] 13: 5706000 docs, 588887 candidates
[pass 1] 13: 5731000 docs, 591423 candidates
[pass 1] 13: 5732000 docs, 591516 candidates
[pass 1] 13: 5736000 docs, 591922 candidates
[pass 1] 13: 5739000 docs, 592254 candidates
[pass 1] 13: 5742000 docs, 592534 candidates
[pass 1] 13: 5745000 docs, 592833 candidates
[pass 1] 13: 5761000 docs, 594510 candidates
[pass 1] 13: 5786000 docs, 597120 candidates
[pass 1] 13: 5792000 docs, 597758 candidates
[pass 1] 13: 5802000 docs, 598794 candidates
[pass 1] 13: 5825000 docs, 601159 candidates
[pass 1] 13: 5835000 docs, 602183 candidates
[pass 1] 13: 5863000 docs, 605083 candidates
[pass 1] 13: 5873000 docs, 606103 candidates
[pass 1] 13: 5885000 docs, 607338 candidates
[pass 1] 13: 5891000 docs, 607948 candidates
[pass 1] 13: 5897000 docs, 608571 candidates
[pass 1] done: 0 docs, 0 new records, yield=0.0/10K, 15958207ms
[pipeline] Flushed 10000 buffered records to store
[pipeline] Exported 0 paired records to /mnt/zfs-host/backup/projects/observer-vault/01-Projects/dataset-processor/output/paired-output.jsonl

[orchestrate] Pipeline max-passes
[orchestrate] Passes: 1, Total verb-records: 10000
  Pass 1: 0 docs, 608647 Tier-A, 0 Tier-B, 0 Tier-C, 0 records, yield=0.0/10K
