[orchestrate] Found 1 shard files
[pass 1] 26: 33000 docs, 3380 candidates
[pass 1] 26: 41000 docs, 4218 candidates
[pass 1] 26: 42000 docs, 4309 candidates
[pass 1] 26: 48000 docs, 4937 candidates
[pass 1] 26: 49000 docs, 5037 candidates
[pass 1] 26: 62000 docs, 6407 candidates
[pass 1] 26: 67000 docs, 6897 candidates
[pass 1] 26: 75000 docs, 7693 candidates
[pass 1] 26: 85000 docs, 8726 candidates
[pass 1] 26: 91000 docs, 9315 candidates
[pass 1] 26: 94000 docs, 9637 candidates
[pass 1] 26: 110000 docs, 11327 candidates
[pass 1] 26: 114000 docs, 11720 candidates
[pass 1] 26: 129000 docs, 13340 candidates
[pass 1] 26: 163000 docs, 16827 candidates
[pass 1] 26: 174000 docs, 17933 candidates
[pass 1] 26: 179000 docs, 18446 candidates
[pass 1] 26: 185000 docs, 19068 candidates
[pass 1] 26: 198000 docs, 20417 candidates
[pass 1] 26: 219000 docs, 22572 candidates
[pass 1] 26: 225000 docs, 23169 candidates
[pass 1] 26: 241000 docs, 24833 candidates
[pass 1] 26: 249000 docs, 25690 candidates
[pass 1] 26: 277000 docs, 28439 candidates
[pass 1] 26: 278000 docs, 28547 candidates
[pass 1] 26: 283000 docs, 29075 candidates
[pass 1] 26: 294000 docs, 30222 candidates
[pass 1] 26: 301000 docs, 30915 candidates
[pass 1] 26: 306000 docs, 31437 candidates
[pass 1] 26: 307000 docs, 31542 candidates
[pass 1] 26: 310000 docs, 31840 candidates
[pass 1] 26: 342000 docs, 35118 candidates
[pass 1] 26: 349000 docs, 35805 candidates
[pass 1] 26: 354000 docs, 36334 candidates
[pass 1] 26: 360000 docs, 36921 candidates
[pass 1] 26: 366000 docs, 37538 candidates
[pass 1] 26: 407000 docs, 41725 candidates
[pass 1] 26: 415000 docs, 42570 candidates
[pass 1] 26: 416000 docs, 42670 candidates
[pass 1] 26: 420000 docs, 43073 candidates
[pass 1] 26: 458000 docs, 46912 candidates
[pass 1] 26: 469000 docs, 48082 candidates
[pass 1] 26: 473000 docs, 48490 candidates
[pass 1] 26: 475000 docs, 48703 candidates
[pass 1] 26: 481000 docs, 49339 candidates
[pass 1] 26: 488000 docs, 50058 candidates
[pass 1] 26: 499000 docs, 51217 candidates
[pass 1] 26: 501000 docs, 51423 candidates
[pass 1] 26: 503000 docs, 51610 candidates
[pass 1] 26: 519000 docs, 53185 candidates
[pass 1] 26: 525000 docs, 53780 candidates
[pass 1] 26: 545000 docs, 55768 candidates
[pass 1] 26: 555000 docs, 56804 candidates
[pass 1] 26: 565000 docs, 57808 candidates
[pass 1] 26: 568000 docs, 58102 candidates
[pass 1] 26: 586000 docs, 59961 candidates
[pass 1] 26: 588000 docs, 60153 candidates
[pass 1] 26: 590000 docs, 60373 candidates
[pass 1] 26: 594000 docs, 60761 candidates
[pass 1] 26: 607000 docs, 62140 candidates
[pass 1] 26: 621000 docs, 63549 candidates
[pass 1] 26: 642000 docs, 65669 candidates
[pass 1] 26: 647000 docs, 66195 candidates
[pass 1] 26: 664000 docs, 67917 candidates
[pass 1] 26: 676000 docs, 69118 candidates
[pass 1] 26: 679000 docs, 69415 candidates
[pass 1] 26: 680000 docs, 69510 candidates
[pass 1] 26: 695000 docs, 71022 candidates
[pass 1] 26: 707000 docs, 72212 candidates
[pass 1] 26: 739000 docs, 75495 candidates
[pass 1] 26: 741000 docs, 75703 candidates
[pass 1] 26: 742000 docs, 75812 candidates
[pass 1] 26: 745000 docs, 76093 candidates
[pass 1] 26: 749000 docs, 76517 candidates
[pass 1] 26: 757000 docs, 77307 candidates
[pass 1] 26: 760000 docs, 77597 candidates
[pass 1] 26: 769000 docs, 78518 candidates
[pass 1] 26: 778000 docs, 79472 candidates
[pass 1] 26: 779000 docs, 79581 candidates
[pass 1] 26: 782000 docs, 79899 candidates
[pass 1] 26: 791000 docs, 80810 candidates
[pass 1] 26: 813000 docs, 83075 candidates
[pass 1] 26: 815000 docs, 83305 candidates
[pass 1] 26: 818000 docs, 83641 candidates
[pass 1] 26: 826000 docs, 84444 candidates
[pass 1] 26: 827000 docs, 84558 candidates
[pass 1] 26: 829000 docs, 84755 candidates
[pass 1] 26: 835000 docs, 85361 candidates
[pass 1] 26: 836000 docs, 85463 candidates
[pass 1] 26: 869000 docs, 88882 candidates
[pass 1] 26: 887000 docs, 90728 candidates
[pass 1] 26: 902000 docs, 92205 candidates
[pass 1] 26: 927000 docs, 94806 candidates
[pass 1] 26: 929000 docs, 95003 candidates
[pass 1] 26: 933000 docs, 95434 candidates
[pass 1] 26: 940000 docs, 96171 candidates
[pass 1] 26: 943000 docs, 96489 candidates
[pass 1] 26: 960000 docs, 98287 candidates
[pass 1] 26: 964000 docs, 98705 candidates
[pass 1] 26: 969000 docs, 99174 candidates
[pass 1] 26: 983000 docs, 100582 candidates
[pass 1] 26: 1011000 docs, 103504 candidates
[pass 1] 26: 1018000 docs, 104226 candidates
[pass 1] 26: 1021000 docs, 104543 candidates
[pass 1] 26: 1031000 docs, 105591 candidates
[pass 1] 26: 1032000 docs, 105697 candidates
[pass 1] 26: 1035000 docs, 106022 candidates
[pass 1] 26: 1043000 docs, 106848 candidates
[pass 1] 26: 1065000 docs, 109142 candidates
[pass 1] 26: 1085000 docs, 111196 candidates
[pass 1] 26: 1090000 docs, 111721 candidates
[pass 1] 26: 1110000 docs, 113792 candidates
[pass 1] 26: 1115000 docs, 114316 candidates
[pass 1] 26: 1117000 docs, 114517 candidates
[pass 1] 26: 1128000 docs, 115612 candidates
[pass 1] 26: 1137000 docs, 116559 candidates
[pass 1] 26: 1140000 docs, 116853 candidates
[pass 1] 26: 1149000 docs, 117838 candidates
[pass 1] 26: 1150000 docs, 117935 candidates
[pass 1] 26: 1171000 docs, 120015 candidates
[pass 1] 26: 1176000 docs, 120486 candidates
[pass 1] 26: 1197000 docs, 122669 candidates
[pass 1] 26: 1203000 docs, 123307 candidates
[pass 1] 26: 1207000 docs, 123693 candidates
[pass 1] 26: 1220000 docs, 125008 candidates
[pass 1] 26: 1231000 docs, 126182 candidates
[pass 1] 26: 1252000 docs, 128356 candidates
[pass 1] 26: 1266000 docs, 129746 candidates
[pass 1] 26: 1270000 docs, 130164 candidates
[pass 1] 26: 1282000 docs, 131413 candidates
[pass 1] 26: 1283000 docs, 131534 candidates
[pass 1] 26: 1286000 docs, 131833 candidates
[pass 1] 26: 1292000 docs, 132421 candidates
[pass 1] 26: 1300000 docs, 133277 candidates
[pass 1] 26: 1307000 docs, 134003 candidates
[pass 1] 26: 1309000 docs, 134198 candidates
[pass 1] 26: 1310000 docs, 134307 candidates
[pass 1] 26: 1313000 docs, 134596 candidates
[pass 1] 26: 1315000 docs, 134806 candidates
[pass 1] 26: 1325000 docs, 135837 candidates
[pass 1] 26: 1329000 docs, 136269 candidates
[pass 1] 26: 1345000 docs, 137947 candidates
[pass 1] 26: 1347000 docs, 138166 candidates
[pass 1] 26: 1368000 docs, 140307 candidates
[pass 1] 26: 1396000 docs, 143184 candidates
[pass 1] 26: 1416000 docs, 145268 candidates
[pass 1] 26: 1426000 docs, 146291 candidates
[pass 1] 26: 1439000 docs, 147672 candidates
[pass 1] 26: 1449000 docs, 148788 candidates
[pass 1] 26: 1452000 docs, 149108 candidates
[pass 1] 26: 1484000 docs, 152387 candidates
[pass 1] 26: 1492000 docs, 153210 candidates
[pass 1] 26: 1493000 docs, 153315 candidates
[pass 1] 26: 1496000 docs, 153629 candidates
[pass 1] 26: 1505000 docs, 154561 candidates
[pass 1] 26: 1523000 docs, 156467 candidates
[pass 1] 26: 1525000 docs, 156695 candidates
[pass 1] 26: 1533000 docs, 157574 candidates
[pass 1] 26: 1538000 docs, 158113 candidates
[pass 1] 26: 1549000 docs, 159212 candidates
[pass 1] 26: 1567000 docs, 160999 candidates
[pass 1] 26: 1581000 docs, 162403 candidates
[pass 1] 26: 1584000 docs, 162670 candidates
[pass 1] 26: 1587000 docs, 162987 candidates
[pass 1] 26: 1606000 docs, 164936 candidates
[pass 1] 26: 1612000 docs, 165559 candidates
[pass 1] 26: 1618000 docs, 166205 candidates
[pass 1] 26: 1620000 docs, 166393 candidates
[pass 1] 26: 1622000 docs, 166584 candidates
[pass 1] 26: 1654000 docs, 169990 candidates
[pass 1] 26: 1659000 docs, 170505 candidates
[pass 1] 26: 1694000 docs, 174080 candidates
[pass 1] 26: 1701000 docs, 174779 candidates
[pass 1] 26: 1707000 docs, 175424 candidates
[pass 1] 26: 1737000 docs, 178582 candidates
[pass 1] 26: 1744000 docs, 179302 candidates
[pass 1] 26: 1747000 docs, 179619 candidates
[pass 1] 26: 1765000 docs, 181408 candidates
[pass 1] 26: 1772000 docs, 182146 candidates
[pass 1] 26: 1775000 docs, 182471 candidates
[pass 1] 26: 1784000 docs, 183385 candidates
[pass 1] 26: 1814000 docs, 186468 candidates
[pass 1] 26: 1818000 docs, 186893 candidates
[pass 1] 26: 1822000 docs, 187327 candidates
[pass 1] 26: 1835000 docs, 188615 candidates
[pass 1] 26: 1837000 docs, 188815 candidates
[pass 1] 26: 1846000 docs, 189761 candidates
[pass 1] 26: 1849000 docs, 190055 candidates
[pass 1] 26: 1855000 docs, 190660 candidates
[pass 1] 26: 1872000 docs, 192468 candidates
[pass 1] 26: 1889000 docs, 194212 candidates
[pass 1] 26: 1898000 docs, 195164 candidates
[pass 1] 26: 1906000 docs, 195980 candidates
[pass 1] 26: 1913000 docs, 196677 candidates
[pass 1] 26: 1922000 docs, 197601 candidates
[pass 1] 26: 1925000 docs, 197918 candidates
[pass 1] 26: 1930000 docs, 198469 candidates
[pass 1] 26: 1940000 docs, 199502 candidates
[pass 1] 26: 1949000 docs, 200381 candidates
[pass 1] 26: 1967000 docs, 202267 candidates
[pass 1] 26: 1971000 docs, 202676 candidates
[pass 1] 26: 1974000 docs, 202939 candidates
[pass 1] 26: 1989000 docs, 204444 candidates
[pass 1] 26: 2019000 docs, 207607 candidates
[pass 1] 26: 2041000 docs, 209900 candidates
[pass 1] 26: 2042000 docs, 209999 candidates
[pass 1] 26: 2058000 docs, 211694 candidates
[pass 1] 26: 2061000 docs, 212022 candidates
[pass 1] 26: 2064000 docs, 212334 candidates
[pass 1] 26: 2084000 docs, 214448 candidates
[pass 1] 26: 2092000 docs, 215260 candidates
[pass 1] 26: 2122000 docs, 218354 candidates
[pass 1] 26: 2123000 docs, 218456 candidates
[pass 1] 26: 2142000 docs, 220385 candidates
[pass 1] 26: 2155000 docs, 221690 candidates
[pass 1] 26: 2159000 docs, 222081 candidates
[pass 1] 26: 2176000 docs, 223827 candidates
[pass 1] 26: 2206000 docs, 226966 candidates
[pass 1] 26: 2209000 docs, 227279 candidates
[pass 1] 26: 2217000 docs, 228080 candidates
[pass 1] 26: 2219000 docs, 228282 candidates
[pass 1] 26: 2228000 docs, 229218 candidates
[pass 1] 26: 2238000 docs, 230198 candidates
[pass 1] 26: 2262000 docs, 232750 candidates
[pass 1] 26: 2263000 docs, 232859 candidates
[pass 1] 26: 2276000 docs, 234120 candidates
[pass 1] 26: 2277000 docs, 234222 candidates
[pass 1] 26: 2281000 docs, 234673 candidates
[pass 1] 26: 2285000 docs, 235065 candidates
[pass 1] 26: 2288000 docs, 235385 candidates
[pass 1] 26: 2300000 docs, 236626 candidates
[pass 1] 26: 2313000 docs, 237973 candidates
[pass 1] 26: 2319000 docs, 238585 candidates
[pass 1] 26: 2324000 docs, 239108 candidates
[pass 1] 26: 2328000 docs, 239561 candidates
[pass 1] 26: 2335000 docs, 240326 candidates
[pass 1] 26: 2343000 docs, 241167 candidates
[pass 1] 26: 2353000 docs, 242186 candidates
[pass 1] 26: 2358000 docs, 242738 candidates
[pass 1] 26: 2364000 docs, 243339 candidates
[pass 1] 26: 2371000 docs, 244071 candidates
[pass 1] 26: 2386000 docs, 245623 candidates
[pass 1] 26: 2389000 docs, 245956 candidates
[pass 1] 26: 2402000 docs, 247312 candidates
[pass 1] 26: 2403000 docs, 247415 candidates
[pass 1] 26: 2406000 docs, 247711 candidates
[pass 1] 26: 2424000 docs, 249571 candidates
[pass 1] 26: 2436000 docs, 250884 candidates
[pass 1] 26: 2456000 docs, 253000 candidates
[pass 1] 26: 2460000 docs, 253427 candidates
[pass 1] 26: 2473000 docs, 254802 candidates
[pass 1] 26: 2483000 docs, 255747 candidates
[pass 1] 26: 2498000 docs, 257276 candidates
[pass 1] 26: 2508000 docs, 258290 candidates
[pass 1] 26: 2514000 docs, 258909 candidates
[pass 1] 26: 2518000 docs, 259349 candidates
[pass 1] 26: 2522000 docs, 259758 candidates
[pass 1] 26: 2555000 docs, 263100 candidates
[pass 1] 26: 2564000 docs, 264065 candidates
[pass 1] 26: 2581000 docs, 265765 candidates
[pass 1] 26: 2590000 docs, 266659 candidates
[pass 1] 26: 2595000 docs, 267186 candidates
[pass 1] 26: 2599000 docs, 267570 candidates
[pass 1] 26: 2618000 docs, 269546 candidates
[pass 1] 26: 2641000 docs, 271855 candidates
[pass 1] 26: 2646000 docs, 272418 candidates
[pass 1] 26: 2648000 docs, 272624 candidates
[pass 1] 26: 2666000 docs, 274438 candidates
[pass 1] 26: 2670000 docs, 274845 candidates
[pass 1] 26: 2677000 docs, 275607 candidates
[pass 1] 26: 2680000 docs, 275913 candidates
[pass 1] 26: 2684000 docs, 276365 candidates
[pass 1] 26: 2705000 docs, 278565 candidates
[pass 1] 26: 2714000 docs, 279516 candidates
[pass 1] 26: 2725000 docs, 280624 candidates
[pass 1] 26: 2740000 docs, 282188 candidates
[pass 1] 26: 2741000 docs, 282287 candidates
[pass 1] 26: 2754000 docs, 283657 candidates
[pass 1] 26: 2757000 docs, 283954 candidates
[pass 1] 26: 2785000 docs, 286898 candidates
[pass 1] 26: 2813000 docs, 289783 candidates
[pass 1] 26: 2835000 docs, 292091 candidates
[pass 1] 26: 2843000 docs, 292910 candidates
[pass 1] 26: 2849000 docs, 293541 candidates
[pass 1] 26: 2859000 docs, 294578 candidates
[pass 1] 26: 2883000 docs, 297086 candidates
[pass 1] 26: 2890000 docs, 297828 candidates
[pass 1] 26: 2904000 docs, 299201 candidates
[pass 1] 26: 2925000 docs, 301375 candidates
[pass 1] 26: 2932000 docs, 302057 candidates
[pass 1] 26: 2937000 docs, 302574 candidates
[pass 1] 26: 2978000 docs, 306815 candidates
[pass 1] 26: 2984000 docs, 307450 candidates
[pass 1] 26: 2998000 docs, 308929 candidates
[pass 1] 26: 3001000 docs, 309230 candidates
[pass 1] 26: 3012000 docs, 310378 candidates
[pass 1] 26: 3024000 docs, 311581 candidates
[pass 1] 26: 3032000 docs, 312397 candidates
[pass 1] 26: 3046000 docs, 313806 candidates
[pass 1] 26: 3048000 docs, 314028 candidates
[pass 1] 26: 3056000 docs, 314871 candidates
[pass 1] 26: 3065000 docs, 315804 candidates
[pass 1] 26: 3067000 docs, 316024 candidates
[pass 1] 26: 3068000 docs, 316127 candidates
[pass 1] 26: 3078000 docs, 317191 candidates
[pass 1] 26: 3107000 docs, 320203 candidates
[pass 1] 26: 3118000 docs, 321311 candidates
[pass 1] 26: 3119000 docs, 321411 candidates
[pass 1] 26: 3150000 docs, 324558 candidates
[pass 1] 26: 3151000 docs, 324664 candidates
[pass 1] 26: 3154000 docs, 324986 candidates
[pass 1] 26: 3157000 docs, 325285 candidates
[pass 1] 26: 3161000 docs, 325730 candidates
[pass 1] 26: 3193000 docs, 328964 candidates
[pass 1] 26: 3203000 docs, 330023 candidates
[pass 1] 26: 3232000 docs, 333013 candidates
[pass 1] 26: 3235000 docs, 333356 candidates
[pass 1] 26: 3253000 docs, 335206 candidates
[pass 1] 26: 3256000 docs, 335521 candidates
[pass 1] 26: 3262000 docs, 336165 candidates
[pass 1] 26: 3265000 docs, 336467 candidates
[pass 1] 26: 3268000 docs, 336773 candidates
[pass 1] 26: 3274000 docs, 337400 candidates
[pass 1] 26: 3281000 docs, 338167 candidates
[pass 1] 26: 3282000 docs, 338264 candidates
[pass 1] 26: 3283000 docs, 338366 candidates
[pass 1] 26: 3290000 docs, 339073 candidates
[pass 1] 26: 3298000 docs, 339943 candidates
[pass 1] 26: 3305000 docs, 340680 candidates
[pass 1] 26: 3312000 docs, 341388 candidates
[pass 1] 26: 3347000 docs, 345001 candidates
[pass 1] 26: 3350000 docs, 345293 candidates
[pass 1] 26: 3352000 docs, 345505 candidates
[pass 1] 26: 3357000 docs, 346026 candidates
[pass 1] 26: 3362000 docs, 346510 candidates
[pass 1] 26: 3363000 docs, 346622 candidates
[pass 1] 26: 3366000 docs, 346954 candidates
[pass 1] 26: 3369000 docs, 347279 candidates
[pass 1] 26: 3372000 docs, 347578 candidates
[pass 1] 26: 3375000 docs, 347879 candidates
[pass 1] 26: 3406000 docs, 351011 candidates
[pass 1] 26: 3414000 docs, 351854 candidates
[pass 1] 26: 3416000 docs, 352085 candidates
[pass 1] 26: 3421000 docs, 352645 candidates
[pass 1] 26: 3434000 docs, 353929 candidates
[pass 1] 26: 3435000 docs, 354026 candidates
[pass 1] 26: 3438000 docs, 354324 candidates
[pass 1] 26: 3444000 docs, 354954 candidates
[pass 1] 26: 3446000 docs, 355157 candidates
[pass 1] 26: 3449000 docs, 355502 candidates
[pass 1] 26: 3450000 docs, 355619 candidates
[pass 1] 26: 3460000 docs, 356674 candidates
[pass 1] 26: 3461000 docs, 356785 candidates
[pass 1] 26: 3475000 docs, 358247 candidates
[pass 1] 26: 3480000 docs, 358800 candidates
[pass 1] 26: 3492000 docs, 360065 candidates
[pass 1] 26: 3495000 docs, 360388 candidates
[pass 1] 26: 3504000 docs, 361341 candidates
[pass 1] 26: 3515000 docs, 362489 candidates
[pass 1] 26: 3521000 docs, 363117 candidates
[pass 1] 26: 3522000 docs, 363232 candidates
[pass 1] 26: 3525000 docs, 363551 candidates
[pass 1] 26: 3555000 docs, 366783 candidates
[pass 1] 26: 3557000 docs, 366982 candidates
[pass 1] 26: 3572000 docs, 368570 candidates
[pass 1] 26: 3614000 docs, 372882 candidates
[pass 1] 26: 3618000 docs, 373282 candidates
[pass 1] 26: 3624000 docs, 373920 candidates
[pass 1] 26: 3626000 docs, 374118 candidates
[pass 1] 26: 3642000 docs, 375821 candidates
[pass 1] 26: 3645000 docs, 376130 candidates
[pass 1] 26: 3667000 docs, 378397 candidates
[pass 1] 26: 3671000 docs, 378811 candidates
[pass 1] 26: 3700000 docs, 381751 candidates
[pass 1] 26: 3702000 docs, 381976 candidates
[pass 1] 26: 3707000 docs, 382497 candidates
[pass 1] 26: 3712000 docs, 382997 candidates
[pass 1] 26: 3713000 docs, 383098 candidates
[pass 1] 26: 3714000 docs, 383209 candidates
[pass 1] 26: 3732000 docs, 385025 candidates
[pass 1] 26: 3733000 docs, 385111 candidates
[pass 1] 26: 3742000 docs, 386054 candidates
[pass 1] 26: 3747000 docs, 386563 candidates
[pass 1] 26: 3751000 docs, 386994 candidates
[pass 1] 26: 3761000 docs, 388011 candidates
[pass 1] 26: 3767000 docs, 388606 candidates
[pass 1] 26: 3780000 docs, 389942 candidates
[pass 1] 26: 3790000 docs, 391007 candidates
[pass 1] 26: 3796000 docs, 391584 candidates
[pass 1] 26: 3798000 docs, 391769 candidates
[pass 1] 26: 3814000 docs, 393356 candidates
[pass 1] 26: 3815000 docs, 393460 candidates
[pass 1] 26: 3827000 docs, 394691 candidates
[pass 1] 26: 3829000 docs, 394919 candidates
[pass 1] 26: 3875000 docs, 399635 candidates
[pass 1] 26: 3896000 docs, 401820 candidates
[pass 1] 26: 3908000 docs, 402994 candidates
[pass 1] 26: 3912000 docs, 403389 candidates
[pass 1] 26: 3926000 docs, 404835 candidates
[pass 1] 26: 3950000 docs, 407305 candidates
[pass 1] 26: 3955000 docs, 407831 candidates
[pass 1] 26: 3970000 docs, 409397 candidates
[pass 1] 26: 4009000 docs, 413427 candidates
[pass 1] 26: 4012000 docs, 413746 candidates
[pass 1] 26: 4016000 docs, 414147 candidates
[pass 1] 26: 4019000 docs, 414457 candidates
[pass 1] 26: 4042000 docs, 416841 candidates
[pass 1] 26: 4053000 docs, 418027 candidates
[pass 1] 26: 4067000 docs, 419558 candidates
[pass 1] 26: 4078000 docs, 420693 candidates
[pass 1] 26: 4082000 docs, 421119 candidates
[pass 1] 26: 4084000 docs, 421328 candidates
[pass 1] 26: 4104000 docs, 423357 candidates
[pass 1] 26: 4118000 docs, 424797 candidates
[pass 1] 26: 4126000 docs, 425625 candidates
[pass 1] 26: 4127000 docs, 425723 candidates
[pass 1] 26: 4133000 docs, 426359 candidates
[pass 1] 26: 4166000 docs, 429707 candidates
[pass 1] 26: 4212000 docs, 434343 candidates
[pass 1] 26: 4229000 docs, 436128 candidates
[pass 1] 26: 4236000 docs, 436879 candidates
[pass 1] 26: 4249000 docs, 438267 candidates
[pass 1] 26: 4250000 docs, 438368 candidates
[pass 1] 26: 4295000 docs, 443018 candidates
[pass 1] 26: 4304000 docs, 443939 candidates
[pass 1] 26: 4305000 docs, 444042 candidates
[pass 1] 26: 4311000 docs, 444679 candidates
[pass 1] 26: 4332000 docs, 446830 candidates
[pass 1] 26: 4335000 docs, 447169 candidates
[pass 1] 26: 4336000 docs, 447269 candidates
[pass 1] 26: 4340000 docs, 447683 candidates
[pass 1] 26: 4348000 docs, 448518 candidates
[pass 1] 26: 4354000 docs, 449165 candidates
[pass 1] 26: 4362000 docs, 450053 candidates
[pass 1] 26: 4364000 docs, 450246 candidates
[pass 1] 26: 4376000 docs, 451468 candidates
[pass 1] 26: 4382000 docs, 452092 candidates
[pass 1] 26: 4387000 docs, 452587 candidates
[pass 1] 26: 4388000 docs, 452697 candidates
[pass 1] 26: 4394000 docs, 453300 candidates
[pass 1] 26: 4395000 docs, 453407 candidates
[pass 1] 26: 4396000 docs, 453512 candidates
[pass 1] 26: 4398000 docs, 453728 candidates
[pass 1] 26: 4404000 docs, 454321 candidates
[pass 1] 26: 4424000 docs, 456405 candidates
[pass 1] 26: 4432000 docs, 457207 candidates
[pass 1] 26: 4452000 docs, 459317 candidates
[pass 1] 26: 4454000 docs, 459523 candidates
[pass 1] 26: 4457000 docs, 459843 candidates
[pass 1] 26: 4459000 docs, 460043 candidates
[pass 1] 26: 4460000 docs, 460151 candidates
[pass 1] 26: 4468000 docs, 460953 candidates
[pass 1] 26: 4470000 docs, 461165 candidates
[pass 1] 26: 4471000 docs, 461283 candidates
[pass 1] 26: 4473000 docs, 461492 candidates
[pass 1] 26: 4523000 docs, 466572 candidates
[pass 1] 26: 4538000 docs, 468121 candidates
[pass 1] 26: 4541000 docs, 468437 candidates
[pass 1] 26: 4555000 docs, 469812 candidates
[pass 1] 26: 4559000 docs, 470236 candidates
[pass 1] 26: 4571000 docs, 471501 candidates
[pass 1] 26: 4573000 docs, 471687 candidates
[pass 1] 26: 4588000 docs, 473235 candidates
[pass 1] 26: 4593000 docs, 473793 candidates
[pass 1] 26: 4599000 docs, 474389 candidates
[pass 1] 26: 4603000 docs, 474826 candidates
[pass 1] 26: 4620000 docs, 476575 candidates
[pass 1] 26: 4628000 docs, 477385 candidates
[pass 1] 26: 4639000 docs, 478497 candidates
[pass 1] 26: 4651000 docs, 479684 candidates
[pass 1] 26: 4659000 docs, 480498 candidates
[pass 1] 26: 4661000 docs, 480704 candidates
[pass 1] 26: 4663000 docs, 480904 candidates
[pass 1] 26: 4671000 docs, 481745 candidates
[pass 1] 26: 4694000 docs, 484091 candidates
[pass 1] 26: 4700000 docs, 484736 candidates
[pass 1] 26: 4701000 docs, 484842 candidates
[pass 1] 26: 4707000 docs, 485487 candidates
[pass 1] 26: 4709000 docs, 485694 candidates
[pass 1] 26: 4712000 docs, 486034 candidates
[pass 1] 26: 4720000 docs, 486860 candidates
[pass 1] 26: 4728000 docs, 487666 candidates
[pass 1] 26: 4738000 docs, 488720 candidates
[pass 1] 26: 4741000 docs, 489032 candidates
[pass 1] 26: 4756000 docs, 490539 candidates
[pass 1] 26: 4758000 docs, 490717 candidates
[pass 1] 26: 4759000 docs, 490815 candidates
[pass 1] 26: 4769000 docs, 491817 candidates
[pass 1] 26: 4773000 docs, 492218 candidates
[pass 1] 26: 4775000 docs, 492422 candidates
[pass 1] 26: 4778000 docs, 492743 candidates
[pass 1] 26: 4779000 docs, 492860 candidates
[pass 1] 26: 4795000 docs, 494513 candidates
[pass 1] 26: 4810000 docs, 496062 candidates
[pass 1] 26: 4831000 docs, 498249 candidates
[pass 1] 26: 4842000 docs, 499434 candidates
[pass 1] 26: 4845000 docs, 499742 candidates
[pass 1] 26: 4858000 docs, 501105 candidates
[pass 1] 26: 4872000 docs, 502521 candidates
[pass 1] 26: 4881000 docs, 503460 candidates
[pass 1] 26: 4883000 docs, 503638 candidates
[pass 1] 26: 4894000 docs, 504788 candidates
[pass 1] 26: 4899000 docs, 505272 candidates
[pass 1] 26: 4904000 docs, 505781 candidates
[pass 1] 26: 4909000 docs, 506280 candidates
[pass 1] 26: 4919000 docs, 507258 candidates
[pass 1] 26: 4941000 docs, 509490 candidates
[pass 1] 26: 4944000 docs, 509806 candidates
[pass 1] 26: 4945000 docs, 509905 candidates
[pass 1] 26: 4952000 docs, 510609 candidates
[pass 1] 26: 4954000 docs, 510810 candidates
[pass 1] 26: 4959000 docs, 511330 candidates
[pass 1] 26: 4968000 docs, 512243 candidates
[pass 1] 26: 4988000 docs, 514312 candidates
[pass 1] 26: 5001000 docs, 515679 candidates
[pass 1] 26: 5002000 docs, 515784 candidates
[pass 1] 26: 5010000 docs, 516626 candidates
[pass 1] 26: 5016000 docs, 517224 candidates
[pass 1] 26: 5018000 docs, 517431 candidates
[pass 1] 26: 5024000 docs, 518050 candidates
[pass 1] 26: 5026000 docs, 518268 candidates
[pass 1] 26: 5054000 docs, 521233 candidates
[pass 1] 26: 5056000 docs, 521435 candidates
[pass 1] 26: 5064000 docs, 522272 candidates
[pass 1] 26: 5065000 docs, 522390 candidates
[pass 1] 26: 5076000 docs, 523512 candidates
[pass 1] 26: 5090000 docs, 524928 candidates
[pass 1] 26: 5091000 docs, 525021 candidates
[pass 1] 26: 5095000 docs, 525426 candidates
[pass 1] 26: 5107000 docs, 526736 candidates
[pass 1] 26: 5119000 docs, 528013 candidates
[pass 1] 26: 5123000 docs, 528425 candidates
[pass 1] 26: 5134000 docs, 529549 candidates
[pass 1] 26: 5139000 docs, 530051 candidates
[pass 1] 26: 5148000 docs, 531007 candidates
[pass 1] 26: 5156000 docs, 531818 candidates
[pass 1] 26: 5170000 docs, 533319 candidates
[pass 1] 26: 5189000 docs, 535244 candidates
[pass 1] 26: 5211000 docs, 537587 candidates
[pass 1] 26: 5217000 docs, 538214 candidates
[pass 1] 26: 5219000 docs, 538425 candidates
[pass 1] 26: 5228000 docs, 539357 candidates
[pass 1] 26: 5236000 docs, 540174 candidates
[pass 1] 26: 5272000 docs, 543909 candidates
[pass 1] 26: 5291000 docs, 545862 candidates
[pass 1] 26: 5308000 docs, 547645 candidates
[pass 1] 26: 5310000 docs, 547866 candidates
[pass 1] 26: 5315000 docs, 548372 candidates
[pass 1] 26: 5317000 docs, 548560 candidates
[pass 1] 26: 5318000 docs, 548671 candidates
[pass 1] 26: 5325000 docs, 549365 candidates
[pass 1] 26: 5328000 docs, 549695 candidates
[pass 1] 26: 5329000 docs, 549792 candidates
[pass 1] 26: 5330000 docs, 549902 candidates
[pass 1] 26: 5336000 docs, 550549 candidates
[pass 1] 26: 5345000 docs, 551468 candidates
[pass 1] 26: 5362000 docs, 553219 candidates
[pass 1] 26: 5363000 docs, 553334 candidates
[pass 1] 26: 5374000 docs, 554451 candidates
[pass 1] 26: 5378000 docs, 554837 candidates
[pass 1] 26: 5381000 docs, 555153 candidates
[pass 1] 26: 5400000 docs, 557085 candidates
[pass 1] 26: 5402000 docs, 557286 candidates
[pass 1] 26: 5403000 docs, 557392 candidates
[pass 1] 26: 5405000 docs, 557611 candidates
[pass 1] 26: 5410000 docs, 558112 candidates
[pass 1] 26: 5428000 docs, 559997 candidates
[pass 1] 26: 5461000 docs, 563462 candidates
[pass 1] 26: 5463000 docs, 563667 candidates
[pass 1] 26: 5476000 docs, 565037 candidates
[pass 1] 26: 5485000 docs, 565927 candidates
[pass 1] 26: 5488000 docs, 566212 candidates
[pass 1] 26: 5497000 docs, 567092 candidates
[pass 1] 26: 5519000 docs, 569304 candidates
[pass 1] 26: 5521000 docs, 569510 candidates
[pass 1] 26: 5531000 docs, 570538 candidates
[pass 1] 26: 5557000 docs, 573126 candidates
[pass 1] 26: 5567000 docs, 574143 candidates
[pass 1] 26: 5568000 docs, 574261 candidates
[pass 1] 26: 5574000 docs, 574869 candidates
[pass 1] 26: 5581000 docs, 575574 candidates
[pass 1] 26: 5602000 docs, 577759 candidates
[pass 1] 26: 5605000 docs, 578081 candidates
[pass 1] 26: 5614000 docs, 578983 candidates
[pass 1] 26: 5622000 docs, 579807 candidates
[pass 1] 26: 5626000 docs, 580207 candidates
[pass 1] 26: 5635000 docs, 581122 candidates
[pass 1] 26: 5641000 docs, 581719 candidates
[pass 1] 26: 5657000 docs, 583328 candidates
[pass 1] 26: 5658000 docs, 583439 candidates
[pass 1] 26: 5659000 docs, 583553 candidates
[pass 1] 26: 5663000 docs, 583954 candidates
[pass 1] 26: 5675000 docs, 585191 candidates
[pass 1] 26: 5702000 docs, 588001 candidates
[pass 1] 26: 5705000 docs, 588298 candidates
[pass 1] 26: 5748000 docs, 592644 candidates
[pass 1] 26: 5749000 docs, 592750 candidates
[pass 1] 26: 5772000 docs, 595170 candidates
[pass 1] 26: 5779000 docs, 595903 candidates
[pass 1] 26: 5782000 docs, 596230 candidates
[pass 1] 26: 5787000 docs, 596751 candidates
[pass 1] 26: 5799000 docs, 598019 candidates
[pass 1] 26: 5859000 docs, 604186 candidates
[pass 1] 26: 5860000 docs, 604294 candidates
[pass 1] 26: 5864000 docs, 604694 candidates
[pass 1] 26: 5865000 docs, 604794 candidates
[pass 1] 26: 5874000 docs, 605642 candidates
[pass 1] 26: 5888000 docs, 607061 candidates
[pass 1] 26: 5892000 docs, 607481 candidates
[pass 1] 26: 5895000 docs, 607774 candidates
[pass 1] 26: 5898000 docs, 608059 candidates
[pass 1] done: 0 docs, 0 new records, yield=0.0/10K, 16478925ms
[pipeline] Flushed 10000 buffered records to store
[pipeline] Exported 0 paired records to /mnt/zfs-host/backup/projects/observer-vault/01-Projects/dataset-processor/output/paired-output.jsonl

[orchestrate] Pipeline max-passes
[orchestrate] Passes: 1, Total verb-records: 10000
  Pass 1: 0 docs, 608207 Tier-A, 0 Tier-B, 0 Tier-C, 0 records, yield=0.0/10K
