[orchestrate] Found 1 shard files
[pass 1] 16: 1000 docs, 92 candidates
[pass 1] 16: 9000 docs, 927 candidates
[pass 1] 16: 34000 docs, 3551 candidates
[pass 1] 16: 53000 docs, 5491 candidates
[pass 1] 16: 54000 docs, 5596 candidates
[pass 1] 16: 58000 docs, 6046 candidates
[pass 1] 16: 79000 docs, 8248 candidates
[pass 1] 16: 86000 docs, 8981 candidates
[pass 1] 16: 96000 docs, 10038 candidates
[pass 1] 16: 101000 docs, 10567 candidates
[pass 1] 16: 107000 docs, 11192 candidates
[pass 1] 16: 108000 docs, 11292 candidates
[pass 1] 16: 118000 docs, 12303 candidates
[pass 1] 16: 128000 docs, 13395 candidates
[pass 1] 16: 129000 docs, 13476 candidates
[pass 1] 16: 138000 docs, 14390 candidates
[pass 1] 16: 161000 docs, 16746 candidates
[pass 1] 16: 174000 docs, 18087 candidates
[pass 1] 16: 189000 docs, 19683 candidates
[pass 1] 16: 203000 docs, 21154 candidates
[pass 1] 16: 209000 docs, 21803 candidates
[pass 1] 16: 219000 docs, 22814 candidates
[pass 1] 16: 221000 docs, 23022 candidates
[pass 1] 16: 223000 docs, 23228 candidates
[pass 1] 16: 227000 docs, 23652 candidates
[pass 1] 16: 236000 docs, 24575 candidates
[pass 1] 16: 251000 docs, 26053 candidates
[pass 1] 16: 286000 docs, 29704 candidates
[pass 1] 16: 295000 docs, 30628 candidates
[pass 1] 16: 314000 docs, 32576 candidates
[pass 1] 16: 321000 docs, 33285 candidates
[pass 1] 16: 325000 docs, 33678 candidates
[pass 1] 16: 330000 docs, 34196 candidates
[pass 1] 16: 340000 docs, 35257 candidates
[pass 1] 16: 344000 docs, 35669 candidates
[pass 1] 16: 381000 docs, 39435 candidates
[pass 1] 16: 388000 docs, 40175 candidates
[pass 1] 16: 402000 docs, 41662 candidates
[pass 1] 16: 410000 docs, 42480 candidates
[pass 1] 16: 411000 docs, 42618 candidates
[pass 1] 16: 414000 docs, 42943 candidates
[pass 1] 16: 416000 docs, 43147 candidates
[pass 1] 16: 444000 docs, 46075 candidates
[pass 1] 16: 447000 docs, 46366 candidates
[pass 1] 16: 461000 docs, 47837 candidates
[pass 1] 16: 467000 docs, 48457 candidates
[pass 1] 16: 482000 docs, 49972 candidates
[pass 1] 16: 483000 docs, 50073 candidates
[pass 1] 16: 491000 docs, 50934 candidates
[pass 1] 16: 509000 docs, 52783 candidates
[pass 1] 16: 524000 docs, 54356 candidates
[pass 1] 16: 525000 docs, 54448 candidates
[pass 1] 16: 536000 docs, 55569 candidates
[pass 1] 16: 566000 docs, 58755 candidates
[pass 1] 16: 567000 docs, 58857 candidates
[pass 1] 16: 577000 docs, 59965 candidates
[pass 1] 16: 584000 docs, 60667 candidates
[pass 1] 16: 585000 docs, 60790 candidates
[pass 1] 16: 588000 docs, 61103 candidates
[pass 1] 16: 599000 docs, 62218 candidates
[pass 1] 16: 618000 docs, 64248 candidates
[pass 1] 16: 621000 docs, 64558 candidates
[pass 1] 16: 622000 docs, 64668 candidates
[pass 1] 16: 641000 docs, 66672 candidates
[pass 1] 16: 642000 docs, 66773 candidates
[pass 1] 16: 646000 docs, 67203 candidates
[pass 1] 16: 653000 docs, 67909 candidates
[pass 1] 16: 690000 docs, 71620 candidates
[pass 1] 16: 716000 docs, 74311 candidates
[pass 1] 16: 739000 docs, 76631 candidates
[pass 1] 16: 752000 docs, 77979 candidates
[pass 1] 16: 772000 docs, 79981 candidates
[pass 1] 16: 779000 docs, 80705 candidates
[pass 1] 16: 796000 docs, 82483 candidates
[pass 1] 16: 798000 docs, 82691 candidates
[pass 1] 16: 799000 docs, 82783 candidates
[pass 1] 16: 818000 docs, 84672 candidates
[pass 1] 16: 827000 docs, 85593 candidates
[pass 1] 16: 828000 docs, 85693 candidates
[pass 1] 16: 833000 docs, 86205 candidates
[pass 1] 16: 837000 docs, 86628 candidates
[pass 1] 16: 851000 docs, 87992 candidates
[pass 1] 16: 858000 docs, 88708 candidates
[pass 1] 16: 859000 docs, 88814 candidates
[pass 1] 16: 868000 docs, 89760 candidates
[pass 1] 16: 870000 docs, 89965 candidates
[pass 1] 16: 878000 docs, 90787 candidates
[pass 1] 16: 891000 docs, 92053 candidates
[pass 1] 16: 904000 docs, 93389 candidates
[pass 1] 16: 907000 docs, 93690 candidates
[pass 1] 16: 911000 docs, 94094 candidates
[pass 1] 16: 914000 docs, 94393 candidates
[pass 1] 16: 923000 docs, 95306 candidates
[pass 1] 16: 925000 docs, 95511 candidates
[pass 1] 16: 927000 docs, 95711 candidates
[pass 1] 16: 939000 docs, 96950 candidates
[pass 1] 16: 944000 docs, 97463 candidates
[pass 1] 16: 955000 docs, 98572 candidates
[pass 1] 16: 960000 docs, 99115 candidates
[pass 1] 16: 962000 docs, 99342 candidates
[pass 1] 16: 964000 docs, 99561 candidates
[pass 1] 16: 979000 docs, 101089 candidates
[pass 1] 16: 1012000 docs, 104459 candidates
[pass 1] 16: 1027000 docs, 106093 candidates
[pass 1] 16: 1039000 docs, 107280 candidates
[pass 1] 16: 1047000 docs, 108095 candidates
[pass 1] 16: 1052000 docs, 108588 candidates
[pass 1] 16: 1053000 docs, 108695 candidates
[pass 1] 16: 1065000 docs, 109953 candidates
[pass 1] 16: 1071000 docs, 110599 candidates
[pass 1] 16: 1074000 docs, 110931 candidates
[pass 1] 16: 1090000 docs, 112565 candidates
[pass 1] 16: 1102000 docs, 113843 candidates
[pass 1] 16: 1132000 docs, 116907 candidates
[pass 1] 16: 1150000 docs, 118828 candidates
[pass 1] 16: 1158000 docs, 119664 candidates
[pass 1] 16: 1164000 docs, 120282 candidates
[pass 1] 16: 1172000 docs, 121067 candidates
[pass 1] 16: 1175000 docs, 121388 candidates
[pass 1] 16: 1178000 docs, 121701 candidates
[pass 1] 16: 1215000 docs, 125437 candidates
[pass 1] 16: 1222000 docs, 126136 candidates
[pass 1] 16: 1234000 docs, 127429 candidates
[pass 1] 16: 1250000 docs, 129044 candidates
[pass 1] 16: 1277000 docs, 131890 candidates
[pass 1] 16: 1289000 docs, 133123 candidates
[pass 1] 16: 1291000 docs, 133328 candidates
[pass 1] 16: 1307000 docs, 134996 candidates
[pass 1] 16: 1324000 docs, 136816 candidates
[pass 1] 16: 1326000 docs, 137016 candidates
[pass 1] 16: 1330000 docs, 137433 candidates
[pass 1] 16: 1335000 docs, 137944 candidates
[pass 1] 16: 1341000 docs, 138542 candidates
[pass 1] 16: 1383000 docs, 142847 candidates
[pass 1] 16: 1386000 docs, 143150 candidates
[pass 1] 16: 1394000 docs, 144008 candidates
[pass 1] 16: 1397000 docs, 144340 candidates
[pass 1] 16: 1399000 docs, 144562 candidates
[pass 1] 16: 1405000 docs, 145179 candidates
[pass 1] 16: 1411000 docs, 145840 candidates
[pass 1] 16: 1428000 docs, 147576 candidates
[pass 1] 16: 1432000 docs, 147992 candidates
[pass 1] 16: 1433000 docs, 148104 candidates
[pass 1] 16: 1435000 docs, 148320 candidates
[pass 1] 16: 1444000 docs, 149296 candidates
[pass 1] 16: 1446000 docs, 149509 candidates
[pass 1] 16: 1447000 docs, 149615 candidates
[pass 1] 16: 1453000 docs, 150237 candidates
[pass 1] 16: 1464000 docs, 151357 candidates
[pass 1] 16: 1471000 docs, 152120 candidates
[pass 1] 16: 1475000 docs, 152536 candidates
[pass 1] 16: 1484000 docs, 153529 candidates
[pass 1] 16: 1494000 docs, 154562 candidates
[pass 1] 16: 1524000 docs, 157690 candidates
[pass 1] 16: 1548000 docs, 160122 candidates
[pass 1] 16: 1552000 docs, 160516 candidates
[pass 1] 16: 1555000 docs, 160826 candidates
[pass 1] 16: 1570000 docs, 162339 candidates
[pass 1] 16: 1571000 docs, 162442 candidates
[pass 1] 16: 1575000 docs, 162865 candidates
[pass 1] 16: 1579000 docs, 163313 candidates
[pass 1] 16: 1595000 docs, 164936 candidates
[pass 1] 16: 1603000 docs, 165740 candidates
[pass 1] 16: 1605000 docs, 165936 candidates
[pass 1] 16: 1610000 docs, 166434 candidates
[pass 1] 16: 1645000 docs, 170099 candidates
[pass 1] 16: 1649000 docs, 170517 candidates
[pass 1] 16: 1659000 docs, 171552 candidates
[pass 1] 16: 1668000 docs, 172476 candidates
[pass 1] 16: 1673000 docs, 173031 candidates
[pass 1] 16: 1690000 docs, 174837 candidates
[pass 1] 16: 1691000 docs, 174943 candidates
[pass 1] 16: 1695000 docs, 175357 candidates
[pass 1] 16: 1696000 docs, 175443 candidates
[pass 1] 16: 1710000 docs, 176946 candidates
[pass 1] 16: 1712000 docs, 177166 candidates
[pass 1] 16: 1718000 docs, 177806 candidates
[pass 1] 16: 1731000 docs, 179079 candidates
[pass 1] 16: 1736000 docs, 179578 candidates
[pass 1] 16: 1745000 docs, 180530 candidates
[pass 1] 16: 1768000 docs, 183007 candidates
[pass 1] 16: 1772000 docs, 183437 candidates
[pass 1] 16: 1778000 docs, 184044 candidates
[pass 1] 16: 1780000 docs, 184260 candidates
[pass 1] 16: 1791000 docs, 185407 candidates
[pass 1] 16: 1793000 docs, 185606 candidates
[pass 1] 16: 1808000 docs, 187130 candidates
[pass 1] 16: 1816000 docs, 187987 candidates
[pass 1] 16: 1824000 docs, 188830 candidates
[pass 1] 16: 1830000 docs, 189435 candidates
[pass 1] 16: 1838000 docs, 190260 candidates
[pass 1] 16: 1844000 docs, 190817 candidates
[pass 1] 16: 1898000 docs, 196432 candidates
[pass 1] 16: 1899000 docs, 196563 candidates
[pass 1] 16: 1902000 docs, 196892 candidates
[pass 1] 16: 1904000 docs, 197077 candidates
[pass 1] 16: 1906000 docs, 197279 candidates
[pass 1] 16: 1909000 docs, 197601 candidates
[pass 1] 16: 1931000 docs, 199973 candidates
[pass 1] 16: 1946000 docs, 201645 candidates
[pass 1] 16: 1954000 docs, 202455 candidates
[pass 1] 16: 1956000 docs, 202655 candidates
[pass 1] 16: 1973000 docs, 204344 candidates
[pass 1] 16: 1976000 docs, 204653 candidates
[pass 1] 16: 1977000 docs, 204766 candidates
[pass 1] 16: 1983000 docs, 205398 candidates
[pass 1] 16: 1995000 docs, 206665 candidates
[pass 1] 16: 1996000 docs, 206746 candidates
[pass 1] 16: 2000000 docs, 207167 candidates
[pass 1] 16: 2008000 docs, 207966 candidates
[pass 1] 16: 2012000 docs, 208397 candidates
[pass 1] 16: 2021000 docs, 209359 candidates
[pass 1] 16: 2025000 docs, 209767 candidates
[pass 1] 16: 2036000 docs, 210916 candidates
[pass 1] 16: 2046000 docs, 211914 candidates
[pass 1] 16: 2052000 docs, 212522 candidates
[pass 1] 16: 2054000 docs, 212721 candidates
[pass 1] 16: 2081000 docs, 215524 candidates
[pass 1] 16: 2085000 docs, 215928 candidates
[pass 1] 16: 2122000 docs, 219818 candidates
[pass 1] 16: 2125000 docs, 220123 candidates
[pass 1] 16: 2130000 docs, 220631 candidates
[pass 1] 16: 2150000 docs, 222685 candidates
[pass 1] 16: 2161000 docs, 223775 candidates
[pass 1] 16: 2164000 docs, 224090 candidates
[pass 1] 16: 2177000 docs, 225405 candidates
[pass 1] 16: 2178000 docs, 225515 candidates
[pass 1] 16: 2183000 docs, 226017 candidates
[pass 1] 16: 2202000 docs, 227926 candidates
[pass 1] 16: 2216000 docs, 229289 candidates
[pass 1] 16: 2220000 docs, 229694 candidates
[pass 1] 16: 2222000 docs, 229880 candidates
[pass 1] 16: 2234000 docs, 231082 candidates
[pass 1] 16: 2236000 docs, 231266 candidates
[pass 1] 16: 2249000 docs, 232618 candidates
[pass 1] 16: 2250000 docs, 232734 candidates
[pass 1] 16: 2254000 docs, 233144 candidates
[pass 1] 16: 2265000 docs, 234286 candidates
[pass 1] 16: 2270000 docs, 234797 candidates
[pass 1] 16: 2278000 docs, 235654 candidates
[pass 1] 16: 2303000 docs, 238178 candidates
[pass 1] 16: 2309000 docs, 238785 candidates
[pass 1] 16: 2311000 docs, 238992 candidates
[pass 1] 16: 2317000 docs, 239603 candidates
[pass 1] 16: 2319000 docs, 239817 candidates
[pass 1] 16: 2321000 docs, 240012 candidates
[pass 1] 16: 2325000 docs, 240417 candidates
[pass 1] 16: 2327000 docs, 240611 candidates
[pass 1] 16: 2335000 docs, 241426 candidates
[pass 1] 16: 2336000 docs, 241535 candidates
[pass 1] 16: 2339000 docs, 241865 candidates
[pass 1] 16: 2352000 docs, 243184 candidates
[pass 1] 16: 2368000 docs, 244821 candidates
[pass 1] 16: 2384000 docs, 246413 candidates
[pass 1] 16: 2391000 docs, 247133 candidates
[pass 1] 16: 2404000 docs, 248479 candidates
[pass 1] 16: 2410000 docs, 249060 candidates
[pass 1] 16: 2413000 docs, 249374 candidates
[pass 1] 16: 2426000 docs, 250665 candidates
[pass 1] 16: 2454000 docs, 253581 candidates
[pass 1] 16: 2455000 docs, 253684 candidates
[pass 1] 16: 2460000 docs, 254199 candidates
[pass 1] 16: 2465000 docs, 254730 candidates
[pass 1] 16: 2466000 docs, 254817 candidates
[pass 1] 16: 2470000 docs, 255200 candidates
[pass 1] 16: 2471000 docs, 255292 candidates
[pass 1] 16: 2474000 docs, 255593 candidates
[pass 1] 16: 2484000 docs, 256674 candidates
[pass 1] 16: 2485000 docs, 256779 candidates
[pass 1] 16: 2500000 docs, 258351 candidates
[pass 1] 16: 2502000 docs, 258560 candidates
[pass 1] 16: 2503000 docs, 258652 candidates
[pass 1] 16: 2504000 docs, 258746 candidates
[pass 1] 16: 2506000 docs, 258977 candidates
[pass 1] 16: 2512000 docs, 259574 candidates
[pass 1] 16: 2515000 docs, 259879 candidates
[pass 1] 16: 2522000 docs, 260555 candidates
[pass 1] 16: 2527000 docs, 261032 candidates
[pass 1] 16: 2531000 docs, 261397 candidates
[pass 1] 16: 2553000 docs, 263709 candidates
[pass 1] 16: 2555000 docs, 263909 candidates
[pass 1] 16: 2564000 docs, 264857 candidates
[pass 1] 16: 2566000 docs, 265084 candidates
[pass 1] 16: 2569000 docs, 265383 candidates
[pass 1] 16: 2584000 docs, 266946 candidates
[pass 1] 16: 2593000 docs, 267833 candidates
[pass 1] 16: 2596000 docs, 268121 candidates
[pass 1] 16: 2604000 docs, 268921 candidates
[pass 1] 16: 2613000 docs, 269891 candidates
[pass 1] 16: 2628000 docs, 271449 candidates
[pass 1] 16: 2630000 docs, 271630 candidates
[pass 1] 16: 2638000 docs, 272453 candidates
[pass 1] 16: 2639000 docs, 272560 candidates
[pass 1] 16: 2668000 docs, 275610 candidates
[pass 1] 16: 2677000 docs, 276513 candidates
[pass 1] 16: 2689000 docs, 277708 candidates
[pass 1] 16: 2698000 docs, 278656 candidates
[pass 1] 16: 2702000 docs, 279080 candidates
[pass 1] 16: 2722000 docs, 281164 candidates
[pass 1] 16: 2730000 docs, 281993 candidates
[pass 1] 16: 2757000 docs, 284862 candidates
[pass 1] 16: 2770000 docs, 286207 candidates
[pass 1] 16: 2773000 docs, 286548 candidates
[pass 1] 16: 2795000 docs, 288840 candidates
[pass 1] 16: 2796000 docs, 288961 candidates
[pass 1] 16: 2803000 docs, 289680 candidates
[pass 1] 16: 2815000 docs, 290947 candidates
[pass 1] 16: 2836000 docs, 293134 candidates
[pass 1] 16: 2839000 docs, 293415 candidates
[pass 1] 16: 2843000 docs, 293815 candidates
[pass 1] 16: 2850000 docs, 294543 candidates
[pass 1] 16: 2864000 docs, 295970 candidates
[pass 1] 16: 2871000 docs, 296699 candidates
[pass 1] 16: 2875000 docs, 297087 candidates
[pass 1] 16: 2883000 docs, 297961 candidates
[pass 1] 16: 2893000 docs, 298930 candidates
[pass 1] 16: 2895000 docs, 299127 candidates
[pass 1] 16: 2899000 docs, 299537 candidates
[pass 1] 16: 2915000 docs, 301151 candidates
[pass 1] 16: 2917000 docs, 301366 candidates
[pass 1] 16: 2950000 docs, 304807 candidates
[pass 1] 16: 2957000 docs, 305519 candidates
[pass 1] 16: 2965000 docs, 306326 candidates
[pass 1] 16: 2970000 docs, 306856 candidates
[pass 1] 16: 2971000 docs, 306960 candidates
[pass 1] 16: 2982000 docs, 308028 candidates
[pass 1] 16: 2986000 docs, 308454 candidates
[pass 1] 16: 2988000 docs, 308671 candidates
[pass 1] 16: 2993000 docs, 309204 candidates
[pass 1] 16: 2999000 docs, 309849 candidates
[pass 1] 16: 3005000 docs, 310461 candidates
[pass 1] 16: 3017000 docs, 311729 candidates
[pass 1] 16: 3035000 docs, 313537 candidates
[pass 1] 16: 3039000 docs, 313940 candidates
[pass 1] 16: 3045000 docs, 314543 candidates
[pass 1] 16: 3047000 docs, 314744 candidates
[pass 1] 16: 3060000 docs, 316105 candidates
[pass 1] 16: 3072000 docs, 317394 candidates
[pass 1] 16: 3074000 docs, 317600 candidates
[pass 1] 16: 3076000 docs, 317824 candidates
[pass 1] 16: 3090000 docs, 319306 candidates
[pass 1] 16: 3099000 docs, 320248 candidates
[pass 1] 16: 3121000 docs, 322570 candidates
[pass 1] 16: 3126000 docs, 323067 candidates
[pass 1] 16: 3133000 docs, 323800 candidates
[pass 1] 16: 3144000 docs, 324922 candidates
[pass 1] 16: 3158000 docs, 326281 candidates
[pass 1] 16: 3173000 docs, 327854 candidates
[pass 1] 16: 3175000 docs, 328049 candidates
[pass 1] 16: 3184000 docs, 328941 candidates
[pass 1] 16: 3185000 docs, 329048 candidates
[pass 1] 16: 3209000 docs, 331541 candidates
[pass 1] 16: 3217000 docs, 332315 candidates
[pass 1] 16: 3251000 docs, 335812 candidates
[pass 1] 16: 3263000 docs, 337058 candidates
[pass 1] 16: 3264000 docs, 337167 candidates
[pass 1] 16: 3286000 docs, 339442 candidates
[pass 1] 16: 3289000 docs, 339775 candidates
[pass 1] 16: 3304000 docs, 341298 candidates
[pass 1] 16: 3307000 docs, 341588 candidates
[pass 1] 16: 3329000 docs, 343868 candidates
[pass 1] 16: 3335000 docs, 344535 candidates
[pass 1] 16: 3346000 docs, 345668 candidates
[pass 1] 16: 3386000 docs, 349777 candidates
[pass 1] 16: 3398000 docs, 351016 candidates
[pass 1] 16: 3402000 docs, 351430 candidates
[pass 1] 16: 3410000 docs, 352261 candidates
[pass 1] 16: 3420000 docs, 353296 candidates
[pass 1] 16: 3425000 docs, 353807 candidates
[pass 1] 16: 3433000 docs, 354643 candidates
[pass 1] 16: 3436000 docs, 354954 candidates
[pass 1] 16: 3457000 docs, 357090 candidates
[pass 1] 16: 3468000 docs, 358227 candidates
[pass 1] 16: 3484000 docs, 359860 candidates
[pass 1] 16: 3491000 docs, 360571 candidates
[pass 1] 16: 3493000 docs, 360802 candidates
[pass 1] 16: 3495000 docs, 361022 candidates
[pass 1] 16: 3511000 docs, 362654 candidates
[pass 1] 16: 3515000 docs, 363049 candidates
[pass 1] 16: 3520000 docs, 363525 candidates
[pass 1] 16: 3524000 docs, 363940 candidates
[pass 1] 16: 3525000 docs, 364040 candidates
[pass 1] 16: 3542000 docs, 365789 candidates
[pass 1] 16: 3547000 docs, 366289 candidates
[pass 1] 16: 3550000 docs, 366592 candidates
[pass 1] 16: 3556000 docs, 367152 candidates
[pass 1] 16: 3559000 docs, 367448 candidates
[pass 1] 16: 3567000 docs, 368336 candidates
[pass 1] 16: 3570000 docs, 368631 candidates
[pass 1] 16: 3579000 docs, 369561 candidates
[pass 1] 16: 3582000 docs, 369880 candidates
[pass 1] 16: 3605000 docs, 372161 candidates
[pass 1] 16: 3607000 docs, 372346 candidates
[pass 1] 16: 3634000 docs, 375111 candidates
[pass 1] 16: 3649000 docs, 376640 candidates
[pass 1] 16: 3653000 docs, 377043 candidates
[pass 1] 16: 3672000 docs, 379039 candidates
[pass 1] 16: 3679000 docs, 379768 candidates
[pass 1] 16: 3689000 docs, 380794 candidates
[pass 1] 16: 3695000 docs, 381415 candidates
[pass 1] 16: 3701000 docs, 381970 candidates
[pass 1] 16: 3709000 docs, 382852 candidates
[pass 1] 16: 3734000 docs, 385428 candidates
[pass 1] 16: 3740000 docs, 386031 candidates
[pass 1] 16: 3745000 docs, 386556 candidates
[pass 1] 16: 3770000 docs, 389192 candidates
[pass 1] 16: 3781000 docs, 390359 candidates
[pass 1] 16: 3793000 docs, 391608 candidates
[pass 1] 16: 3832000 docs, 395651 candidates
[pass 1] 16: 3841000 docs, 396614 candidates
[pass 1] 16: 3848000 docs, 397329 candidates
[pass 1] 16: 3854000 docs, 397897 candidates
[pass 1] 16: 3859000 docs, 398421 candidates
[pass 1] 16: 3879000 docs, 400455 candidates
[pass 1] 16: 3881000 docs, 400645 candidates
[pass 1] 16: 3884000 docs, 400962 candidates
[pass 1] 16: 3925000 docs, 405129 candidates
[pass 1] 16: 3926000 docs, 405235 candidates
[pass 1] 16: 3959000 docs, 408589 candidates
[pass 1] 16: 3975000 docs, 410236 candidates
[pass 1] 16: 3976000 docs, 410340 candidates
[pass 1] 16: 3991000 docs, 411876 candidates
[pass 1] 16: 3995000 docs, 412251 candidates
[pass 1] 16: 4001000 docs, 412882 candidates
[pass 1] 16: 4003000 docs, 413085 candidates
[pass 1] 16: 4018000 docs, 414637 candidates
[pass 1] 16: 4025000 docs, 415370 candidates
[pass 1] 16: 4072000 docs, 420213 candidates
[pass 1] 16: 4090000 docs, 422070 candidates
[pass 1] 16: 4093000 docs, 422393 candidates
[pass 1] 16: 4097000 docs, 422817 candidates
[pass 1] 16: 4104000 docs, 423527 candidates
[pass 1] 16: 4105000 docs, 423637 candidates
[pass 1] 16: 4108000 docs, 423947 candidates
[pass 1] 16: 4116000 docs, 424755 candidates
[pass 1] 16: 4132000 docs, 426433 candidates
[pass 1] 16: 4144000 docs, 427693 candidates
[pass 1] 16: 4148000 docs, 428129 candidates
[pass 1] 16: 4168000 docs, 430272 candidates
[pass 1] 16: 4170000 docs, 430486 candidates
[pass 1] 16: 4183000 docs, 431831 candidates
[pass 1] 16: 4184000 docs, 431945 candidates
[pass 1] 16: 4185000 docs, 432066 candidates
[pass 1] 16: 4189000 docs, 432459 candidates
[pass 1] 16: 4203000 docs, 433959 candidates
[pass 1] 16: 4204000 docs, 434045 candidates
[pass 1] 16: 4210000 docs, 434645 candidates
[pass 1] 16: 4213000 docs, 434957 candidates
[pass 1] 16: 4221000 docs, 435740 candidates
[pass 1] 16: 4225000 docs, 436183 candidates
[pass 1] 16: 4228000 docs, 436517 candidates
[pass 1] 16: 4244000 docs, 438211 candidates
[pass 1] 16: 4249000 docs, 438741 candidates
[pass 1] 16: 4253000 docs, 439121 candidates
[pass 1] 16: 4268000 docs, 440701 candidates
[pass 1] 16: 4277000 docs, 441675 candidates
[pass 1] 16: 4284000 docs, 442437 candidates
[pass 1] 16: 4292000 docs, 443229 candidates
[pass 1] 16: 4303000 docs, 444356 candidates
[pass 1] 16: 4306000 docs, 444660 candidates
[pass 1] 16: 4313000 docs, 445386 candidates
[pass 1] 16: 4317000 docs, 445800 candidates
[pass 1] 16: 4318000 docs, 445893 candidates
[pass 1] 16: 4319000 docs, 445985 candidates
[pass 1] 16: 4336000 docs, 447705 candidates
[pass 1] 16: 4349000 docs, 449044 candidates
[pass 1] 16: 4379000 docs, 452123 candidates
[pass 1] 16: 4383000 docs, 452545 candidates
[pass 1] 16: 4398000 docs, 454056 candidates
[pass 1] 16: 4430000 docs, 457401 candidates
[pass 1] 16: 4434000 docs, 457815 candidates
[pass 1] 16: 4439000 docs, 458313 candidates
[pass 1] 16: 4449000 docs, 459288 candidates
[pass 1] 16: 4478000 docs, 462275 candidates
[pass 1] 16: 4479000 docs, 462370 candidates
[pass 1] 16: 4480000 docs, 462461 candidates
[pass 1] 16: 4489000 docs, 463369 candidates
[pass 1] 16: 4537000 docs, 468328 candidates
[pass 1] 16: 4585000 docs, 473192 candidates
[pass 1] 16: 4619000 docs, 476637 candidates
[pass 1] 16: 4620000 docs, 476744 candidates
[pass 1] 16: 4627000 docs, 477450 candidates
[pass 1] 16: 4676000 docs, 482661 candidates
[pass 1] 16: 4679000 docs, 482945 candidates
[pass 1] 16: 4692000 docs, 484240 candidates
[pass 1] 16: 4703000 docs, 485401 candidates
[pass 1] 16: 4707000 docs, 485813 candidates
[pass 1] 16: 4710000 docs, 486121 candidates
[pass 1] 16: 4722000 docs, 487382 candidates
[pass 1] 16: 4759000 docs, 491193 candidates
[pass 1] 16: 4769000 docs, 492259 candidates
[pass 1] 16: 4771000 docs, 492457 candidates
[pass 1] 16: 4773000 docs, 492671 candidates
[pass 1] 16: 4776000 docs, 492969 candidates
[pass 1] 16: 4785000 docs, 493923 candidates
[pass 1] 16: 4789000 docs, 494316 candidates
[pass 1] 16: 4792000 docs, 494618 candidates
[pass 1] 16: 4796000 docs, 495030 candidates
[pass 1] 16: 4799000 docs, 495311 candidates
[pass 1] 16: 4825000 docs, 498041 candidates
[pass 1] 16: 4849000 docs, 500528 candidates
[pass 1] 16: 4864000 docs, 502038 candidates
[pass 1] 16: 4867000 docs, 502354 candidates
[pass 1] 16: 4874000 docs, 503046 candidates
[pass 1] 16: 4879000 docs, 503545 candidates
[pass 1] 16: 4880000 docs, 503661 candidates
[pass 1] 16: 4881000 docs, 503755 candidates
[pass 1] 16: 4897000 docs, 505440 candidates
[pass 1] 16: 4920000 docs, 507804 candidates
[pass 1] 16: 4924000 docs, 508206 candidates
[pass 1] 16: 4937000 docs, 509522 candidates
[pass 1] 16: 4939000 docs, 509714 candidates
[pass 1] 16: 4947000 docs, 510476 candidates
[pass 1] 16: 4948000 docs, 510569 candidates
[pass 1] 16: 4956000 docs, 511352 candidates
[pass 1] 16: 4964000 docs, 512135 candidates
[pass 1] 16: 4988000 docs, 514549 candidates
[pass 1] 16: 4995000 docs, 515270 candidates
[pass 1] 16: 5001000 docs, 515857 candidates
[pass 1] 16: 5021000 docs, 517879 candidates
[pass 1] 16: 5045000 docs, 520320 candidates
[pass 1] 16: 5053000 docs, 521208 candidates
[pass 1] 16: 5065000 docs, 522498 candidates
[pass 1] 16: 5076000 docs, 523624 candidates
[pass 1] 16: 5103000 docs, 526377 candidates
[pass 1] 16: 5117000 docs, 527754 candidates
[pass 1] 16: 5140000 docs, 530105 candidates
[pass 1] 16: 5153000 docs, 531435 candidates
[pass 1] 16: 5154000 docs, 531545 candidates
[pass 1] 16: 5156000 docs, 531755 candidates
[pass 1] 16: 5167000 docs, 532896 candidates
[pass 1] 16: 5169000 docs, 533104 candidates
[pass 1] 16: 5180000 docs, 534228 candidates
[pass 1] 16: 5188000 docs, 534999 candidates
[pass 1] 16: 5205000 docs, 536731 candidates
[pass 1] 16: 5209000 docs, 537107 candidates
[pass 1] 16: 5210000 docs, 537196 candidates
[pass 1] 16: 5212000 docs, 537404 candidates
[pass 1] 16: 5215000 docs, 537707 candidates
[pass 1] 16: 5221000 docs, 538326 candidates
[pass 1] 16: 5229000 docs, 539151 candidates
[pass 1] 16: 5231000 docs, 539361 candidates
[pass 1] 16: 5234000 docs, 539682 candidates
[pass 1] 16: 5244000 docs, 540700 candidates
[pass 1] 16: 5246000 docs, 540930 candidates
[pass 1] 16: 5274000 docs, 543835 candidates
[pass 1] 16: 5280000 docs, 544439 candidates
[pass 1] 16: 5284000 docs, 544861 candidates
[pass 1] 16: 5293000 docs, 545788 candidates
[pass 1] 16: 5303000 docs, 546872 candidates
[pass 1] 16: 5315000 docs, 548090 candidates
[pass 1] 16: 5349000 docs, 551660 candidates
[pass 1] 16: 5372000 docs, 553949 candidates
[pass 1] 16: 5383000 docs, 555084 candidates
[pass 1] 16: 5385000 docs, 555289 candidates
[pass 1] 16: 5389000 docs, 555708 candidates
[pass 1] 16: 5393000 docs, 556155 candidates
[pass 1] 16: 5394000 docs, 556262 candidates
[pass 1] 16: 5416000 docs, 558502 candidates
[pass 1] 16: 5420000 docs, 558921 candidates
[pass 1] 16: 5425000 docs, 559471 candidates
[pass 1] 16: 5426000 docs, 559569 candidates
[pass 1] 16: 5440000 docs, 560984 candidates
[pass 1] 16: 5445000 docs, 561478 candidates
[pass 1] 16: 5448000 docs, 561788 candidates
[pass 1] 16: 5463000 docs, 563355 candidates
[pass 1] 16: 5508000 docs, 567963 candidates
[pass 1] 16: 5546000 docs, 571855 candidates
[pass 1] 16: 5547000 docs, 571949 candidates
[pass 1] 16: 5548000 docs, 572063 candidates
[pass 1] 16: 5550000 docs, 572256 candidates
[pass 1] 16: 5567000 docs, 574062 candidates
[pass 1] 16: 5570000 docs, 574354 candidates
[pass 1] 16: 5583000 docs, 575714 candidates
[pass 1] 16: 5588000 docs, 576270 candidates
[pass 1] 16: 5589000 docs, 576362 candidates
[pass 1] 16: 5605000 docs, 578013 candidates
[pass 1] 16: 5613000 docs, 578857 candidates
[pass 1] 16: 5616000 docs, 579188 candidates
[pass 1] 16: 5618000 docs, 579383 candidates
[pass 1] 16: 5632000 docs, 580859 candidates
[pass 1] 16: 5636000 docs, 581267 candidates
[pass 1] 16: 5639000 docs, 581595 candidates
[pass 1] 16: 5653000 docs, 583064 candidates
[pass 1] 16: 5659000 docs, 583651 candidates
[pass 1] 16: 5663000 docs, 584073 candidates
[pass 1] 16: 5678000 docs, 585651 candidates
[pass 1] 16: 5682000 docs, 586048 candidates
[pass 1] 16: 5717000 docs, 589665 candidates
[pass 1] 16: 5732000 docs, 591181 candidates
[pass 1] 16: 5745000 docs, 592566 candidates
[pass 1] 16: 5748000 docs, 592852 candidates
[pass 1] 16: 5751000 docs, 593182 candidates
[pass 1] 16: 5790000 docs, 597169 candidates
[pass 1] 16: 5796000 docs, 597785 candidates
[pass 1] 16: 5810000 docs, 599194 candidates
[pass 1] 16: 5814000 docs, 599620 candidates
[pass 1] 16: 5818000 docs, 600026 candidates
[pass 1] 16: 5835000 docs, 601762 candidates
[pass 1] 16: 5839000 docs, 602187 candidates
[pass 1] 16: 5851000 docs, 603375 candidates
[pass 1] 16: 5857000 docs, 603995 candidates
[pass 1] 16: 5859000 docs, 604196 candidates
[pass 1] 16: 5864000 docs, 604732 candidates
[pass 1] 16: 5875000 docs, 605846 candidates
[pass 1] 16: 5882000 docs, 606575 candidates
[pass 1] 16: 5885000 docs, 606895 candidates
[pass 1] done: 0 docs, 0 new records, yield=0.0/10K, 15953191ms
[pipeline] Flushed 10000 buffered records to store
[pipeline] Exported 0 paired records to /mnt/zfs-host/backup/projects/observer-vault/01-Projects/dataset-processor/output/paired-output.jsonl

[orchestrate] Pipeline max-passes
[orchestrate] Passes: 1, Total verb-records: 10000
  Pass 1: 0 docs, 608579 Tier-A, 0 Tier-B, 0 Tier-C, 0 records, yield=0.0/10K
